 line   address	contents
    1                      ; Linked by DLX-LD.
    2                      ; MemSize 24576
    3                      ; Data size: 328
    4                      ; Text size: 5444
    5                      ; Stack size: 8192
    6  00000000          	.text 0x1000
    7  00001000          	.data 0x3000
    8                      ; Compiled by GCC
    9  00003000          	.text
   10  00001000          	.align 2
   11  00001000          	.proc _isspace
   12  00001000          	.global _isspace
   13  00001000          	_isspace:
   14                      ;  Function 'isspace'; 0 bytes of locals, 1 regs to save.
   15  00001000  afbefffc	sw	-4(r29),r30; push fp
   16  00001004  001df020	add	r30,r0,r29; fp = sp
   17  00001008  afbffff8	sw	-8(r29),r31; push ret addr
   18  0000100c  2fbd0010	subui	r29,r29,#16; alloc local storage
   19  00001010  afa20000	sw	0(r29),r2
   20  00001014  83c20003	lb	r2,3(r30)
   21  00001018  201f0000	addi	r31,r0,#0
   22  0000101c  304100ff	andi	r1,r2,#0x00ff
   23  00001020  60210020	seqi	r1,r1,#32
   24  00001024  14200018	bnez	r1,L6_LF0
   25  00001028  54000000	nop; not filled.
   26  0000102c  2041fff7	addi	r1,r2,#-9
   27  00001030  302100ff	andi	r1,r1,#0x00ff
   28  00001034  70210001	sleui	r1,r1,#1
   29  00001038  10200008	beqz	r1,L5_LF0
   30  0000103c  54000000	nop; not filled.
   31  00001040          	L6_LF0:
   32  00001040  201f0001	addi	r31,r0,#1
   33  00001044          	L5_LF0:
   34  00001044  001f0820	add	r1,r0,r31
   35  00001048  8fa20000	lw	r2,0(r29)
   36  0000104c  8fdffff8	lw	r31,-8(r30)
   37  00001050  001ee820	add	r29,r0,r30
   38  00001054  8fdefffc	lw	r30,-4(r30)
   39  00001058  4be00000	jr	r31
   40  0000105c  54000000	nop
   41  00001060          	.endproc _isspace
   42  00001060          	.align 2
   43  00001060          	.proc _isxdigit
   44  00001060          	.global _isxdigit
   45  00001060          	_isxdigit:
   46                      ;  Function 'isxdigit'; 0 bytes of locals, 1 regs to save.
   47  00001060  afbefffc	sw	-4(r29),r30; push fp
   48  00001064  001df020	add	r30,r0,r29; fp = sp
   49  00001068  afbffff8	sw	-8(r29),r31; push ret addr
   50  0000106c  2fbd0010	subui	r29,r29,#16; alloc local storage
   51  00001070  afa20000	sw	0(r29),r2
   52  00001074  83df0003	lb	r31,3(r30)
   53  00001078  20020000	addi	r2,r0,#0
   54  0000107c  23e1ffd0	addi	r1,r31,#-48
   55  00001080  302100ff	andi	r1,r1,#0x00ff
   56  00001084  70210009	sleui	r1,r1,#9
   57  00001088  14200028	bnez	r1,L12_LF0
   58  0000108c  54000000	nop; not filled.
   59  00001090  23e1ff9f	addi	r1,r31,#-97
   60  00001094  302100ff	andi	r1,r1,#0x00ff
   61  00001098  70210005	sleui	r1,r1,#5
   62  0000109c  14200014	bnez	r1,L12_LF0
   63  000010a0  54000000	nop; not filled.
   64  000010a4  33e100ff	andi	r1,r31,#0x00ff
   65  000010a8  64210041	snei	r1,r1,#65
   66  000010ac  14200008	bnez	r1,L11_LF0
   67  000010b0  54000000	nop; not filled.
   68  000010b4          	L12_LF0:
   69  000010b4  20020001	addi	r2,r0,#1
   70  000010b8          	L11_LF0:
   71  000010b8  00020820	add	r1,r0,r2
   72  000010bc  8fa20000	lw	r2,0(r29)
   73  000010c0  8fdffff8	lw	r31,-8(r30)
   74  000010c4  001ee820	add	r29,r0,r30
   75  000010c8  8fdefffc	lw	r30,-4(r30)
   76  000010cc  4be00000	jr	r31
   77  000010d0  54000000	nop
   78  000010d4          	.endproc _isxdigit
   79  000010d4          	.data
   80  00003000          	.align 2
   81  00003000          	LC0_LF0:
   82  00003000  55736167	.ascii "Usage: \000"
   82  00003004  653a2000	
   83  00003008          	.align 2
   84  00003008          	LC1_LF0:
   85  00003008  203c6861	.ascii " <handle_to_shared_memory_page> <handle_to_page_mapped_semaphore><proc"
   85  0000300c  6e646c65	
   85  00003010  5f746f5f	
   85  00003014  73686172	
   85  00003018  65645f6d	
   85  0000301c  656d6f72	
   85  00003020  795f7061	
   85  00003024  67653e20	
   85  00003028  3c68616e	
   85  0000302c  646c655f	
   85  00003030  746f5f70	
   85  00003034  6167655f	
   85  00003038  6d617070	
   85  0000303c  65645f73	
   85  00003040  656d6170	
   85  00003044  686f7265	
   85  00003048  3e3c7072	
   85  0000304c  6f63    	
   86  0000304e  65737320	.ascii "ess id> <process type>\n\000"
   86  00003052  69643e20	
   86  00003056  3c70726f	
   86  0000305a  63657373	
   86  0000305e  20747970	
   86  00003062  653e0a00	
   87  00003066          	.align 2
   88  00003068          	LC2_LF0:
   89  00003068  436f756c	.ascii "Could not map the virtual address to the memory in \000"
   89  0000306c  64206e6f	
   89  00003070  74206d61	
   89  00003074  70207468	
   89  00003078  65207669	
   89  0000307c  72747561	
   89  00003080  6c206164	
   89  00003084  64726573	
   89  00003088  7320746f	
   89  0000308c  20746865	
   89  00003090  206d656d	
   89  00003094  6f727920	
   89  00003098  696e2000	
   90  0000309c          	.align 2
   91  0000309c          	LC3_LF0:
   92  0000309c  2c206578	.ascii ", exiting...\n\000"
   92  000030a0  6974696e	
   92  000030a4  672e2e2e	
   92  000030a8  0a00    	
   93  000030aa          	.align 2
   94  000030ac          	LC4_LF0:
   95  000030ac  57726f6e	.ascii "Wrong process\n\000"
   95  000030b0  67207072	
   95  000030b4  6f636573	
   95  000030b8  730a00  	
   96  000030bb          	.align 2
   97  000030bc          	LC5_LF0:
   98  000030bc  50726f63	.ascii "Process_%d_type_%d is complete.\n\000"
   98  000030c0  6573735f	
   98  000030c4  25645f74	
   98  000030c8  7970655f	
   98  000030cc  25642069	
   98  000030d0  7320636f	
   98  000030d4  6d706c65	
   98  000030d8  74652e0a	
   98  000030dc  00      	
   99  000030dd          	.align 2
  100  000030e0          	LC6_LF0:
  101  000030e0  42616420	.ascii "Bad semaphore s_procs_completed (%d) in \000"
  101  000030e4  73656d61	
  101  000030e8  70686f72	
  101  000030ec  6520735f	
  101  000030f0  70726f63	
  101  000030f4  735f636f	
  101  000030f8  6d706c65	
  101  000030fc  74656420	
  101  00003100  28256429	
  101  00003104  20696e20	
  101  00003108  00      	
  102  00003109          	.text
  103  000010d4          	.align 2
  104  000010d4          	.proc _main
  105  000010d4          	.global _main
  106  000010d4          	_main:
  107                      ;  Function 'main'; 0 bytes of locals, 0 regs to save.
  108  000010d4  afbefffc	sw	-4(r29),r30; push fp
  109  000010d8  001df020	add	r30,r0,r29; fp = sp
  110  000010dc  afbffff8	sw	-8(r29),r31; push ret addr
  111  000010e0  2fbd0008	subui	r29,r29,#8; alloc local storage
  112  000010e4  8fc20000	lw	r2,(r30)
  113  000010e8  8fc50004	lw	r5,4(r30)
  114  000010ec  0c00144c	jal	___main
  115  000010f0  54000000	nop; not filled.
  116  000010f4  64410006	snei	r1,r2,#6
  117  000010f8  1020004c	beqz	r1,L14_LF0
  118  000010fc  54000000	nop; not filled.
  119  00001100  23bdfff8	addi	r29,r29,#-8
  120  00001104  3c080000	lhi	r8,((LC0_LF0)>>16)&0xffff
  121  00001108  25083000	addui	r8,r8,(LC0_LF0)&0xffff
  122  0000110c  afa80000	sw	(r29),r8
  123  00001110  0c000620	jal	_Printf
  124  00001114  54000000	nop; not filled.
  125  00001118  8ca80000	lw	r8,(r5)
  126  0000111c  afa80000	sw	(r29),r8
  127  00001120  0c000610	jal	_Printf
  128  00001124  54000000	nop; not filled.
  129  00001128  3c080000	lhi	r8,((LC1_LF0)>>16)&0xffff
  130  0000112c  25083008	addui	r8,r8,(LC1_LF0)&0xffff
  131  00001130  afa80000	sw	(r29),r8
  132  00001134  0c0005fc	jal	_Printf
  133  00001138  54000000	nop; not filled.
  134  0000113c  0c0006a8	jal	_Exit
  135  00001140  54000000	nop; not filled.
  136  00001144  23bd0008	addi	r29,r29,#8
  137  00001148          	L14_LF0:
  138  00001148  23bdfff0	addi	r29,r29,#-16
  139  0000114c  8ca80004	lw	r8,4(r5)
  140  00001150  afa80000	sw	(r29),r8
  141  00001154  20080000	addi	r8,r0,#0
  142  00001158  afa80004	sw	4(r29),r8
  143  0000115c  2008000a	addi	r8,r0,#10
  144  00001160  afa80008	sw	8(r29),r8
  145  00001164  0c000f2c	jal	_dstrtol
  146  00001168  54000000	nop; not filled.
  147  0000116c  00011020	add	r2,r0,r1
  148  00001170  8ca80008	lw	r8,8(r5)
  149  00001174  afa80000	sw	(r29),r8
  150  00001178  20080000	addi	r8,r0,#0
  151  0000117c  afa80004	sw	4(r29),r8
  152  00001180  2008000a	addi	r8,r0,#10
  153  00001184  afa80008	sw	8(r29),r8
  154  00001188  0c000f08	jal	_dstrtol
  155  0000118c  54000000	nop; not filled.
  156  00001190  00013820	add	r7,r0,r1
  157  00001194  8ca8000c	lw	r8,12(r5)
  158  00001198  afa80000	sw	(r29),r8
  159  0000119c  20080000	addi	r8,r0,#0
  160  000011a0  afa80004	sw	4(r29),r8
  161  000011a4  2008000a	addi	r8,r0,#10
  162  000011a8  afa80008	sw	8(r29),r8
  163  000011ac  0c000ee4	jal	_dstrtol
  164  000011b0  54000000	nop; not filled.
  165  000011b4  00012020	add	r4,r0,r1
  166  000011b8  8ca80010	lw	r8,16(r5)
  167  000011bc  afa80000	sw	(r29),r8
  168  000011c0  20080000	addi	r8,r0,#0
  169  000011c4  afa80004	sw	4(r29),r8
  170  000011c8  2008000a	addi	r8,r0,#10
  171  000011cc  afa80008	sw	8(r29),r8
  172  000011d0  0c000ec0	jal	_dstrtol
  173  000011d4  54000000	nop; not filled.
  174  000011d8  00013020	add	r6,r0,r1
  175  000011dc  8ca80014	lw	r8,20(r5)
  176  000011e0  afa80000	sw	(r29),r8
  177  000011e4  20080000	addi	r8,r0,#0
  178  000011e8  afa80004	sw	4(r29),r8
  179  000011ec  2008000a	addi	r8,r0,#10
  180  000011f0  afa80008	sw	8(r29),r8
  181  000011f4  0c000e9c	jal	_dstrtol
  182  000011f8  54000000	nop; not filled.
  183  000011fc  00011820	add	r3,r0,r1
  184  00001200  afa20000	sw	(r29),r2
  185  00001204  0c00055c	jal	_shmat
  186  00001208  54000000	nop; not filled.
  187  0000120c  00011020	add	r2,r0,r1
  188  00001210  23bd0010	addi	r29,r29,#16
  189  00001214  64410000	snei	r1,r2,#0
  190  00001218  1420004c	bnez	r1,L15_LF0
  191  0000121c  54000000	nop; not filled.
  192  00001220  23bdfff8	addi	r29,r29,#-8
  193  00001224  3c080000	lhi	r8,((LC2_LF0)>>16)&0xffff
  194  00001228  25083068	addui	r8,r8,(LC2_LF0)&0xffff
  195  0000122c  afa80000	sw	(r29),r8
  196  00001230  0c000500	jal	_Printf
  197  00001234  54000000	nop; not filled.
  198  00001238  8ca80000	lw	r8,(r5)
  199  0000123c  afa80000	sw	(r29),r8
  200  00001240  0c0004f0	jal	_Printf
  201  00001244  54000000	nop; not filled.
  202  00001248  3c080000	lhi	r8,((LC3_LF0)>>16)&0xffff
  203  0000124c  2508309c	addui	r8,r8,(LC3_LF0)&0xffff
  204  00001250  afa80000	sw	(r29),r8
  205  00001254  0c0004dc	jal	_Printf
  206  00001258  54000000	nop; not filled.
  207  0000125c  0c000588	jal	_Exit
  208  00001260  54000000	nop; not filled.
  209  00001264  23bd0008	addi	r29,r29,#8
  210  00001268          	L15_LF0:
  211  00001268  3c010000	lhi	r1,((_flag)>>16)&0xffff
  212  0000126c  24213144	addui	r1,r1,(_flag)&0xffff
  213  00001270  20080000	addi	r8,r0,#0
  214  00001274  ac280000	sw	(r1),r8
  215  00001278  60610001	seqi	r1,r3,#1
  216  0000127c  10200028	beqz	r1,L16_LF0
  217  00001280  54000000	nop; not filled.
  218  00001284  23bdfff0	addi	r29,r29,#-16
  219  00001288  afa20000	sw	(r29),r2
  220  0000128c  afa40004	sw	4(r29),r4
  221  00001290  afa60008	sw	8(r29),r6
  222  00001294  0c0000ec	jal	_producer
  223  00001298  54000000	nop; not filled.
  224  0000129c  23bd0010	addi	r29,r29,#16
  225  000012a0  08000050	j	L17_LF0
  226  000012a4  54000000	nop; not filled.
  227  000012a8          	L16_LF0:
  228  000012a8  64610000	snei	r1,r3,#0
  229  000012ac  14200028	bnez	r1,L18_LF0
  230  000012b0  54000000	nop; not filled.
  231  000012b4  23bdfff0	addi	r29,r29,#-16
  232  000012b8  afa20000	sw	(r29),r2
  233  000012bc  afa40004	sw	4(r29),r4
  234  000012c0  afa60008	sw	8(r29),r6
  235  000012c4  0c0002c8	jal	_consumer
  236  000012c8  54000000	nop; not filled.
  237  000012cc  23bd0010	addi	r29,r29,#16
  238  000012d0  08000020	j	L17_LF0
  239  000012d4  54000000	nop; not filled.
  240  000012d8          	L18_LF0:
  241  000012d8  23bdfff8	addi	r29,r29,#-8
  242  000012dc  3c080000	lhi	r8,((LC4_LF0)>>16)&0xffff
  243  000012e0  250830ac	addui	r8,r8,(LC4_LF0)&0xffff
  244  000012e4  afa80000	sw	(r29),r8
  245  000012e8  0c000448	jal	_Printf
  246  000012ec  54000000	nop; not filled.
  247  000012f0  23bd0008	addi	r29,r29,#8
  248  000012f4          	L17_LF0:
  249  000012f4  23bdfff0	addi	r29,r29,#-16
  250  000012f8  3c080000	lhi	r8,((LC5_LF0)>>16)&0xffff
  251  000012fc  250830bc	addui	r8,r8,(LC5_LF0)&0xffff
  252  00001300  afa80000	sw	(r29),r8
  253  00001304  afa40004	sw	4(r29),r4
  254  00001308  afa30008	sw	8(r29),r3
  255  0000130c  0c000424	jal	_Printf
  256  00001310  54000000	nop; not filled.
  257  00001314  afa70000	sw	(r29),r7
  258  00001318  0c00046c	jal	_sem_signal
  259  0000131c  54000000	nop; not filled.
  260  00001320  23bd0010	addi	r29,r29,#16
  261  00001324  64210001	snei	r1,r1,#1
  262  00001328  10200050	beqz	r1,L20_LF0
  263  0000132c  54000000	nop; not filled.
  264  00001330  23bdfff8	addi	r29,r29,#-8
  265  00001334  3c080000	lhi	r8,((LC6_LF0)>>16)&0xffff
  266  00001338  250830e0	addui	r8,r8,(LC6_LF0)&0xffff
  267  0000133c  afa80000	sw	(r29),r8
  268  00001340  afa70004	sw	4(r29),r7
  269  00001344  0c0003ec	jal	_Printf
  270  00001348  54000000	nop; not filled.
  271  0000134c  8ca50000	lw	r5,(r5)
  272  00001350  afa50000	sw	(r29),r5
  273  00001354  0c0003dc	jal	_Printf
  274  00001358  54000000	nop; not filled.
  275  0000135c  3c080000	lhi	r8,((LC3_LF0)>>16)&0xffff
  276  00001360  2508309c	addui	r8,r8,(LC3_LF0)&0xffff
  277  00001364  afa80000	sw	(r29),r8
  278  00001368  0c0003c8	jal	_Printf
  279  0000136c  54000000	nop; not filled.
  280  00001370  0c000474	jal	_Exit
  281  00001374  54000000	nop; not filled.
  282  00001378  23bd0008	addi	r29,r29,#8
  283  0000137c          	L20_LF0:
  284  0000137c  0c0011b0	jal	_exit
  285  00001380  54000000	nop
  286  00001384          	.endproc _main
  287  00001384          	.data
  288  00003109          	.align 2
  289  0000310c          	LC7_LF0:
  290  0000310c  50726f64	.ascii "Producer %d,Produce: %c \n  \000"
  290  00003110  75636572	
  290  00003114  2025642c	
  290  00003118  50726f64	
  290  0000311c  7563653a	
  290  00003120  20256320	
  290  00003124  0a202000	
  291  00003128          	.text
  292  00001384          	.align 2
  293  00001384          	.proc _producer
  294  00001384          	.global _producer
  295  00001384          	_producer:
  296                      ;  Function 'producer'; 16 bytes of locals, 11 regs to save.
  297  00001384  afbefffc	sw	-4(r29),r30; push fp
  298  00001388  001df020	add	r30,r0,r29; fp = sp
  299  0000138c  afbffff8	sw	-8(r29),r31; push ret addr
  300  00001390  2fbd0048	subui	r29,r29,#72; alloc local storage
  301  00001394  afa20000	sw	0(r29),r2
  302  00001398  afa30004	sw	4(r29),r3
  303  0000139c  afa40008	sw	8(r29),r4
  304  000013a0  afa5000c	sw	12(r29),r5
  305  000013a4  afa60010	sw	16(r29),r6
  306  000013a8  afa70014	sw	20(r29),r7
  307  000013ac  afa80018	sw	24(r29),r8
  308  000013b0  afa9001c	sw	28(r29),r9
  309  000013b4  afaa0020	sw	32(r29),r10
  310  000013b8  afab0024	sw	36(r29),r11
  311  000013bc  afac0028	sw	40(r29),r12
  312  000013c0  8fc40000	lw	r4,(r30)
  313  000013c4  8fcb0004	lw	r11,4(r30)
  314  000013c8  8fca0008	lw	r10,8(r30)
  315  000013cc  200c0048	addi	r12,r0,(#0x48)&0xff
  316  000013d0  a3ccffe8	sb	-24(r30),r12
  317  000013d4  200c0065	addi	r12,r0,(#0x65)&0xff
  318  000013d8  a3ccffe9	sb	-23(r30),r12
  319  000013dc  200c006c	addi	r12,r0,(#0x6c)&0xff
  320  000013e0  a3ccffea	sb	-22(r30),r12
  321  000013e4  a3ccffeb	sb	-21(r30),r12
  322  000013e8  200c006f	addi	r12,r0,(#0x6f)&0xff
  323  000013ec  a3ccffec	sb	-20(r30),r12
  324  000013f0  200c0000	addi	r12,r0,(#0x0)&0xff
  325  000013f4  a3ccffed	sb	-19(r30),r12
  326  000013f8  200c0057	addi	r12,r0,(#0x57)&0xff
  327  000013fc  a3ccffee	sb	-18(r30),r12
  328  00001400  200c006f	addi	r12,r0,(#0x6f)&0xff
  329  00001404  a3ccffef	sb	-17(r30),r12
  330  00001408  200c0072	addi	r12,r0,(#0x72)&0xff
  331  0000140c  a3ccfff0	sb	-16(r30),r12
  332  00001410  200c006c	addi	r12,r0,(#0x6c)&0xff
  333  00001414  a3ccfff1	sb	-15(r30),r12
  334  00001418  200c0064	addi	r12,r0,(#0x64)&0xff
  335  0000141c  a3ccfff2	sb	-14(r30),r12
  336  00001420  20070000	addi	r7,r0,#0
  337  00001424  3c050000	lhi	r5,((_flag)>>16)&0xffff
  338  00001428  24a53144	addui	r5,r5,(_flag)&0xffff
  339  0000142c  2009000b	addi	r9,r0,#11
  340  00001430  23c6ffe8	addi	r6,r30,#-24
  341  00001434          	L25_LF0:
  342  00001434  8ca10000	lw	r1,(r5)
  343  00001438  64210000	snei	r1,r1,#0
  344  0000143c  142000f4	bnez	r1,L27_LF0
  345  00001440  54000000	nop; not filled.
  346  00001444  00064020	add	r8,r0,r6
  347  00001448          	L28_LF0:
  348  00001448  23bdfff8	addi	r29,r29,#-8
  349  0000144c  afaa0000	sw	(r29),r10
  350  00001450  0c00034c	jal	_lock_acquire
  351  00001454  54000000	nop; not filled.
  352  00001458  8c81000c	lw	r1,12(r4)
  353  0000145c  20230001	addi	r3,r1,#1
  354  00001460  00600035	movi2fp	f0,r3
  355  00001464  01200835	movi2fp	f1,r9
  356  00001468  0401000f	div	f0,f0,f1
  357  0000146c  00001034	movfp2i	r2,f0
  358  00001470  50410001	slli	r1,r2,#0x1
  359  00001474  00220820	add	r1,r1,r2
  360  00001478  50210002	slli	r1,r1,#0x2
  361  0000147c  00220822	sub	r1,r1,r2
  362  00001480  00611022	sub	r2,r3,r1
  363  00001484  8c810010	lw	r1,16(r4)
  364  00001488  23bd0008	addi	r29,r29,#8
  365  0000148c  00410829	sne	r1,r2,r1
  366  00001490  1020007c	beqz	r1,L29_LF0
  367  00001494  54000000	nop; not filled.
  368  00001498  200c0001	addi	r12,r0,#1
  369  0000149c  acac0000	sw	(r5),r12
  370  000014a0  8c81000c	lw	r1,12(r4)
  371  000014a4  00810820	add	r1,r4,r1
  372  000014a8  810c0000	lb	r12,(r8)
  373  000014ac  a02c0000	sb	(r1),r12
  374  000014b0  23bdfff0	addi	r29,r29,#-16
  375  000014b4  3c0c0000	lhi	r12,((LC7_LF0)>>16)&0xffff
  376  000014b8  258c310c	addui	r12,r12,(LC7_LF0)&0xffff
  377  000014bc  afac0000	sw	(r29),r12
  378  000014c0  afab0004	sw	4(r29),r11
  379  000014c4  8c81000c	lw	r1,12(r4)
  380  000014c8  00810820	add	r1,r4,r1
  381  000014cc  90210000	lbu	r1,(r1)
  382  000014d0  afa10008	sw	8(r29),r1
  383  000014d4  0c00025c	jal	_Printf
  384  000014d8  54000000	nop; not filled.
  385  000014dc  8c81000c	lw	r1,12(r4)
  386  000014e0  20230001	addi	r3,r1,#1
  387  000014e4  00600035	movi2fp	f0,r3
  388  000014e8  01200835	movi2fp	f1,r9
  389  000014ec  0401000f	div	f0,f0,f1
  390  000014f0  00001034	movfp2i	r2,f0
  391  000014f4  50410001	slli	r1,r2,#0x1
  392  000014f8  00220820	add	r1,r1,r2
  393  000014fc  50210002	slli	r1,r1,#0x2
  394  00001500  00220822	sub	r1,r1,r2
  395  00001504  00610822	sub	r1,r3,r1
  396  00001508  ac81000c	sw	12(r4),r1
  397  0000150c  23bd0010	addi	r29,r29,#16
  398  00001510          	L29_LF0:
  399  00001510  23bdfff8	addi	r29,r29,#-8
  400  00001514  afaa0000	sw	(r29),r10
  401  00001518  0c000290	jal	_lock_release
  402  0000151c  54000000	nop; not filled.
  403  00001520  23bd0008	addi	r29,r29,#8
  404  00001524  8ca10000	lw	r1,(r5)
  405  00001528  64210000	snei	r1,r1,#0
  406  0000152c  1020ff18	beqz	r1,L28_LF0
  407  00001530  54000000	nop; not filled.
  408  00001534          	L27_LF0:
  409  00001534  200c0000	addi	r12,r0,#0
  410  00001538  acac0000	sw	(r5),r12
  411  0000153c  20c60001	addi	r6,r6,#1
  412  00001540  20e70001	addi	r7,r7,#1
  413  00001544  70e1000a	slei	r1,r7,#10
  414  00001548  1420fee8	bnez	r1,L25_LF0
  415  0000154c  54000000	nop; not filled.
  416  00001550  8fa20000	lw	r2,0(r29)
  417  00001554  8fa30004	lw	r3,4(r29)
  418  00001558  8fa40008	lw	r4,8(r29)
  419  0000155c  8fa5000c	lw	r5,12(r29)
  420  00001560  8fa60010	lw	r6,16(r29)
  421  00001564  8fa70014	lw	r7,20(r29)
  422  00001568  8fa80018	lw	r8,24(r29)
  423  0000156c  8fa9001c	lw	r9,28(r29)
  424  00001570  8faa0020	lw	r10,32(r29)
  425  00001574  8fab0024	lw	r11,36(r29)
  426  00001578  8fac0028	lw	r12,40(r29)
  427  0000157c  8fdffff8	lw	r31,-8(r30)
  428  00001580  001ee820	add	r29,r0,r30
  429  00001584  8fdefffc	lw	r30,-4(r30)
  430  00001588  4be00000	jr	r31
  431  0000158c  54000000	nop
  432  00001590          	.endproc _producer
  433  00001590          	.data
  434  00003128          	.align 2
  435  00003128          	LC8_LF0:
  436  00003128  436f6e73	.ascii "Consumer %d, Consume: %c \n \000"
  436  0000312c  756d6572	
  436  00003130  2025642c	
  436  00003134  20436f6e	
  436  00003138  73756d65	
  436  0000313c  3a202563	
  436  00003140  200a2000	
  437  00003144          	.text
  438  00001590          	.align 2
  439  00001590          	.proc _consumer
  440  00001590          	.global _consumer
  441  00001590          	_consumer:
  442                      ;  Function 'consumer'; 0 bytes of locals, 9 regs to save.
  443  00001590  afbefffc	sw	-4(r29),r30; push fp
  444  00001594  001df020	add	r30,r0,r29; fp = sp
  445  00001598  afbffff8	sw	-8(r29),r31; push ret addr
  446  0000159c  2fbd0030	subui	r29,r29,#48; alloc local storage
  447  000015a0  afa20000	sw	0(r29),r2
  448  000015a4  afa30004	sw	4(r29),r3
  449  000015a8  afa40008	sw	8(r29),r4
  450  000015ac  afa5000c	sw	12(r29),r5
  451  000015b0  afa60010	sw	16(r29),r6
  452  000015b4  afa70014	sw	20(r29),r7
  453  000015b8  afa80018	sw	24(r29),r8
  454  000015bc  afa9001c	sw	28(r29),r9
  455  000015c0  afaa0020	sw	32(r29),r10
  456  000015c4  8fc40000	lw	r4,(r30)
  457  000015c8  8fc90004	lw	r9,4(r30)
  458  000015cc  8fc70008	lw	r7,8(r30)
  459  000015d0  20060000	addi	r6,r0,#0
  460  000015d4  3c050000	lhi	r5,((_flag)>>16)&0xffff
  461  000015d8  24a53144	addui	r5,r5,(_flag)&0xffff
  462  000015dc  2008000b	addi	r8,r0,#11
  463  000015e0  080000a8	j	L54_LF0
  464  000015e4  54000000	nop; not filled.
  465  000015e8          	L50_LF0:
  466  000015e8  23bdfff8	addi	r29,r29,#-8
  467  000015ec  afa70000	sw	(r29),r7
  468  000015f0  0c0001ac	jal	_lock_acquire
  469  000015f4  54000000	nop; not filled.
  470  000015f8  8c82000c	lw	r2,12(r4)
  471  000015fc  8c810010	lw	r1,16(r4)
  472  00001600  23bd0008	addi	r29,r29,#8
  473  00001604  00410829	sne	r1,r2,r1
  474  00001608  1020006c	beqz	r1,L51_LF0
  475  0000160c  54000000	nop; not filled.
  476  00001610  200a0001	addi	r10,r0,#1
  477  00001614  acaa0000	sw	(r5),r10
  478  00001618  23bdfff0	addi	r29,r29,#-16
  479  0000161c  3c0a0000	lhi	r10,((LC8_LF0)>>16)&0xffff
  480  00001620  254a3128	addui	r10,r10,(LC8_LF0)&0xffff
  481  00001624  afaa0000	sw	(r29),r10
  482  00001628  afa90004	sw	4(r29),r9
  483  0000162c  8c810010	lw	r1,16(r4)
  484  00001630  00810820	add	r1,r4,r1
  485  00001634  90210000	lbu	r1,(r1)
  486  00001638  afa10008	sw	8(r29),r1
  487  0000163c  0c0000f4	jal	_Printf
  488  00001640  54000000	nop; not filled.
  489  00001644  8c810010	lw	r1,16(r4)
  490  00001648  20230001	addi	r3,r1,#1
  491  0000164c  00600035	movi2fp	f0,r3
  492  00001650  01000835	movi2fp	f1,r8
  493  00001654  0401000f	div	f0,f0,f1
  494  00001658  00001034	movfp2i	r2,f0
  495  0000165c  50410001	slli	r1,r2,#0x1
  496  00001660  00220820	add	r1,r1,r2
  497  00001664  50210002	slli	r1,r1,#0x2
  498  00001668  00220822	sub	r1,r1,r2
  499  0000166c  00610822	sub	r1,r3,r1
  500  00001670  ac810010	sw	16(r4),r1
  501  00001674  23bd0010	addi	r29,r29,#16
  502  00001678          	L51_LF0:
  503  00001678  23bdfff8	addi	r29,r29,#-8
  504  0000167c  afa70000	sw	(r29),r7
  505  00001680  0c000128	jal	_lock_release
  506  00001684  54000000	nop; not filled.
  507  00001688  23bd0008	addi	r29,r29,#8
  508  0000168c          	L54_LF0:
  509  0000168c  8ca10000	lw	r1,(r5)
  510  00001690  64210000	snei	r1,r1,#0
  511  00001694  1020ff50	beqz	r1,L50_LF0
  512  00001698  54000000	nop; not filled.
  513  0000169c  200a0000	addi	r10,r0,#0
  514  000016a0  acaa0000	sw	(r5),r10
  515  000016a4  20c60001	addi	r6,r6,#1
  516  000016a8  70c1000a	slei	r1,r6,#10
  517  000016ac  1420ffdc	bnez	r1,L54_LF0
  518  000016b0  54000000	nop; not filled.
  519  000016b4  8fa20000	lw	r2,0(r29)
  520  000016b8  8fa30004	lw	r3,4(r29)
  521  000016bc  8fa40008	lw	r4,8(r29)
  522  000016c0  8fa5000c	lw	r5,12(r29)
  523  000016c4  8fa60010	lw	r6,16(r29)
  524  000016c8  8fa70014	lw	r7,20(r29)
  525  000016cc  8fa80018	lw	r8,24(r29)
  526  000016d0  8fa9001c	lw	r9,28(r29)
  527  000016d4  8faa0020	lw	r10,32(r29)
  528  000016d8  8fdffff8	lw	r31,-8(r30)
  529  000016dc  001ee820	add	r29,r0,r30
  530  000016e0  8fdefffc	lw	r30,-4(r30)
  531  000016e4  4be00000	jr	r31
  532  000016e8  54000000	nop
  533  000016ec          	.endproc _consumer
  534  000016ec          	.data
  535  00003144          	.align 2
  536  00003144          	.global _flag
  537  00003144          	_flag:
  538  00003144          	.space 4
  539                      ;;;
  540                      ;;; Stub functions for DLX traps.
  541                      ;;;
  542                      ;;; Ethan L. Miller, 1999.  Released to the public domain.
  543                      ;;;
  544                      ;;; The traps such as Open and Close
  545                      ;;; (note the capital letters) are for use by user programs.  The traps
  546                      ;;; with names such as open and close (lower case) are for use by the OS.
  547                      ;;;
  549  00003148          	.text
  550  000016ec          	.align 2
  552                      ;;; The following are the traps to be used by user-level programs
  553                      ;;;
  555  000016ec          	.align 2
  556  000016ec          	.proc _Open
  557  000016ec          	.global _Open
  558  000016ec          	_Open:
  559                      ;;; Note that trap #0x213 actually causes a trap vector in the OS of
  560                      ;;; 0x1213.  The same is true for other user traps.  Thus, a user trap
  561                      ;;; with trap #0x240 will result in a trap vector of 0x1240 in the OS.
  562  000016ec  44000213	trap	#0x213
  563  000016f0  4be00000	jr	r31
  564  000016f4  54000000	nop
  565  000016f8          	.endproc _Open
  567  000016f8          	.proc _Close
  568  000016f8          	.global _Close
  569  000016f8          	_Close:
  570  000016f8  44000214	trap	#0x214
  571  000016fc  4be00000	jr	r31
  572  00001700  54000000	nop
  573  00001704          	.endproc _Close
  575  00001704          	.proc _Read
  576  00001704          	.global _Read
  577  00001704          	_Read:
  578  00001704  44000210	trap	#0x210
  579  00001708  4be00000	jr	r31
  580  0000170c  54000000	nop
  581  00001710          	.endproc _Read
  583  00001710          	.proc _Write
  584  00001710          	.global _Write
  585  00001710          	_Write:
  586  00001710  44000211	trap	#0x211
  587  00001714  4be00000	jr	r31
  588  00001718  54000000	nop
  589  0000171c          	.endproc _Write
  591  0000171c          	.proc _Lseek
  592  0000171c          	.global _Lseek
  593  0000171c          	_Lseek:
  594  0000171c  44000212	trap	#0x212
  595  00001720  4be00000	jr	r31
  596  00001724  54000000	nop
  597  00001728          	.endproc _Lseek
  599  00001728          	.proc _Putchar
  600  00001728          	.global _Putchar
  601  00001728          	_Putchar:
  602  00001728  44000280	trap	#0x280
  603  0000172c  4be00000	jr	r31
  604  00001730  54000000	nop
  605  00001734          	.endproc _Putchar
  607  00001734          	.proc _Printf
  608  00001734          	.global _Printf
  609  00001734          	_Printf:
  610  00001734  44000201	trap	#0x201
  611  00001738  4be00000	jr	r31
  612  0000173c  54000000	nop
  613  00001740          	.endproc _Printf
  615  00001740          	.proc _getpid
  616  00001740          	.global _getpid
  617  00001740          	_getpid:
  618  00001740  44000431	trap	#0x431
  619  00001744  4be00000	jr	r31
  620  00001748  54000000	nop
  621  0000174c          	.endproc _getpid
  623  0000174c          	.proc _process_create
  624  0000174c          	.global _process_create
  625  0000174c          	_process_create:
  626  0000174c  44000432	trap	#0x432
  627  00001750  4be00000	jr	r31
  628  00001754  54000000	nop
  629  00001758          	.endproc _process_create
  631  00001758          	.proc _shmget
  632  00001758          	.global _shmget
  633  00001758          	_shmget:
  634  00001758  44000440	trap	#0x440
  635  0000175c  4be00000	jr	r31
  636  00001760  54000000	nop
  637  00001764          	.endproc _shmget
  639  00001764          	.proc _shmat
  640  00001764          	.global _shmat
  641  00001764          	_shmat:
  642  00001764  44000441	trap	#0x441
  643  00001768  4be00000	jr	r31
  644  0000176c  54000000	nop
  645  00001770          	.endproc _shmat
  647  00001770          	.proc _sem_create
  648  00001770          	.global _sem_create
  649  00001770          	_sem_create:
  650  00001770  44000450	trap	#0x450
  651  00001774  4be00000	jr	r31
  652  00001778  54000000	nop
  653  0000177c          	.endproc _sem_create
  655  0000177c          	.proc _sem_wait
  656  0000177c          	.global _sem_wait
  657  0000177c          	_sem_wait:
  658  0000177c  44000451	trap	#0x451
  659  00001780  4be00000	jr	r31
  660  00001784  54000000	nop
  661  00001788          	.endproc _sem_wait
  663  00001788          	.proc _sem_signal
  664  00001788          	.global _sem_signal
  665  00001788          	_sem_signal:
  666  00001788  44000452	trap	#0x452
  667  0000178c  4be00000	jr	r31
  668  00001790  54000000	nop
  669  00001794          	.endproc _sem_signal
  671  00001794          	.proc _lock_create
  672  00001794          	.global _lock_create
  673  00001794          	_lock_create:
  674  00001794  44000453	trap	#0x453
  675  00001798  4be00000	jr	r31
  676  0000179c  54000000	nop
  677  000017a0          	.endproc _lock_create
  679  000017a0          	.proc _lock_acquire
  680  000017a0          	.global _lock_acquire
  681  000017a0          	_lock_acquire:
  682  000017a0  44000454	trap	#0x454
  683  000017a4  4be00000	jr	r31
  684  000017a8  54000000	nop
  685  000017ac          	.endproc _lock_acquire
  687  000017ac          	.proc _lock_release
  688  000017ac          	.global _lock_release
  689  000017ac          	_lock_release:
  690  000017ac  44000455	trap	#0x455
  691  000017b0  4be00000	jr	r31
  692  000017b4  54000000	nop
  693  000017b8          	.endproc _lock_release
  695  000017b8          	.proc _cond_create
  696  000017b8          	.global _cond_create
  697  000017b8          	_cond_create:
  698  000017b8  44000456	trap	#0x456
  699  000017bc  4be00000	jr	r31
  700  000017c0  54000000	nop
  701  000017c4          	.endproc _cond_create
  703  000017c4          	.proc _cond_wait
  704  000017c4          	.global _cond_wait
  705  000017c4          	_cond_wait:
  706  000017c4  44000457	trap	#0x457
  707  000017c8  4be00000	jr	r31
  708  000017cc  54000000	nop
  709  000017d0          	.endproc _cond_wait
  711  000017d0          	.proc _cond_signal
  712  000017d0          	.global _cond_signal
  713  000017d0          	_cond_signal:
  714  000017d0  44000458	trap	#0x458
  715  000017d4  4be00000	jr	r31
  716  000017d8  54000000	nop
  717  000017dc          	.endproc _cond_signal
  719  000017dc          	.proc _cond_broadcast
  720  000017dc          	.global _cond_broadcast
  721  000017dc          	_cond_broadcast:
  722  000017dc  44000455	trap	#0x455
  723  000017e0  4be00000	jr	r31
  724  000017e4  54000000	nop
  725  000017e8          	.endproc _cond_broadcast
  727  000017e8          	.proc _Exit
  728  000017e8          	.global _Exit
  729  000017e8          	_Exit:
  730  000017e8  44000500	trap	#0x500
  731  000017ec  4be00000	jr	r31
  732  000017f0  54000000	nop
  733  000017f4          	.endproc _Exit
  734                      ; Compiled by GCC
  736  000017f4          	.align 2
  737  000017f4          	.proc _isspace
  738  000017f4          	.global _isspace
  739  000017f4          	_isspace:
  740                      ;  Function 'isspace'; 0 bytes of locals, 3 regs to save.
  741  000017f4  afbefffc	sw	-4(r29),r30; push fp
  742  000017f8  001df020	add	r30,r0,r29; fp = sp
  743  000017fc  afbffff8	sw	-8(r29),r31; push ret addr
  744  00001800  2fbd0018	subui	r29,r29,#24; alloc local storage
  745  00001804  afa20000	sw	0(r29),r2
  746  00001808  afa30004	sw	4(r29),r3
  747  0000180c  afa40008	sw	8(r29),r4
  748  00001810  83c20003	lb	r2,3(r30)
  749  00001814  20010000	addi	r1,r0,#0
  750  00001818  304300ff	andi	r3,r2,#0x00ff
  751  0000181c  60640020	seqi	r4,r3,#32
  752  00001820  1480002c	bnez	r4,L3_LF2
  753  00001824  54000000	nop; delay slot nop
  754  00001828  304300ff	andi	r3,r2,#0x00ff
  755  0000182c  60640009	seqi	r4,r3,#9
  756  00001830  1480001c	bnez	r4,L3_LF2
  757  00001834  54000000	nop; delay slot nop
  758  00001838  304300ff	andi	r3,r2,#0x00ff
  759  0000183c  6064000a	seqi	r4,r3,#10
  760  00001840  1480000c	bnez	r4,L3_LF2
  761  00001844  54000000	nop; delay slot nop
  762  00001848  08000008	j	L2_LF2
  763  0000184c  54000000	nop; delay slot nop
  764  00001850          	L3_LF2:
  765  00001850  20010001	addi	r1,r0,#1
  766  00001854          	L2_LF2:
  767  00001854  08000004	j	L1_LF2
  768  00001858  54000000	nop; delay slot nop
  769  0000185c          	L1_LF2:
  770  0000185c  8fa20000	lw	r2,0(r29)
  771  00001860  8fa30004	lw	r3,4(r29)
  772  00001864  8fa40008	lw	r4,8(r29)
  773  00001868  8fdffff8	lw	r31,-8(r30)
  774  0000186c  001ee820	add	r29,r0,r30
  775  00001870  8fdefffc	lw	r30,-4(r30)
  776  00001874  4be00000	jr	r31
  777  00001878  54000000	nop
  778  0000187c          	.endproc _isspace
  779  0000187c          	.align 2
  780  0000187c          	.proc _isxdigit
  781  0000187c          	.global _isxdigit
  782  0000187c          	_isxdigit:
  783                      ;  Function 'isxdigit'; 0 bytes of locals, 3 regs to save.
  784  0000187c  afbefffc	sw	-4(r29),r30; push fp
  785  00001880  001df020	add	r30,r0,r29; fp = sp
  786  00001884  afbffff8	sw	-8(r29),r31; push ret addr
  787  00001888  2fbd0018	subui	r29,r29,#24; alloc local storage
  788  0000188c  afa20000	sw	0(r29),r2
  789  00001890  afa30004	sw	4(r29),r3
  790  00001894  afa40008	sw	8(r29),r4
  791  00001898  83c20003	lb	r2,3(r30)
  792  0000189c  20010000	addi	r1,r0,#0
  793  000018a0  304300ff	andi	r3,r2,#0x00ff
  794  000018a4  6c64002f	sgtui	r4,r3,#47
  795  000018a8  1080001c	beqz	r4,L7_LF2
  796  000018ac  54000000	nop; delay slot nop
  797  000018b0  304300ff	andi	r3,r2,#0x00ff
  798  000018b4  70640039	sleui	r4,r3,#57
  799  000018b8  1480005c	bnez	r4,L6_LF2
  800  000018bc  54000000	nop; delay slot nop
  801  000018c0  08000004	j	L7_LF2
  802  000018c4  54000000	nop; delay slot nop
  803  000018c8          	L7_LF2:
  804  000018c8  304300ff	andi	r3,r2,#0x00ff
  805  000018cc  6c640060	sgtui	r4,r3,#96
  806  000018d0  1080001c	beqz	r4,L8_LF2
  807  000018d4  54000000	nop; delay slot nop
  808  000018d8  304300ff	andi	r3,r2,#0x00ff
  809  000018dc  70640066	sleui	r4,r3,#102
  810  000018e0  14800034	bnez	r4,L6_LF2
  811  000018e4  54000000	nop; delay slot nop
  812  000018e8  08000004	j	L8_LF2
  813  000018ec  54000000	nop; delay slot nop
  814  000018f0          	L8_LF2:
  815  000018f0  304300ff	andi	r3,r2,#0x00ff
  816  000018f4  6c640040	sgtui	r4,r3,#64
  817  000018f8  10800020	beqz	r4,L5_LF2
  818  000018fc  54000000	nop; delay slot nop
  819  00001900  304300ff	andi	r3,r2,#0x00ff
  820  00001904  70640041	sleui	r4,r3,#65
  821  00001908  1480000c	bnez	r4,L6_LF2
  822  0000190c  54000000	nop; delay slot nop
  823  00001910  08000008	j	L5_LF2
  824  00001914  54000000	nop; delay slot nop
  825  00001918          	L6_LF2:
  826  00001918  20010001	addi	r1,r0,#1
  827  0000191c          	L5_LF2:
  828  0000191c  08000004	j	L4_LF2
  829  00001920  54000000	nop; delay slot nop
  830  00001924          	L4_LF2:
  831  00001924  8fa20000	lw	r2,0(r29)
  832  00001928  8fa30004	lw	r3,4(r29)
  833  0000192c  8fa40008	lw	r4,8(r29)
  834  00001930  8fdffff8	lw	r31,-8(r30)
  835  00001934  001ee820	add	r29,r0,r30
  836  00001938  8fdefffc	lw	r30,-4(r30)
  837  0000193c  4be00000	jr	r31
  838  00001940  54000000	nop
  839  00001944          	.endproc _isxdigit
  840  00001944          	.align 2
  841  00001944          	.proc _dstrcpy
  842  00001944          	.global _dstrcpy
  843  00001944          	_dstrcpy:
  844                      ;  Function 'dstrcpy'; 8 bytes of locals, 2 regs to save.
  845  00001944  afbefffc	sw	-4(r29),r30; push fp
  846  00001948  001df020	add	r30,r0,r29; fp = sp
  847  0000194c  afbffff8	sw	-8(r29),r31; push ret addr
  848  00001950  2fbd0018	subui	r29,r29,#24; alloc local storage
  849  00001954  afa20000	sw	0(r29),r2
  850  00001958  afa30004	sw	4(r29),r3
  851  0000195c  8fc10000	lw	r1,(r30)
  852  00001960  afc1fff4	sw	-12(r30),r1
  853  00001964          	L10_LF2:
  854  00001964  8fc10000	lw	r1,(r30)
  855  00001968  20220001	addi	r2,r1,#1
  856  0000196c  afc20000	sw	(r30),r2
  857  00001970  8fc20004	lw	r2,4(r30)
  858  00001974  20430001	addi	r3,r2,#1
  859  00001978  afc30004	sw	4(r30),r3
  860  0000197c  80420000	lb	r2,(r2)
  861  00001980  a0220000	sb	(r1),r2
  862  00001984  a3c2fff3	sb	-13(r30),r2
  863  00001988          	L12_LF2:
  864  00001988  93c1fff3	lbu	r1,-13(r30)
  865  0000198c  64220000	snei	r2,r1,#0
  866  00001990  1440000c	bnez	r2,L13_LF2
  867  00001994  54000000	nop; delay slot nop
  868  00001998  0800000c	j	L11_LF2
  869  0000199c  54000000	nop; delay slot nop
  870  000019a0          	L13_LF2:
  871  000019a0  0bffffc0	j	L10_LF2
  872  000019a4  54000000	nop; delay slot nop
  873  000019a8          	L11_LF2:
  874  000019a8  8fc1fff4	lw	r1,-12(r30)
  875  000019ac  08000004	j	L9_LF2
  876  000019b0  54000000	nop; delay slot nop
  877  000019b4          	L9_LF2:
  878  000019b4  8fa20000	lw	r2,0(r29)
  879  000019b8  8fa30004	lw	r3,4(r29)
  880  000019bc  8fdffff8	lw	r31,-8(r30)
  881  000019c0  001ee820	add	r29,r0,r30
  882  000019c4  8fdefffc	lw	r30,-4(r30)
  883  000019c8  4be00000	jr	r31
  884  000019cc  54000000	nop
  885  000019d0          	.endproc _dstrcpy
  886  000019d0          	.align 2
  887  000019d0          	.proc _dstrncpy
  888  000019d0          	.global _dstrncpy
  889  000019d0          	_dstrncpy:
  890                      ;  Function 'dstrncpy'; 8 bytes of locals, 2 regs to save.
  891  000019d0  afbefffc	sw	-4(r29),r30; push fp
  892  000019d4  001df020	add	r30,r0,r29; fp = sp
  893  000019d8  afbffff8	sw	-8(r29),r31; push ret addr
  894  000019dc  2fbd0018	subui	r29,r29,#24; alloc local storage
  895  000019e0  afa20000	sw	0(r29),r2
  896  000019e4  afa30004	sw	4(r29),r3
  897  000019e8  8fc10000	lw	r1,(r30)
  898  000019ec  afc1fff4	sw	-12(r30),r1
  899  000019f0          	L15_LF2:
  900  000019f0  8fc10008	lw	r1,8(r30)
  901  000019f4  2022ffff	addi	r2,r1,#-1
  902  000019f8  afc20008	sw	8(r30),r2
  903  000019fc  70210000	slei	r1,r1,#0
  904  00001a00  1020000c	beqz	r1,L18_LF2
  905  00001a04  54000000	nop; delay slot nop
  906  00001a08  08000048	j	L16_LF2
  907  00001a0c  54000000	nop; delay slot nop
  908  00001a10          	L18_LF2:
  909  00001a10  8fc10000	lw	r1,(r30)
  910  00001a14  20220001	addi	r2,r1,#1
  911  00001a18  afc20000	sw	(r30),r2
  912  00001a1c  8fc20004	lw	r2,4(r30)
  913  00001a20  20430001	addi	r3,r2,#1
  914  00001a24  afc30004	sw	4(r30),r3
  915  00001a28  80420000	lb	r2,(r2)
  916  00001a2c  a0220000	sb	(r1),r2
  917  00001a30  a3c2fff3	sb	-13(r30),r2
  918  00001a34          	L17_LF2:
  919  00001a34  93c1fff3	lbu	r1,-13(r30)
  920  00001a38  64220000	snei	r2,r1,#0
  921  00001a3c  1440000c	bnez	r2,L19_LF2
  922  00001a40  54000000	nop; delay slot nop
  923  00001a44  0800000c	j	L16_LF2
  924  00001a48  54000000	nop; delay slot nop
  925  00001a4c          	L19_LF2:
  926  00001a4c  0bffffa0	j	L15_LF2
  927  00001a50  54000000	nop; delay slot nop
  928  00001a54          	L16_LF2:
  929  00001a54  8fc1fff4	lw	r1,-12(r30)
  930  00001a58  08000004	j	L14_LF2
  931  00001a5c  54000000	nop; delay slot nop
  932  00001a60          	L14_LF2:
  933  00001a60  8fa20000	lw	r2,0(r29)
  934  00001a64  8fa30004	lw	r3,4(r29)
  935  00001a68  8fdffff8	lw	r31,-8(r30)
  936  00001a6c  001ee820	add	r29,r0,r30
  937  00001a70  8fdefffc	lw	r30,-4(r30)
  938  00001a74  4be00000	jr	r31
  939  00001a78  54000000	nop
  940  00001a7c          	.endproc _dstrncpy
  941  00001a7c          	.align 2
  942  00001a7c          	.proc _dstrcat
  943  00001a7c          	.global _dstrcat
  944  00001a7c          	_dstrcat:
  945                      ;  Function 'dstrcat'; 8 bytes of locals, 1 regs to save.
  946  00001a7c  afbefffc	sw	-4(r29),r30; push fp
  947  00001a80  001df020	add	r30,r0,r29; fp = sp
  948  00001a84  afbffff8	sw	-8(r29),r31; push ret addr
  949  00001a88  2fbd0018	subui	r29,r29,#24; alloc local storage
  950  00001a8c  afa20000	sw	0(r29),r2
  951  00001a90  8fc10000	lw	r1,(r30)
  952  00001a94  afc1fff4	sw	-12(r30),r1
  953  00001a98          	L21_LF2:
  954  00001a98  8fc10000	lw	r1,(r30)
  955  00001a9c  90220000	lbu	r2,(r1)
  956  00001aa0  64410000	snei	r1,r2,#0
  957  00001aa4  1420000c	bnez	r1,L23_LF2
  958  00001aa8  54000000	nop; delay slot nop
  959  00001aac  0800001c	j	L22_LF2
  960  00001ab0  54000000	nop; delay slot nop
  961  00001ab4          	L23_LF2:
  962  00001ab4  8fc20000	lw	r2,(r30)
  963  00001ab8  20410001	addi	r1,r2,#1
  964  00001abc  00011020	add	r2,r0,r1
  965  00001ac0  afc20000	sw	(r30),r2
  966  00001ac4  0bffffd0	j	L21_LF2
  967  00001ac8  54000000	nop; delay slot nop
  968  00001acc          	L22_LF2:
  969  00001acc  23bdfff8	addi	r29,r29,#-8
  970  00001ad0  001d0820	add	r1,r0,r29
  971  00001ad4  8fc20000	lw	r2,(r30)
  972  00001ad8  ac220000	sw	(r1),r2
  973  00001adc  8fc20004	lw	r2,4(r30)
  974  00001ae0  ac220004	sw	4(r1),r2
  975  00001ae4  0ffffe5c	jal	_dstrcpy
  976  00001ae8  54000000	nop; delay slot nop
  977  00001aec  23bd0008	addi	r29,r29,#8
  978  00001af0  8fc1fff4	lw	r1,-12(r30)
  979  00001af4  08000004	j	L20_LF2
  980  00001af8  54000000	nop; delay slot nop
  981  00001afc          	L20_LF2:
  982  00001afc  8fa20000	lw	r2,0(r29)
  983  00001b00  8fdffff8	lw	r31,-8(r30)
  984  00001b04  001ee820	add	r29,r0,r30
  985  00001b08  8fdefffc	lw	r30,-4(r30)
  986  00001b0c  4be00000	jr	r31
  987  00001b10  54000000	nop
  988  00001b14          	.endproc _dstrcat
  989  00001b14          	.align 2
  990  00001b14          	.proc _dstrncmp
  991  00001b14          	.global _dstrncmp
  992  00001b14          	_dstrncmp:
  993                      ;  Function 'dstrncmp'; 8 bytes of locals, 2 regs to save.
  994  00001b14  afbefffc	sw	-4(r29),r30; push fp
  995  00001b18  001df020	add	r30,r0,r29; fp = sp
  996  00001b1c  afbffff8	sw	-8(r29),r31; push ret addr
  997  00001b20  2fbd0018	subui	r29,r29,#24; alloc local storage
  998  00001b24  afa20000	sw	0(r29),r2
  999  00001b28  afa30004	sw	4(r29),r3
 1000  00001b2c  54000000	nop
 1001  00001b30  20010000	addi	r1,r0,#0
 1002  00001b34  afc1fff4	sw	-12(r30),r1
 1003  00001b38          	L25_LF2:
 1004  00001b38  8fc1fff4	lw	r1,-12(r30)
 1005  00001b3c  8fc20008	lw	r2,8(r30)
 1006  00001b40  0022082a	slt	r1,r1,r2
 1007  00001b44  1420000c	bnez	r1,L28_LF2
 1008  00001b48  54000000	nop; delay slot nop
 1009  00001b4c  08000088	j	L26_LF2
 1010  00001b50  54000000	nop; delay slot nop
 1011  00001b54          	L28_LF2:
 1012  00001b54  8fc10004	lw	r1,4(r30)
 1013  00001b58  90220000	lbu	r2,(r1)
 1014  00001b5c  64410000	snei	r1,r2,#0
 1015  00001b60  14200018	bnez	r1,L29_LF2
 1016  00001b64  54000000	nop; delay slot nop
 1017  00001b68  20010000	addi	r1,r0,#0
 1018  00001b6c  080000d8	j	L24_LF2
 1019  00001b70  54000000	nop; delay slot nop
 1020  00001b74  08000028	j	L30_LF2
 1021  00001b78  54000000	nop; delay slot nop
 1022  00001b7c          	L29_LF2:
 1023  00001b7c  8fc10000	lw	r1,(r30)
 1024  00001b80  8fc20004	lw	r2,4(r30)
 1025  00001b84  90210000	lbu	r1,(r1)
 1026  00001b88  90420000	lbu	r2,(r2)
 1027  00001b8c  00220829	sne	r1,r1,r2
 1028  00001b90  1020000c	beqz	r1,L30_LF2
 1029  00001b94  54000000	nop; delay slot nop
 1030  00001b98  0800003c	j	L26_LF2
 1031  00001b9c  54000000	nop; delay slot nop
 1032  00001ba0          	L31_LF2:
 1033  00001ba0          	L30_LF2:
 1034  00001ba0  8fc20000	lw	r2,(r30)
 1035  00001ba4  20410001	addi	r1,r2,#1
 1036  00001ba8  00011020	add	r2,r0,r1
 1037  00001bac  afc20000	sw	(r30),r2
 1038  00001bb0  8fc20004	lw	r2,4(r30)
 1039  00001bb4  20410001	addi	r1,r2,#1
 1040  00001bb8  00011020	add	r2,r0,r1
 1041  00001bbc  afc20004	sw	4(r30),r2
 1042  00001bc0          	L27_LF2:
 1043  00001bc0  8fc2fff4	lw	r2,-12(r30)
 1044  00001bc4  20410001	addi	r1,r2,#1
 1045  00001bc8  00011020	add	r2,r0,r1
 1046  00001bcc  afc2fff4	sw	-12(r30),r2
 1047  00001bd0  0bffff64	j	L25_LF2
 1048  00001bd4  54000000	nop; delay slot nop
 1049  00001bd8          	L26_LF2:
 1050  00001bd8  8fc1fff4	lw	r1,-12(r30)
 1051  00001bdc  8fc20008	lw	r2,8(r30)
 1052  00001be0  00220828	seq	r1,r1,r2
 1053  00001be4  10200018	beqz	r1,L32_LF2
 1054  00001be8  54000000	nop; delay slot nop
 1055  00001bec  20010000	addi	r1,r0,#0
 1056  00001bf0  08000054	j	L24_LF2
 1057  00001bf4  54000000	nop; delay slot nop
 1058  00001bf8  0800004c	j	L33_LF2
 1059  00001bfc  54000000	nop; delay slot nop
 1060  00001c00          	L32_LF2:
 1061  00001c00  8fc20000	lw	r2,(r30)
 1062  00001c04  90410000	lbu	r1,(r2)
 1063  00001c08  8fc20004	lw	r2,4(r30)
 1064  00001c0c  90430000	lbu	r3,(r2)
 1065  00001c10  00230822	sub	r1,r1,r3
 1066  00001c14  74220000	sgei	r2,r1,#0
 1067  00001c18  10400020	beqz	r2,L34_LF2
 1068  00001c1c  54000000	nop; delay slot nop
 1069  00001c20  8fc10000	lw	r1,(r30)
 1070  00001c24  8fc20004	lw	r2,4(r30)
 1071  00001c28  90210000	lbu	r1,(r1)
 1072  00001c2c  90420000	lbu	r2,(r2)
 1073  00001c30  00220829	sne	r1,r1,r2
 1074  00001c34  08000008	j	L35_LF2
 1075  00001c38  54000000	nop; delay slot nop
 1076  00001c3c          	L34_LF2:
 1077  00001c3c  2001ffff	addi	r1,r0,#-1
 1078  00001c40          	L35_LF2:
 1079  00001c40  08000004	j	L24_LF2
 1080  00001c44  54000000	nop; delay slot nop
 1081  00001c48          	L33_LF2:
 1082  00001c48          	L24_LF2:
 1083  00001c48  8fa20000	lw	r2,0(r29)
 1084  00001c4c  8fa30004	lw	r3,4(r29)
 1085  00001c50  8fdffff8	lw	r31,-8(r30)
 1086  00001c54  001ee820	add	r29,r0,r30
 1087  00001c58  8fdefffc	lw	r30,-4(r30)
 1088  00001c5c  4be00000	jr	r31
 1089  00001c60  54000000	nop
 1090  00001c64          	.endproc _dstrncmp
 1091  00001c64          	.align 2
 1092  00001c64          	.proc _dstrlen
 1093  00001c64          	.global _dstrlen
 1094  00001c64          	_dstrlen:
 1095                      ;  Function 'dstrlen'; 8 bytes of locals, 1 regs to save.
 1096  00001c64  afbefffc	sw	-4(r29),r30; push fp
 1097  00001c68  001df020	add	r30,r0,r29; fp = sp
 1098  00001c6c  afbffff8	sw	-8(r29),r31; push ret addr
 1099  00001c70  2fbd0018	subui	r29,r29,#24; alloc local storage
 1100  00001c74  afa20000	sw	0(r29),r2
 1101  00001c78  20010000	addi	r1,r0,#0
 1102  00001c7c  afc1fff4	sw	-12(r30),r1
 1103  00001c80          	L37_LF2:
 1104  00001c80  8fc10000	lw	r1,(r30)
 1105  00001c84  20220001	addi	r2,r1,#1
 1106  00001c88  afc20000	sw	(r30),r2
 1107  00001c8c  90210000	lbu	r1,(r1)
 1108  00001c90  64220000	snei	r2,r1,#0
 1109  00001c94  1440000c	bnez	r2,L39_LF2
 1110  00001c98  54000000	nop; delay slot nop
 1111  00001c9c  0800001c	j	L38_LF2
 1112  00001ca0  54000000	nop; delay slot nop
 1113  00001ca4          	L39_LF2:
 1114  00001ca4  8fc2fff4	lw	r2,-12(r30)
 1115  00001ca8  20410001	addi	r1,r2,#1
 1116  00001cac  00011020	add	r2,r0,r1
 1117  00001cb0  afc2fff4	sw	-12(r30),r2
 1118  00001cb4  0bffffc8	j	L37_LF2
 1119  00001cb8  54000000	nop; delay slot nop
 1120  00001cbc          	L38_LF2:
 1121  00001cbc  8fc1fff4	lw	r1,-12(r30)
 1122  00001cc0  08000004	j	L36_LF2
 1123  00001cc4  54000000	nop; delay slot nop
 1124  00001cc8          	L36_LF2:
 1125  00001cc8  8fa20000	lw	r2,0(r29)
 1126  00001ccc  8fdffff8	lw	r31,-8(r30)
 1127  00001cd0  001ee820	add	r29,r0,r30
 1128  00001cd4  8fdefffc	lw	r30,-4(r30)
 1129  00001cd8  4be00000	jr	r31
 1130  00001cdc  54000000	nop
 1131  00001ce0          	.endproc _dstrlen
 1132  00001ce0          	.align 2
 1133  00001ce0          	.proc _dstrstr
 1134  00001ce0          	.global _dstrstr
 1135  00001ce0          	_dstrstr:
 1136                      ;  Function 'dstrstr'; 8 bytes of locals, 1 regs to save.
 1137  00001ce0  afbefffc	sw	-4(r29),r30; push fp
 1138  00001ce4  001df020	add	r30,r0,r29; fp = sp
 1139  00001ce8  afbffff8	sw	-8(r29),r31; push ret addr
 1140  00001cec  2fbd0018	subui	r29,r29,#24; alloc local storage
 1141  00001cf0  afa20000	sw	0(r29),r2
 1142  00001cf4  23bdfff8	addi	r29,r29,#-8
 1143  00001cf8  001d0820	add	r1,r0,r29
 1144  00001cfc  8fc20004	lw	r2,4(r30)
 1145  00001d00  ac220000	sw	(r1),r2
 1146  00001d04  0fffff5c	jal	_dstrlen
 1147  00001d08  54000000	nop; delay slot nop
 1148  00001d0c  23bd0008	addi	r29,r29,#8
 1149  00001d10  afc1fff4	sw	-12(r30),r1
 1150  00001d14          	L41_LF2:
 1151  00001d14  8fc10000	lw	r1,(r30)
 1152  00001d18  90220000	lbu	r2,(r1)
 1153  00001d1c  64410000	snei	r1,r2,#0
 1154  00001d20  1420000c	bnez	r1,L43_LF2
 1155  00001d24  54000000	nop; delay slot nop
 1156  00001d28  08000060	j	L42_LF2
 1157  00001d2c  54000000	nop; delay slot nop
 1158  00001d30          	L43_LF2:
 1159  00001d30  23bdfff0	addi	r29,r29,#-16
 1160  00001d34  001d0820	add	r1,r0,r29
 1161  00001d38  8fc20000	lw	r2,(r30)
 1162  00001d3c  ac220000	sw	(r1),r2
 1163  00001d40  8fc20004	lw	r2,4(r30)
 1164  00001d44  ac220004	sw	4(r1),r2
 1165  00001d48  8fc2fff4	lw	r2,-12(r30)
 1166  00001d4c  ac220008	sw	8(r1),r2
 1167  00001d50  0ffffdc0	jal	_dstrncmp
 1168  00001d54  54000000	nop; delay slot nop
 1169  00001d58  23bd0010	addi	r29,r29,#16
 1170  00001d5c  64220000	snei	r2,r1,#0
 1171  00001d60  14400010	bnez	r2,L44_LF2
 1172  00001d64  54000000	nop; delay slot nop
 1173  00001d68  8fc10000	lw	r1,(r30)
 1174  00001d6c  08000028	j	L40_LF2
 1175  00001d70  54000000	nop; delay slot nop
 1176  00001d74          	L44_LF2:
 1177  00001d74  8fc20000	lw	r2,(r30)
 1178  00001d78  20410001	addi	r1,r2,#1
 1179  00001d7c  00011020	add	r2,r0,r1
 1180  00001d80  afc20000	sw	(r30),r2
 1181  00001d84  0bffff8c	j	L41_LF2
 1182  00001d88  54000000	nop; delay slot nop
 1183  00001d8c          	L42_LF2:
 1184  00001d8c  20010000	addi	r1,r0,#0
 1185  00001d90  08000004	j	L40_LF2
 1186  00001d94  54000000	nop; delay slot nop
 1187  00001d98          	L40_LF2:
 1188  00001d98  8fa20000	lw	r2,0(r29)
 1189  00001d9c  8fdffff8	lw	r31,-8(r30)
 1190  00001da0  001ee820	add	r29,r0,r30
 1191  00001da4  8fdefffc	lw	r30,-4(r30)
 1192  00001da8  4be00000	jr	r31
 1193  00001dac  54000000	nop
 1194  00001db0          	.endproc _dstrstr
 1195  00001db0          	.align 2
 1196  00001db0          	.proc _dmindex
 1197  00001db0          	.global _dmindex
 1198  00001db0          	_dmindex:
 1199                      ;  Function 'dmindex'; 8 bytes of locals, 1 regs to save.
 1200  00001db0  afbefffc	sw	-4(r29),r30; push fp
 1201  00001db4  001df020	add	r30,r0,r29; fp = sp
 1202  00001db8  afbffff8	sw	-8(r29),r31; push ret addr
 1203  00001dbc  2fbd0018	subui	r29,r29,#24; alloc local storage
 1204  00001dc0  afa20000	sw	0(r29),r2
 1205  00001dc4  54000000	nop
 1206  00001dc8          	L46_LF2:
 1207  00001dc8  8fc10000	lw	r1,(r30)
 1208  00001dcc  90220000	lbu	r2,(r1)
 1209  00001dd0  64410000	snei	r1,r2,#0
 1210  00001dd4  1420000c	bnez	r1,L48_LF2
 1211  00001dd8  54000000	nop; delay slot nop
 1212  00001ddc  08000070	j	L47_LF2
 1213  00001de0  54000000	nop; delay slot nop
 1214  00001de4          	L48_LF2:
 1215  00001de4  8fc10004	lw	r1,4(r30)
 1216  00001de8  afc1fff4	sw	-12(r30),r1
 1217  00001dec          	L49_LF2:
 1218  00001dec  8fc1fff4	lw	r1,-12(r30)
 1219  00001df0  90220000	lbu	r2,(r1)
 1220  00001df4  64410000	snei	r1,r2,#0
 1221  00001df8  1420000c	bnez	r1,L52_LF2
 1222  00001dfc  54000000	nop; delay slot nop
 1223  00001e00  08000044	j	L50_LF2
 1224  00001e04  54000000	nop; delay slot nop
 1225  00001e08          	L52_LF2:
 1226  00001e08  8fc10000	lw	r1,(r30)
 1227  00001e0c  8fc2fff4	lw	r2,-12(r30)
 1228  00001e10  90210000	lbu	r1,(r1)
 1229  00001e14  90420000	lbu	r2,(r2)
 1230  00001e18  00220828	seq	r1,r1,r2
 1231  00001e1c  10200010	beqz	r1,L51_LF2
 1232  00001e20  54000000	nop; delay slot nop
 1233  00001e24  8fc10000	lw	r1,(r30)
 1234  00001e28  08000030	j	L45_LF2
 1235  00001e2c  54000000	nop; delay slot nop
 1236  00001e30          	L53_LF2:
 1237  00001e30          	L51_LF2:
 1238  00001e30  8fc2fff4	lw	r2,-12(r30)
 1239  00001e34  20410001	addi	r1,r2,#1
 1240  00001e38  00011020	add	r2,r0,r1
 1241  00001e3c  afc2fff4	sw	-12(r30),r2
 1242  00001e40  0bffffa8	j	L49_LF2
 1243  00001e44  54000000	nop; delay slot nop
 1244  00001e48          	L50_LF2:
 1245  00001e48  0bffff7c	j	L46_LF2
 1246  00001e4c  54000000	nop; delay slot nop
 1247  00001e50          	L47_LF2:
 1248  00001e50  20010000	addi	r1,r0,#0
 1249  00001e54  08000004	j	L45_LF2
 1250  00001e58  54000000	nop; delay slot nop
 1251  00001e5c          	L45_LF2:
 1252  00001e5c  8fa20000	lw	r2,0(r29)
 1253  00001e60  8fdffff8	lw	r31,-8(r30)
 1254  00001e64  001ee820	add	r29,r0,r30
 1255  00001e68  8fdefffc	lw	r30,-4(r30)
 1256  00001e6c  4be00000	jr	r31
 1257  00001e70  54000000	nop
 1258  00001e74          	.endproc _dmindex
 1259  00001e74          	.align 2
 1260  00001e74          	.proc _dindex
 1261  00001e74          	.global _dindex
 1262  00001e74          	_dindex:
 1263                      ;  Function 'dindex'; 0 bytes of locals, 1 regs to save.
 1264  00001e74  afbefffc	sw	-4(r29),r30; push fp
 1265  00001e78  001df020	add	r30,r0,r29; fp = sp
 1266  00001e7c  afbffff8	sw	-8(r29),r31; push ret addr
 1267  00001e80  2fbd0010	subui	r29,r29,#16; alloc local storage
 1268  00001e84  afa20000	sw	0(r29),r2
 1269  00001e88  54000000	nop
 1270  00001e8c          	L55_LF2:
 1271  00001e8c  8fc10000	lw	r1,(r30)
 1272  00001e90  90220000	lbu	r2,(r1)
 1273  00001e94  64410000	snei	r1,r2,#0
 1274  00001e98  1420000c	bnez	r1,L57_LF2
 1275  00001e9c  54000000	nop; delay slot nop
 1276  00001ea0  08000040	j	L56_LF2
 1277  00001ea4  54000000	nop; delay slot nop
 1278  00001ea8          	L57_LF2:
 1279  00001ea8  8fc10000	lw	r1,(r30)
 1280  00001eac  90220000	lbu	r2,(r1)
 1281  00001eb0  8fc10004	lw	r1,4(r30)
 1282  00001eb4  00411028	seq	r2,r2,r1
 1283  00001eb8  10400010	beqz	r2,L58_LF2
 1284  00001ebc  54000000	nop; delay slot nop
 1285  00001ec0  8fc10000	lw	r1,(r30)
 1286  00001ec4  08000028	j	L54_LF2
 1287  00001ec8  54000000	nop; delay slot nop
 1288  00001ecc          	L58_LF2:
 1289  00001ecc  8fc20000	lw	r2,(r30)
 1290  00001ed0  20410001	addi	r1,r2,#1
 1291  00001ed4  00011020	add	r2,r0,r1
 1292  00001ed8  afc20000	sw	(r30),r2
 1293  00001edc  0bffffac	j	L55_LF2
 1294  00001ee0  54000000	nop; delay slot nop
 1295  00001ee4          	L56_LF2:
 1296  00001ee4  20010000	addi	r1,r0,#0
 1297  00001ee8  08000004	j	L54_LF2
 1298  00001eec  54000000	nop; delay slot nop
 1299  00001ef0          	L54_LF2:
 1300  00001ef0  8fa20000	lw	r2,0(r29)
 1301  00001ef4  8fdffff8	lw	r31,-8(r30)
 1302  00001ef8  001ee820	add	r29,r0,r30
 1303  00001efc  8fdefffc	lw	r30,-4(r30)
 1304  00001f00  4be00000	jr	r31
 1305  00001f04  54000000	nop
 1306  00001f08          	.endproc _dindex
 1307  00001f08          	.align 2
 1308  00001f08          	.proc _ditoa
 1309  00001f08          	.global _ditoa
 1310  00001f08          	_ditoa:
 1311                      ;  Function 'ditoa'; 8 bytes of locals, 2 regs to save.
 1312  00001f08  afbefffc	sw	-4(r29),r30; push fp
 1313  00001f0c  001df020	add	r30,r0,r29; fp = sp
 1314  00001f10  afbffff8	sw	-8(r29),r31; push ret addr
 1315  00001f14  2fbd0018	subui	r29,r29,#24; alloc local storage
 1316  00001f18  afa20000	sw	0(r29),r2
 1317  00001f1c  afa30004	sw	4(r29),r3
 1318  00001f20  8fc10000	lw	r1,(r30)
 1319  00001f24  68220000	slti	r2,r1,#0
 1320  00001f28  1040002c	beqz	r2,L60_LF2
 1321  00001f2c  54000000	nop; delay slot nop
 1322  00001f30  8fc10004	lw	r1,4(r30)
 1323  00001f34  20220001	addi	r2,r1,#1
 1324  00001f38  afc20004	sw	4(r30),r2
 1325  00001f3c  2002002d	addi	r2,r0,(#0x2d)&0xff
 1326  00001f40  a0220000	sb	(r1),r2
 1327  00001f44  8fc10000	lw	r1,(r30)
 1328  00001f48  00011022	sub	r2,r0,r1
 1329  00001f4c  afc20000	sw	(r30),r2
 1330  00001f50  08000118	j	L61_LF2
 1331  00001f54  54000000	nop; delay slot nop
 1332  00001f58          	L60_LF2:
 1333  00001f58  8fc10000	lw	r1,(r30)
 1334  00001f5c  64220000	snei	r2,r1,#0
 1335  00001f60  14400020	bnez	r2,L62_LF2
 1336  00001f64  54000000	nop; delay slot nop
 1337  00001f68  8fc10004	lw	r1,4(r30)
 1338  00001f6c  20220001	addi	r2,r1,#1
 1339  00001f70  afc20004	sw	4(r30),r2
 1340  00001f74  20020030	addi	r2,r0,(#0x30)&0xff
 1341  00001f78  a0220000	sb	(r1),r2
 1342  00001f7c  080000ec	j	L61_LF2
 1343  00001f80  54000000	nop; delay slot nop
 1344  00001f84          	L62_LF2:
 1345  00001f84  20010001	addi	r1,r0,#1
 1346  00001f88  afc1fff4	sw	-12(r30),r1
 1347  00001f8c          	L64_LF2:
 1348  00001f8c  8fc1fff4	lw	r1,-12(r30)
 1349  00001f90  8fc20000	lw	r2,(r30)
 1350  00001f94  0022082c	sle	r1,r1,r2
 1351  00001f98  1420000c	bnez	r1,L66_LF2
 1352  00001f9c  54000000	nop; delay slot nop
 1353  00001fa0  08000024	j	L65_LF2
 1354  00001fa4  54000000	nop; delay slot nop
 1355  00001fa8          	L67_LF2:
 1356  00001fa8          	L66_LF2:
 1357  00001fa8  8fc1fff4	lw	r1,-12(r30)
 1358  00001fac  00011820	add	r3,r0,r1
 1359  00001fb0  50620002	slli	r2,r3,#0x2
 1360  00001fb4  00411020	add	r2,r2,r1
 1361  00001fb8  50410001	slli	r1,r2,#0x1
 1362  00001fbc  afc1fff4	sw	-12(r30),r1
 1363  00001fc0  0bffffc8	j	L64_LF2
 1364  00001fc4  54000000	nop; delay slot nop
 1365  00001fc8          	L65_LF2:
 1366  00001fc8  54000000	nop
 1367  00001fcc          	L68_LF2:
 1368  00001fcc  8fc1fff4	lw	r1,-12(r30)
 1369  00001fd0  2002000a	addi	r2,r0,#10
 1370  00001fd4  00200035	movi2fp	f0,r1
 1371  00001fd8  00400835	movi2fp	f1,r2
 1372  00001fdc  0401000f	div	f0,f0,f1
 1373  00001fe0  00000834	movfp2i	r1,f0
 1374  00001fe4  afc1fff4	sw	-12(r30),r1
 1375  00001fe8  8fc10004	lw	r1,4(r30)
 1376  00001fec  20220001	addi	r2,r1,#1
 1377  00001ff0  afc20004	sw	4(r30),r2
 1378  00001ff4  8fc20000	lw	r2,(r30)
 1379  00001ff8  8fc3fff4	lw	r3,-12(r30)
 1380  00001ffc  00400035	movi2fp	f0,r2
 1381  00002000  00600835	movi2fp	f1,r3
 1382  00002004  0401000f	div	f0,f0,f1
 1383  00002008  00001034	movfp2i	r2,f0
 1384  0000200c  00021820	add	r3,r0,r2
 1385  00002010  20620030	addi	r2,r3,#48
 1386  00002014  a0220000	sb	(r1),r2
 1387  00002018  8fc10000	lw	r1,(r30)
 1388  0000201c  8fc3fff4	lw	r3,-12(r30)
 1389  00002020  00200035	movi2fp	f0,r1
 1390  00002024  00600835	movi2fp	f1,r3
 1391  00002028  0401000f	div	f0,f0,f1
 1392  0000202c  00001034	movfp2i	r2,f0
 1393  00002030  8fc3fff4	lw	r3,-12(r30)
 1394  00002034  00400035	movi2fp	f0,r2
 1395  00002038  00600835	movi2fp	f1,r3
 1396  0000203c  0401000e	mult	f0,f0,f1
 1397  00002040  00001034	movfp2i	r2,f0
 1398  00002044  00220822	sub	r1,r1,r2
 1399  00002048  afc10000	sw	(r30),r1
 1400  0000204c          	L70_LF2:
 1401  0000204c  8fc1fff4	lw	r1,-12(r30)
 1402  00002050  6c220001	sgti	r2,r1,#1
 1403  00002054  1440000c	bnez	r2,L71_LF2
 1404  00002058  54000000	nop; delay slot nop
 1405  0000205c  0800000c	j	L61_LF2
 1406  00002060  54000000	nop; delay slot nop
 1407  00002064          	L71_LF2:
 1408  00002064  0bffff64	j	L68_LF2
 1409  00002068  54000000	nop; delay slot nop
 1410  0000206c          	L69_LF2:
 1411  0000206c          	L63_LF2:
 1412  0000206c          	L61_LF2:
 1413  0000206c  8fc10004	lw	r1,4(r30)
 1414  00002070  20020000	addi	r2,r0,(#0x0)&0xff
 1415  00002074  a0220000	sb	(r1),r2
 1416  00002078          	L59_LF2:
 1417  00002078  8fa20000	lw	r2,0(r29)
 1418  0000207c  8fa30004	lw	r3,4(r29)
 1419  00002080  8fdffff8	lw	r31,-8(r30)
 1420  00002084  001ee820	add	r29,r0,r30
 1421  00002088  8fdefffc	lw	r30,-4(r30)
 1422  0000208c  4be00000	jr	r31
 1423  00002090  54000000	nop
 1424  00002094          	.endproc _ditoa
 1425  00002094          	.align 2
 1426  00002094          	.proc _dstrtol
 1427  00002094          	.global _dstrtol
 1428  00002094          	_dstrtol:
 1429                      ;  Function 'dstrtol'; 16 bytes of locals, 1 regs to save.
 1430  00002094  afbefffc	sw	-4(r29),r30; push fp
 1431  00002098  001df020	add	r30,r0,r29; fp = sp
 1432  0000209c  afbffff8	sw	-8(r29),r31; push ret addr
 1433  000020a0  2fbd0020	subui	r29,r29,#32; alloc local storage
 1434  000020a4  afa20000	sw	0(r29),r2
 1435  000020a8  20010000	addi	r1,r0,#0
 1436  000020ac  afc1fff4	sw	-12(r30),r1
 1437  000020b0          	L73_LF2:
 1438  000020b0  8fc10000	lw	r1,(r30)
 1439  000020b4  90220000	lbu	r2,(r1)
 1440  000020b8  60410020	seqi	r1,r2,#32
 1441  000020bc  14200034	bnez	r1,L75_LF2
 1442  000020c0  54000000	nop; delay slot nop
 1443  000020c4  8fc10000	lw	r1,(r30)
 1444  000020c8  90220000	lbu	r2,(r1)
 1445  000020cc  60410009	seqi	r1,r2,#9
 1446  000020d0  14200020	bnez	r1,L75_LF2
 1447  000020d4  54000000	nop; delay slot nop
 1448  000020d8  8fc10000	lw	r1,(r30)
 1449  000020dc  90220000	lbu	r2,(r1)
 1450  000020e0  6041000a	seqi	r1,r2,#10
 1451  000020e4  1420000c	bnez	r1,L75_LF2
 1452  000020e8  54000000	nop; delay slot nop
 1453  000020ec  0800001c	j	L74_LF2
 1454  000020f0  54000000	nop; delay slot nop
 1455  000020f4          	L75_LF2:
 1456  000020f4  8fc20000	lw	r2,(r30)
 1457  000020f8  20410001	addi	r1,r2,#1
 1458  000020fc  00011020	add	r2,r0,r1
 1459  00002100  afc20000	sw	(r30),r2
 1460  00002104  0bffffa8	j	L73_LF2
 1461  00002108  54000000	nop; delay slot nop
 1462  0000210c          	L74_LF2:
 1463  0000210c  8fc10004	lw	r1,4(r30)
 1464  00002110  64220000	snei	r2,r1,#0
 1465  00002114  10400010	beqz	r2,L76_LF2
 1466  00002118  54000000	nop; delay slot nop
 1467  0000211c  8fc10004	lw	r1,4(r30)
 1468  00002120  8fc20000	lw	r2,(r30)
 1469  00002124  ac220000	sw	(r1),r2
 1470  00002128          	L76_LF2:
 1471  00002128  8fc10000	lw	r1,(r30)
 1472  0000212c  90220000	lbu	r2,(r1)
 1473  00002130  64410000	snei	r1,r2,#0
 1474  00002134  14200010	bnez	r1,L77_LF2
 1475  00002138  54000000	nop; delay slot nop
 1476  0000213c  8fc1fff4	lw	r1,-12(r30)
 1477  00002140  08000294	j	L72_LF2
 1478  00002144  54000000	nop; delay slot nop
 1479  00002148          	L77_LF2:
 1480  00002148  8fc10000	lw	r1,(r30)
 1481  0000214c  90220000	lbu	r2,(r1)
 1482  00002150  6041002d	seqi	r1,r2,#45
 1483  00002154  10200024	beqz	r1,L78_LF2
 1484  00002158  54000000	nop; delay slot nop
 1485  0000215c  2001ffff	addi	r1,r0,#-1
 1486  00002160  afc1ffec	sw	-20(r30),r1
 1487  00002164  8fc20000	lw	r2,(r30)
 1488  00002168  20410001	addi	r1,r2,#1
 1489  0000216c  00011020	add	r2,r0,r1
 1490  00002170  afc20000	sw	(r30),r2
 1491  00002174  0800000c	j	L79_LF2
 1492  00002178  54000000	nop; delay slot nop
 1493  0000217c          	L78_LF2:
 1494  0000217c  20010001	addi	r1,r0,#1
 1495  00002180  afc1ffec	sw	-20(r30),r1
 1496  00002184          	L79_LF2:
 1497  00002184  8fc10008	lw	r1,8(r30)
 1498  00002188  64220000	snei	r2,r1,#0
 1499  0000218c  14400090	bnez	r2,L80_LF2
 1500  00002190  54000000	nop; delay slot nop
 1501  00002194  8fc10000	lw	r1,(r30)
 1502  00002198  90220000	lbu	r2,(r1)
 1503  0000219c  60410030	seqi	r1,r2,#48
 1504  000021a0  10200074	beqz	r1,L81_LF2
 1505  000021a4  54000000	nop; delay slot nop
 1506  000021a8  8fc20000	lw	r2,(r30)
 1507  000021ac  20410001	addi	r1,r2,#1
 1508  000021b0  00011020	add	r2,r0,r1
 1509  000021b4  afc20000	sw	(r30),r2
 1510  000021b8  8fc10000	lw	r1,(r30)
 1511  000021bc  90220000	lbu	r2,(r1)
 1512  000021c0  60410078	seqi	r1,r2,#120
 1513  000021c4  14200020	bnez	r1,L83_LF2
 1514  000021c8  54000000	nop; delay slot nop
 1515  000021cc  8fc10000	lw	r1,(r30)
 1516  000021d0  90220000	lbu	r2,(r1)
 1517  000021d4  60410058	seqi	r1,r2,#88
 1518  000021d8  1420000c	bnez	r1,L83_LF2
 1519  000021dc  54000000	nop; delay slot nop
 1520  000021e0  08000024	j	L82_LF2
 1521  000021e4  54000000	nop; delay slot nop
 1522  000021e8          	L83_LF2:
 1523  000021e8  20010010	addi	r1,r0,#16
 1524  000021ec  afc10008	sw	8(r30),r1
 1525  000021f0  8fc20000	lw	r2,(r30)
 1526  000021f4  20410001	addi	r1,r2,#1
 1527  000021f8  00011020	add	r2,r0,r1
 1528  000021fc  afc20000	sw	(r30),r2
 1529  00002200  0800000c	j	L84_LF2
 1530  00002204  54000000	nop; delay slot nop
 1531  00002208          	L82_LF2:
 1532  00002208  20010008	addi	r1,r0,#8
 1533  0000220c  afc10008	sw	8(r30),r1
 1534  00002210          	L84_LF2:
 1535  00002210  0800000c	j	L80_LF2
 1536  00002214  54000000	nop; delay slot nop
 1537  00002218          	L81_LF2:
 1538  00002218  2001000a	addi	r1,r0,#10
 1539  0000221c  afc10008	sw	8(r30),r1
 1540  00002220          	L85_LF2:
 1541  00002220          	L80_LF2:
 1542  00002220  8fc10008	lw	r1,8(r30)
 1543  00002224  70220000	slei	r2,r1,#0
 1544  00002228  1440001c	bnez	r2,L87_LF2
 1545  0000222c  54000000	nop; delay slot nop
 1546  00002230  8fc10008	lw	r1,8(r30)
 1547  00002234  6c220010	sgti	r2,r1,#16
 1548  00002238  1440000c	bnez	r2,L87_LF2
 1549  0000223c  54000000	nop; delay slot nop
 1550  00002240  08000010	j	L86_LF2
 1551  00002244  54000000	nop; delay slot nop
 1552  00002248          	L87_LF2:
 1553  00002248  8fc1fff4	lw	r1,-12(r30)
 1554  0000224c  08000188	j	L72_LF2
 1555  00002250  54000000	nop; delay slot nop
 1556  00002254          	L86_LF2:
 1557  00002254  54000000	nop
 1558  00002258          	L88_LF2:
 1559  00002258  8fc10000	lw	r1,(r30)
 1560  0000225c  90220000	lbu	r2,(r1)
 1561  00002260  6c41002f	sgtui	r1,r2,#47
 1562  00002264  10200030	beqz	r1,L91_LF2
 1563  00002268  54000000	nop; delay slot nop
 1564  0000226c  8fc10000	lw	r1,(r30)
 1565  00002270  90220000	lbu	r2,(r1)
 1566  00002274  70410039	sleui	r1,r2,#57
 1567  00002278  1020001c	beqz	r1,L91_LF2
 1568  0000227c  54000000	nop; delay slot nop
 1569  00002280  8fc10000	lw	r1,(r30)
 1570  00002284  90220000	lbu	r2,(r1)
 1571  00002288  2041ffd0	addi	r1,r2,#-48
 1572  0000228c  afc1fff0	sw	-16(r30),r1
 1573  00002290  0800008c	j	L92_LF2
 1574  00002294  54000000	nop; delay slot nop
 1575  00002298          	L91_LF2:
 1576  00002298  8fc10000	lw	r1,(r30)
 1577  0000229c  90220000	lbu	r2,(r1)
 1578  000022a0  6c410060	sgtui	r1,r2,#96
 1579  000022a4  10200030	beqz	r1,L93_LF2
 1580  000022a8  54000000	nop; delay slot nop
 1581  000022ac  8fc10000	lw	r1,(r30)
 1582  000022b0  90220000	lbu	r2,(r1)
 1583  000022b4  7041007a	sleui	r1,r2,#122
 1584  000022b8  1020001c	beqz	r1,L93_LF2
 1585  000022bc  54000000	nop; delay slot nop
 1586  000022c0  8fc10000	lw	r1,(r30)
 1587  000022c4  90220000	lbu	r2,(r1)
 1588  000022c8  2041ffa9	addi	r1,r2,#-87
 1589  000022cc  afc1fff0	sw	-16(r30),r1
 1590  000022d0  0800004c	j	L92_LF2
 1591  000022d4  54000000	nop; delay slot nop
 1592  000022d8          	L93_LF2:
 1593  000022d8  8fc10000	lw	r1,(r30)
 1594  000022dc  90220000	lbu	r2,(r1)
 1595  000022e0  6c410040	sgtui	r1,r2,#64
 1596  000022e4  10200030	beqz	r1,L95_LF2
 1597  000022e8  54000000	nop; delay slot nop
 1598  000022ec  8fc10000	lw	r1,(r30)
 1599  000022f0  90220000	lbu	r2,(r1)
 1600  000022f4  7041005a	sleui	r1,r2,#90
 1601  000022f8  1020001c	beqz	r1,L95_LF2
 1602  000022fc  54000000	nop; delay slot nop
 1603  00002300  8fc10000	lw	r1,(r30)
 1604  00002304  90220000	lbu	r2,(r1)
 1605  00002308  2041ffc9	addi	r1,r2,#-55
 1606  0000230c  afc1fff0	sw	-16(r30),r1
 1607  00002310  0800000c	j	L92_LF2
 1608  00002314  54000000	nop; delay slot nop
 1609  00002318          	L95_LF2:
 1610  00002318  200103e8	addi	r1,r0,#1000
 1611  0000231c  afc1fff0	sw	-16(r30),r1
 1612  00002320          	L96_LF2:
 1613  00002320          	L94_LF2:
 1614  00002320          	L92_LF2:
 1615  00002320  8fc1fff0	lw	r1,-16(r30)
 1616  00002324  8fc20008	lw	r2,8(r30)
 1617  00002328  0022082a	slt	r1,r1,r2
 1618  0000232c  10200040	beqz	r1,L90_LF2
 1619  00002330  54000000	nop; delay slot nop
 1620  00002334  8fc1fff4	lw	r1,-12(r30)
 1621  00002338  8fc20008	lw	r2,8(r30)
 1622  0000233c  00200035	movi2fp	f0,r1
 1623  00002340  00400835	movi2fp	f1,r2
 1624  00002344  0401000e	mult	f0,f0,f1
 1625  00002348  00000834	movfp2i	r1,f0
 1626  0000234c  afc1fff4	sw	-12(r30),r1
 1627  00002350  8fc1fff4	lw	r1,-12(r30)
 1628  00002354  8fc2fff0	lw	r2,-16(r30)
 1629  00002358  00220820	add	r1,r1,r2
 1630  0000235c  afc1fff4	sw	-12(r30),r1
 1631  00002360  8fc20000	lw	r2,(r30)
 1632  00002364  20410001	addi	r1,r2,#1
 1633  00002368  00011020	add	r2,r0,r1
 1634  0000236c  afc20000	sw	(r30),r2
 1635  00002370          	L97_LF2:
 1636  00002370          	L90_LF2:
 1637  00002370  8fc1fff0	lw	r1,-16(r30)
 1638  00002374  8fc20008	lw	r2,8(r30)
 1639  00002378  0022082a	slt	r1,r1,r2
 1640  0000237c  1420000c	bnez	r1,L98_LF2
 1641  00002380  54000000	nop; delay slot nop
 1642  00002384  0800000c	j	L89_LF2
 1643  00002388  54000000	nop; delay slot nop
 1644  0000238c          	L98_LF2:
 1645  0000238c  0bfffec8	j	L88_LF2
 1646  00002390  54000000	nop; delay slot nop
 1647  00002394          	L89_LF2:
 1648  00002394  8fc10004	lw	r1,4(r30)
 1649  00002398  64220000	snei	r2,r1,#0
 1650  0000239c  10400010	beqz	r2,L99_LF2
 1651  000023a0  54000000	nop; delay slot nop
 1652  000023a4  8fc10004	lw	r1,4(r30)
 1653  000023a8  8fc20000	lw	r2,(r30)
 1654  000023ac  ac220000	sw	(r1),r2
 1655  000023b0          	L99_LF2:
 1656  000023b0  8fc1fff4	lw	r1,-12(r30)
 1657  000023b4  8fc2ffec	lw	r2,-20(r30)
 1658  000023b8  00200035	movi2fp	f0,r1
 1659  000023bc  00400835	movi2fp	f1,r2
 1660  000023c0  0401000e	mult	f0,f0,f1
 1661  000023c4  00000834	movfp2i	r1,f0
 1662  000023c8  afc1fff4	sw	-12(r30),r1
 1663  000023cc  8fc1fff4	lw	r1,-12(r30)
 1664  000023d0  08000004	j	L72_LF2
 1665  000023d4  54000000	nop; delay slot nop
 1666  000023d8          	L72_LF2:
 1667  000023d8  8fa20000	lw	r2,0(r29)
 1668  000023dc  8fdffff8	lw	r31,-8(r30)
 1669  000023e0  001ee820	add	r29,r0,r30
 1670  000023e4  8fdefffc	lw	r30,-4(r30)
 1671  000023e8  4be00000	jr	r31
 1672  000023ec  54000000	nop
 1673  000023f0          	.endproc _dstrtol
 1674  000023f0          	.align 2
 1675  000023f0          	.proc _bcopy
 1676  000023f0          	.global _bcopy
 1677  000023f0          	_bcopy:
 1678                      ;  Function 'bcopy'; 0 bytes of locals, 2 regs to save.
 1679  000023f0  afbefffc	sw	-4(r29),r30; push fp
 1680  000023f4  001df020	add	r30,r0,r29; fp = sp
 1681  000023f8  afbffff8	sw	-8(r29),r31; push ret addr
 1682  000023fc  2fbd0010	subui	r29,r29,#16; alloc local storage
 1683  00002400  afa20000	sw	0(r29),r2
 1684  00002404  afa30004	sw	4(r29),r3
 1685  00002408  54000000	nop
 1686  0000240c          	L101_LF2:
 1687  0000240c  8fc10008	lw	r1,8(r30)
 1688  00002410  2022ffff	addi	r2,r1,#-1
 1689  00002414  afc20008	sw	8(r30),r2
 1690  00002418  6c210000	sgti	r1,r1,#0
 1691  0000241c  1420000c	bnez	r1,L103_LF2
 1692  00002420  54000000	nop; delay slot nop
 1693  00002424  0800002c	j	L102_LF2
 1694  00002428  54000000	nop; delay slot nop
 1695  0000242c          	L103_LF2:
 1696  0000242c  8fc10004	lw	r1,4(r30)
 1697  00002430  20220001	addi	r2,r1,#1
 1698  00002434  afc20004	sw	4(r30),r2
 1699  00002438  8fc20000	lw	r2,(r30)
 1700  0000243c  20430001	addi	r3,r2,#1
 1701  00002440  afc30000	sw	(r30),r3
 1702  00002444  80420000	lb	r2,(r2)
 1703  00002448  a0220000	sb	(r1),r2
 1704  0000244c  0bffffbc	j	L101_LF2
 1705  00002450  54000000	nop; delay slot nop
 1706  00002454          	L102_LF2:
 1707  00002454          	L100_LF2:
 1708  00002454  8fa20000	lw	r2,0(r29)
 1709  00002458  8fa30004	lw	r3,4(r29)
 1710  0000245c  8fdffff8	lw	r31,-8(r30)
 1711  00002460  001ee820	add	r29,r0,r30
 1712  00002464  8fdefffc	lw	r30,-4(r30)
 1713  00002468  4be00000	jr	r31
 1714  0000246c  54000000	nop
 1715  00002470          	.endproc _bcopy
 1716  00002470          	.align 2
 1717  00002470          	.proc _bzero
 1718  00002470          	.global _bzero
 1719  00002470          	_bzero:
 1720                      ;  Function 'bzero'; 0 bytes of locals, 1 regs to save.
 1721  00002470  afbefffc	sw	-4(r29),r30; push fp
 1722  00002474  001df020	add	r30,r0,r29; fp = sp
 1723  00002478  afbffff8	sw	-8(r29),r31; push ret addr
 1724  0000247c  2fbd0010	subui	r29,r29,#16; alloc local storage
 1725  00002480  afa20000	sw	0(r29),r2
 1726  00002484  54000000	nop
 1727  00002488          	L105_LF2:
 1728  00002488  8fc10004	lw	r1,4(r30)
 1729  0000248c  2022ffff	addi	r2,r1,#-1
 1730  00002490  afc20004	sw	4(r30),r2
 1731  00002494  6c210000	sgti	r1,r1,#0
 1732  00002498  1420000c	bnez	r1,L107_LF2
 1733  0000249c  54000000	nop; delay slot nop
 1734  000024a0  08000020	j	L106_LF2
 1735  000024a4  54000000	nop; delay slot nop
 1736  000024a8          	L107_LF2:
 1737  000024a8  8fc10000	lw	r1,(r30)
 1738  000024ac  20220001	addi	r2,r1,#1
 1739  000024b0  afc20000	sw	(r30),r2
 1740  000024b4  20020000	addi	r2,r0,(#0x0)&0xff
 1741  000024b8  a0220000	sb	(r1),r2
 1742  000024bc  0bffffc8	j	L105_LF2
 1743  000024c0  54000000	nop; delay slot nop
 1744  000024c4          	L106_LF2:
 1745  000024c4          	L104_LF2:
 1746  000024c4  8fa20000	lw	r2,0(r29)
 1747  000024c8  8fdffff8	lw	r31,-8(r30)
 1748  000024cc  001ee820	add	r29,r0,r30
 1749  000024d0  8fdefffc	lw	r30,-4(r30)
 1750  000024d4  4be00000	jr	r31
 1751  000024d8  54000000	nop
 1752  000024dc          	.endproc _bzero
 1753  000024dc          	.align 2
 1754  000024dc          	.proc _min
 1755  000024dc          	.global _min
 1756  000024dc          	_min:
 1757                      ;  Function 'min'; 0 bytes of locals, 2 regs to save.
 1758  000024dc  afbefffc	sw	-4(r29),r30; push fp
 1759  000024e0  001df020	add	r30,r0,r29; fp = sp
 1760  000024e4  afbffff8	sw	-8(r29),r31; push ret addr
 1761  000024e8  2fbd0010	subui	r29,r29,#16; alloc local storage
 1762  000024ec  afa20000	sw	0(r29),r2
 1763  000024f0  afa30004	sw	4(r29),r3
 1764  000024f4  8fc10000	lw	r1,(r30)
 1765  000024f8  8fc20004	lw	r2,4(r30)
 1766  000024fc  0022182c	sle	r3,r1,r2
 1767  00002500  14600008	bnez	r3,L109_LF2
 1768  00002504  54000000	nop; delay slot nop
 1769  00002508  8fc10004	lw	r1,4(r30)
 1770  0000250c          	L109_LF2:
 1771  0000250c  08000004	j	L108_LF2
 1772  00002510  54000000	nop; delay slot nop
 1773  00002514          	L108_LF2:
 1774  00002514  8fa20000	lw	r2,0(r29)
 1775  00002518  8fa30004	lw	r3,4(r29)
 1776  0000251c  8fdffff8	lw	r31,-8(r30)
 1777  00002520  001ee820	add	r29,r0,r30
 1778  00002524  8fdefffc	lw	r30,-4(r30)
 1779  00002528  4be00000	jr	r31
 1780  0000252c  54000000	nop
 1781  00002530          	.endproc _min
 1782                      ;;; Ethan L. Miller, 1999.  Released to the public domain
 1783                      ;;;
 1784                      ;;; Most of the traps are called in files from libtraps.
 1787  00002530          	.align 2
 1788  00002530          	.proc _exit
 1789  00002530          	.global _exit
 1790  00002530          	_exit:
 1791  00002530  44000300	trap	#0x300
 1792  00002534  4be00000	jr	r31
 1793  00002538  54000000	nop
 1794  0000253c          	.endproc _exit
 1796                      ; for the benefit of gcc.
 1797  0000253c          	.proc ___main
 1798  0000253c          	.global ___main
 1799  0000253c          	___main:
 1800  0000253c  4be00000	jr	r31
 1801  00002540  54000000	nop
 1802  00002544          	.endproc ___main
 1803  00002544          	.text
 1804  00002544          	.global _etext
 1805  00002544          	_etext:
 1806  00002544          	.align 3
 1807  00002548          	.data
 1808  00003148          	.global _edata
 1809  00003148          	_edata:
