 line   address	contents
    1                      ; Linked by DLX-LD.
    2                      ; MemSize 24576
    3                      ; Data size: 458
    4                      ; Text size: 5468
    5                      ; Stack size: 8192
    6  00000000          	.text 0x1000
    7  00001000          	.data 0x3000
    8                      ; Compiled by GCC
    9  00003000          	.text
   10  00001000          	.align 2
   11  00001000          	.proc _isspace
   12  00001000          	.global _isspace
   13  00001000          	_isspace:
   14                      ;  Function 'isspace'; 0 bytes of locals, 1 regs to save.
   15  00001000  afbefffc	sw	-4(r29),r30; push fp
   16  00001004  001df020	add	r30,r0,r29; fp = sp
   17  00001008  afbffff8	sw	-8(r29),r31; push ret addr
   18  0000100c  2fbd0010	subui	r29,r29,#16; alloc local storage
   19  00001010  afa20000	sw	0(r29),r2
   20  00001014  83c20003	lb	r2,3(r30)
   21  00001018  201f0000	addi	r31,r0,#0
   22  0000101c  304100ff	andi	r1,r2,#0x00ff
   23  00001020  60210020	seqi	r1,r1,#32
   24  00001024  14200018	bnez	r1,L6_LF0
   25  00001028  54000000	nop; not filled.
   26  0000102c  2041fff7	addi	r1,r2,#-9
   27  00001030  302100ff	andi	r1,r1,#0x00ff
   28  00001034  70210001	sleui	r1,r1,#1
   29  00001038  10200008	beqz	r1,L5_LF0
   30  0000103c  54000000	nop; not filled.
   31  00001040          	L6_LF0:
   32  00001040  201f0001	addi	r31,r0,#1
   33  00001044          	L5_LF0:
   34  00001044  001f0820	add	r1,r0,r31
   35  00001048  8fa20000	lw	r2,0(r29)
   36  0000104c  8fdffff8	lw	r31,-8(r30)
   37  00001050  001ee820	add	r29,r0,r30
   38  00001054  8fdefffc	lw	r30,-4(r30)
   39  00001058  4be00000	jr	r31
   40  0000105c  54000000	nop
   41  00001060          	.endproc _isspace
   42  00001060          	.align 2
   43  00001060          	.proc _isxdigit
   44  00001060          	.global _isxdigit
   45  00001060          	_isxdigit:
   46                      ;  Function 'isxdigit'; 0 bytes of locals, 1 regs to save.
   47  00001060  afbefffc	sw	-4(r29),r30; push fp
   48  00001064  001df020	add	r30,r0,r29; fp = sp
   49  00001068  afbffff8	sw	-8(r29),r31; push ret addr
   50  0000106c  2fbd0010	subui	r29,r29,#16; alloc local storage
   51  00001070  afa20000	sw	0(r29),r2
   52  00001074  83df0003	lb	r31,3(r30)
   53  00001078  20020000	addi	r2,r0,#0
   54  0000107c  23e1ffd0	addi	r1,r31,#-48
   55  00001080  302100ff	andi	r1,r1,#0x00ff
   56  00001084  70210009	sleui	r1,r1,#9
   57  00001088  14200028	bnez	r1,L12_LF0
   58  0000108c  54000000	nop; not filled.
   59  00001090  23e1ff9f	addi	r1,r31,#-97
   60  00001094  302100ff	andi	r1,r1,#0x00ff
   61  00001098  70210005	sleui	r1,r1,#5
   62  0000109c  14200014	bnez	r1,L12_LF0
   63  000010a0  54000000	nop; not filled.
   64  000010a4  33e100ff	andi	r1,r31,#0x00ff
   65  000010a8  64210041	snei	r1,r1,#65
   66  000010ac  14200008	bnez	r1,L11_LF0
   67  000010b0  54000000	nop; not filled.
   68  000010b4          	L12_LF0:
   69  000010b4  20020001	addi	r2,r0,#1
   70  000010b8          	L11_LF0:
   71  000010b8  00020820	add	r1,r0,r2
   72  000010bc  8fa20000	lw	r2,0(r29)
   73  000010c0  8fdffff8	lw	r31,-8(r30)
   74  000010c4  001ee820	add	r29,r0,r30
   75  000010c8  8fdefffc	lw	r30,-4(r30)
   76  000010cc  4be00000	jr	r31
   77  000010d0  54000000	nop
   78  000010d4          	.endproc _isxdigit
   79  000010d4          	.data
   80  00003000          	.align 2
   81  00003000          	LC0_LF0:
   82  00003000  55736167	.ascii "Usage: \000"
   82  00003004  653a2000	
   83  00003008          	.align 2
   84  00003008          	LC1_LF0:
   85  00003008  203c6e75	.ascii " <number of processes to create>\n\000"
   85  0000300c  6d626572	
   85  00003010  206f6620	
   85  00003014  70726f63	
   85  00003018  65737365	
   85  0000301c  7320746f	
   85  00003020  20637265	
   85  00003024  6174653e	
   85  00003028  0a00    	
   86  0000302a          	.align 2
   87  0000302c          	LC2_LF0:
   88  0000302c  43726561	.ascii "Creating %d producer processes and %d consumer processes\n\000"
   88  00003030  74696e67	
   88  00003034  20256420	
   88  00003038  70726f64	
   88  0000303c  75636572	
   88  00003040  2070726f	
   88  00003044  63657373	
   88  00003048  65732061	
   88  0000304c  6e642025	
   88  00003050  6420636f	
   88  00003054  6e73756d	
   88  00003058  65722070	
   88  0000305c  726f6365	
   88  00003060  73736573	
   88  00003064  0a00    	
   89  00003066          	.align 2
   90  00003068          	LC3_LF0:
   91  00003068  4552524f	.ascii "ERROR: could not allocate shared memory page in \000"
   91  0000306c  523a2063	
   91  00003070  6f756c64	
   91  00003074  206e6f74	
   91  00003078  20616c6c	
   91  0000307c  6f636174	
   91  00003080  65207368	
   91  00003084  61726564	
   91  00003088  206d656d	
   91  0000308c  6f727920	
   91  00003090  70616765	
   91  00003094  20696e20	
   91  00003098  00      	
   92  00003099          	.align 2
   93  0000309c          	LC4_LF0:
   94  0000309c  2c206578	.ascii ", exiting...\n\000"
   94  000030a0  6974696e	
   94  000030a4  672e2e2e	
   94  000030a8  0a00    	
   95  000030aa          	.align 2
   96  000030ac          	LC5_LF0:
   97  000030ac  436f756c	.ascii "Could not map the shared page to virtual address in \000"
   97  000030b0  64206e6f	
   97  000030b4  74206d61	
   97  000030b8  70207468	
   97  000030bc  65207368	
   97  000030c0  61726564	
   97  000030c4  20706167	
   97  000030c8  6520746f	
   97  000030cc  20766972	
   97  000030d0  7475616c	
   97  000030d4  20616464	
   97  000030d8  72657373	
   97  000030dc  20696e20	
   97  000030e0  00      	
   98  000030e1          	.align 2
   99  000030e4          	LC6_LF0:
  100  000030e4  2c206578	.ascii ", exiting..\n\000"
  100  000030e8  6974696e	
  100  000030ec  672e2e0a	
  100  000030f0  00      	
  101  000030f1          	.align 2
  102  000030f4          	LC7_LF0:
  103  000030f4  4661696c	.ascii "Fail to create a lock\000"
  103  000030f8  20746f20	
  103  000030fc  63726561	
  103  00003100  74652061	
  103  00003104  206c6f63	
  103  00003108  6b00    	
  104  0000310a          	.align 2
  105  0000310c          	LC8_LF0:
  106  0000310c  6c6f636b	.ascii "lock= %d\n\000"
  106  00003110  3d202564	
  106  00003114  0a00    	
  107  00003116          	.align 2
  108  00003118          	LC9_LF0:
  109  00003118  42616420	.ascii "Bad sem_create in \000"
  109  0000311c  73656d5f	
  109  00003120  63726561	
  109  00003124  74652069	
  109  00003128  6e2000  	
  110  0000312b          	.align 2
  111  0000312c          	LC10_LF0:
  112  0000312c  0a00    	.ascii "\n\000"
  113  0000312e          	.align 2
  114  00003130          	LC11_LF0:
  115  00003130  42616420	.ascii "Bad Condition variable in \000"
  115  00003134  436f6e64	
  115  00003138  6974696f	
  115  0000313c  6e207661	
  115  00003140  72696162	
  115  00003144  6c652069	
  115  00003148  6e2000  	
  116  0000314b          	.align 2
  117  0000314c          	LC12_LF0:
  118  0000314c  50726f64	.ascii "Producer_Consumer.dlx.obj\000"
  118  00003150  75636572	
  118  00003154  5f436f6e	
  118  00003158  73756d65	
  118  0000315c  722e646c	
  118  00003160  782e6f62	
  118  00003164  6a00    	
  119  00003166          	.align 2
  120  00003168          	LC13_LF0:
  121  00003168  42616420	.ascii "Bad semaphore s_procs_completed_pc (%d) in \000"
  121  0000316c  73656d61	
  121  00003170  70686f72	
  121  00003174  6520735f	
  121  00003178  70726f63	
  121  0000317c  735f636f	
  121  00003180  6d706c65	
  121  00003184  7465645f	
  121  00003188  70632028	
  121  0000318c  25642920	
  121  00003190  696e2000	
  122  00003194          	.align 2
  123  00003194          	LC14_LF0:
  124  00003194  416c6c20	.ascii "All other processes completed, exiting main process.\n\000"
  124  00003198  6f746865	
  124  0000319c  72207072	
  124  000031a0  6f636573	
  124  000031a4  73657320	
  124  000031a8  636f6d70	
  124  000031ac  6c657465	
  124  000031b0  642c2065	
  124  000031b4  78697469	
  124  000031b8  6e67206d	
  124  000031bc  61696e20	
  124  000031c0  70726f63	
  124  000031c4  6573732e	
  124  000031c8  0a00    	
  125  000031ca          	.text
  126  000010d4          	.align 2
  127  000010d4          	.proc _main
  128  000010d4          	.global _main
  129  000010d4          	_main:
  130                      ;  Function 'main'; 160 bytes of locals, 0 regs to save.
  131  000010d4  afbefffc	sw	-4(r29),r30; push fp
  132  000010d8  001df020	add	r30,r0,r29; fp = sp
  133  000010dc  afbffff8	sw	-8(r29),r31; push ret addr
  134  000010e0  2fbd00a8	subui	r29,r29,#168; alloc local storage
  135  000010e4  8fc20000	lw	r2,(r30)
  136  000010e8  8fd10004	lw	r17,4(r30)
  137  000010ec  0c001464	jal	___main
  138  000010f0  54000000	nop; not filled.
  139  000010f4  64410002	snei	r1,r2,#2
  140  000010f8  1020004c	beqz	r1,L14_LF0
  141  000010fc  54000000	nop; not filled.
  142  00001100  23bdfff8	addi	r29,r29,#-8
  143  00001104  3c120000	lhi	r18,((LC0_LF0)>>16)&0xffff
  144  00001108  26523000	addui	r18,r18,(LC0_LF0)&0xffff
  145  0000110c  afb20000	sw	(r29),r18
  146  00001110  0c000638	jal	_Printf
  147  00001114  54000000	nop; not filled.
  148  00001118  8e320000	lw	r18,(r17)
  149  0000111c  afb20000	sw	(r29),r18
  150  00001120  0c000628	jal	_Printf
  151  00001124  54000000	nop; not filled.
  152  00001128  3c120000	lhi	r18,((LC1_LF0)>>16)&0xffff
  153  0000112c  26523008	addui	r18,r18,(LC1_LF0)&0xffff
  154  00001130  afb20000	sw	(r29),r18
  155  00001134  0c000614	jal	_Printf
  156  00001138  54000000	nop; not filled.
  157  0000113c  0c0006c0	jal	_Exit
  158  00001140  54000000	nop; not filled.
  159  00001144  23bd0008	addi	r29,r29,#8
  160  00001148          	L14_LF0:
  161  00001148  23bdfff0	addi	r29,r29,#-16
  162  0000114c  8e320004	lw	r18,4(r17)
  163  00001150  afb20000	sw	(r29),r18
  164  00001154  20120000	addi	r18,r0,#0
  165  00001158  afb20004	sw	4(r29),r18
  166  0000115c  2012000a	addi	r18,r0,#10
  167  00001160  afb20008	sw	8(r29),r18
  168  00001164  0c000f44	jal	_dstrtol
  169  00001168  54000000	nop; not filled.
  170  0000116c  00018020	add	r16,r0,r1
  171  00001170  3c120000	lhi	r18,((LC2_LF0)>>16)&0xffff
  172  00001174  2652302c	addui	r18,r18,(LC2_LF0)&0xffff
  173  00001178  afb20000	sw	(r29),r18
  174  0000117c  afb00004	sw	4(r29),r16
  175  00001180  afb00008	sw	8(r29),r16
  176  00001184  0c0005c4	jal	_Printf
  177  00001188  54000000	nop; not filled.
  178  0000118c  0c0005e0	jal	_shmget
  179  00001190  54000000	nop; not filled.
  180  00001194  00013020	add	r6,r0,r1
  181  00001198  23bd0010	addi	r29,r29,#16
  182  0000119c  64c10000	snei	r1,r6,#0
  183  000011a0  1420004c	bnez	r1,L15_LF0
  184  000011a4  54000000	nop; not filled.
  185  000011a8  23bdfff8	addi	r29,r29,#-8
  186  000011ac  3c120000	lhi	r18,((LC3_LF0)>>16)&0xffff
  187  000011b0  26523068	addui	r18,r18,(LC3_LF0)&0xffff
  188  000011b4  afb20000	sw	(r29),r18
  189  000011b8  0c000590	jal	_Printf
  190  000011bc  54000000	nop; not filled.
  191  000011c0  8e320000	lw	r18,(r17)
  192  000011c4  afb20000	sw	(r29),r18
  193  000011c8  0c000580	jal	_Printf
  194  000011cc  54000000	nop; not filled.
  195  000011d0  3c120000	lhi	r18,((LC4_LF0)>>16)&0xffff
  196  000011d4  2652309c	addui	r18,r18,(LC4_LF0)&0xffff
  197  000011d8  afb20000	sw	(r29),r18
  198  000011dc  0c00056c	jal	_Printf
  199  000011e0  54000000	nop; not filled.
  200  000011e4  0c000618	jal	_Exit
  201  000011e8  54000000	nop; not filled.
  202  000011ec  23bd0008	addi	r29,r29,#8
  203  000011f0          	L15_LF0:
  204  000011f0  23bdfff8	addi	r29,r29,#-8
  205  000011f4  afa60000	sw	(r29),r6
  206  000011f8  0c000580	jal	_shmat
  207  000011fc  54000000	nop; not filled.
  208  00001200  00011020	add	r2,r0,r1
  209  00001204  23bd0008	addi	r29,r29,#8
  210  00001208  64410000	snei	r1,r2,#0
  211  0000120c  1420004c	bnez	r1,L16_LF0
  212  00001210  54000000	nop; not filled.
  213  00001214  23bdfff8	addi	r29,r29,#-8
  214  00001218  3c120000	lhi	r18,((LC5_LF0)>>16)&0xffff
  215  0000121c  265230ac	addui	r18,r18,(LC5_LF0)&0xffff
  216  00001220  afb20000	sw	(r29),r18
  217  00001224  0c000524	jal	_Printf
  218  00001228  54000000	nop; not filled.
  219  0000122c  8e320000	lw	r18,(r17)
  220  00001230  afb20000	sw	(r29),r18
  221  00001234  0c000514	jal	_Printf
  222  00001238  54000000	nop; not filled.
  223  0000123c  3c120000	lhi	r18,((LC6_LF0)>>16)&0xffff
  224  00001240  265230e4	addui	r18,r18,(LC6_LF0)&0xffff
  225  00001244  afb20000	sw	(r29),r18
  226  00001248  0c000500	jal	_Printf
  227  0000124c  54000000	nop; not filled.
  228  00001250  0c0005ac	jal	_Exit
  229  00001254  54000000	nop; not filled.
  230  00001258  23bd0008	addi	r29,r29,#8
  231  0000125c          	L16_LF0:
  232  0000125c  20120000	addi	r18,r0,#0
  233  00001260  ac52000c	sw	12(r2),r18
  234  00001264  ac520010	sw	16(r2),r18
  235  00001268  0c000540	jal	_lock_create
  236  0000126c  54000000	nop; not filled.
  237  00001270  00012820	add	r5,r0,r1
  238  00001274  60a1ffff	seqi	r1,r5,#-1
  239  00001278  1020002c	beqz	r1,L17_LF0
  240  0000127c  54000000	nop; not filled.
  241  00001280  23bdfff8	addi	r29,r29,#-8
  242  00001284  3c120000	lhi	r18,((LC7_LF0)>>16)&0xffff
  243  00001288  265230f4	addui	r18,r18,(LC7_LF0)&0xffff
  244  0000128c  afb20000	sw	(r29),r18
  245  00001290  0c0004b8	jal	_Printf
  246  00001294  54000000	nop; not filled.
  247  00001298  0c000564	jal	_Exit
  248  0000129c  54000000	nop; not filled.
  249  000012a0  08000020	j	L32_LF0
  250  000012a4  54000000	nop; not filled.
  251  000012a8          	L17_LF0:
  252  000012a8  23bdfff8	addi	r29,r29,#-8
  253  000012ac  3c120000	lhi	r18,((LC8_LF0)>>16)&0xffff
  254  000012b0  2652310c	addui	r18,r18,(LC8_LF0)&0xffff
  255  000012b4  afb20000	sw	(r29),r18
  256  000012b8  afa50004	sw	4(r29),r5
  257  000012bc  0c00048c	jal	_Printf
  258  000012c0  54000000	nop; not filled.
  259  000012c4          	L32_LF0:
  260  000012c4  23bd0008	addi	r29,r29,#8
  261  000012c8  0c0004e0	jal	_lock_create
  262  000012cc  54000000	nop; not filled.
  263  000012d0  00012020	add	r4,r0,r1
  264  000012d4  6081ffff	seqi	r1,r4,#-1
  265  000012d8  1020002c	beqz	r1,L19_LF0
  266  000012dc  54000000	nop; not filled.
  267  000012e0  23bdfff8	addi	r29,r29,#-8
  268  000012e4  3c120000	lhi	r18,((LC7_LF0)>>16)&0xffff
  269  000012e8  265230f4	addui	r18,r18,(LC7_LF0)&0xffff
  270  000012ec  afb20000	sw	(r29),r18
  271  000012f0  0c000458	jal	_Printf
  272  000012f4  54000000	nop; not filled.
  273  000012f8  0c000504	jal	_Exit
  274  000012fc  54000000	nop; not filled.
  275  00001300  08000020	j	L33_LF0
  276  00001304  54000000	nop; not filled.
  277  00001308          	L19_LF0:
  278  00001308  23bdfff8	addi	r29,r29,#-8
  279  0000130c  3c120000	lhi	r18,((LC8_LF0)>>16)&0xffff
  280  00001310  2652310c	addui	r18,r18,(LC8_LF0)&0xffff
  281  00001314  afb20000	sw	(r29),r18
  282  00001318  afa40004	sw	4(r29),r4
  283  0000131c  0c00042c	jal	_Printf
  284  00001320  54000000	nop; not filled.
  285  00001324          	L33_LF0:
  286  00001324  23bd0008	addi	r29,r29,#8
  287  00001328  0c000480	jal	_lock_create
  288  0000132c  54000000	nop; not filled.
  289  00001330  00011820	add	r3,r0,r1
  290  00001334  6061ffff	seqi	r1,r3,#-1
  291  00001338  1020002c	beqz	r1,L21_LF0
  292  0000133c  54000000	nop; not filled.
  293  00001340  23bdfff8	addi	r29,r29,#-8
  294  00001344  3c120000	lhi	r18,((LC7_LF0)>>16)&0xffff
  295  00001348  265230f4	addui	r18,r18,(LC7_LF0)&0xffff
  296  0000134c  afb20000	sw	(r29),r18
  297  00001350  0c0003f8	jal	_Printf
  298  00001354  54000000	nop; not filled.
  299  00001358  0c0004a4	jal	_Exit
  300  0000135c  54000000	nop; not filled.
  301  00001360  08000020	j	L34_LF0
  302  00001364  54000000	nop; not filled.
  303  00001368          	L21_LF0:
  304  00001368  23bdfff8	addi	r29,r29,#-8
  305  0000136c  3c120000	lhi	r18,((LC8_LF0)>>16)&0xffff
  306  00001370  2652310c	addui	r18,r18,(LC8_LF0)&0xffff
  307  00001374  afb20000	sw	(r29),r18
  308  00001378  afa30004	sw	4(r29),r3
  309  0000137c  0c0003cc	jal	_Printf
  310  00001380  54000000	nop; not filled.
  311  00001384          	L34_LF0:
  312  00001384  23bd0008	addi	r29,r29,#8
  313  00001388  23bdfff8	addi	r29,r29,#-8
  314  0000138c  52020001	slli	r2,r16,#0x1
  315  00001390  20010001	addi	r1,r0,#1
  316  00001394  00220822	sub	r1,r1,r2
  317  00001398  afa10000	sw	(r29),r1
  318  0000139c  0c0003e8	jal	_sem_create
  319  000013a0  54000000	nop; not filled.
  320  000013a4  00017820	add	r15,r0,r1
  321  000013a8  23bd0008	addi	r29,r29,#8
  322  000013ac  61e1ffff	seqi	r1,r15,#-1
  323  000013b0  1020004c	beqz	r1,L23_LF0
  324  000013b4  54000000	nop; not filled.
  325  000013b8  23bdfff8	addi	r29,r29,#-8
  326  000013bc  3c120000	lhi	r18,((LC9_LF0)>>16)&0xffff
  327  000013c0  26523118	addui	r18,r18,(LC9_LF0)&0xffff
  328  000013c4  afb20000	sw	(r29),r18
  329  000013c8  0c000380	jal	_Printf
  330  000013cc  54000000	nop; not filled.
  331  000013d0  8e320000	lw	r18,(r17)
  332  000013d4  afb20000	sw	(r29),r18
  333  000013d8  0c000370	jal	_Printf
  334  000013dc  54000000	nop; not filled.
  335  000013e0  3c120000	lhi	r18,((LC10_LF0)>>16)&0xffff
  336  000013e4  2652312c	addui	r18,r18,(LC10_LF0)&0xffff
  337  000013e8  afb20000	sw	(r29),r18
  338  000013ec  0c00035c	jal	_Printf
  339  000013f0  54000000	nop; not filled.
  340  000013f4  0c000408	jal	_Exit
  341  000013f8  54000000	nop; not filled.
  342  000013fc  23bd0008	addi	r29,r29,#8
  343  00001400          	L23_LF0:
  344  00001400  23bdfff8	addi	r29,r29,#-8
  345  00001404  afa40000	sw	(r29),r4
  346  00001408  0c0003c4	jal	_cond_create
  347  0000140c  54000000	nop; not filled.
  348  00001410  00015020	add	r10,r0,r1
  349  00001414  23bd0008	addi	r29,r29,#8
  350  00001418  6141ffff	seqi	r1,r10,#-1
  351  0000141c  1020004c	beqz	r1,L24_LF0
  352  00001420  54000000	nop; not filled.
  353  00001424  23bdfff8	addi	r29,r29,#-8
  354  00001428  3c120000	lhi	r18,((LC11_LF0)>>16)&0xffff
  355  0000142c  26523130	addui	r18,r18,(LC11_LF0)&0xffff
  356  00001430  afb20000	sw	(r29),r18
  357  00001434  0c000314	jal	_Printf
  358  00001438  54000000	nop; not filled.
  359  0000143c  8e320000	lw	r18,(r17)
  360  00001440  afb20000	sw	(r29),r18
  361  00001444  0c000304	jal	_Printf
  362  00001448  54000000	nop; not filled.
  363  0000144c  3c120000	lhi	r18,((LC10_LF0)>>16)&0xffff
  364  00001450  2652312c	addui	r18,r18,(LC10_LF0)&0xffff
  365  00001454  afb20000	sw	(r29),r18
  366  00001458  0c0002f0	jal	_Printf
  367  0000145c  54000000	nop; not filled.
  368  00001460  0c00039c	jal	_Exit
  369  00001464  54000000	nop; not filled.
  370  00001468  23bd0008	addi	r29,r29,#8
  371  0000146c          	L24_LF0:
  372  0000146c  23bdfff8	addi	r29,r29,#-8
  373  00001470  afa30000	sw	(r29),r3
  374  00001474  0c000358	jal	_cond_create
  375  00001478  54000000	nop; not filled.
  376  0000147c  00011020	add	r2,r0,r1
  377  00001480  23bd0008	addi	r29,r29,#8
  378  00001484  6041ffff	seqi	r1,r2,#-1
  379  00001488  1020004c	beqz	r1,L25_LF0
  380  0000148c  54000000	nop; not filled.
  381  00001490  23bdfff8	addi	r29,r29,#-8
  382  00001494  3c120000	lhi	r18,((LC11_LF0)>>16)&0xffff
  383  00001498  26523130	addui	r18,r18,(LC11_LF0)&0xffff
  384  0000149c  afb20000	sw	(r29),r18
  385  000014a0  0c0002a8	jal	_Printf
  386  000014a4  54000000	nop; not filled.
  387  000014a8  8e320000	lw	r18,(r17)
  388  000014ac  afb20000	sw	(r29),r18
  389  000014b0  0c000298	jal	_Printf
  390  000014b4  54000000	nop; not filled.
  391  000014b8  3c120000	lhi	r18,((LC10_LF0)>>16)&0xffff
  392  000014bc  2652312c	addui	r18,r18,(LC10_LF0)&0xffff
  393  000014c0  afb20000	sw	(r29),r18
  394  000014c4  0c000284	jal	_Printf
  395  000014c8  54000000	nop; not filled.
  396  000014cc  0c000330	jal	_Exit
  397  000014d0  54000000	nop; not filled.
  398  000014d4  23bd0008	addi	r29,r29,#8
  399  000014d8          	L25_LF0:
  400  000014d8  23bdfff8	addi	r29,r29,#-8
  401  000014dc  afa60000	sw	(r29),r6
  402  000014e0  23c9ffe8	addi	r9,r30,#-24
  403  000014e4  afa90004	sw	4(r29),r9
  404  000014e8  0c000a34	jal	_ditoa
  405  000014ec  54000000	nop; not filled.
  406  000014f0  afaf0000	sw	(r29),r15
  407  000014f4  23c8ffd8	addi	r8,r30,#-40
  408  000014f8  afa80004	sw	4(r29),r8
  409  000014fc  0c000a20	jal	_ditoa
  410  00001500  54000000	nop; not filled.
  411  00001504  afa40000	sw	(r29),r4
  412  00001508  23cdff98	addi	r13,r30,#-104
  413  0000150c  afad0004	sw	4(r29),r13
  414  00001510  0c000a0c	jal	_ditoa
  415  00001514  54000000	nop; not filled.
  416  00001518  afa30000	sw	(r29),r3
  417  0000151c  23ccff88	addi	r12,r30,#-120
  418  00001520  afac0004	sw	4(r29),r12
  419  00001524  0c0009f8	jal	_ditoa
  420  00001528  54000000	nop; not filled.
  421  0000152c  afa50000	sw	(r29),r5
  422  00001530  23c7ff78	addi	r7,r30,#-136
  423  00001534  afa70004	sw	4(r29),r7
  424  00001538  0c0009e4	jal	_ditoa
  425  0000153c  54000000	nop; not filled.
  426  00001540  20120001	addi	r18,r0,#1
  427  00001544  afb20000	sw	(r29),r18
  428  00001548  23c6ff68	addi	r6,r30,#-152
  429  0000154c  afa60004	sw	4(r29),r6
  430  00001550  0c0009cc	jal	_ditoa
  431  00001554  54000000	nop; not filled.
  432  00001558  20120000	addi	r18,r0,#0
  433  0000155c  afb20000	sw	(r29),r18
  434  00001560  23c1ff58	addi	r1,r30,#-168
  435  00001564  afa10004	sw	4(r29),r1
  436  00001568  0c0009b4	jal	_ditoa
  437  0000156c  54000000	nop; not filled.
  438  00001570  afaa0000	sw	(r29),r10
  439  00001574  23c5ffc8	addi	r5,r30,#-56
  440  00001578  afa50004	sw	4(r29),r5
  441  0000157c  0c0009a0	jal	_ditoa
  442  00001580  54000000	nop; not filled.
  443  00001584  afa20000	sw	(r29),r2
  444  00001588  23c4ffb8	addi	r4,r30,#-72
  445  0000158c  afa40004	sw	4(r29),r4
  446  00001590  0c00098c	jal	_ditoa
  447  00001594  54000000	nop; not filled.
  448  00001598  20020000	addi	r2,r0,#0
  449  0000159c  23bd0008	addi	r29,r29,#8
  450  000015a0  0050082a	slt	r1,r2,r16
  451  000015a4  102000cc	beqz	r1,L27_LF0
  452  000015a8  54000000	nop; not filled.
  453  000015ac  23c3ffa8	addi	r3,r30,#-88
  454  000015b0  3c0b0000	lhi	r11,((LC12_LF0)>>16)&0xffff
  455  000015b4  256b314c	addui	r11,r11,(LC12_LF0)&0xffff
  456  000015b8  00095020	add	r10,r0,r9
  457  000015bc  00084820	add	r9,r0,r8
  458  000015c0  00067020	add	r14,r0,r6
  459  000015c4  00074020	add	r8,r0,r7
  460  000015c8  000d3820	add	r7,r0,r13
  461  000015cc  000c3020	add	r6,r0,r12
  462  000015d0          	L29_LF0:
  463  000015d0  23bdfff8	addi	r29,r29,#-8
  464  000015d4  afa20000	sw	(r29),r2
  465  000015d8  afa30004	sw	4(r29),r3
  466  000015dc  0c000940	jal	_ditoa
  467  000015e0  54000000	nop; not filled.
  468  000015e4  23bdffd8	addi	r29,r29,#-40
  469  000015e8  afab0000	sw	(r29),r11
  470  000015ec  afaa0004	sw	4(r29),r10
  471  000015f0  afa90008	sw	8(r29),r9
  472  000015f4  afae000c	sw	12(r29),r14
  473  000015f8  afa30010	sw	16(r29),r3
  474  000015fc  afa80014	sw	20(r29),r8
  475  00001600  afa70018	sw	24(r29),r7
  476  00001604  afa6001c	sw	28(r29),r6
  477  00001608  afa50020	sw	32(r29),r5
  478  0000160c  afa40024	sw	36(r29),r4
  479  00001610  20120000	addi	r18,r0,#0
  480  00001614  afb20028	sw	40(r29),r18
  481  00001618  0c000148	jal	_process_create
  482  0000161c  54000000	nop; not filled.
  483  00001620  23bd0030	addi	r29,r29,#48
  484  00001624  23bdffd0	addi	r29,r29,#-48
  485  00001628  afab0000	sw	(r29),r11
  486  0000162c  afaa0004	sw	4(r29),r10
  487  00001630  afa90008	sw	8(r29),r9
  488  00001634  23c1ff58	addi	r1,r30,#-168
  489  00001638  afa1000c	sw	12(r29),r1
  490  0000163c  afa30010	sw	16(r29),r3
  491  00001640  afa80014	sw	20(r29),r8
  492  00001644  afa70018	sw	24(r29),r7
  493  00001648  afa6001c	sw	28(r29),r6
  494  0000164c  afa50020	sw	32(r29),r5
  495  00001650  afa40024	sw	36(r29),r4
  496  00001654  afb20028	sw	40(r29),r18
  497  00001658  0c000108	jal	_process_create
  498  0000165c  54000000	nop; not filled.
  499  00001660  23bd0030	addi	r29,r29,#48
  500  00001664  20420001	addi	r2,r2,#1
  501  00001668  0050082a	slt	r1,r2,r16
  502  0000166c  1420ff60	bnez	r1,L29_LF0
  503  00001670  54000000	nop; not filled.
  504  00001674          	L27_LF0:
  505  00001674  23bdfff8	addi	r29,r29,#-8
  506  00001678  afaf0000	sw	(r29),r15
  507  0000167c  0c000114	jal	_sem_wait
  508  00001680  54000000	nop; not filled.
  509  00001684  23bd0008	addi	r29,r29,#8
  510  00001688  64210001	snei	r1,r1,#1
  511  0000168c  10200050	beqz	r1,L31_LF0
  512  00001690  54000000	nop; not filled.
  513  00001694  23bdfff8	addi	r29,r29,#-8
  514  00001698  3c120000	lhi	r18,((LC13_LF0)>>16)&0xffff
  515  0000169c  26523168	addui	r18,r18,(LC13_LF0)&0xffff
  516  000016a0  afb20000	sw	(r29),r18
  517  000016a4  afaf0004	sw	4(r29),r15
  518  000016a8  0c0000a0	jal	_Printf
  519  000016ac  54000000	nop; not filled.
  520  000016b0  8e310000	lw	r17,(r17)
  521  000016b4  afb10000	sw	(r29),r17
  522  000016b8  0c000090	jal	_Printf
  523  000016bc  54000000	nop; not filled.
  524  000016c0  3c120000	lhi	r18,((LC10_LF0)>>16)&0xffff
  525  000016c4  2652312c	addui	r18,r18,(LC10_LF0)&0xffff
  526  000016c8  afb20000	sw	(r29),r18
  527  000016cc  0c00007c	jal	_Printf
  528  000016d0  54000000	nop; not filled.
  529  000016d4  0c000128	jal	_Exit
  530  000016d8  54000000	nop; not filled.
  531  000016dc  23bd0008	addi	r29,r29,#8
  532  000016e0          	L31_LF0:
  533  000016e0  23bdfff8	addi	r29,r29,#-8
  534  000016e4  3c120000	lhi	r18,((LC14_LF0)>>16)&0xffff
  535  000016e8  26523194	addui	r18,r18,(LC14_LF0)&0xffff
  536  000016ec  afb20000	sw	(r29),r18
  537  000016f0  0c000058	jal	_Printf
  538  000016f4  54000000	nop; not filled.
  539  000016f8  23bd0008	addi	r29,r29,#8
  540  000016fc  0c000e48	jal	_exit
  541  00001700  54000000	nop
  542  00001704          	.endproc _main
  543                      ;;;
  544                      ;;; Stub functions for DLX traps.
  545                      ;;;
  546                      ;;; Ethan L. Miller, 1999.  Released to the public domain.
  547                      ;;;
  548                      ;;; The traps such as Open and Close
  549                      ;;; (note the capital letters) are for use by user programs.  The traps
  550                      ;;; with names such as open and close (lower case) are for use by the OS.
  551                      ;;;
  554  00001704          	.align 2
  556                      ;;; The following are the traps to be used by user-level programs
  557                      ;;;
  559  00001704          	.align 2
  560  00001704          	.proc _Open
  561  00001704          	.global _Open
  562  00001704          	_Open:
  563                      ;;; Note that trap #0x213 actually causes a trap vector in the OS of
  564                      ;;; 0x1213.  The same is true for other user traps.  Thus, a user trap
  565                      ;;; with trap #0x240 will result in a trap vector of 0x1240 in the OS.
  566  00001704  44000213	trap	#0x213
  567  00001708  4be00000	jr	r31
  568  0000170c  54000000	nop
  569  00001710          	.endproc _Open
  571  00001710          	.proc _Close
  572  00001710          	.global _Close
  573  00001710          	_Close:
  574  00001710  44000214	trap	#0x214
  575  00001714  4be00000	jr	r31
  576  00001718  54000000	nop
  577  0000171c          	.endproc _Close
  579  0000171c          	.proc _Read
  580  0000171c          	.global _Read
  581  0000171c          	_Read:
  582  0000171c  44000210	trap	#0x210
  583  00001720  4be00000	jr	r31
  584  00001724  54000000	nop
  585  00001728          	.endproc _Read
  587  00001728          	.proc _Write
  588  00001728          	.global _Write
  589  00001728          	_Write:
  590  00001728  44000211	trap	#0x211
  591  0000172c  4be00000	jr	r31
  592  00001730  54000000	nop
  593  00001734          	.endproc _Write
  595  00001734          	.proc _Lseek
  596  00001734          	.global _Lseek
  597  00001734          	_Lseek:
  598  00001734  44000212	trap	#0x212
  599  00001738  4be00000	jr	r31
  600  0000173c  54000000	nop
  601  00001740          	.endproc _Lseek
  603  00001740          	.proc _Putchar
  604  00001740          	.global _Putchar
  605  00001740          	_Putchar:
  606  00001740  44000280	trap	#0x280
  607  00001744  4be00000	jr	r31
  608  00001748  54000000	nop
  609  0000174c          	.endproc _Putchar
  611  0000174c          	.proc _Printf
  612  0000174c          	.global _Printf
  613  0000174c          	_Printf:
  614  0000174c  44000201	trap	#0x201
  615  00001750  4be00000	jr	r31
  616  00001754  54000000	nop
  617  00001758          	.endproc _Printf
  619  00001758          	.proc _getpid
  620  00001758          	.global _getpid
  621  00001758          	_getpid:
  622  00001758  44000431	trap	#0x431
  623  0000175c  4be00000	jr	r31
  624  00001760  54000000	nop
  625  00001764          	.endproc _getpid
  627  00001764          	.proc _process_create
  628  00001764          	.global _process_create
  629  00001764          	_process_create:
  630  00001764  44000432	trap	#0x432
  631  00001768  4be00000	jr	r31
  632  0000176c  54000000	nop
  633  00001770          	.endproc _process_create
  635  00001770          	.proc _shmget
  636  00001770          	.global _shmget
  637  00001770          	_shmget:
  638  00001770  44000440	trap	#0x440
  639  00001774  4be00000	jr	r31
  640  00001778  54000000	nop
  641  0000177c          	.endproc _shmget
  643  0000177c          	.proc _shmat
  644  0000177c          	.global _shmat
  645  0000177c          	_shmat:
  646  0000177c  44000441	trap	#0x441
  647  00001780  4be00000	jr	r31
  648  00001784  54000000	nop
  649  00001788          	.endproc _shmat
  651  00001788          	.proc _sem_create
  652  00001788          	.global _sem_create
  653  00001788          	_sem_create:
  654  00001788  44000450	trap	#0x450
  655  0000178c  4be00000	jr	r31
  656  00001790  54000000	nop
  657  00001794          	.endproc _sem_create
  659  00001794          	.proc _sem_wait
  660  00001794          	.global _sem_wait
  661  00001794          	_sem_wait:
  662  00001794  44000451	trap	#0x451
  663  00001798  4be00000	jr	r31
  664  0000179c  54000000	nop
  665  000017a0          	.endproc _sem_wait
  667  000017a0          	.proc _sem_signal
  668  000017a0          	.global _sem_signal
  669  000017a0          	_sem_signal:
  670  000017a0  44000452	trap	#0x452
  671  000017a4  4be00000	jr	r31
  672  000017a8  54000000	nop
  673  000017ac          	.endproc _sem_signal
  675  000017ac          	.proc _lock_create
  676  000017ac          	.global _lock_create
  677  000017ac          	_lock_create:
  678  000017ac  44000453	trap	#0x453
  679  000017b0  4be00000	jr	r31
  680  000017b4  54000000	nop
  681  000017b8          	.endproc _lock_create
  683  000017b8          	.proc _lock_acquire
  684  000017b8          	.global _lock_acquire
  685  000017b8          	_lock_acquire:
  686  000017b8  44000454	trap	#0x454
  687  000017bc  4be00000	jr	r31
  688  000017c0  54000000	nop
  689  000017c4          	.endproc _lock_acquire
  691  000017c4          	.proc _lock_release
  692  000017c4          	.global _lock_release
  693  000017c4          	_lock_release:
  694  000017c4  44000455	trap	#0x455
  695  000017c8  4be00000	jr	r31
  696  000017cc  54000000	nop
  697  000017d0          	.endproc _lock_release
  699  000017d0          	.proc _cond_create
  700  000017d0          	.global _cond_create
  701  000017d0          	_cond_create:
  702  000017d0  44000456	trap	#0x456
  703  000017d4  4be00000	jr	r31
  704  000017d8  54000000	nop
  705  000017dc          	.endproc _cond_create
  707  000017dc          	.proc _cond_wait
  708  000017dc          	.global _cond_wait
  709  000017dc          	_cond_wait:
  710  000017dc  44000457	trap	#0x457
  711  000017e0  4be00000	jr	r31
  712  000017e4  54000000	nop
  713  000017e8          	.endproc _cond_wait
  715  000017e8          	.proc _cond_signal
  716  000017e8          	.global _cond_signal
  717  000017e8          	_cond_signal:
  718  000017e8  44000458	trap	#0x458
  719  000017ec  4be00000	jr	r31
  720  000017f0  54000000	nop
  721  000017f4          	.endproc _cond_signal
  723  000017f4          	.proc _cond_broadcast
  724  000017f4          	.global _cond_broadcast
  725  000017f4          	_cond_broadcast:
  726  000017f4  44000455	trap	#0x455
  727  000017f8  4be00000	jr	r31
  728  000017fc  54000000	nop
  729  00001800          	.endproc _cond_broadcast
  731  00001800          	.proc _Exit
  732  00001800          	.global _Exit
  733  00001800          	_Exit:
  734  00001800  44000500	trap	#0x500
  735  00001804  4be00000	jr	r31
  736  00001808  54000000	nop
  737  0000180c          	.endproc _Exit
  738                      ; Compiled by GCC
  740  0000180c          	.align 2
  741  0000180c          	.proc _isspace
  742  0000180c          	.global _isspace
  743  0000180c          	_isspace:
  744                      ;  Function 'isspace'; 0 bytes of locals, 3 regs to save.
  745  0000180c  afbefffc	sw	-4(r29),r30; push fp
  746  00001810  001df020	add	r30,r0,r29; fp = sp
  747  00001814  afbffff8	sw	-8(r29),r31; push ret addr
  748  00001818  2fbd0018	subui	r29,r29,#24; alloc local storage
  749  0000181c  afa20000	sw	0(r29),r2
  750  00001820  afa30004	sw	4(r29),r3
  751  00001824  afa40008	sw	8(r29),r4
  752  00001828  83c20003	lb	r2,3(r30)
  753  0000182c  20010000	addi	r1,r0,#0
  754  00001830  304300ff	andi	r3,r2,#0x00ff
  755  00001834  60640020	seqi	r4,r3,#32
  756  00001838  1480002c	bnez	r4,L3_LF2
  757  0000183c  54000000	nop; delay slot nop
  758  00001840  304300ff	andi	r3,r2,#0x00ff
  759  00001844  60640009	seqi	r4,r3,#9
  760  00001848  1480001c	bnez	r4,L3_LF2
  761  0000184c  54000000	nop; delay slot nop
  762  00001850  304300ff	andi	r3,r2,#0x00ff
  763  00001854  6064000a	seqi	r4,r3,#10
  764  00001858  1480000c	bnez	r4,L3_LF2
  765  0000185c  54000000	nop; delay slot nop
  766  00001860  08000008	j	L2_LF2
  767  00001864  54000000	nop; delay slot nop
  768  00001868          	L3_LF2:
  769  00001868  20010001	addi	r1,r0,#1
  770  0000186c          	L2_LF2:
  771  0000186c  08000004	j	L1_LF2
  772  00001870  54000000	nop; delay slot nop
  773  00001874          	L1_LF2:
  774  00001874  8fa20000	lw	r2,0(r29)
  775  00001878  8fa30004	lw	r3,4(r29)
  776  0000187c  8fa40008	lw	r4,8(r29)
  777  00001880  8fdffff8	lw	r31,-8(r30)
  778  00001884  001ee820	add	r29,r0,r30
  779  00001888  8fdefffc	lw	r30,-4(r30)
  780  0000188c  4be00000	jr	r31
  781  00001890  54000000	nop
  782  00001894          	.endproc _isspace
  783  00001894          	.align 2
  784  00001894          	.proc _isxdigit
  785  00001894          	.global _isxdigit
  786  00001894          	_isxdigit:
  787                      ;  Function 'isxdigit'; 0 bytes of locals, 3 regs to save.
  788  00001894  afbefffc	sw	-4(r29),r30; push fp
  789  00001898  001df020	add	r30,r0,r29; fp = sp
  790  0000189c  afbffff8	sw	-8(r29),r31; push ret addr
  791  000018a0  2fbd0018	subui	r29,r29,#24; alloc local storage
  792  000018a4  afa20000	sw	0(r29),r2
  793  000018a8  afa30004	sw	4(r29),r3
  794  000018ac  afa40008	sw	8(r29),r4
  795  000018b0  83c20003	lb	r2,3(r30)
  796  000018b4  20010000	addi	r1,r0,#0
  797  000018b8  304300ff	andi	r3,r2,#0x00ff
  798  000018bc  6c64002f	sgtui	r4,r3,#47
  799  000018c0  1080001c	beqz	r4,L7_LF2
  800  000018c4  54000000	nop; delay slot nop
  801  000018c8  304300ff	andi	r3,r2,#0x00ff
  802  000018cc  70640039	sleui	r4,r3,#57
  803  000018d0  1480005c	bnez	r4,L6_LF2
  804  000018d4  54000000	nop; delay slot nop
  805  000018d8  08000004	j	L7_LF2
  806  000018dc  54000000	nop; delay slot nop
  807  000018e0          	L7_LF2:
  808  000018e0  304300ff	andi	r3,r2,#0x00ff
  809  000018e4  6c640060	sgtui	r4,r3,#96
  810  000018e8  1080001c	beqz	r4,L8_LF2
  811  000018ec  54000000	nop; delay slot nop
  812  000018f0  304300ff	andi	r3,r2,#0x00ff
  813  000018f4  70640066	sleui	r4,r3,#102
  814  000018f8  14800034	bnez	r4,L6_LF2
  815  000018fc  54000000	nop; delay slot nop
  816  00001900  08000004	j	L8_LF2
  817  00001904  54000000	nop; delay slot nop
  818  00001908          	L8_LF2:
  819  00001908  304300ff	andi	r3,r2,#0x00ff
  820  0000190c  6c640040	sgtui	r4,r3,#64
  821  00001910  10800020	beqz	r4,L5_LF2
  822  00001914  54000000	nop; delay slot nop
  823  00001918  304300ff	andi	r3,r2,#0x00ff
  824  0000191c  70640041	sleui	r4,r3,#65
  825  00001920  1480000c	bnez	r4,L6_LF2
  826  00001924  54000000	nop; delay slot nop
  827  00001928  08000008	j	L5_LF2
  828  0000192c  54000000	nop; delay slot nop
  829  00001930          	L6_LF2:
  830  00001930  20010001	addi	r1,r0,#1
  831  00001934          	L5_LF2:
  832  00001934  08000004	j	L4_LF2
  833  00001938  54000000	nop; delay slot nop
  834  0000193c          	L4_LF2:
  835  0000193c  8fa20000	lw	r2,0(r29)
  836  00001940  8fa30004	lw	r3,4(r29)
  837  00001944  8fa40008	lw	r4,8(r29)
  838  00001948  8fdffff8	lw	r31,-8(r30)
  839  0000194c  001ee820	add	r29,r0,r30
  840  00001950  8fdefffc	lw	r30,-4(r30)
  841  00001954  4be00000	jr	r31
  842  00001958  54000000	nop
  843  0000195c          	.endproc _isxdigit
  844  0000195c          	.align 2
  845  0000195c          	.proc _dstrcpy
  846  0000195c          	.global _dstrcpy
  847  0000195c          	_dstrcpy:
  848                      ;  Function 'dstrcpy'; 8 bytes of locals, 2 regs to save.
  849  0000195c  afbefffc	sw	-4(r29),r30; push fp
  850  00001960  001df020	add	r30,r0,r29; fp = sp
  851  00001964  afbffff8	sw	-8(r29),r31; push ret addr
  852  00001968  2fbd0018	subui	r29,r29,#24; alloc local storage
  853  0000196c  afa20000	sw	0(r29),r2
  854  00001970  afa30004	sw	4(r29),r3
  855  00001974  8fc10000	lw	r1,(r30)
  856  00001978  afc1fff4	sw	-12(r30),r1
  857  0000197c          	L10_LF2:
  858  0000197c  8fc10000	lw	r1,(r30)
  859  00001980  20220001	addi	r2,r1,#1
  860  00001984  afc20000	sw	(r30),r2
  861  00001988  8fc20004	lw	r2,4(r30)
  862  0000198c  20430001	addi	r3,r2,#1
  863  00001990  afc30004	sw	4(r30),r3
  864  00001994  80420000	lb	r2,(r2)
  865  00001998  a0220000	sb	(r1),r2
  866  0000199c  a3c2fff3	sb	-13(r30),r2
  867  000019a0          	L12_LF2:
  868  000019a0  93c1fff3	lbu	r1,-13(r30)
  869  000019a4  64220000	snei	r2,r1,#0
  870  000019a8  1440000c	bnez	r2,L13_LF2
  871  000019ac  54000000	nop; delay slot nop
  872  000019b0  0800000c	j	L11_LF2
  873  000019b4  54000000	nop; delay slot nop
  874  000019b8          	L13_LF2:
  875  000019b8  0bffffc0	j	L10_LF2
  876  000019bc  54000000	nop; delay slot nop
  877  000019c0          	L11_LF2:
  878  000019c0  8fc1fff4	lw	r1,-12(r30)
  879  000019c4  08000004	j	L9_LF2
  880  000019c8  54000000	nop; delay slot nop
  881  000019cc          	L9_LF2:
  882  000019cc  8fa20000	lw	r2,0(r29)
  883  000019d0  8fa30004	lw	r3,4(r29)
  884  000019d4  8fdffff8	lw	r31,-8(r30)
  885  000019d8  001ee820	add	r29,r0,r30
  886  000019dc  8fdefffc	lw	r30,-4(r30)
  887  000019e0  4be00000	jr	r31
  888  000019e4  54000000	nop
  889  000019e8          	.endproc _dstrcpy
  890  000019e8          	.align 2
  891  000019e8          	.proc _dstrncpy
  892  000019e8          	.global _dstrncpy
  893  000019e8          	_dstrncpy:
  894                      ;  Function 'dstrncpy'; 8 bytes of locals, 2 regs to save.
  895  000019e8  afbefffc	sw	-4(r29),r30; push fp
  896  000019ec  001df020	add	r30,r0,r29; fp = sp
  897  000019f0  afbffff8	sw	-8(r29),r31; push ret addr
  898  000019f4  2fbd0018	subui	r29,r29,#24; alloc local storage
  899  000019f8  afa20000	sw	0(r29),r2
  900  000019fc  afa30004	sw	4(r29),r3
  901  00001a00  8fc10000	lw	r1,(r30)
  902  00001a04  afc1fff4	sw	-12(r30),r1
  903  00001a08          	L15_LF2:
  904  00001a08  8fc10008	lw	r1,8(r30)
  905  00001a0c  2022ffff	addi	r2,r1,#-1
  906  00001a10  afc20008	sw	8(r30),r2
  907  00001a14  70210000	slei	r1,r1,#0
  908  00001a18  1020000c	beqz	r1,L18_LF2
  909  00001a1c  54000000	nop; delay slot nop
  910  00001a20  08000048	j	L16_LF2
  911  00001a24  54000000	nop; delay slot nop
  912  00001a28          	L18_LF2:
  913  00001a28  8fc10000	lw	r1,(r30)
  914  00001a2c  20220001	addi	r2,r1,#1
  915  00001a30  afc20000	sw	(r30),r2
  916  00001a34  8fc20004	lw	r2,4(r30)
  917  00001a38  20430001	addi	r3,r2,#1
  918  00001a3c  afc30004	sw	4(r30),r3
  919  00001a40  80420000	lb	r2,(r2)
  920  00001a44  a0220000	sb	(r1),r2
  921  00001a48  a3c2fff3	sb	-13(r30),r2
  922  00001a4c          	L17_LF2:
  923  00001a4c  93c1fff3	lbu	r1,-13(r30)
  924  00001a50  64220000	snei	r2,r1,#0
  925  00001a54  1440000c	bnez	r2,L19_LF2
  926  00001a58  54000000	nop; delay slot nop
  927  00001a5c  0800000c	j	L16_LF2
  928  00001a60  54000000	nop; delay slot nop
  929  00001a64          	L19_LF2:
  930  00001a64  0bffffa0	j	L15_LF2
  931  00001a68  54000000	nop; delay slot nop
  932  00001a6c          	L16_LF2:
  933  00001a6c  8fc1fff4	lw	r1,-12(r30)
  934  00001a70  08000004	j	L14_LF2
  935  00001a74  54000000	nop; delay slot nop
  936  00001a78          	L14_LF2:
  937  00001a78  8fa20000	lw	r2,0(r29)
  938  00001a7c  8fa30004	lw	r3,4(r29)
  939  00001a80  8fdffff8	lw	r31,-8(r30)
  940  00001a84  001ee820	add	r29,r0,r30
  941  00001a88  8fdefffc	lw	r30,-4(r30)
  942  00001a8c  4be00000	jr	r31
  943  00001a90  54000000	nop
  944  00001a94          	.endproc _dstrncpy
  945  00001a94          	.align 2
  946  00001a94          	.proc _dstrcat
  947  00001a94          	.global _dstrcat
  948  00001a94          	_dstrcat:
  949                      ;  Function 'dstrcat'; 8 bytes of locals, 1 regs to save.
  950  00001a94  afbefffc	sw	-4(r29),r30; push fp
  951  00001a98  001df020	add	r30,r0,r29; fp = sp
  952  00001a9c  afbffff8	sw	-8(r29),r31; push ret addr
  953  00001aa0  2fbd0018	subui	r29,r29,#24; alloc local storage
  954  00001aa4  afa20000	sw	0(r29),r2
  955  00001aa8  8fc10000	lw	r1,(r30)
  956  00001aac  afc1fff4	sw	-12(r30),r1
  957  00001ab0          	L21_LF2:
  958  00001ab0  8fc10000	lw	r1,(r30)
  959  00001ab4  90220000	lbu	r2,(r1)
  960  00001ab8  64410000	snei	r1,r2,#0
  961  00001abc  1420000c	bnez	r1,L23_LF2
  962  00001ac0  54000000	nop; delay slot nop
  963  00001ac4  0800001c	j	L22_LF2
  964  00001ac8  54000000	nop; delay slot nop
  965  00001acc          	L23_LF2:
  966  00001acc  8fc20000	lw	r2,(r30)
  967  00001ad0  20410001	addi	r1,r2,#1
  968  00001ad4  00011020	add	r2,r0,r1
  969  00001ad8  afc20000	sw	(r30),r2
  970  00001adc  0bffffd0	j	L21_LF2
  971  00001ae0  54000000	nop; delay slot nop
  972  00001ae4          	L22_LF2:
  973  00001ae4  23bdfff8	addi	r29,r29,#-8
  974  00001ae8  001d0820	add	r1,r0,r29
  975  00001aec  8fc20000	lw	r2,(r30)
  976  00001af0  ac220000	sw	(r1),r2
  977  00001af4  8fc20004	lw	r2,4(r30)
  978  00001af8  ac220004	sw	4(r1),r2
  979  00001afc  0ffffe5c	jal	_dstrcpy
  980  00001b00  54000000	nop; delay slot nop
  981  00001b04  23bd0008	addi	r29,r29,#8
  982  00001b08  8fc1fff4	lw	r1,-12(r30)
  983  00001b0c  08000004	j	L20_LF2
  984  00001b10  54000000	nop; delay slot nop
  985  00001b14          	L20_LF2:
  986  00001b14  8fa20000	lw	r2,0(r29)
  987  00001b18  8fdffff8	lw	r31,-8(r30)
  988  00001b1c  001ee820	add	r29,r0,r30
  989  00001b20  8fdefffc	lw	r30,-4(r30)
  990  00001b24  4be00000	jr	r31
  991  00001b28  54000000	nop
  992  00001b2c          	.endproc _dstrcat
  993  00001b2c          	.align 2
  994  00001b2c          	.proc _dstrncmp
  995  00001b2c          	.global _dstrncmp
  996  00001b2c          	_dstrncmp:
  997                      ;  Function 'dstrncmp'; 8 bytes of locals, 2 regs to save.
  998  00001b2c  afbefffc	sw	-4(r29),r30; push fp
  999  00001b30  001df020	add	r30,r0,r29; fp = sp
 1000  00001b34  afbffff8	sw	-8(r29),r31; push ret addr
 1001  00001b38  2fbd0018	subui	r29,r29,#24; alloc local storage
 1002  00001b3c  afa20000	sw	0(r29),r2
 1003  00001b40  afa30004	sw	4(r29),r3
 1004  00001b44  54000000	nop
 1005  00001b48  20010000	addi	r1,r0,#0
 1006  00001b4c  afc1fff4	sw	-12(r30),r1
 1007  00001b50          	L25_LF2:
 1008  00001b50  8fc1fff4	lw	r1,-12(r30)
 1009  00001b54  8fc20008	lw	r2,8(r30)
 1010  00001b58  0022082a	slt	r1,r1,r2
 1011  00001b5c  1420000c	bnez	r1,L28_LF2
 1012  00001b60  54000000	nop; delay slot nop
 1013  00001b64  08000088	j	L26_LF2
 1014  00001b68  54000000	nop; delay slot nop
 1015  00001b6c          	L28_LF2:
 1016  00001b6c  8fc10004	lw	r1,4(r30)
 1017  00001b70  90220000	lbu	r2,(r1)
 1018  00001b74  64410000	snei	r1,r2,#0
 1019  00001b78  14200018	bnez	r1,L29_LF2
 1020  00001b7c  54000000	nop; delay slot nop
 1021  00001b80  20010000	addi	r1,r0,#0
 1022  00001b84  080000d8	j	L24_LF2
 1023  00001b88  54000000	nop; delay slot nop
 1024  00001b8c  08000028	j	L30_LF2
 1025  00001b90  54000000	nop; delay slot nop
 1026  00001b94          	L29_LF2:
 1027  00001b94  8fc10000	lw	r1,(r30)
 1028  00001b98  8fc20004	lw	r2,4(r30)
 1029  00001b9c  90210000	lbu	r1,(r1)
 1030  00001ba0  90420000	lbu	r2,(r2)
 1031  00001ba4  00220829	sne	r1,r1,r2
 1032  00001ba8  1020000c	beqz	r1,L30_LF2
 1033  00001bac  54000000	nop; delay slot nop
 1034  00001bb0  0800003c	j	L26_LF2
 1035  00001bb4  54000000	nop; delay slot nop
 1036  00001bb8          	L31_LF2:
 1037  00001bb8          	L30_LF2:
 1038  00001bb8  8fc20000	lw	r2,(r30)
 1039  00001bbc  20410001	addi	r1,r2,#1
 1040  00001bc0  00011020	add	r2,r0,r1
 1041  00001bc4  afc20000	sw	(r30),r2
 1042  00001bc8  8fc20004	lw	r2,4(r30)
 1043  00001bcc  20410001	addi	r1,r2,#1
 1044  00001bd0  00011020	add	r2,r0,r1
 1045  00001bd4  afc20004	sw	4(r30),r2
 1046  00001bd8          	L27_LF2:
 1047  00001bd8  8fc2fff4	lw	r2,-12(r30)
 1048  00001bdc  20410001	addi	r1,r2,#1
 1049  00001be0  00011020	add	r2,r0,r1
 1050  00001be4  afc2fff4	sw	-12(r30),r2
 1051  00001be8  0bffff64	j	L25_LF2
 1052  00001bec  54000000	nop; delay slot nop
 1053  00001bf0          	L26_LF2:
 1054  00001bf0  8fc1fff4	lw	r1,-12(r30)
 1055  00001bf4  8fc20008	lw	r2,8(r30)
 1056  00001bf8  00220828	seq	r1,r1,r2
 1057  00001bfc  10200018	beqz	r1,L32_LF2
 1058  00001c00  54000000	nop; delay slot nop
 1059  00001c04  20010000	addi	r1,r0,#0
 1060  00001c08  08000054	j	L24_LF2
 1061  00001c0c  54000000	nop; delay slot nop
 1062  00001c10  0800004c	j	L33_LF2
 1063  00001c14  54000000	nop; delay slot nop
 1064  00001c18          	L32_LF2:
 1065  00001c18  8fc20000	lw	r2,(r30)
 1066  00001c1c  90410000	lbu	r1,(r2)
 1067  00001c20  8fc20004	lw	r2,4(r30)
 1068  00001c24  90430000	lbu	r3,(r2)
 1069  00001c28  00230822	sub	r1,r1,r3
 1070  00001c2c  74220000	sgei	r2,r1,#0
 1071  00001c30  10400020	beqz	r2,L34_LF2
 1072  00001c34  54000000	nop; delay slot nop
 1073  00001c38  8fc10000	lw	r1,(r30)
 1074  00001c3c  8fc20004	lw	r2,4(r30)
 1075  00001c40  90210000	lbu	r1,(r1)
 1076  00001c44  90420000	lbu	r2,(r2)
 1077  00001c48  00220829	sne	r1,r1,r2
 1078  00001c4c  08000008	j	L35_LF2
 1079  00001c50  54000000	nop; delay slot nop
 1080  00001c54          	L34_LF2:
 1081  00001c54  2001ffff	addi	r1,r0,#-1
 1082  00001c58          	L35_LF2:
 1083  00001c58  08000004	j	L24_LF2
 1084  00001c5c  54000000	nop; delay slot nop
 1085  00001c60          	L33_LF2:
 1086  00001c60          	L24_LF2:
 1087  00001c60  8fa20000	lw	r2,0(r29)
 1088  00001c64  8fa30004	lw	r3,4(r29)
 1089  00001c68  8fdffff8	lw	r31,-8(r30)
 1090  00001c6c  001ee820	add	r29,r0,r30
 1091  00001c70  8fdefffc	lw	r30,-4(r30)
 1092  00001c74  4be00000	jr	r31
 1093  00001c78  54000000	nop
 1094  00001c7c          	.endproc _dstrncmp
 1095  00001c7c          	.align 2
 1096  00001c7c          	.proc _dstrlen
 1097  00001c7c          	.global _dstrlen
 1098  00001c7c          	_dstrlen:
 1099                      ;  Function 'dstrlen'; 8 bytes of locals, 1 regs to save.
 1100  00001c7c  afbefffc	sw	-4(r29),r30; push fp
 1101  00001c80  001df020	add	r30,r0,r29; fp = sp
 1102  00001c84  afbffff8	sw	-8(r29),r31; push ret addr
 1103  00001c88  2fbd0018	subui	r29,r29,#24; alloc local storage
 1104  00001c8c  afa20000	sw	0(r29),r2
 1105  00001c90  20010000	addi	r1,r0,#0
 1106  00001c94  afc1fff4	sw	-12(r30),r1
 1107  00001c98          	L37_LF2:
 1108  00001c98  8fc10000	lw	r1,(r30)
 1109  00001c9c  20220001	addi	r2,r1,#1
 1110  00001ca0  afc20000	sw	(r30),r2
 1111  00001ca4  90210000	lbu	r1,(r1)
 1112  00001ca8  64220000	snei	r2,r1,#0
 1113  00001cac  1440000c	bnez	r2,L39_LF2
 1114  00001cb0  54000000	nop; delay slot nop
 1115  00001cb4  0800001c	j	L38_LF2
 1116  00001cb8  54000000	nop; delay slot nop
 1117  00001cbc          	L39_LF2:
 1118  00001cbc  8fc2fff4	lw	r2,-12(r30)
 1119  00001cc0  20410001	addi	r1,r2,#1
 1120  00001cc4  00011020	add	r2,r0,r1
 1121  00001cc8  afc2fff4	sw	-12(r30),r2
 1122  00001ccc  0bffffc8	j	L37_LF2
 1123  00001cd0  54000000	nop; delay slot nop
 1124  00001cd4          	L38_LF2:
 1125  00001cd4  8fc1fff4	lw	r1,-12(r30)
 1126  00001cd8  08000004	j	L36_LF2
 1127  00001cdc  54000000	nop; delay slot nop
 1128  00001ce0          	L36_LF2:
 1129  00001ce0  8fa20000	lw	r2,0(r29)
 1130  00001ce4  8fdffff8	lw	r31,-8(r30)
 1131  00001ce8  001ee820	add	r29,r0,r30
 1132  00001cec  8fdefffc	lw	r30,-4(r30)
 1133  00001cf0  4be00000	jr	r31
 1134  00001cf4  54000000	nop
 1135  00001cf8          	.endproc _dstrlen
 1136  00001cf8          	.align 2
 1137  00001cf8          	.proc _dstrstr
 1138  00001cf8          	.global _dstrstr
 1139  00001cf8          	_dstrstr:
 1140                      ;  Function 'dstrstr'; 8 bytes of locals, 1 regs to save.
 1141  00001cf8  afbefffc	sw	-4(r29),r30; push fp
 1142  00001cfc  001df020	add	r30,r0,r29; fp = sp
 1143  00001d00  afbffff8	sw	-8(r29),r31; push ret addr
 1144  00001d04  2fbd0018	subui	r29,r29,#24; alloc local storage
 1145  00001d08  afa20000	sw	0(r29),r2
 1146  00001d0c  23bdfff8	addi	r29,r29,#-8
 1147  00001d10  001d0820	add	r1,r0,r29
 1148  00001d14  8fc20004	lw	r2,4(r30)
 1149  00001d18  ac220000	sw	(r1),r2
 1150  00001d1c  0fffff5c	jal	_dstrlen
 1151  00001d20  54000000	nop; delay slot nop
 1152  00001d24  23bd0008	addi	r29,r29,#8
 1153  00001d28  afc1fff4	sw	-12(r30),r1
 1154  00001d2c          	L41_LF2:
 1155  00001d2c  8fc10000	lw	r1,(r30)
 1156  00001d30  90220000	lbu	r2,(r1)
 1157  00001d34  64410000	snei	r1,r2,#0
 1158  00001d38  1420000c	bnez	r1,L43_LF2
 1159  00001d3c  54000000	nop; delay slot nop
 1160  00001d40  08000060	j	L42_LF2
 1161  00001d44  54000000	nop; delay slot nop
 1162  00001d48          	L43_LF2:
 1163  00001d48  23bdfff0	addi	r29,r29,#-16
 1164  00001d4c  001d0820	add	r1,r0,r29
 1165  00001d50  8fc20000	lw	r2,(r30)
 1166  00001d54  ac220000	sw	(r1),r2
 1167  00001d58  8fc20004	lw	r2,4(r30)
 1168  00001d5c  ac220004	sw	4(r1),r2
 1169  00001d60  8fc2fff4	lw	r2,-12(r30)
 1170  00001d64  ac220008	sw	8(r1),r2
 1171  00001d68  0ffffdc0	jal	_dstrncmp
 1172  00001d6c  54000000	nop; delay slot nop
 1173  00001d70  23bd0010	addi	r29,r29,#16
 1174  00001d74  64220000	snei	r2,r1,#0
 1175  00001d78  14400010	bnez	r2,L44_LF2
 1176  00001d7c  54000000	nop; delay slot nop
 1177  00001d80  8fc10000	lw	r1,(r30)
 1178  00001d84  08000028	j	L40_LF2
 1179  00001d88  54000000	nop; delay slot nop
 1180  00001d8c          	L44_LF2:
 1181  00001d8c  8fc20000	lw	r2,(r30)
 1182  00001d90  20410001	addi	r1,r2,#1
 1183  00001d94  00011020	add	r2,r0,r1
 1184  00001d98  afc20000	sw	(r30),r2
 1185  00001d9c  0bffff8c	j	L41_LF2
 1186  00001da0  54000000	nop; delay slot nop
 1187  00001da4          	L42_LF2:
 1188  00001da4  20010000	addi	r1,r0,#0
 1189  00001da8  08000004	j	L40_LF2
 1190  00001dac  54000000	nop; delay slot nop
 1191  00001db0          	L40_LF2:
 1192  00001db0  8fa20000	lw	r2,0(r29)
 1193  00001db4  8fdffff8	lw	r31,-8(r30)
 1194  00001db8  001ee820	add	r29,r0,r30
 1195  00001dbc  8fdefffc	lw	r30,-4(r30)
 1196  00001dc0  4be00000	jr	r31
 1197  00001dc4  54000000	nop
 1198  00001dc8          	.endproc _dstrstr
 1199  00001dc8          	.align 2
 1200  00001dc8          	.proc _dmindex
 1201  00001dc8          	.global _dmindex
 1202  00001dc8          	_dmindex:
 1203                      ;  Function 'dmindex'; 8 bytes of locals, 1 regs to save.
 1204  00001dc8  afbefffc	sw	-4(r29),r30; push fp
 1205  00001dcc  001df020	add	r30,r0,r29; fp = sp
 1206  00001dd0  afbffff8	sw	-8(r29),r31; push ret addr
 1207  00001dd4  2fbd0018	subui	r29,r29,#24; alloc local storage
 1208  00001dd8  afa20000	sw	0(r29),r2
 1209  00001ddc  54000000	nop
 1210  00001de0          	L46_LF2:
 1211  00001de0  8fc10000	lw	r1,(r30)
 1212  00001de4  90220000	lbu	r2,(r1)
 1213  00001de8  64410000	snei	r1,r2,#0
 1214  00001dec  1420000c	bnez	r1,L48_LF2
 1215  00001df0  54000000	nop; delay slot nop
 1216  00001df4  08000070	j	L47_LF2
 1217  00001df8  54000000	nop; delay slot nop
 1218  00001dfc          	L48_LF2:
 1219  00001dfc  8fc10004	lw	r1,4(r30)
 1220  00001e00  afc1fff4	sw	-12(r30),r1
 1221  00001e04          	L49_LF2:
 1222  00001e04  8fc1fff4	lw	r1,-12(r30)
 1223  00001e08  90220000	lbu	r2,(r1)
 1224  00001e0c  64410000	snei	r1,r2,#0
 1225  00001e10  1420000c	bnez	r1,L52_LF2
 1226  00001e14  54000000	nop; delay slot nop
 1227  00001e18  08000044	j	L50_LF2
 1228  00001e1c  54000000	nop; delay slot nop
 1229  00001e20          	L52_LF2:
 1230  00001e20  8fc10000	lw	r1,(r30)
 1231  00001e24  8fc2fff4	lw	r2,-12(r30)
 1232  00001e28  90210000	lbu	r1,(r1)
 1233  00001e2c  90420000	lbu	r2,(r2)
 1234  00001e30  00220828	seq	r1,r1,r2
 1235  00001e34  10200010	beqz	r1,L51_LF2
 1236  00001e38  54000000	nop; delay slot nop
 1237  00001e3c  8fc10000	lw	r1,(r30)
 1238  00001e40  08000030	j	L45_LF2
 1239  00001e44  54000000	nop; delay slot nop
 1240  00001e48          	L53_LF2:
 1241  00001e48          	L51_LF2:
 1242  00001e48  8fc2fff4	lw	r2,-12(r30)
 1243  00001e4c  20410001	addi	r1,r2,#1
 1244  00001e50  00011020	add	r2,r0,r1
 1245  00001e54  afc2fff4	sw	-12(r30),r2
 1246  00001e58  0bffffa8	j	L49_LF2
 1247  00001e5c  54000000	nop; delay slot nop
 1248  00001e60          	L50_LF2:
 1249  00001e60  0bffff7c	j	L46_LF2
 1250  00001e64  54000000	nop; delay slot nop
 1251  00001e68          	L47_LF2:
 1252  00001e68  20010000	addi	r1,r0,#0
 1253  00001e6c  08000004	j	L45_LF2
 1254  00001e70  54000000	nop; delay slot nop
 1255  00001e74          	L45_LF2:
 1256  00001e74  8fa20000	lw	r2,0(r29)
 1257  00001e78  8fdffff8	lw	r31,-8(r30)
 1258  00001e7c  001ee820	add	r29,r0,r30
 1259  00001e80  8fdefffc	lw	r30,-4(r30)
 1260  00001e84  4be00000	jr	r31
 1261  00001e88  54000000	nop
 1262  00001e8c          	.endproc _dmindex
 1263  00001e8c          	.align 2
 1264  00001e8c          	.proc _dindex
 1265  00001e8c          	.global _dindex
 1266  00001e8c          	_dindex:
 1267                      ;  Function 'dindex'; 0 bytes of locals, 1 regs to save.
 1268  00001e8c  afbefffc	sw	-4(r29),r30; push fp
 1269  00001e90  001df020	add	r30,r0,r29; fp = sp
 1270  00001e94  afbffff8	sw	-8(r29),r31; push ret addr
 1271  00001e98  2fbd0010	subui	r29,r29,#16; alloc local storage
 1272  00001e9c  afa20000	sw	0(r29),r2
 1273  00001ea0  54000000	nop
 1274  00001ea4          	L55_LF2:
 1275  00001ea4  8fc10000	lw	r1,(r30)
 1276  00001ea8  90220000	lbu	r2,(r1)
 1277  00001eac  64410000	snei	r1,r2,#0
 1278  00001eb0  1420000c	bnez	r1,L57_LF2
 1279  00001eb4  54000000	nop; delay slot nop
 1280  00001eb8  08000040	j	L56_LF2
 1281  00001ebc  54000000	nop; delay slot nop
 1282  00001ec0          	L57_LF2:
 1283  00001ec0  8fc10000	lw	r1,(r30)
 1284  00001ec4  90220000	lbu	r2,(r1)
 1285  00001ec8  8fc10004	lw	r1,4(r30)
 1286  00001ecc  00411028	seq	r2,r2,r1
 1287  00001ed0  10400010	beqz	r2,L58_LF2
 1288  00001ed4  54000000	nop; delay slot nop
 1289  00001ed8  8fc10000	lw	r1,(r30)
 1290  00001edc  08000028	j	L54_LF2
 1291  00001ee0  54000000	nop; delay slot nop
 1292  00001ee4          	L58_LF2:
 1293  00001ee4  8fc20000	lw	r2,(r30)
 1294  00001ee8  20410001	addi	r1,r2,#1
 1295  00001eec  00011020	add	r2,r0,r1
 1296  00001ef0  afc20000	sw	(r30),r2
 1297  00001ef4  0bffffac	j	L55_LF2
 1298  00001ef8  54000000	nop; delay slot nop
 1299  00001efc          	L56_LF2:
 1300  00001efc  20010000	addi	r1,r0,#0
 1301  00001f00  08000004	j	L54_LF2
 1302  00001f04  54000000	nop; delay slot nop
 1303  00001f08          	L54_LF2:
 1304  00001f08  8fa20000	lw	r2,0(r29)
 1305  00001f0c  8fdffff8	lw	r31,-8(r30)
 1306  00001f10  001ee820	add	r29,r0,r30
 1307  00001f14  8fdefffc	lw	r30,-4(r30)
 1308  00001f18  4be00000	jr	r31
 1309  00001f1c  54000000	nop
 1310  00001f20          	.endproc _dindex
 1311  00001f20          	.align 2
 1312  00001f20          	.proc _ditoa
 1313  00001f20          	.global _ditoa
 1314  00001f20          	_ditoa:
 1315                      ;  Function 'ditoa'; 8 bytes of locals, 2 regs to save.
 1316  00001f20  afbefffc	sw	-4(r29),r30; push fp
 1317  00001f24  001df020	add	r30,r0,r29; fp = sp
 1318  00001f28  afbffff8	sw	-8(r29),r31; push ret addr
 1319  00001f2c  2fbd0018	subui	r29,r29,#24; alloc local storage
 1320  00001f30  afa20000	sw	0(r29),r2
 1321  00001f34  afa30004	sw	4(r29),r3
 1322  00001f38  8fc10000	lw	r1,(r30)
 1323  00001f3c  68220000	slti	r2,r1,#0
 1324  00001f40  1040002c	beqz	r2,L60_LF2
 1325  00001f44  54000000	nop; delay slot nop
 1326  00001f48  8fc10004	lw	r1,4(r30)
 1327  00001f4c  20220001	addi	r2,r1,#1
 1328  00001f50  afc20004	sw	4(r30),r2
 1329  00001f54  2002002d	addi	r2,r0,(#0x2d)&0xff
 1330  00001f58  a0220000	sb	(r1),r2
 1331  00001f5c  8fc10000	lw	r1,(r30)
 1332  00001f60  00011022	sub	r2,r0,r1
 1333  00001f64  afc20000	sw	(r30),r2
 1334  00001f68  08000118	j	L61_LF2
 1335  00001f6c  54000000	nop; delay slot nop
 1336  00001f70          	L60_LF2:
 1337  00001f70  8fc10000	lw	r1,(r30)
 1338  00001f74  64220000	snei	r2,r1,#0
 1339  00001f78  14400020	bnez	r2,L62_LF2
 1340  00001f7c  54000000	nop; delay slot nop
 1341  00001f80  8fc10004	lw	r1,4(r30)
 1342  00001f84  20220001	addi	r2,r1,#1
 1343  00001f88  afc20004	sw	4(r30),r2
 1344  00001f8c  20020030	addi	r2,r0,(#0x30)&0xff
 1345  00001f90  a0220000	sb	(r1),r2
 1346  00001f94  080000ec	j	L61_LF2
 1347  00001f98  54000000	nop; delay slot nop
 1348  00001f9c          	L62_LF2:
 1349  00001f9c  20010001	addi	r1,r0,#1
 1350  00001fa0  afc1fff4	sw	-12(r30),r1
 1351  00001fa4          	L64_LF2:
 1352  00001fa4  8fc1fff4	lw	r1,-12(r30)
 1353  00001fa8  8fc20000	lw	r2,(r30)
 1354  00001fac  0022082c	sle	r1,r1,r2
 1355  00001fb0  1420000c	bnez	r1,L66_LF2
 1356  00001fb4  54000000	nop; delay slot nop
 1357  00001fb8  08000024	j	L65_LF2
 1358  00001fbc  54000000	nop; delay slot nop
 1359  00001fc0          	L67_LF2:
 1360  00001fc0          	L66_LF2:
 1361  00001fc0  8fc1fff4	lw	r1,-12(r30)
 1362  00001fc4  00011820	add	r3,r0,r1
 1363  00001fc8  50620002	slli	r2,r3,#0x2
 1364  00001fcc  00411020	add	r2,r2,r1
 1365  00001fd0  50410001	slli	r1,r2,#0x1
 1366  00001fd4  afc1fff4	sw	-12(r30),r1
 1367  00001fd8  0bffffc8	j	L64_LF2
 1368  00001fdc  54000000	nop; delay slot nop
 1369  00001fe0          	L65_LF2:
 1370  00001fe0  54000000	nop
 1371  00001fe4          	L68_LF2:
 1372  00001fe4  8fc1fff4	lw	r1,-12(r30)
 1373  00001fe8  2002000a	addi	r2,r0,#10
 1374  00001fec  00200035	movi2fp	f0,r1
 1375  00001ff0  00400835	movi2fp	f1,r2
 1376  00001ff4  0401000f	div	f0,f0,f1
 1377  00001ff8  00000834	movfp2i	r1,f0
 1378  00001ffc  afc1fff4	sw	-12(r30),r1
 1379  00002000  8fc10004	lw	r1,4(r30)
 1380  00002004  20220001	addi	r2,r1,#1
 1381  00002008  afc20004	sw	4(r30),r2
 1382  0000200c  8fc20000	lw	r2,(r30)
 1383  00002010  8fc3fff4	lw	r3,-12(r30)
 1384  00002014  00400035	movi2fp	f0,r2
 1385  00002018  00600835	movi2fp	f1,r3
 1386  0000201c  0401000f	div	f0,f0,f1
 1387  00002020  00001034	movfp2i	r2,f0
 1388  00002024  00021820	add	r3,r0,r2
 1389  00002028  20620030	addi	r2,r3,#48
 1390  0000202c  a0220000	sb	(r1),r2
 1391  00002030  8fc10000	lw	r1,(r30)
 1392  00002034  8fc3fff4	lw	r3,-12(r30)
 1393  00002038  00200035	movi2fp	f0,r1
 1394  0000203c  00600835	movi2fp	f1,r3
 1395  00002040  0401000f	div	f0,f0,f1
 1396  00002044  00001034	movfp2i	r2,f0
 1397  00002048  8fc3fff4	lw	r3,-12(r30)
 1398  0000204c  00400035	movi2fp	f0,r2
 1399  00002050  00600835	movi2fp	f1,r3
 1400  00002054  0401000e	mult	f0,f0,f1
 1401  00002058  00001034	movfp2i	r2,f0
 1402  0000205c  00220822	sub	r1,r1,r2
 1403  00002060  afc10000	sw	(r30),r1
 1404  00002064          	L70_LF2:
 1405  00002064  8fc1fff4	lw	r1,-12(r30)
 1406  00002068  6c220001	sgti	r2,r1,#1
 1407  0000206c  1440000c	bnez	r2,L71_LF2
 1408  00002070  54000000	nop; delay slot nop
 1409  00002074  0800000c	j	L61_LF2
 1410  00002078  54000000	nop; delay slot nop
 1411  0000207c          	L71_LF2:
 1412  0000207c  0bffff64	j	L68_LF2
 1413  00002080  54000000	nop; delay slot nop
 1414  00002084          	L69_LF2:
 1415  00002084          	L63_LF2:
 1416  00002084          	L61_LF2:
 1417  00002084  8fc10004	lw	r1,4(r30)
 1418  00002088  20020000	addi	r2,r0,(#0x0)&0xff
 1419  0000208c  a0220000	sb	(r1),r2
 1420  00002090          	L59_LF2:
 1421  00002090  8fa20000	lw	r2,0(r29)
 1422  00002094  8fa30004	lw	r3,4(r29)
 1423  00002098  8fdffff8	lw	r31,-8(r30)
 1424  0000209c  001ee820	add	r29,r0,r30
 1425  000020a0  8fdefffc	lw	r30,-4(r30)
 1426  000020a4  4be00000	jr	r31
 1427  000020a8  54000000	nop
 1428  000020ac          	.endproc _ditoa
 1429  000020ac          	.align 2
 1430  000020ac          	.proc _dstrtol
 1431  000020ac          	.global _dstrtol
 1432  000020ac          	_dstrtol:
 1433                      ;  Function 'dstrtol'; 16 bytes of locals, 1 regs to save.
 1434  000020ac  afbefffc	sw	-4(r29),r30; push fp
 1435  000020b0  001df020	add	r30,r0,r29; fp = sp
 1436  000020b4  afbffff8	sw	-8(r29),r31; push ret addr
 1437  000020b8  2fbd0020	subui	r29,r29,#32; alloc local storage
 1438  000020bc  afa20000	sw	0(r29),r2
 1439  000020c0  20010000	addi	r1,r0,#0
 1440  000020c4  afc1fff4	sw	-12(r30),r1
 1441  000020c8          	L73_LF2:
 1442  000020c8  8fc10000	lw	r1,(r30)
 1443  000020cc  90220000	lbu	r2,(r1)
 1444  000020d0  60410020	seqi	r1,r2,#32
 1445  000020d4  14200034	bnez	r1,L75_LF2
 1446  000020d8  54000000	nop; delay slot nop
 1447  000020dc  8fc10000	lw	r1,(r30)
 1448  000020e0  90220000	lbu	r2,(r1)
 1449  000020e4  60410009	seqi	r1,r2,#9
 1450  000020e8  14200020	bnez	r1,L75_LF2
 1451  000020ec  54000000	nop; delay slot nop
 1452  000020f0  8fc10000	lw	r1,(r30)
 1453  000020f4  90220000	lbu	r2,(r1)
 1454  000020f8  6041000a	seqi	r1,r2,#10
 1455  000020fc  1420000c	bnez	r1,L75_LF2
 1456  00002100  54000000	nop; delay slot nop
 1457  00002104  0800001c	j	L74_LF2
 1458  00002108  54000000	nop; delay slot nop
 1459  0000210c          	L75_LF2:
 1460  0000210c  8fc20000	lw	r2,(r30)
 1461  00002110  20410001	addi	r1,r2,#1
 1462  00002114  00011020	add	r2,r0,r1
 1463  00002118  afc20000	sw	(r30),r2
 1464  0000211c  0bffffa8	j	L73_LF2
 1465  00002120  54000000	nop; delay slot nop
 1466  00002124          	L74_LF2:
 1467  00002124  8fc10004	lw	r1,4(r30)
 1468  00002128  64220000	snei	r2,r1,#0
 1469  0000212c  10400010	beqz	r2,L76_LF2
 1470  00002130  54000000	nop; delay slot nop
 1471  00002134  8fc10004	lw	r1,4(r30)
 1472  00002138  8fc20000	lw	r2,(r30)
 1473  0000213c  ac220000	sw	(r1),r2
 1474  00002140          	L76_LF2:
 1475  00002140  8fc10000	lw	r1,(r30)
 1476  00002144  90220000	lbu	r2,(r1)
 1477  00002148  64410000	snei	r1,r2,#0
 1478  0000214c  14200010	bnez	r1,L77_LF2
 1479  00002150  54000000	nop; delay slot nop
 1480  00002154  8fc1fff4	lw	r1,-12(r30)
 1481  00002158  08000294	j	L72_LF2
 1482  0000215c  54000000	nop; delay slot nop
 1483  00002160          	L77_LF2:
 1484  00002160  8fc10000	lw	r1,(r30)
 1485  00002164  90220000	lbu	r2,(r1)
 1486  00002168  6041002d	seqi	r1,r2,#45
 1487  0000216c  10200024	beqz	r1,L78_LF2
 1488  00002170  54000000	nop; delay slot nop
 1489  00002174  2001ffff	addi	r1,r0,#-1
 1490  00002178  afc1ffec	sw	-20(r30),r1
 1491  0000217c  8fc20000	lw	r2,(r30)
 1492  00002180  20410001	addi	r1,r2,#1
 1493  00002184  00011020	add	r2,r0,r1
 1494  00002188  afc20000	sw	(r30),r2
 1495  0000218c  0800000c	j	L79_LF2
 1496  00002190  54000000	nop; delay slot nop
 1497  00002194          	L78_LF2:
 1498  00002194  20010001	addi	r1,r0,#1
 1499  00002198  afc1ffec	sw	-20(r30),r1
 1500  0000219c          	L79_LF2:
 1501  0000219c  8fc10008	lw	r1,8(r30)
 1502  000021a0  64220000	snei	r2,r1,#0
 1503  000021a4  14400090	bnez	r2,L80_LF2
 1504  000021a8  54000000	nop; delay slot nop
 1505  000021ac  8fc10000	lw	r1,(r30)
 1506  000021b0  90220000	lbu	r2,(r1)
 1507  000021b4  60410030	seqi	r1,r2,#48
 1508  000021b8  10200074	beqz	r1,L81_LF2
 1509  000021bc  54000000	nop; delay slot nop
 1510  000021c0  8fc20000	lw	r2,(r30)
 1511  000021c4  20410001	addi	r1,r2,#1
 1512  000021c8  00011020	add	r2,r0,r1
 1513  000021cc  afc20000	sw	(r30),r2
 1514  000021d0  8fc10000	lw	r1,(r30)
 1515  000021d4  90220000	lbu	r2,(r1)
 1516  000021d8  60410078	seqi	r1,r2,#120
 1517  000021dc  14200020	bnez	r1,L83_LF2
 1518  000021e0  54000000	nop; delay slot nop
 1519  000021e4  8fc10000	lw	r1,(r30)
 1520  000021e8  90220000	lbu	r2,(r1)
 1521  000021ec  60410058	seqi	r1,r2,#88
 1522  000021f0  1420000c	bnez	r1,L83_LF2
 1523  000021f4  54000000	nop; delay slot nop
 1524  000021f8  08000024	j	L82_LF2
 1525  000021fc  54000000	nop; delay slot nop
 1526  00002200          	L83_LF2:
 1527  00002200  20010010	addi	r1,r0,#16
 1528  00002204  afc10008	sw	8(r30),r1
 1529  00002208  8fc20000	lw	r2,(r30)
 1530  0000220c  20410001	addi	r1,r2,#1
 1531  00002210  00011020	add	r2,r0,r1
 1532  00002214  afc20000	sw	(r30),r2
 1533  00002218  0800000c	j	L84_LF2
 1534  0000221c  54000000	nop; delay slot nop
 1535  00002220          	L82_LF2:
 1536  00002220  20010008	addi	r1,r0,#8
 1537  00002224  afc10008	sw	8(r30),r1
 1538  00002228          	L84_LF2:
 1539  00002228  0800000c	j	L80_LF2
 1540  0000222c  54000000	nop; delay slot nop
 1541  00002230          	L81_LF2:
 1542  00002230  2001000a	addi	r1,r0,#10
 1543  00002234  afc10008	sw	8(r30),r1
 1544  00002238          	L85_LF2:
 1545  00002238          	L80_LF2:
 1546  00002238  8fc10008	lw	r1,8(r30)
 1547  0000223c  70220000	slei	r2,r1,#0
 1548  00002240  1440001c	bnez	r2,L87_LF2
 1549  00002244  54000000	nop; delay slot nop
 1550  00002248  8fc10008	lw	r1,8(r30)
 1551  0000224c  6c220010	sgti	r2,r1,#16
 1552  00002250  1440000c	bnez	r2,L87_LF2
 1553  00002254  54000000	nop; delay slot nop
 1554  00002258  08000010	j	L86_LF2
 1555  0000225c  54000000	nop; delay slot nop
 1556  00002260          	L87_LF2:
 1557  00002260  8fc1fff4	lw	r1,-12(r30)
 1558  00002264  08000188	j	L72_LF2
 1559  00002268  54000000	nop; delay slot nop
 1560  0000226c          	L86_LF2:
 1561  0000226c  54000000	nop
 1562  00002270          	L88_LF2:
 1563  00002270  8fc10000	lw	r1,(r30)
 1564  00002274  90220000	lbu	r2,(r1)
 1565  00002278  6c41002f	sgtui	r1,r2,#47
 1566  0000227c  10200030	beqz	r1,L91_LF2
 1567  00002280  54000000	nop; delay slot nop
 1568  00002284  8fc10000	lw	r1,(r30)
 1569  00002288  90220000	lbu	r2,(r1)
 1570  0000228c  70410039	sleui	r1,r2,#57
 1571  00002290  1020001c	beqz	r1,L91_LF2
 1572  00002294  54000000	nop; delay slot nop
 1573  00002298  8fc10000	lw	r1,(r30)
 1574  0000229c  90220000	lbu	r2,(r1)
 1575  000022a0  2041ffd0	addi	r1,r2,#-48
 1576  000022a4  afc1fff0	sw	-16(r30),r1
 1577  000022a8  0800008c	j	L92_LF2
 1578  000022ac  54000000	nop; delay slot nop
 1579  000022b0          	L91_LF2:
 1580  000022b0  8fc10000	lw	r1,(r30)
 1581  000022b4  90220000	lbu	r2,(r1)
 1582  000022b8  6c410060	sgtui	r1,r2,#96
 1583  000022bc  10200030	beqz	r1,L93_LF2
 1584  000022c0  54000000	nop; delay slot nop
 1585  000022c4  8fc10000	lw	r1,(r30)
 1586  000022c8  90220000	lbu	r2,(r1)
 1587  000022cc  7041007a	sleui	r1,r2,#122
 1588  000022d0  1020001c	beqz	r1,L93_LF2
 1589  000022d4  54000000	nop; delay slot nop
 1590  000022d8  8fc10000	lw	r1,(r30)
 1591  000022dc  90220000	lbu	r2,(r1)
 1592  000022e0  2041ffa9	addi	r1,r2,#-87
 1593  000022e4  afc1fff0	sw	-16(r30),r1
 1594  000022e8  0800004c	j	L92_LF2
 1595  000022ec  54000000	nop; delay slot nop
 1596  000022f0          	L93_LF2:
 1597  000022f0  8fc10000	lw	r1,(r30)
 1598  000022f4  90220000	lbu	r2,(r1)
 1599  000022f8  6c410040	sgtui	r1,r2,#64
 1600  000022fc  10200030	beqz	r1,L95_LF2
 1601  00002300  54000000	nop; delay slot nop
 1602  00002304  8fc10000	lw	r1,(r30)
 1603  00002308  90220000	lbu	r2,(r1)
 1604  0000230c  7041005a	sleui	r1,r2,#90
 1605  00002310  1020001c	beqz	r1,L95_LF2
 1606  00002314  54000000	nop; delay slot nop
 1607  00002318  8fc10000	lw	r1,(r30)
 1608  0000231c  90220000	lbu	r2,(r1)
 1609  00002320  2041ffc9	addi	r1,r2,#-55
 1610  00002324  afc1fff0	sw	-16(r30),r1
 1611  00002328  0800000c	j	L92_LF2
 1612  0000232c  54000000	nop; delay slot nop
 1613  00002330          	L95_LF2:
 1614  00002330  200103e8	addi	r1,r0,#1000
 1615  00002334  afc1fff0	sw	-16(r30),r1
 1616  00002338          	L96_LF2:
 1617  00002338          	L94_LF2:
 1618  00002338          	L92_LF2:
 1619  00002338  8fc1fff0	lw	r1,-16(r30)
 1620  0000233c  8fc20008	lw	r2,8(r30)
 1621  00002340  0022082a	slt	r1,r1,r2
 1622  00002344  10200040	beqz	r1,L90_LF2
 1623  00002348  54000000	nop; delay slot nop
 1624  0000234c  8fc1fff4	lw	r1,-12(r30)
 1625  00002350  8fc20008	lw	r2,8(r30)
 1626  00002354  00200035	movi2fp	f0,r1
 1627  00002358  00400835	movi2fp	f1,r2
 1628  0000235c  0401000e	mult	f0,f0,f1
 1629  00002360  00000834	movfp2i	r1,f0
 1630  00002364  afc1fff4	sw	-12(r30),r1
 1631  00002368  8fc1fff4	lw	r1,-12(r30)
 1632  0000236c  8fc2fff0	lw	r2,-16(r30)
 1633  00002370  00220820	add	r1,r1,r2
 1634  00002374  afc1fff4	sw	-12(r30),r1
 1635  00002378  8fc20000	lw	r2,(r30)
 1636  0000237c  20410001	addi	r1,r2,#1
 1637  00002380  00011020	add	r2,r0,r1
 1638  00002384  afc20000	sw	(r30),r2
 1639  00002388          	L97_LF2:
 1640  00002388          	L90_LF2:
 1641  00002388  8fc1fff0	lw	r1,-16(r30)
 1642  0000238c  8fc20008	lw	r2,8(r30)
 1643  00002390  0022082a	slt	r1,r1,r2
 1644  00002394  1420000c	bnez	r1,L98_LF2
 1645  00002398  54000000	nop; delay slot nop
 1646  0000239c  0800000c	j	L89_LF2
 1647  000023a0  54000000	nop; delay slot nop
 1648  000023a4          	L98_LF2:
 1649  000023a4  0bfffec8	j	L88_LF2
 1650  000023a8  54000000	nop; delay slot nop
 1651  000023ac          	L89_LF2:
 1652  000023ac  8fc10004	lw	r1,4(r30)
 1653  000023b0  64220000	snei	r2,r1,#0
 1654  000023b4  10400010	beqz	r2,L99_LF2
 1655  000023b8  54000000	nop; delay slot nop
 1656  000023bc  8fc10004	lw	r1,4(r30)
 1657  000023c0  8fc20000	lw	r2,(r30)
 1658  000023c4  ac220000	sw	(r1),r2
 1659  000023c8          	L99_LF2:
 1660  000023c8  8fc1fff4	lw	r1,-12(r30)
 1661  000023cc  8fc2ffec	lw	r2,-20(r30)
 1662  000023d0  00200035	movi2fp	f0,r1
 1663  000023d4  00400835	movi2fp	f1,r2
 1664  000023d8  0401000e	mult	f0,f0,f1
 1665  000023dc  00000834	movfp2i	r1,f0
 1666  000023e0  afc1fff4	sw	-12(r30),r1
 1667  000023e4  8fc1fff4	lw	r1,-12(r30)
 1668  000023e8  08000004	j	L72_LF2
 1669  000023ec  54000000	nop; delay slot nop
 1670  000023f0          	L72_LF2:
 1671  000023f0  8fa20000	lw	r2,0(r29)
 1672  000023f4  8fdffff8	lw	r31,-8(r30)
 1673  000023f8  001ee820	add	r29,r0,r30
 1674  000023fc  8fdefffc	lw	r30,-4(r30)
 1675  00002400  4be00000	jr	r31
 1676  00002404  54000000	nop
 1677  00002408          	.endproc _dstrtol
 1678  00002408          	.align 2
 1679  00002408          	.proc _bcopy
 1680  00002408          	.global _bcopy
 1681  00002408          	_bcopy:
 1682                      ;  Function 'bcopy'; 0 bytes of locals, 2 regs to save.
 1683  00002408  afbefffc	sw	-4(r29),r30; push fp
 1684  0000240c  001df020	add	r30,r0,r29; fp = sp
 1685  00002410  afbffff8	sw	-8(r29),r31; push ret addr
 1686  00002414  2fbd0010	subui	r29,r29,#16; alloc local storage
 1687  00002418  afa20000	sw	0(r29),r2
 1688  0000241c  afa30004	sw	4(r29),r3
 1689  00002420  54000000	nop
 1690  00002424          	L101_LF2:
 1691  00002424  8fc10008	lw	r1,8(r30)
 1692  00002428  2022ffff	addi	r2,r1,#-1
 1693  0000242c  afc20008	sw	8(r30),r2
 1694  00002430  6c210000	sgti	r1,r1,#0
 1695  00002434  1420000c	bnez	r1,L103_LF2
 1696  00002438  54000000	nop; delay slot nop
 1697  0000243c  0800002c	j	L102_LF2
 1698  00002440  54000000	nop; delay slot nop
 1699  00002444          	L103_LF2:
 1700  00002444  8fc10004	lw	r1,4(r30)
 1701  00002448  20220001	addi	r2,r1,#1
 1702  0000244c  afc20004	sw	4(r30),r2
 1703  00002450  8fc20000	lw	r2,(r30)
 1704  00002454  20430001	addi	r3,r2,#1
 1705  00002458  afc30000	sw	(r30),r3
 1706  0000245c  80420000	lb	r2,(r2)
 1707  00002460  a0220000	sb	(r1),r2
 1708  00002464  0bffffbc	j	L101_LF2
 1709  00002468  54000000	nop; delay slot nop
 1710  0000246c          	L102_LF2:
 1711  0000246c          	L100_LF2:
 1712  0000246c  8fa20000	lw	r2,0(r29)
 1713  00002470  8fa30004	lw	r3,4(r29)
 1714  00002474  8fdffff8	lw	r31,-8(r30)
 1715  00002478  001ee820	add	r29,r0,r30
 1716  0000247c  8fdefffc	lw	r30,-4(r30)
 1717  00002480  4be00000	jr	r31
 1718  00002484  54000000	nop
 1719  00002488          	.endproc _bcopy
 1720  00002488          	.align 2
 1721  00002488          	.proc _bzero
 1722  00002488          	.global _bzero
 1723  00002488          	_bzero:
 1724                      ;  Function 'bzero'; 0 bytes of locals, 1 regs to save.
 1725  00002488  afbefffc	sw	-4(r29),r30; push fp
 1726  0000248c  001df020	add	r30,r0,r29; fp = sp
 1727  00002490  afbffff8	sw	-8(r29),r31; push ret addr
 1728  00002494  2fbd0010	subui	r29,r29,#16; alloc local storage
 1729  00002498  afa20000	sw	0(r29),r2
 1730  0000249c  54000000	nop
 1731  000024a0          	L105_LF2:
 1732  000024a0  8fc10004	lw	r1,4(r30)
 1733  000024a4  2022ffff	addi	r2,r1,#-1
 1734  000024a8  afc20004	sw	4(r30),r2
 1735  000024ac  6c210000	sgti	r1,r1,#0
 1736  000024b0  1420000c	bnez	r1,L107_LF2
 1737  000024b4  54000000	nop; delay slot nop
 1738  000024b8  08000020	j	L106_LF2
 1739  000024bc  54000000	nop; delay slot nop
 1740  000024c0          	L107_LF2:
 1741  000024c0  8fc10000	lw	r1,(r30)
 1742  000024c4  20220001	addi	r2,r1,#1
 1743  000024c8  afc20000	sw	(r30),r2
 1744  000024cc  20020000	addi	r2,r0,(#0x0)&0xff
 1745  000024d0  a0220000	sb	(r1),r2
 1746  000024d4  0bffffc8	j	L105_LF2
 1747  000024d8  54000000	nop; delay slot nop
 1748  000024dc          	L106_LF2:
 1749  000024dc          	L104_LF2:
 1750  000024dc  8fa20000	lw	r2,0(r29)
 1751  000024e0  8fdffff8	lw	r31,-8(r30)
 1752  000024e4  001ee820	add	r29,r0,r30
 1753  000024e8  8fdefffc	lw	r30,-4(r30)
 1754  000024ec  4be00000	jr	r31
 1755  000024f0  54000000	nop
 1756  000024f4          	.endproc _bzero
 1757  000024f4          	.align 2
 1758  000024f4          	.proc _min
 1759  000024f4          	.global _min
 1760  000024f4          	_min:
 1761                      ;  Function 'min'; 0 bytes of locals, 2 regs to save.
 1762  000024f4  afbefffc	sw	-4(r29),r30; push fp
 1763  000024f8  001df020	add	r30,r0,r29; fp = sp
 1764  000024fc  afbffff8	sw	-8(r29),r31; push ret addr
 1765  00002500  2fbd0010	subui	r29,r29,#16; alloc local storage
 1766  00002504  afa20000	sw	0(r29),r2
 1767  00002508  afa30004	sw	4(r29),r3
 1768  0000250c  8fc10000	lw	r1,(r30)
 1769  00002510  8fc20004	lw	r2,4(r30)
 1770  00002514  0022182c	sle	r3,r1,r2
 1771  00002518  14600008	bnez	r3,L109_LF2
 1772  0000251c  54000000	nop; delay slot nop
 1773  00002520  8fc10004	lw	r1,4(r30)
 1774  00002524          	L109_LF2:
 1775  00002524  08000004	j	L108_LF2
 1776  00002528  54000000	nop; delay slot nop
 1777  0000252c          	L108_LF2:
 1778  0000252c  8fa20000	lw	r2,0(r29)
 1779  00002530  8fa30004	lw	r3,4(r29)
 1780  00002534  8fdffff8	lw	r31,-8(r30)
 1781  00002538  001ee820	add	r29,r0,r30
 1782  0000253c  8fdefffc	lw	r30,-4(r30)
 1783  00002540  4be00000	jr	r31
 1784  00002544  54000000	nop
 1785  00002548          	.endproc _min
 1786                      ;;; Ethan L. Miller, 1999.  Released to the public domain
 1787                      ;;;
 1788                      ;;; Most of the traps are called in files from libtraps.
 1791  00002548          	.align 2
 1792  00002548          	.proc _exit
 1793  00002548          	.global _exit
 1794  00002548          	_exit:
 1795  00002548  44000300	trap	#0x300
 1796  0000254c  4be00000	jr	r31
 1797  00002550  54000000	nop
 1798  00002554          	.endproc _exit
 1800                      ; for the benefit of gcc.
 1801  00002554          	.proc ___main
 1802  00002554          	.global ___main
 1803  00002554          	___main:
 1804  00002554  4be00000	jr	r31
 1805  00002558  54000000	nop
 1806  0000255c          	.endproc ___main
 1807  0000255c          	.text
 1808  0000255c          	.global _etext
 1809  0000255c          	_etext:
 1810  0000255c          	.align 3
 1811  00002560          	.data
 1812  000031ca          	.global _edata
 1813  000031ca          	_edata:
