 line   address	contents
    1                      ; Linked by DLX-LD.
    2                      ; MemSize 24576
    3                      ; Data size: 384
    4                      ; Text size: 5836
    5                      ; Stack size: 8192
    6  00000000          	.text 0x1000
    7  00001000          	.data 0x3000
    8                      ; Compiled by GCC
    9  00003000          	.text
   10  00001000          	.align 2
   11  00001000          	.proc _isspace
   12  00001000          	.global _isspace
   13  00001000          	_isspace:
   14                      ;  Function 'isspace'; 0 bytes of locals, 1 regs to save.
   15  00001000  afbefffc	sw	-4(r29),r30; push fp
   16  00001004  001df020	add	r30,r0,r29; fp = sp
   17  00001008  afbffff8	sw	-8(r29),r31; push ret addr
   18  0000100c  2fbd0010	subui	r29,r29,#16; alloc local storage
   19  00001010  afa20000	sw	0(r29),r2
   20  00001014  83c20003	lb	r2,3(r30)
   21  00001018  201f0000	addi	r31,r0,#0
   22  0000101c  304100ff	andi	r1,r2,#0x00ff
   23  00001020  60210020	seqi	r1,r1,#32
   24  00001024  14200018	bnez	r1,L6_LF0
   25  00001028  54000000	nop; not filled.
   26  0000102c  2041fff7	addi	r1,r2,#-9
   27  00001030  302100ff	andi	r1,r1,#0x00ff
   28  00001034  70210001	sleui	r1,r1,#1
   29  00001038  10200008	beqz	r1,L5_LF0
   30  0000103c  54000000	nop; not filled.
   31  00001040          	L6_LF0:
   32  00001040  201f0001	addi	r31,r0,#1
   33  00001044          	L5_LF0:
   34  00001044  001f0820	add	r1,r0,r31
   35  00001048  8fa20000	lw	r2,0(r29)
   36  0000104c  8fdffff8	lw	r31,-8(r30)
   37  00001050  001ee820	add	r29,r0,r30
   38  00001054  8fdefffc	lw	r30,-4(r30)
   39  00001058  4be00000	jr	r31
   40  0000105c  54000000	nop
   41  00001060          	.endproc _isspace
   42  00001060          	.align 2
   43  00001060          	.proc _isxdigit
   44  00001060          	.global _isxdigit
   45  00001060          	_isxdigit:
   46                      ;  Function 'isxdigit'; 0 bytes of locals, 1 regs to save.
   47  00001060  afbefffc	sw	-4(r29),r30; push fp
   48  00001064  001df020	add	r30,r0,r29; fp = sp
   49  00001068  afbffff8	sw	-8(r29),r31; push ret addr
   50  0000106c  2fbd0010	subui	r29,r29,#16; alloc local storage
   51  00001070  afa20000	sw	0(r29),r2
   52  00001074  83df0003	lb	r31,3(r30)
   53  00001078  20020000	addi	r2,r0,#0
   54  0000107c  23e1ffd0	addi	r1,r31,#-48
   55  00001080  302100ff	andi	r1,r1,#0x00ff
   56  00001084  70210009	sleui	r1,r1,#9
   57  00001088  14200028	bnez	r1,L12_LF0
   58  0000108c  54000000	nop; not filled.
   59  00001090  23e1ff9f	addi	r1,r31,#-97
   60  00001094  302100ff	andi	r1,r1,#0x00ff
   61  00001098  70210005	sleui	r1,r1,#5
   62  0000109c  14200014	bnez	r1,L12_LF0
   63  000010a0  54000000	nop; not filled.
   64  000010a4  33e100ff	andi	r1,r31,#0x00ff
   65  000010a8  64210041	snei	r1,r1,#65
   66  000010ac  14200008	bnez	r1,L11_LF0
   67  000010b0  54000000	nop; not filled.
   68  000010b4          	L12_LF0:
   69  000010b4  20020001	addi	r2,r0,#1
   70  000010b8          	L11_LF0:
   71  000010b8  00020820	add	r1,r0,r2
   72  000010bc  8fa20000	lw	r2,0(r29)
   73  000010c0  8fdffff8	lw	r31,-8(r30)
   74  000010c4  001ee820	add	r29,r0,r30
   75  000010c8  8fdefffc	lw	r30,-4(r30)
   76  000010cc  4be00000	jr	r31
   77  000010d0  54000000	nop
   78  000010d4          	.endproc _isxdigit
   79  000010d4          	.data
   80  00003000          	.align 2
   81  00003000          	LC0_LF0:
   82  00003000  55736167	.ascii "Usage: \000"
   82  00003004  653a2000	
   83  00003008          	.align 2
   84  00003008          	LC1_LF0:
   85  00003008  203c6861	.ascii " <handle_to_shared_memory_page> <handle_to_complete_semaphore> <proces"
   85  0000300c  6e646c65	
   85  00003010  5f746f5f	
   85  00003014  73686172	
   85  00003018  65645f6d	
   85  0000301c  656d6f72	
   85  00003020  795f7061	
   85  00003024  67653e20	
   85  00003028  3c68616e	
   85  0000302c  646c655f	
   85  00003030  746f5f63	
   85  00003034  6f6d706c	
   85  00003038  6574655f	
   85  0000303c  73656d61	
   85  00003040  70686f72	
   85  00003044  653e203c	
   85  00003048  70726f63	
   85  0000304c  6573    	
   86  0000304e  73207479	.ascii "s type> <process id> <lock> <lock_full> <lock_empty> <c_notfull> <c_no"
   86  00003052  70653e20	
   86  00003056  3c70726f	
   86  0000305a  63657373	
   86  0000305e  2069643e	
   86  00003062  203c6c6f	
   86  00003066  636b3e20	
   86  0000306a  3c6c6f63	
   86  0000306e  6b5f6675	
   86  00003072  6c6c3e20	
   86  00003076  3c6c6f63	
   86  0000307a  6b5f656d	
   86  0000307e  7074793e	
   86  00003082  203c635f	
   86  00003086  6e6f7466	
   86  0000308a  756c6c3e	
   86  0000308e  203c635f	
   86  00003092  6e6f    	
   87  00003094  74656d70	.ascii "tempty>\n\000"
   87  00003098  74793e0a	
   87  0000309c  00      	
   88  0000309d          	.align 2
   89  000030a0          	LC2_LF0:
   90  000030a0  436f756c	.ascii "Could not map the virtual address to the memory in \000"
   90  000030a4  64206e6f	
   90  000030a8  74206d61	
   90  000030ac  70207468	
   90  000030b0  65207669	
   90  000030b4  72747561	
   90  000030b8  6c206164	
   90  000030bc  64726573	
   90  000030c0  7320746f	
   90  000030c4  20746865	
   90  000030c8  206d656d	
   90  000030cc  6f727920	
   90  000030d0  696e2000	
   91  000030d4          	.align 2
   92  000030d4          	LC3_LF0:
   93  000030d4  2c206578	.ascii ", exiting...\n\000"
   93  000030d8  6974696e	
   93  000030dc  672e2e2e	
   93  000030e0  0a00    	
   94  000030e2          	.align 2
   95  000030e4          	LC4_LF0:
   96  000030e4  57726f6e	.ascii "Wrong process\n\000"
   96  000030e8  67207072	
   96  000030ec  6f636573	
   96  000030f0  730a00  	
   97  000030f3          	.align 2
   98  000030f4          	LC5_LF0:
   99  000030f4  50726f63	.ascii "Process_%d_type_%d is complete.\n\000"
   99  000030f8  6573735f	
   99  000030fc  25645f74	
   99  00003100  7970655f	
   99  00003104  25642069	
   99  00003108  7320636f	
   99  0000310c  6d706c65	
   99  00003110  74652e0a	
   99  00003114  00      	
  100  00003115          	.align 2
  101  00003118          	LC6_LF0:
  102  00003118  42616420	.ascii "Bad semaphore s_procs_completed (%d) in \000"
  102  0000311c  73656d61	
  102  00003120  70686f72	
  102  00003124  6520735f	
  102  00003128  70726f63	
  102  0000312c  735f636f	
  102  00003130  6d706c65	
  102  00003134  74656420	
  102  00003138  28256429	
  102  0000313c  20696e20	
  102  00003140  00      	
  103  00003141          	.text
  104  000010d4          	.align 2
  105  000010d4          	.proc _main
  106  000010d4          	.global _main
  107  000010d4          	_main:
  108                      ;  Function 'main'; 0 bytes of locals, 0 regs to save.
  109  000010d4  afbefffc	sw	-4(r29),r30; push fp
  110  000010d8  001df020	add	r30,r0,r29; fp = sp
  111  000010dc  afbffff8	sw	-8(r29),r31; push ret addr
  112  000010e0  2fbd0008	subui	r29,r29,#8; alloc local storage
  113  000010e4  8fc20000	lw	r2,(r30)
  114  000010e8  8fc30004	lw	r3,4(r30)
  115  000010ec  0c0015d4	jal	___main
  116  000010f0  54000000	nop; not filled.
  117  000010f4  6441000a	snei	r1,r2,#10
  118  000010f8  1020004c	beqz	r1,L14_LF0
  119  000010fc  54000000	nop; not filled.
  120  00001100  23bdfff8	addi	r29,r29,#-8
  121  00001104  3c0c0000	lhi	r12,((LC0_LF0)>>16)&0xffff
  122  00001108  258c3000	addui	r12,r12,(LC0_LF0)&0xffff
  123  0000110c  afac0000	sw	(r29),r12
  124  00001110  0c0007a8	jal	_Printf
  125  00001114  54000000	nop; not filled.
  126  00001118  8c6c0000	lw	r12,(r3)
  127  0000111c  afac0000	sw	(r29),r12
  128  00001120  0c000798	jal	_Printf
  129  00001124  54000000	nop; not filled.
  130  00001128  3c0c0000	lhi	r12,((LC1_LF0)>>16)&0xffff
  131  0000112c  258c3008	addui	r12,r12,(LC1_LF0)&0xffff
  132  00001130  afac0000	sw	(r29),r12
  133  00001134  0c000784	jal	_Printf
  134  00001138  54000000	nop; not filled.
  135  0000113c  0c000830	jal	_Exit
  136  00001140  54000000	nop; not filled.
  137  00001144  23bd0008	addi	r29,r29,#8
  138  00001148          	L14_LF0:
  139  00001148  23bdfff0	addi	r29,r29,#-16
  140  0000114c  8c6c0004	lw	r12,4(r3)
  141  00001150  afac0000	sw	(r29),r12
  142  00001154  200c0000	addi	r12,r0,#0
  143  00001158  afac0004	sw	4(r29),r12
  144  0000115c  200c000a	addi	r12,r0,#10
  145  00001160  afac0008	sw	8(r29),r12
  146  00001164  0c0010b4	jal	_dstrtol
  147  00001168  54000000	nop; not filled.
  148  0000116c  00011020	add	r2,r0,r1
  149  00001170  8c6c0008	lw	r12,8(r3)
  150  00001174  afac0000	sw	(r29),r12
  151  00001178  200c0000	addi	r12,r0,#0
  152  0000117c  afac0004	sw	4(r29),r12
  153  00001180  200c000a	addi	r12,r0,#10
  154  00001184  afac0008	sw	8(r29),r12
  155  00001188  0c001090	jal	_dstrtol
  156  0000118c  54000000	nop; not filled.
  157  00001190  00015820	add	r11,r0,r1
  158  00001194  8c6c000c	lw	r12,12(r3)
  159  00001198  afac0000	sw	(r29),r12
  160  0000119c  200c0000	addi	r12,r0,#0
  161  000011a0  afac0004	sw	4(r29),r12
  162  000011a4  200c000a	addi	r12,r0,#10
  163  000011a8  afac0008	sw	8(r29),r12
  164  000011ac  0c00106c	jal	_dstrtol
  165  000011b0  54000000	nop; not filled.
  166  000011b4  00012820	add	r5,r0,r1
  167  000011b8  8c6c0010	lw	r12,16(r3)
  168  000011bc  afac0000	sw	(r29),r12
  169  000011c0  200c0000	addi	r12,r0,#0
  170  000011c4  afac0004	sw	4(r29),r12
  171  000011c8  200c000a	addi	r12,r0,#10
  172  000011cc  afac0008	sw	8(r29),r12
  173  000011d0  0c001048	jal	_dstrtol
  174  000011d4  54000000	nop; not filled.
  175  000011d8  00012020	add	r4,r0,r1
  176  000011dc  8c6c0014	lw	r12,20(r3)
  177  000011e0  afac0000	sw	(r29),r12
  178  000011e4  200c0000	addi	r12,r0,#0
  179  000011e8  afac0004	sw	4(r29),r12
  180  000011ec  200c000a	addi	r12,r0,#10
  181  000011f0  afac0008	sw	8(r29),r12
  182  000011f4  0c001024	jal	_dstrtol
  183  000011f8  54000000	nop; not filled.
  184  000011fc  00015020	add	r10,r0,r1
  185  00001200  8c6c0018	lw	r12,24(r3)
  186  00001204  afac0000	sw	(r29),r12
  187  00001208  200c0000	addi	r12,r0,#0
  188  0000120c  afac0004	sw	4(r29),r12
  189  00001210  200c000a	addi	r12,r0,#10
  190  00001214  afac0008	sw	8(r29),r12
  191  00001218  0c001000	jal	_dstrtol
  192  0000121c  54000000	nop; not filled.
  193  00001220  00014820	add	r9,r0,r1
  194  00001224  8c6c001c	lw	r12,28(r3)
  195  00001228  afac0000	sw	(r29),r12
  196  0000122c  200c0000	addi	r12,r0,#0
  197  00001230  afac0004	sw	4(r29),r12
  198  00001234  200c000a	addi	r12,r0,#10
  199  00001238  afac0008	sw	8(r29),r12
  200  0000123c  0c000fdc	jal	_dstrtol
  201  00001240  54000000	nop; not filled.
  202  00001244  00014020	add	r8,r0,r1
  203  00001248  8c6c0020	lw	r12,32(r3)
  204  0000124c  afac0000	sw	(r29),r12
  205  00001250  200c0000	addi	r12,r0,#0
  206  00001254  afac0004	sw	4(r29),r12
  207  00001258  200c000a	addi	r12,r0,#10
  208  0000125c  afac0008	sw	8(r29),r12
  209  00001260  0c000fb8	jal	_dstrtol
  210  00001264  54000000	nop; not filled.
  211  00001268  00013820	add	r7,r0,r1
  212  0000126c  8c6c0024	lw	r12,36(r3)
  213  00001270  afac0000	sw	(r29),r12
  214  00001274  200c0000	addi	r12,r0,#0
  215  00001278  afac0004	sw	4(r29),r12
  216  0000127c  200c000a	addi	r12,r0,#10
  217  00001280  afac0008	sw	8(r29),r12
  218  00001284  0c000f94	jal	_dstrtol
  219  00001288  54000000	nop; not filled.
  220  0000128c  00013020	add	r6,r0,r1
  221  00001290  afa20000	sw	(r29),r2
  222  00001294  0c000654	jal	_shmat
  223  00001298  54000000	nop; not filled.
  224  0000129c  00011020	add	r2,r0,r1
  225  000012a0  23bd0010	addi	r29,r29,#16
  226  000012a4  64410000	snei	r1,r2,#0
  227  000012a8  1420004c	bnez	r1,L15_LF0
  228  000012ac  54000000	nop; not filled.
  229  000012b0  23bdfff8	addi	r29,r29,#-8
  230  000012b4  3c0c0000	lhi	r12,((LC2_LF0)>>16)&0xffff
  231  000012b8  258c30a0	addui	r12,r12,(LC2_LF0)&0xffff
  232  000012bc  afac0000	sw	(r29),r12
  233  000012c0  0c0005f8	jal	_Printf
  234  000012c4  54000000	nop; not filled.
  235  000012c8  8c6c0000	lw	r12,(r3)
  236  000012cc  afac0000	sw	(r29),r12
  237  000012d0  0c0005e8	jal	_Printf
  238  000012d4  54000000	nop; not filled.
  239  000012d8  3c0c0000	lhi	r12,((LC3_LF0)>>16)&0xffff
  240  000012dc  258c30d4	addui	r12,r12,(LC3_LF0)&0xffff
  241  000012e0  afac0000	sw	(r29),r12
  242  000012e4  0c0005d4	jal	_Printf
  243  000012e8  54000000	nop; not filled.
  244  000012ec  0c000680	jal	_Exit
  245  000012f0  54000000	nop; not filled.
  246  000012f4  23bd0008	addi	r29,r29,#8
  247  000012f8          	L15_LF0:
  248  000012f8  60a10001	seqi	r1,r5,#1
  249  000012fc  10200038	beqz	r1,L16_LF0
  250  00001300  54000000	nop; not filled.
  251  00001304  23bdffe0	addi	r29,r29,#-32
  252  00001308  afa20000	sw	(r29),r2
  253  0000130c  afa40004	sw	4(r29),r4
  254  00001310  afaa0008	sw	8(r29),r10
  255  00001314  afa9000c	sw	12(r29),r9
  256  00001318  afa80010	sw	16(r29),r8
  257  0000131c  afa70014	sw	20(r29),r7
  258  00001320  afa60018	sw	24(r29),r6
  259  00001324  0c0000fc	jal	_producer
  260  00001328  54000000	nop; not filled.
  261  0000132c  23bd0020	addi	r29,r29,#32
  262  00001330  08000060	j	L17_LF0
  263  00001334  54000000	nop; not filled.
  264  00001338          	L16_LF0:
  265  00001338  64a10000	snei	r1,r5,#0
  266  0000133c  14200038	bnez	r1,L18_LF0
  267  00001340  54000000	nop; not filled.
  268  00001344  23bdffe0	addi	r29,r29,#-32
  269  00001348  afa20000	sw	(r29),r2
  270  0000134c  afa40004	sw	4(r29),r4
  271  00001350  afaa0008	sw	8(r29),r10
  272  00001354  afa9000c	sw	12(r29),r9
  273  00001358  afa80010	sw	16(r29),r8
  274  0000135c  afa70014	sw	20(r29),r7
  275  00001360  afa60018	sw	24(r29),r6
  276  00001364  0c000314	jal	_consumer
  277  00001368  54000000	nop; not filled.
  278  0000136c  23bd0020	addi	r29,r29,#32
  279  00001370  08000020	j	L17_LF0
  280  00001374  54000000	nop; not filled.
  281  00001378          	L18_LF0:
  282  00001378  23bdfff8	addi	r29,r29,#-8
  283  0000137c  3c0c0000	lhi	r12,((LC4_LF0)>>16)&0xffff
  284  00001380  258c30e4	addui	r12,r12,(LC4_LF0)&0xffff
  285  00001384  afac0000	sw	(r29),r12
  286  00001388  0c000530	jal	_Printf
  287  0000138c  54000000	nop; not filled.
  288  00001390  23bd0008	addi	r29,r29,#8
  289  00001394          	L17_LF0:
  290  00001394  23bdfff0	addi	r29,r29,#-16
  291  00001398  3c0c0000	lhi	r12,((LC5_LF0)>>16)&0xffff
  292  0000139c  258c30f4	addui	r12,r12,(LC5_LF0)&0xffff
  293  000013a0  afac0000	sw	(r29),r12
  294  000013a4  afa40004	sw	4(r29),r4
  295  000013a8  afa50008	sw	8(r29),r5
  296  000013ac  0c00050c	jal	_Printf
  297  000013b0  54000000	nop; not filled.
  298  000013b4  afab0000	sw	(r29),r11
  299  000013b8  0c000554	jal	_sem_signal
  300  000013bc  54000000	nop; not filled.
  301  000013c0  23bd0010	addi	r29,r29,#16
  302  000013c4  64210001	snei	r1,r1,#1
  303  000013c8  10200050	beqz	r1,L20_LF0
  304  000013cc  54000000	nop; not filled.
  305  000013d0  23bdfff8	addi	r29,r29,#-8
  306  000013d4  3c0c0000	lhi	r12,((LC6_LF0)>>16)&0xffff
  307  000013d8  258c3118	addui	r12,r12,(LC6_LF0)&0xffff
  308  000013dc  afac0000	sw	(r29),r12
  309  000013e0  afab0004	sw	4(r29),r11
  310  000013e4  0c0004d4	jal	_Printf
  311  000013e8  54000000	nop; not filled.
  312  000013ec  8c630000	lw	r3,(r3)
  313  000013f0  afa30000	sw	(r29),r3
  314  000013f4  0c0004c4	jal	_Printf
  315  000013f8  54000000	nop; not filled.
  316  000013fc  3c0c0000	lhi	r12,((LC3_LF0)>>16)&0xffff
  317  00001400  258c30d4	addui	r12,r12,(LC3_LF0)&0xffff
  318  00001404  afac0000	sw	(r29),r12
  319  00001408  0c0004b0	jal	_Printf
  320  0000140c  54000000	nop; not filled.
  321  00001410  0c00055c	jal	_Exit
  322  00001414  54000000	nop; not filled.
  323  00001418  23bd0008	addi	r29,r29,#8
  324  0000141c          	L20_LF0:
  325  0000141c  0c001298	jal	_exit
  326  00001420  54000000	nop
  327  00001424          	.endproc _main
  328  00001424          	.data
  329  00003141          	.align 2
  330  00003144          	LC7_LF0:
  331  00003144  50726f64	.ascii "Producer %d,\tProduce: %c \n  \000"
  331  00003148  75636572	
  331  0000314c  2025642c	
  331  00003150  0950726f	
  331  00003154  64756365	
  331  00003158  3a202563	
  331  0000315c  200a2020	
  331  00003160  00      	
  332  00003161          	.text
  333  00001424          	.align 2
  334  00001424          	.proc _producer
  335  00001424          	.global _producer
  336  00001424          	_producer:
  337                      ;  Function 'producer'; 16 bytes of locals, 12 regs to save.
  338  00001424  afbefffc	sw	-4(r29),r30; push fp
  339  00001428  001df020	add	r30,r0,r29; fp = sp
  340  0000142c  afbffff8	sw	-8(r29),r31; push ret addr
  341  00001430  2fbd0048	subui	r29,r29,#72; alloc local storage
  342  00001434  afa20000	sw	0(r29),r2
  343  00001438  afa30004	sw	4(r29),r3
  344  0000143c  afa40008	sw	8(r29),r4
  345  00001440  afa5000c	sw	12(r29),r5
  346  00001444  afa60010	sw	16(r29),r6
  347  00001448  afa70014	sw	20(r29),r7
  348  0000144c  afa80018	sw	24(r29),r8
  349  00001450  afa9001c	sw	28(r29),r9
  350  00001454  afaa0020	sw	32(r29),r10
  351  00001458  afab0024	sw	36(r29),r11
  352  0000145c  afac0028	sw	40(r29),r12
  353  00001460  afad002c	sw	44(r29),r13
  354  00001464  8fc40000	lw	r4,(r30)
  355  00001468  8fcc0004	lw	r12,4(r30)
  356  0000146c  8fc60008	lw	r6,8(r30)
  357  00001470  8fcb000c	lw	r11,12(r30)
  358  00001474  8fc80010	lw	r8,16(r30)
  359  00001478  8fca0014	lw	r10,20(r30)
  360  0000147c  8fc90018	lw	r9,24(r30)
  361  00001480  200d0048	addi	r13,r0,(#0x48)&0xff
  362  00001484  a3cdffe8	sb	-24(r30),r13
  363  00001488  200d0065	addi	r13,r0,(#0x65)&0xff
  364  0000148c  a3cdffe9	sb	-23(r30),r13
  365  00001490  200d006c	addi	r13,r0,(#0x6c)&0xff
  366  00001494  a3cdffea	sb	-22(r30),r13
  367  00001498  a3cdffeb	sb	-21(r30),r13
  368  0000149c  200d006f	addi	r13,r0,(#0x6f)&0xff
  369  000014a0  a3cdffec	sb	-20(r30),r13
  370  000014a4  200d0000	addi	r13,r0,(#0x0)&0xff
  371  000014a8  a3cdffed	sb	-19(r30),r13
  372  000014ac  200d0057	addi	r13,r0,(#0x57)&0xff
  373  000014b0  a3cdffee	sb	-18(r30),r13
  374  000014b4  200d006f	addi	r13,r0,(#0x6f)&0xff
  375  000014b8  a3cdffef	sb	-17(r30),r13
  376  000014bc  200d0072	addi	r13,r0,(#0x72)&0xff
  377  000014c0  a3cdfff0	sb	-16(r30),r13
  378  000014c4  200d006c	addi	r13,r0,(#0x6c)&0xff
  379  000014c8  a3cdfff1	sb	-15(r30),r13
  380  000014cc  200d0064	addi	r13,r0,(#0x64)&0xff
  381  000014d0  a3cdfff2	sb	-14(r30),r13
  382  000014d4  20050000	addi	r5,r0,#0
  383  000014d8  2007000b	addi	r7,r0,#11
  384  000014dc          	L33_LF0:
  385  000014dc  23bdfff8	addi	r29,r29,#-8
  386  000014e0  afa60000	sw	(r29),r6
  387  000014e4  0c000440	jal	_lock_acquire
  388  000014e8  54000000	nop; not filled.
  389  000014ec  8c81000c	lw	r1,12(r4)
  390  000014f0  20230001	addi	r3,r1,#1
  391  000014f4  00600035	movi2fp	f0,r3
  392  000014f8  00e00835	movi2fp	f1,r7
  393  000014fc  0401000f	div	f0,f0,f1
  394  00001500  00001034	movfp2i	r2,f0
  395  00001504  50410001	slli	r1,r2,#0x1
  396  00001508  00220820	add	r1,r1,r2
  397  0000150c  50210002	slli	r1,r1,#0x2
  398  00001510  00220822	sub	r1,r1,r2
  399  00001514  00611022	sub	r2,r3,r1
  400  00001518  8c810010	lw	r1,16(r4)
  401  0000151c  23bd0008	addi	r29,r29,#8
  402  00001520  00410828	seq	r1,r2,r1
  403  00001524  1020003c	beqz	r1,L34_LF0
  404  00001528  54000000	nop; not filled.
  405  0000152c  23bdfff8	addi	r29,r29,#-8
  406  00001530  afab0000	sw	(r29),r11
  407  00001534  0c0003f0	jal	_lock_acquire
  408  00001538  54000000	nop; not filled.
  409  0000153c  afa60000	sw	(r29),r6
  410  00001540  0c0003f0	jal	_lock_release
  411  00001544  54000000	nop; not filled.
  412  00001548  afaa0000	sw	(r29),r10
  413  0000154c  0c0003fc	jal	_cond_wait
  414  00001550  54000000	nop; not filled.
  415  00001554  afa60000	sw	(r29),r6
  416  00001558  0c0003cc	jal	_lock_acquire
  417  0000155c  54000000	nop; not filled.
  418  00001560  23bd0008	addi	r29,r29,#8
  419  00001564          	L34_LF0:
  420  00001564  8c81000c	lw	r1,12(r4)
  421  00001568  00811020	add	r2,r4,r1
  422  0000156c  03c50820	add	r1,r30,r5
  423  00001570  8021ffe8	lb	r1,-24(r1)
  424  00001574  a0410000	sb	(r2),r1
  425  00001578  23bdfff0	addi	r29,r29,#-16
  426  0000157c  3c0d0000	lhi	r13,((LC7_LF0)>>16)&0xffff
  427  00001580  25ad3144	addui	r13,r13,(LC7_LF0)&0xffff
  428  00001584  afad0000	sw	(r29),r13
  429  00001588  afac0004	sw	4(r29),r12
  430  0000158c  8c81000c	lw	r1,12(r4)
  431  00001590  00810820	add	r1,r4,r1
  432  00001594  90210000	lbu	r1,(r1)
  433  00001598  afa10008	sw	8(r29),r1
  434  0000159c  0c00031c	jal	_Printf
  435  000015a0  54000000	nop; not filled.
  436  000015a4  8c81000c	lw	r1,12(r4)
  437  000015a8  20230001	addi	r3,r1,#1
  438  000015ac  00600035	movi2fp	f0,r3
  439  000015b0  00e00835	movi2fp	f1,r7
  440  000015b4  0401000f	div	f0,f0,f1
  441  000015b8  00001034	movfp2i	r2,f0
  442  000015bc  50410001	slli	r1,r2,#0x1
  443  000015c0  00220820	add	r1,r1,r2
  444  000015c4  50210002	slli	r1,r1,#0x2
  445  000015c8  00220822	sub	r1,r1,r2
  446  000015cc  00611022	sub	r2,r3,r1
  447  000015d0  ac82000c	sw	12(r4),r2
  448  000015d4  8c810010	lw	r1,16(r4)
  449  000015d8  23bd0010	addi	r29,r29,#16
  450  000015dc  00410828	seq	r1,r2,r1
  451  000015e0  10200030	beqz	r1,L35_LF0
  452  000015e4  54000000	nop; not filled.
  453  000015e8  23bdfff8	addi	r29,r29,#-8
  454  000015ec  afa80000	sw	(r29),r8
  455  000015f0  0c000334	jal	_lock_acquire
  456  000015f4  54000000	nop; not filled.
  457  000015f8  afa90000	sw	(r29),r9
  458  000015fc  0c000358	jal	_cond_signal
  459  00001600  54000000	nop; not filled.
  460  00001604  afa80000	sw	(r29),r8
  461  00001608  0c000328	jal	_lock_release
  462  0000160c  54000000	nop; not filled.
  463  00001610  23bd0008	addi	r29,r29,#8
  464  00001614          	L35_LF0:
  465  00001614  23bdfff8	addi	r29,r29,#-8
  466  00001618  afa60000	sw	(r29),r6
  467  0000161c  0c000314	jal	_lock_release
  468  00001620  54000000	nop; not filled.
  469  00001624  23bd0008	addi	r29,r29,#8
  470  00001628  20a50001	addi	r5,r5,#1
  471  0000162c  70a1000a	slei	r1,r5,#10
  472  00001630  1420fea8	bnez	r1,L33_LF0
  473  00001634  54000000	nop; not filled.
  474  00001638  8fa20000	lw	r2,0(r29)
  475  0000163c  8fa30004	lw	r3,4(r29)
  476  00001640  8fa40008	lw	r4,8(r29)
  477  00001644  8fa5000c	lw	r5,12(r29)
  478  00001648  8fa60010	lw	r6,16(r29)
  479  0000164c  8fa70014	lw	r7,20(r29)
  480  00001650  8fa80018	lw	r8,24(r29)
  481  00001654  8fa9001c	lw	r9,28(r29)
  482  00001658  8faa0020	lw	r10,32(r29)
  483  0000165c  8fab0024	lw	r11,36(r29)
  484  00001660  8fac0028	lw	r12,40(r29)
  485  00001664  8fad002c	lw	r13,44(r29)
  486  00001668  8fdffff8	lw	r31,-8(r30)
  487  0000166c  001ee820	add	r29,r0,r30
  488  00001670  8fdefffc	lw	r30,-4(r30)
  489  00001674  4be00000	jr	r31
  490  00001678  54000000	nop
  491  0000167c          	.endproc _producer
  492  0000167c          	.data
  493  00003161          	.align 2
  494  00003164          	LC8_LF0:
  495  00003164  436f6e73	.ascii "Consumer %d,\tConsume: %c \n \000"
  495  00003168  756d6572	
  495  0000316c  2025642c	
  495  00003170  09436f6e	
  495  00003174  73756d65	
  495  00003178  3a202563	
  495  0000317c  200a2000	
  496  00003180          	.text
  497  0000167c          	.align 2
  498  0000167c          	.proc _consumer
  499  0000167c          	.global _consumer
  500  0000167c          	_consumer:
  501                      ;  Function 'consumer'; 0 bytes of locals, 13 regs to save.
  502  0000167c  afbefffc	sw	-4(r29),r30; push fp
  503  00001680  001df020	add	r30,r0,r29; fp = sp
  504  00001684  afbffff8	sw	-8(r29),r31; push ret addr
  505  00001688  2fbd0040	subui	r29,r29,#64; alloc local storage
  506  0000168c  afa20000	sw	0(r29),r2
  507  00001690  afa30004	sw	4(r29),r3
  508  00001694  afa40008	sw	8(r29),r4
  509  00001698  afa5000c	sw	12(r29),r5
  510  0000169c  afa60010	sw	16(r29),r6
  511  000016a0  afa70014	sw	20(r29),r7
  512  000016a4  afa80018	sw	24(r29),r8
  513  000016a8  afa9001c	sw	28(r29),r9
  514  000016ac  afaa0020	sw	32(r29),r10
  515  000016b0  afab0024	sw	36(r29),r11
  516  000016b4  afac0028	sw	40(r29),r12
  517  000016b8  afad002c	sw	44(r29),r13
  518  000016bc  afae0030	sw	48(r29),r14
  519  000016c0  8fc50000	lw	r5,(r30)
  520  000016c4  8fcd0004	lw	r13,4(r30)
  521  000016c8  8fc70008	lw	r7,8(r30)
  522  000016cc  8fc9000c	lw	r9,12(r30)
  523  000016d0  8fcc0010	lw	r12,16(r30)
  524  000016d4  8fcb0014	lw	r11,20(r30)
  525  000016d8  8fca0018	lw	r10,24(r30)
  526  000016dc  20060000	addi	r6,r0,#0
  527  000016e0  2008000b	addi	r8,r0,#11
  528  000016e4          	L49_LF0:
  529  000016e4  23bdfff8	addi	r29,r29,#-8
  530  000016e8  afa70000	sw	(r29),r7
  531  000016ec  0c000238	jal	_lock_acquire
  532  000016f0  54000000	nop; not filled.
  533  000016f4  8ca2000c	lw	r2,12(r5)
  534  000016f8  8ca10010	lw	r1,16(r5)
  535  000016fc  23bd0008	addi	r29,r29,#8
  536  00001700  00410828	seq	r1,r2,r1
  537  00001704  1020003c	beqz	r1,L50_LF0
  538  00001708  54000000	nop; not filled.
  539  0000170c  23bdfff8	addi	r29,r29,#-8
  540  00001710  afac0000	sw	(r29),r12
  541  00001714  0c000210	jal	_lock_acquire
  542  00001718  54000000	nop; not filled.
  543  0000171c  afa70000	sw	(r29),r7
  544  00001720  0c000210	jal	_lock_release
  545  00001724  54000000	nop; not filled.
  546  00001728  afaa0000	sw	(r29),r10
  547  0000172c  0c00021c	jal	_cond_wait
  548  00001730  54000000	nop; not filled.
  549  00001734  afa70000	sw	(r29),r7
  550  00001738  0c0001ec	jal	_lock_acquire
  551  0000173c  54000000	nop; not filled.
  552  00001740  23bd0008	addi	r29,r29,#8
  553  00001744          	L50_LF0:
  554  00001744  23bdfff0	addi	r29,r29,#-16
  555  00001748  3c0e0000	lhi	r14,((LC8_LF0)>>16)&0xffff
  556  0000174c  25ce3164	addui	r14,r14,(LC8_LF0)&0xffff
  557  00001750  afae0000	sw	(r29),r14
  558  00001754  afad0004	sw	4(r29),r13
  559  00001758  8ca10010	lw	r1,16(r5)
  560  0000175c  00a10820	add	r1,r5,r1
  561  00001760  90210000	lbu	r1,(r1)
  562  00001764  afa10008	sw	8(r29),r1
  563  00001768  0c000150	jal	_Printf
  564  0000176c  54000000	nop; not filled.
  565  00001770  8ca10010	lw	r1,16(r5)
  566  00001774  20230001	addi	r3,r1,#1
  567  00001778  00600035	movi2fp	f0,r3
  568  0000177c  01000835	movi2fp	f1,r8
  569  00001780  0401000f	div	f0,f0,f1
  570  00001784  00001034	movfp2i	r2,f0
  571  00001788  50410001	slli	r1,r2,#0x1
  572  0000178c  00220820	add	r1,r1,r2
  573  00001790  50210002	slli	r1,r1,#0x2
  574  00001794  00220822	sub	r1,r1,r2
  575  00001798  00612022	sub	r4,r3,r1
  576  0000179c  aca40010	sw	16(r5),r4
  577  000017a0  8ca1000c	lw	r1,12(r5)
  578  000017a4  20230001	addi	r3,r1,#1
  579  000017a8  00600035	movi2fp	f0,r3
  580  000017ac  01000835	movi2fp	f1,r8
  581  000017b0  0401000f	div	f0,f0,f1
  582  000017b4  00001034	movfp2i	r2,f0
  583  000017b8  50410001	slli	r1,r2,#0x1
  584  000017bc  00220820	add	r1,r1,r2
  585  000017c0  50210002	slli	r1,r1,#0x2
  586  000017c4  00220822	sub	r1,r1,r2
  587  000017c8  00610822	sub	r1,r3,r1
  588  000017cc  23bd0010	addi	r29,r29,#16
  589  000017d0  00240828	seq	r1,r1,r4
  590  000017d4  10200030	beqz	r1,L51_LF0
  591  000017d8  54000000	nop; not filled.
  592  000017dc  23bdfff8	addi	r29,r29,#-8
  593  000017e0  afa90000	sw	(r29),r9
  594  000017e4  0c000140	jal	_lock_acquire
  595  000017e8  54000000	nop; not filled.
  596  000017ec  afab0000	sw	(r29),r11
  597  000017f0  0c000164	jal	_cond_signal
  598  000017f4  54000000	nop; not filled.
  599  000017f8  afa90000	sw	(r29),r9
  600  000017fc  0c000134	jal	_lock_release
  601  00001800  54000000	nop; not filled.
  602  00001804  23bd0008	addi	r29,r29,#8
  603  00001808          	L51_LF0:
  604  00001808  23bdfff8	addi	r29,r29,#-8
  605  0000180c  afa70000	sw	(r29),r7
  606  00001810  0c000120	jal	_lock_release
  607  00001814  54000000	nop; not filled.
  608  00001818  23bd0008	addi	r29,r29,#8
  609  0000181c  20c60001	addi	r6,r6,#1
  610  00001820  70c1000a	slei	r1,r6,#10
  611  00001824  1420febc	bnez	r1,L49_LF0
  612  00001828  54000000	nop; not filled.
  613  0000182c  8fa20000	lw	r2,0(r29)
  614  00001830  8fa30004	lw	r3,4(r29)
  615  00001834  8fa40008	lw	r4,8(r29)
  616  00001838  8fa5000c	lw	r5,12(r29)
  617  0000183c  8fa60010	lw	r6,16(r29)
  618  00001840  8fa70014	lw	r7,20(r29)
  619  00001844  8fa80018	lw	r8,24(r29)
  620  00001848  8fa9001c	lw	r9,28(r29)
  621  0000184c  8faa0020	lw	r10,32(r29)
  622  00001850  8fab0024	lw	r11,36(r29)
  623  00001854  8fac0028	lw	r12,40(r29)
  624  00001858  8fad002c	lw	r13,44(r29)
  625  0000185c  8fae0030	lw	r14,48(r29)
  626  00001860  8fdffff8	lw	r31,-8(r30)
  627  00001864  001ee820	add	r29,r0,r30
  628  00001868  8fdefffc	lw	r30,-4(r30)
  629  0000186c  4be00000	jr	r31
  630  00001870  54000000	nop
  631  00001874          	.endproc _consumer
  632                      ;;;
  633                      ;;; Stub functions for DLX traps.
  634                      ;;;
  635                      ;;; Ethan L. Miller, 1999.  Released to the public domain.
  636                      ;;;
  637                      ;;; The traps such as Open and Close
  638                      ;;; (note the capital letters) are for use by user programs.  The traps
  639                      ;;; with names such as open and close (lower case) are for use by the OS.
  640                      ;;;
  643  00001874          	.align 2
  645                      ;;; The following are the traps to be used by user-level programs
  646                      ;;;
  648  00001874          	.align 2
  649  00001874          	.proc _Open
  650  00001874          	.global _Open
  651  00001874          	_Open:
  652                      ;;; Note that trap #0x213 actually causes a trap vector in the OS of
  653                      ;;; 0x1213.  The same is true for other user traps.  Thus, a user trap
  654                      ;;; with trap #0x240 will result in a trap vector of 0x1240 in the OS.
  655  00001874  44000213	trap	#0x213
  656  00001878  4be00000	jr	r31
  657  0000187c  54000000	nop
  658  00001880          	.endproc _Open
  660  00001880          	.proc _Close
  661  00001880          	.global _Close
  662  00001880          	_Close:
  663  00001880  44000214	trap	#0x214
  664  00001884  4be00000	jr	r31
  665  00001888  54000000	nop
  666  0000188c          	.endproc _Close
  668  0000188c          	.proc _Read
  669  0000188c          	.global _Read
  670  0000188c          	_Read:
  671  0000188c  44000210	trap	#0x210
  672  00001890  4be00000	jr	r31
  673  00001894  54000000	nop
  674  00001898          	.endproc _Read
  676  00001898          	.proc _Write
  677  00001898          	.global _Write
  678  00001898          	_Write:
  679  00001898  44000211	trap	#0x211
  680  0000189c  4be00000	jr	r31
  681  000018a0  54000000	nop
  682  000018a4          	.endproc _Write
  684  000018a4          	.proc _Lseek
  685  000018a4          	.global _Lseek
  686  000018a4          	_Lseek:
  687  000018a4  44000212	trap	#0x212
  688  000018a8  4be00000	jr	r31
  689  000018ac  54000000	nop
  690  000018b0          	.endproc _Lseek
  692  000018b0          	.proc _Putchar
  693  000018b0          	.global _Putchar
  694  000018b0          	_Putchar:
  695  000018b0  44000280	trap	#0x280
  696  000018b4  4be00000	jr	r31
  697  000018b8  54000000	nop
  698  000018bc          	.endproc _Putchar
  700  000018bc          	.proc _Printf
  701  000018bc          	.global _Printf
  702  000018bc          	_Printf:
  703  000018bc  44000201	trap	#0x201
  704  000018c0  4be00000	jr	r31
  705  000018c4  54000000	nop
  706  000018c8          	.endproc _Printf
  708  000018c8          	.proc _getpid
  709  000018c8          	.global _getpid
  710  000018c8          	_getpid:
  711  000018c8  44000431	trap	#0x431
  712  000018cc  4be00000	jr	r31
  713  000018d0  54000000	nop
  714  000018d4          	.endproc _getpid
  716  000018d4          	.proc _process_create
  717  000018d4          	.global _process_create
  718  000018d4          	_process_create:
  719  000018d4  44000432	trap	#0x432
  720  000018d8  4be00000	jr	r31
  721  000018dc  54000000	nop
  722  000018e0          	.endproc _process_create
  724  000018e0          	.proc _shmget
  725  000018e0          	.global _shmget
  726  000018e0          	_shmget:
  727  000018e0  44000440	trap	#0x440
  728  000018e4  4be00000	jr	r31
  729  000018e8  54000000	nop
  730  000018ec          	.endproc _shmget
  732  000018ec          	.proc _shmat
  733  000018ec          	.global _shmat
  734  000018ec          	_shmat:
  735  000018ec  44000441	trap	#0x441
  736  000018f0  4be00000	jr	r31
  737  000018f4  54000000	nop
  738  000018f8          	.endproc _shmat
  740  000018f8          	.proc _sem_create
  741  000018f8          	.global _sem_create
  742  000018f8          	_sem_create:
  743  000018f8  44000450	trap	#0x450
  744  000018fc  4be00000	jr	r31
  745  00001900  54000000	nop
  746  00001904          	.endproc _sem_create
  748  00001904          	.proc _sem_wait
  749  00001904          	.global _sem_wait
  750  00001904          	_sem_wait:
  751  00001904  44000451	trap	#0x451
  752  00001908  4be00000	jr	r31
  753  0000190c  54000000	nop
  754  00001910          	.endproc _sem_wait
  756  00001910          	.proc _sem_signal
  757  00001910          	.global _sem_signal
  758  00001910          	_sem_signal:
  759  00001910  44000452	trap	#0x452
  760  00001914  4be00000	jr	r31
  761  00001918  54000000	nop
  762  0000191c          	.endproc _sem_signal
  764  0000191c          	.proc _lock_create
  765  0000191c          	.global _lock_create
  766  0000191c          	_lock_create:
  767  0000191c  44000453	trap	#0x453
  768  00001920  4be00000	jr	r31
  769  00001924  54000000	nop
  770  00001928          	.endproc _lock_create
  772  00001928          	.proc _lock_acquire
  773  00001928          	.global _lock_acquire
  774  00001928          	_lock_acquire:
  775  00001928  44000454	trap	#0x454
  776  0000192c  4be00000	jr	r31
  777  00001930  54000000	nop
  778  00001934          	.endproc _lock_acquire
  780  00001934          	.proc _lock_release
  781  00001934          	.global _lock_release
  782  00001934          	_lock_release:
  783  00001934  44000455	trap	#0x455
  784  00001938  4be00000	jr	r31
  785  0000193c  54000000	nop
  786  00001940          	.endproc _lock_release
  788  00001940          	.proc _cond_create
  789  00001940          	.global _cond_create
  790  00001940          	_cond_create:
  791  00001940  44000456	trap	#0x456
  792  00001944  4be00000	jr	r31
  793  00001948  54000000	nop
  794  0000194c          	.endproc _cond_create
  796  0000194c          	.proc _cond_wait
  797  0000194c          	.global _cond_wait
  798  0000194c          	_cond_wait:
  799  0000194c  44000457	trap	#0x457
  800  00001950  4be00000	jr	r31
  801  00001954  54000000	nop
  802  00001958          	.endproc _cond_wait
  804  00001958          	.proc _cond_signal
  805  00001958          	.global _cond_signal
  806  00001958          	_cond_signal:
  807  00001958  44000458	trap	#0x458
  808  0000195c  4be00000	jr	r31
  809  00001960  54000000	nop
  810  00001964          	.endproc _cond_signal
  812  00001964          	.proc _cond_broadcast
  813  00001964          	.global _cond_broadcast
  814  00001964          	_cond_broadcast:
  815  00001964  44000455	trap	#0x455
  816  00001968  4be00000	jr	r31
  817  0000196c  54000000	nop
  818  00001970          	.endproc _cond_broadcast
  820  00001970          	.proc _Exit
  821  00001970          	.global _Exit
  822  00001970          	_Exit:
  823  00001970  44000500	trap	#0x500
  824  00001974  4be00000	jr	r31
  825  00001978  54000000	nop
  826  0000197c          	.endproc _Exit
  827                      ; Compiled by GCC
  829  0000197c          	.align 2
  830  0000197c          	.proc _isspace
  831  0000197c          	.global _isspace
  832  0000197c          	_isspace:
  833                      ;  Function 'isspace'; 0 bytes of locals, 3 regs to save.
  834  0000197c  afbefffc	sw	-4(r29),r30; push fp
  835  00001980  001df020	add	r30,r0,r29; fp = sp
  836  00001984  afbffff8	sw	-8(r29),r31; push ret addr
  837  00001988  2fbd0018	subui	r29,r29,#24; alloc local storage
  838  0000198c  afa20000	sw	0(r29),r2
  839  00001990  afa30004	sw	4(r29),r3
  840  00001994  afa40008	sw	8(r29),r4
  841  00001998  83c20003	lb	r2,3(r30)
  842  0000199c  20010000	addi	r1,r0,#0
  843  000019a0  304300ff	andi	r3,r2,#0x00ff
  844  000019a4  60640020	seqi	r4,r3,#32
  845  000019a8  1480002c	bnez	r4,L3_LF2
  846  000019ac  54000000	nop; delay slot nop
  847  000019b0  304300ff	andi	r3,r2,#0x00ff
  848  000019b4  60640009	seqi	r4,r3,#9
  849  000019b8  1480001c	bnez	r4,L3_LF2
  850  000019bc  54000000	nop; delay slot nop
  851  000019c0  304300ff	andi	r3,r2,#0x00ff
  852  000019c4  6064000a	seqi	r4,r3,#10
  853  000019c8  1480000c	bnez	r4,L3_LF2
  854  000019cc  54000000	nop; delay slot nop
  855  000019d0  08000008	j	L2_LF2
  856  000019d4  54000000	nop; delay slot nop
  857  000019d8          	L3_LF2:
  858  000019d8  20010001	addi	r1,r0,#1
  859  000019dc          	L2_LF2:
  860  000019dc  08000004	j	L1_LF2
  861  000019e0  54000000	nop; delay slot nop
  862  000019e4          	L1_LF2:
  863  000019e4  8fa20000	lw	r2,0(r29)
  864  000019e8  8fa30004	lw	r3,4(r29)
  865  000019ec  8fa40008	lw	r4,8(r29)
  866  000019f0  8fdffff8	lw	r31,-8(r30)
  867  000019f4  001ee820	add	r29,r0,r30
  868  000019f8  8fdefffc	lw	r30,-4(r30)
  869  000019fc  4be00000	jr	r31
  870  00001a00  54000000	nop
  871  00001a04          	.endproc _isspace
  872  00001a04          	.align 2
  873  00001a04          	.proc _isxdigit
  874  00001a04          	.global _isxdigit
  875  00001a04          	_isxdigit:
  876                      ;  Function 'isxdigit'; 0 bytes of locals, 3 regs to save.
  877  00001a04  afbefffc	sw	-4(r29),r30; push fp
  878  00001a08  001df020	add	r30,r0,r29; fp = sp
  879  00001a0c  afbffff8	sw	-8(r29),r31; push ret addr
  880  00001a10  2fbd0018	subui	r29,r29,#24; alloc local storage
  881  00001a14  afa20000	sw	0(r29),r2
  882  00001a18  afa30004	sw	4(r29),r3
  883  00001a1c  afa40008	sw	8(r29),r4
  884  00001a20  83c20003	lb	r2,3(r30)
  885  00001a24  20010000	addi	r1,r0,#0
  886  00001a28  304300ff	andi	r3,r2,#0x00ff
  887  00001a2c  6c64002f	sgtui	r4,r3,#47
  888  00001a30  1080001c	beqz	r4,L7_LF2
  889  00001a34  54000000	nop; delay slot nop
  890  00001a38  304300ff	andi	r3,r2,#0x00ff
  891  00001a3c  70640039	sleui	r4,r3,#57
  892  00001a40  1480005c	bnez	r4,L6_LF2
  893  00001a44  54000000	nop; delay slot nop
  894  00001a48  08000004	j	L7_LF2
  895  00001a4c  54000000	nop; delay slot nop
  896  00001a50          	L7_LF2:
  897  00001a50  304300ff	andi	r3,r2,#0x00ff
  898  00001a54  6c640060	sgtui	r4,r3,#96
  899  00001a58  1080001c	beqz	r4,L8_LF2
  900  00001a5c  54000000	nop; delay slot nop
  901  00001a60  304300ff	andi	r3,r2,#0x00ff
  902  00001a64  70640066	sleui	r4,r3,#102
  903  00001a68  14800034	bnez	r4,L6_LF2
  904  00001a6c  54000000	nop; delay slot nop
  905  00001a70  08000004	j	L8_LF2
  906  00001a74  54000000	nop; delay slot nop
  907  00001a78          	L8_LF2:
  908  00001a78  304300ff	andi	r3,r2,#0x00ff
  909  00001a7c  6c640040	sgtui	r4,r3,#64
  910  00001a80  10800020	beqz	r4,L5_LF2
  911  00001a84  54000000	nop; delay slot nop
  912  00001a88  304300ff	andi	r3,r2,#0x00ff
  913  00001a8c  70640041	sleui	r4,r3,#65
  914  00001a90  1480000c	bnez	r4,L6_LF2
  915  00001a94  54000000	nop; delay slot nop
  916  00001a98  08000008	j	L5_LF2
  917  00001a9c  54000000	nop; delay slot nop
  918  00001aa0          	L6_LF2:
  919  00001aa0  20010001	addi	r1,r0,#1
  920  00001aa4          	L5_LF2:
  921  00001aa4  08000004	j	L4_LF2
  922  00001aa8  54000000	nop; delay slot nop
  923  00001aac          	L4_LF2:
  924  00001aac  8fa20000	lw	r2,0(r29)
  925  00001ab0  8fa30004	lw	r3,4(r29)
  926  00001ab4  8fa40008	lw	r4,8(r29)
  927  00001ab8  8fdffff8	lw	r31,-8(r30)
  928  00001abc  001ee820	add	r29,r0,r30
  929  00001ac0  8fdefffc	lw	r30,-4(r30)
  930  00001ac4  4be00000	jr	r31
  931  00001ac8  54000000	nop
  932  00001acc          	.endproc _isxdigit
  933  00001acc          	.align 2
  934  00001acc          	.proc _dstrcpy
  935  00001acc          	.global _dstrcpy
  936  00001acc          	_dstrcpy:
  937                      ;  Function 'dstrcpy'; 8 bytes of locals, 2 regs to save.
  938  00001acc  afbefffc	sw	-4(r29),r30; push fp
  939  00001ad0  001df020	add	r30,r0,r29; fp = sp
  940  00001ad4  afbffff8	sw	-8(r29),r31; push ret addr
  941  00001ad8  2fbd0018	subui	r29,r29,#24; alloc local storage
  942  00001adc  afa20000	sw	0(r29),r2
  943  00001ae0  afa30004	sw	4(r29),r3
  944  00001ae4  8fc10000	lw	r1,(r30)
  945  00001ae8  afc1fff4	sw	-12(r30),r1
  946  00001aec          	L10_LF2:
  947  00001aec  8fc10000	lw	r1,(r30)
  948  00001af0  20220001	addi	r2,r1,#1
  949  00001af4  afc20000	sw	(r30),r2
  950  00001af8  8fc20004	lw	r2,4(r30)
  951  00001afc  20430001	addi	r3,r2,#1
  952  00001b00  afc30004	sw	4(r30),r3
  953  00001b04  80420000	lb	r2,(r2)
  954  00001b08  a0220000	sb	(r1),r2
  955  00001b0c  a3c2fff3	sb	-13(r30),r2
  956  00001b10          	L12_LF2:
  957  00001b10  93c1fff3	lbu	r1,-13(r30)
  958  00001b14  64220000	snei	r2,r1,#0
  959  00001b18  1440000c	bnez	r2,L13_LF2
  960  00001b1c  54000000	nop; delay slot nop
  961  00001b20  0800000c	j	L11_LF2
  962  00001b24  54000000	nop; delay slot nop
  963  00001b28          	L13_LF2:
  964  00001b28  0bffffc0	j	L10_LF2
  965  00001b2c  54000000	nop; delay slot nop
  966  00001b30          	L11_LF2:
  967  00001b30  8fc1fff4	lw	r1,-12(r30)
  968  00001b34  08000004	j	L9_LF2
  969  00001b38  54000000	nop; delay slot nop
  970  00001b3c          	L9_LF2:
  971  00001b3c  8fa20000	lw	r2,0(r29)
  972  00001b40  8fa30004	lw	r3,4(r29)
  973  00001b44  8fdffff8	lw	r31,-8(r30)
  974  00001b48  001ee820	add	r29,r0,r30
  975  00001b4c  8fdefffc	lw	r30,-4(r30)
  976  00001b50  4be00000	jr	r31
  977  00001b54  54000000	nop
  978  00001b58          	.endproc _dstrcpy
  979  00001b58          	.align 2
  980  00001b58          	.proc _dstrncpy
  981  00001b58          	.global _dstrncpy
  982  00001b58          	_dstrncpy:
  983                      ;  Function 'dstrncpy'; 8 bytes of locals, 2 regs to save.
  984  00001b58  afbefffc	sw	-4(r29),r30; push fp
  985  00001b5c  001df020	add	r30,r0,r29; fp = sp
  986  00001b60  afbffff8	sw	-8(r29),r31; push ret addr
  987  00001b64  2fbd0018	subui	r29,r29,#24; alloc local storage
  988  00001b68  afa20000	sw	0(r29),r2
  989  00001b6c  afa30004	sw	4(r29),r3
  990  00001b70  8fc10000	lw	r1,(r30)
  991  00001b74  afc1fff4	sw	-12(r30),r1
  992  00001b78          	L15_LF2:
  993  00001b78  8fc10008	lw	r1,8(r30)
  994  00001b7c  2022ffff	addi	r2,r1,#-1
  995  00001b80  afc20008	sw	8(r30),r2
  996  00001b84  70210000	slei	r1,r1,#0
  997  00001b88  1020000c	beqz	r1,L18_LF2
  998  00001b8c  54000000	nop; delay slot nop
  999  00001b90  08000048	j	L16_LF2
 1000  00001b94  54000000	nop; delay slot nop
 1001  00001b98          	L18_LF2:
 1002  00001b98  8fc10000	lw	r1,(r30)
 1003  00001b9c  20220001	addi	r2,r1,#1
 1004  00001ba0  afc20000	sw	(r30),r2
 1005  00001ba4  8fc20004	lw	r2,4(r30)
 1006  00001ba8  20430001	addi	r3,r2,#1
 1007  00001bac  afc30004	sw	4(r30),r3
 1008  00001bb0  80420000	lb	r2,(r2)
 1009  00001bb4  a0220000	sb	(r1),r2
 1010  00001bb8  a3c2fff3	sb	-13(r30),r2
 1011  00001bbc          	L17_LF2:
 1012  00001bbc  93c1fff3	lbu	r1,-13(r30)
 1013  00001bc0  64220000	snei	r2,r1,#0
 1014  00001bc4  1440000c	bnez	r2,L19_LF2
 1015  00001bc8  54000000	nop; delay slot nop
 1016  00001bcc  0800000c	j	L16_LF2
 1017  00001bd0  54000000	nop; delay slot nop
 1018  00001bd4          	L19_LF2:
 1019  00001bd4  0bffffa0	j	L15_LF2
 1020  00001bd8  54000000	nop; delay slot nop
 1021  00001bdc          	L16_LF2:
 1022  00001bdc  8fc1fff4	lw	r1,-12(r30)
 1023  00001be0  08000004	j	L14_LF2
 1024  00001be4  54000000	nop; delay slot nop
 1025  00001be8          	L14_LF2:
 1026  00001be8  8fa20000	lw	r2,0(r29)
 1027  00001bec  8fa30004	lw	r3,4(r29)
 1028  00001bf0  8fdffff8	lw	r31,-8(r30)
 1029  00001bf4  001ee820	add	r29,r0,r30
 1030  00001bf8  8fdefffc	lw	r30,-4(r30)
 1031  00001bfc  4be00000	jr	r31
 1032  00001c00  54000000	nop
 1033  00001c04          	.endproc _dstrncpy
 1034  00001c04          	.align 2
 1035  00001c04          	.proc _dstrcat
 1036  00001c04          	.global _dstrcat
 1037  00001c04          	_dstrcat:
 1038                      ;  Function 'dstrcat'; 8 bytes of locals, 1 regs to save.
 1039  00001c04  afbefffc	sw	-4(r29),r30; push fp
 1040  00001c08  001df020	add	r30,r0,r29; fp = sp
 1041  00001c0c  afbffff8	sw	-8(r29),r31; push ret addr
 1042  00001c10  2fbd0018	subui	r29,r29,#24; alloc local storage
 1043  00001c14  afa20000	sw	0(r29),r2
 1044  00001c18  8fc10000	lw	r1,(r30)
 1045  00001c1c  afc1fff4	sw	-12(r30),r1
 1046  00001c20          	L21_LF2:
 1047  00001c20  8fc10000	lw	r1,(r30)
 1048  00001c24  90220000	lbu	r2,(r1)
 1049  00001c28  64410000	snei	r1,r2,#0
 1050  00001c2c  1420000c	bnez	r1,L23_LF2
 1051  00001c30  54000000	nop; delay slot nop
 1052  00001c34  0800001c	j	L22_LF2
 1053  00001c38  54000000	nop; delay slot nop
 1054  00001c3c          	L23_LF2:
 1055  00001c3c  8fc20000	lw	r2,(r30)
 1056  00001c40  20410001	addi	r1,r2,#1
 1057  00001c44  00011020	add	r2,r0,r1
 1058  00001c48  afc20000	sw	(r30),r2
 1059  00001c4c  0bffffd0	j	L21_LF2
 1060  00001c50  54000000	nop; delay slot nop
 1061  00001c54          	L22_LF2:
 1062  00001c54  23bdfff8	addi	r29,r29,#-8
 1063  00001c58  001d0820	add	r1,r0,r29
 1064  00001c5c  8fc20000	lw	r2,(r30)
 1065  00001c60  ac220000	sw	(r1),r2
 1066  00001c64  8fc20004	lw	r2,4(r30)
 1067  00001c68  ac220004	sw	4(r1),r2
 1068  00001c6c  0ffffe5c	jal	_dstrcpy
 1069  00001c70  54000000	nop; delay slot nop
 1070  00001c74  23bd0008	addi	r29,r29,#8
 1071  00001c78  8fc1fff4	lw	r1,-12(r30)
 1072  00001c7c  08000004	j	L20_LF2
 1073  00001c80  54000000	nop; delay slot nop
 1074  00001c84          	L20_LF2:
 1075  00001c84  8fa20000	lw	r2,0(r29)
 1076  00001c88  8fdffff8	lw	r31,-8(r30)
 1077  00001c8c  001ee820	add	r29,r0,r30
 1078  00001c90  8fdefffc	lw	r30,-4(r30)
 1079  00001c94  4be00000	jr	r31
 1080  00001c98  54000000	nop
 1081  00001c9c          	.endproc _dstrcat
 1082  00001c9c          	.align 2
 1083  00001c9c          	.proc _dstrncmp
 1084  00001c9c          	.global _dstrncmp
 1085  00001c9c          	_dstrncmp:
 1086                      ;  Function 'dstrncmp'; 8 bytes of locals, 2 regs to save.
 1087  00001c9c  afbefffc	sw	-4(r29),r30; push fp
 1088  00001ca0  001df020	add	r30,r0,r29; fp = sp
 1089  00001ca4  afbffff8	sw	-8(r29),r31; push ret addr
 1090  00001ca8  2fbd0018	subui	r29,r29,#24; alloc local storage
 1091  00001cac  afa20000	sw	0(r29),r2
 1092  00001cb0  afa30004	sw	4(r29),r3
 1093  00001cb4  54000000	nop
 1094  00001cb8  20010000	addi	r1,r0,#0
 1095  00001cbc  afc1fff4	sw	-12(r30),r1
 1096  00001cc0          	L25_LF2:
 1097  00001cc0  8fc1fff4	lw	r1,-12(r30)
 1098  00001cc4  8fc20008	lw	r2,8(r30)
 1099  00001cc8  0022082a	slt	r1,r1,r2
 1100  00001ccc  1420000c	bnez	r1,L28_LF2
 1101  00001cd0  54000000	nop; delay slot nop
 1102  00001cd4  08000088	j	L26_LF2
 1103  00001cd8  54000000	nop; delay slot nop
 1104  00001cdc          	L28_LF2:
 1105  00001cdc  8fc10004	lw	r1,4(r30)
 1106  00001ce0  90220000	lbu	r2,(r1)
 1107  00001ce4  64410000	snei	r1,r2,#0
 1108  00001ce8  14200018	bnez	r1,L29_LF2
 1109  00001cec  54000000	nop; delay slot nop
 1110  00001cf0  20010000	addi	r1,r0,#0
 1111  00001cf4  080000d8	j	L24_LF2
 1112  00001cf8  54000000	nop; delay slot nop
 1113  00001cfc  08000028	j	L30_LF2
 1114  00001d00  54000000	nop; delay slot nop
 1115  00001d04          	L29_LF2:
 1116  00001d04  8fc10000	lw	r1,(r30)
 1117  00001d08  8fc20004	lw	r2,4(r30)
 1118  00001d0c  90210000	lbu	r1,(r1)
 1119  00001d10  90420000	lbu	r2,(r2)
 1120  00001d14  00220829	sne	r1,r1,r2
 1121  00001d18  1020000c	beqz	r1,L30_LF2
 1122  00001d1c  54000000	nop; delay slot nop
 1123  00001d20  0800003c	j	L26_LF2
 1124  00001d24  54000000	nop; delay slot nop
 1125  00001d28          	L31_LF2:
 1126  00001d28          	L30_LF2:
 1127  00001d28  8fc20000	lw	r2,(r30)
 1128  00001d2c  20410001	addi	r1,r2,#1
 1129  00001d30  00011020	add	r2,r0,r1
 1130  00001d34  afc20000	sw	(r30),r2
 1131  00001d38  8fc20004	lw	r2,4(r30)
 1132  00001d3c  20410001	addi	r1,r2,#1
 1133  00001d40  00011020	add	r2,r0,r1
 1134  00001d44  afc20004	sw	4(r30),r2
 1135  00001d48          	L27_LF2:
 1136  00001d48  8fc2fff4	lw	r2,-12(r30)
 1137  00001d4c  20410001	addi	r1,r2,#1
 1138  00001d50  00011020	add	r2,r0,r1
 1139  00001d54  afc2fff4	sw	-12(r30),r2
 1140  00001d58  0bffff64	j	L25_LF2
 1141  00001d5c  54000000	nop; delay slot nop
 1142  00001d60          	L26_LF2:
 1143  00001d60  8fc1fff4	lw	r1,-12(r30)
 1144  00001d64  8fc20008	lw	r2,8(r30)
 1145  00001d68  00220828	seq	r1,r1,r2
 1146  00001d6c  10200018	beqz	r1,L32_LF2
 1147  00001d70  54000000	nop; delay slot nop
 1148  00001d74  20010000	addi	r1,r0,#0
 1149  00001d78  08000054	j	L24_LF2
 1150  00001d7c  54000000	nop; delay slot nop
 1151  00001d80  0800004c	j	L33_LF2
 1152  00001d84  54000000	nop; delay slot nop
 1153  00001d88          	L32_LF2:
 1154  00001d88  8fc20000	lw	r2,(r30)
 1155  00001d8c  90410000	lbu	r1,(r2)
 1156  00001d90  8fc20004	lw	r2,4(r30)
 1157  00001d94  90430000	lbu	r3,(r2)
 1158  00001d98  00230822	sub	r1,r1,r3
 1159  00001d9c  74220000	sgei	r2,r1,#0
 1160  00001da0  10400020	beqz	r2,L34_LF2
 1161  00001da4  54000000	nop; delay slot nop
 1162  00001da8  8fc10000	lw	r1,(r30)
 1163  00001dac  8fc20004	lw	r2,4(r30)
 1164  00001db0  90210000	lbu	r1,(r1)
 1165  00001db4  90420000	lbu	r2,(r2)
 1166  00001db8  00220829	sne	r1,r1,r2
 1167  00001dbc  08000008	j	L35_LF2
 1168  00001dc0  54000000	nop; delay slot nop
 1169  00001dc4          	L34_LF2:
 1170  00001dc4  2001ffff	addi	r1,r0,#-1
 1171  00001dc8          	L35_LF2:
 1172  00001dc8  08000004	j	L24_LF2
 1173  00001dcc  54000000	nop; delay slot nop
 1174  00001dd0          	L33_LF2:
 1175  00001dd0          	L24_LF2:
 1176  00001dd0  8fa20000	lw	r2,0(r29)
 1177  00001dd4  8fa30004	lw	r3,4(r29)
 1178  00001dd8  8fdffff8	lw	r31,-8(r30)
 1179  00001ddc  001ee820	add	r29,r0,r30
 1180  00001de0  8fdefffc	lw	r30,-4(r30)
 1181  00001de4  4be00000	jr	r31
 1182  00001de8  54000000	nop
 1183  00001dec          	.endproc _dstrncmp
 1184  00001dec          	.align 2
 1185  00001dec          	.proc _dstrlen
 1186  00001dec          	.global _dstrlen
 1187  00001dec          	_dstrlen:
 1188                      ;  Function 'dstrlen'; 8 bytes of locals, 1 regs to save.
 1189  00001dec  afbefffc	sw	-4(r29),r30; push fp
 1190  00001df0  001df020	add	r30,r0,r29; fp = sp
 1191  00001df4  afbffff8	sw	-8(r29),r31; push ret addr
 1192  00001df8  2fbd0018	subui	r29,r29,#24; alloc local storage
 1193  00001dfc  afa20000	sw	0(r29),r2
 1194  00001e00  20010000	addi	r1,r0,#0
 1195  00001e04  afc1fff4	sw	-12(r30),r1
 1196  00001e08          	L37_LF2:
 1197  00001e08  8fc10000	lw	r1,(r30)
 1198  00001e0c  20220001	addi	r2,r1,#1
 1199  00001e10  afc20000	sw	(r30),r2
 1200  00001e14  90210000	lbu	r1,(r1)
 1201  00001e18  64220000	snei	r2,r1,#0
 1202  00001e1c  1440000c	bnez	r2,L39_LF2
 1203  00001e20  54000000	nop; delay slot nop
 1204  00001e24  0800001c	j	L38_LF2
 1205  00001e28  54000000	nop; delay slot nop
 1206  00001e2c          	L39_LF2:
 1207  00001e2c  8fc2fff4	lw	r2,-12(r30)
 1208  00001e30  20410001	addi	r1,r2,#1
 1209  00001e34  00011020	add	r2,r0,r1
 1210  00001e38  afc2fff4	sw	-12(r30),r2
 1211  00001e3c  0bffffc8	j	L37_LF2
 1212  00001e40  54000000	nop; delay slot nop
 1213  00001e44          	L38_LF2:
 1214  00001e44  8fc1fff4	lw	r1,-12(r30)
 1215  00001e48  08000004	j	L36_LF2
 1216  00001e4c  54000000	nop; delay slot nop
 1217  00001e50          	L36_LF2:
 1218  00001e50  8fa20000	lw	r2,0(r29)
 1219  00001e54  8fdffff8	lw	r31,-8(r30)
 1220  00001e58  001ee820	add	r29,r0,r30
 1221  00001e5c  8fdefffc	lw	r30,-4(r30)
 1222  00001e60  4be00000	jr	r31
 1223  00001e64  54000000	nop
 1224  00001e68          	.endproc _dstrlen
 1225  00001e68          	.align 2
 1226  00001e68          	.proc _dstrstr
 1227  00001e68          	.global _dstrstr
 1228  00001e68          	_dstrstr:
 1229                      ;  Function 'dstrstr'; 8 bytes of locals, 1 regs to save.
 1230  00001e68  afbefffc	sw	-4(r29),r30; push fp
 1231  00001e6c  001df020	add	r30,r0,r29; fp = sp
 1232  00001e70  afbffff8	sw	-8(r29),r31; push ret addr
 1233  00001e74  2fbd0018	subui	r29,r29,#24; alloc local storage
 1234  00001e78  afa20000	sw	0(r29),r2
 1235  00001e7c  23bdfff8	addi	r29,r29,#-8
 1236  00001e80  001d0820	add	r1,r0,r29
 1237  00001e84  8fc20004	lw	r2,4(r30)
 1238  00001e88  ac220000	sw	(r1),r2
 1239  00001e8c  0fffff5c	jal	_dstrlen
 1240  00001e90  54000000	nop; delay slot nop
 1241  00001e94  23bd0008	addi	r29,r29,#8
 1242  00001e98  afc1fff4	sw	-12(r30),r1
 1243  00001e9c          	L41_LF2:
 1244  00001e9c  8fc10000	lw	r1,(r30)
 1245  00001ea0  90220000	lbu	r2,(r1)
 1246  00001ea4  64410000	snei	r1,r2,#0
 1247  00001ea8  1420000c	bnez	r1,L43_LF2
 1248  00001eac  54000000	nop; delay slot nop
 1249  00001eb0  08000060	j	L42_LF2
 1250  00001eb4  54000000	nop; delay slot nop
 1251  00001eb8          	L43_LF2:
 1252  00001eb8  23bdfff0	addi	r29,r29,#-16
 1253  00001ebc  001d0820	add	r1,r0,r29
 1254  00001ec0  8fc20000	lw	r2,(r30)
 1255  00001ec4  ac220000	sw	(r1),r2
 1256  00001ec8  8fc20004	lw	r2,4(r30)
 1257  00001ecc  ac220004	sw	4(r1),r2
 1258  00001ed0  8fc2fff4	lw	r2,-12(r30)
 1259  00001ed4  ac220008	sw	8(r1),r2
 1260  00001ed8  0ffffdc0	jal	_dstrncmp
 1261  00001edc  54000000	nop; delay slot nop
 1262  00001ee0  23bd0010	addi	r29,r29,#16
 1263  00001ee4  64220000	snei	r2,r1,#0
 1264  00001ee8  14400010	bnez	r2,L44_LF2
 1265  00001eec  54000000	nop; delay slot nop
 1266  00001ef0  8fc10000	lw	r1,(r30)
 1267  00001ef4  08000028	j	L40_LF2
 1268  00001ef8  54000000	nop; delay slot nop
 1269  00001efc          	L44_LF2:
 1270  00001efc  8fc20000	lw	r2,(r30)
 1271  00001f00  20410001	addi	r1,r2,#1
 1272  00001f04  00011020	add	r2,r0,r1
 1273  00001f08  afc20000	sw	(r30),r2
 1274  00001f0c  0bffff8c	j	L41_LF2
 1275  00001f10  54000000	nop; delay slot nop
 1276  00001f14          	L42_LF2:
 1277  00001f14  20010000	addi	r1,r0,#0
 1278  00001f18  08000004	j	L40_LF2
 1279  00001f1c  54000000	nop; delay slot nop
 1280  00001f20          	L40_LF2:
 1281  00001f20  8fa20000	lw	r2,0(r29)
 1282  00001f24  8fdffff8	lw	r31,-8(r30)
 1283  00001f28  001ee820	add	r29,r0,r30
 1284  00001f2c  8fdefffc	lw	r30,-4(r30)
 1285  00001f30  4be00000	jr	r31
 1286  00001f34  54000000	nop
 1287  00001f38          	.endproc _dstrstr
 1288  00001f38          	.align 2
 1289  00001f38          	.proc _dmindex
 1290  00001f38          	.global _dmindex
 1291  00001f38          	_dmindex:
 1292                      ;  Function 'dmindex'; 8 bytes of locals, 1 regs to save.
 1293  00001f38  afbefffc	sw	-4(r29),r30; push fp
 1294  00001f3c  001df020	add	r30,r0,r29; fp = sp
 1295  00001f40  afbffff8	sw	-8(r29),r31; push ret addr
 1296  00001f44  2fbd0018	subui	r29,r29,#24; alloc local storage
 1297  00001f48  afa20000	sw	0(r29),r2
 1298  00001f4c  54000000	nop
 1299  00001f50          	L46_LF2:
 1300  00001f50  8fc10000	lw	r1,(r30)
 1301  00001f54  90220000	lbu	r2,(r1)
 1302  00001f58  64410000	snei	r1,r2,#0
 1303  00001f5c  1420000c	bnez	r1,L48_LF2
 1304  00001f60  54000000	nop; delay slot nop
 1305  00001f64  08000070	j	L47_LF2
 1306  00001f68  54000000	nop; delay slot nop
 1307  00001f6c          	L48_LF2:
 1308  00001f6c  8fc10004	lw	r1,4(r30)
 1309  00001f70  afc1fff4	sw	-12(r30),r1
 1310  00001f74          	L49_LF2:
 1311  00001f74  8fc1fff4	lw	r1,-12(r30)
 1312  00001f78  90220000	lbu	r2,(r1)
 1313  00001f7c  64410000	snei	r1,r2,#0
 1314  00001f80  1420000c	bnez	r1,L52_LF2
 1315  00001f84  54000000	nop; delay slot nop
 1316  00001f88  08000044	j	L50_LF2
 1317  00001f8c  54000000	nop; delay slot nop
 1318  00001f90          	L52_LF2:
 1319  00001f90  8fc10000	lw	r1,(r30)
 1320  00001f94  8fc2fff4	lw	r2,-12(r30)
 1321  00001f98  90210000	lbu	r1,(r1)
 1322  00001f9c  90420000	lbu	r2,(r2)
 1323  00001fa0  00220828	seq	r1,r1,r2
 1324  00001fa4  10200010	beqz	r1,L51_LF2
 1325  00001fa8  54000000	nop; delay slot nop
 1326  00001fac  8fc10000	lw	r1,(r30)
 1327  00001fb0  08000030	j	L45_LF2
 1328  00001fb4  54000000	nop; delay slot nop
 1329  00001fb8          	L53_LF2:
 1330  00001fb8          	L51_LF2:
 1331  00001fb8  8fc2fff4	lw	r2,-12(r30)
 1332  00001fbc  20410001	addi	r1,r2,#1
 1333  00001fc0  00011020	add	r2,r0,r1
 1334  00001fc4  afc2fff4	sw	-12(r30),r2
 1335  00001fc8  0bffffa8	j	L49_LF2
 1336  00001fcc  54000000	nop; delay slot nop
 1337  00001fd0          	L50_LF2:
 1338  00001fd0  0bffff7c	j	L46_LF2
 1339  00001fd4  54000000	nop; delay slot nop
 1340  00001fd8          	L47_LF2:
 1341  00001fd8  20010000	addi	r1,r0,#0
 1342  00001fdc  08000004	j	L45_LF2
 1343  00001fe0  54000000	nop; delay slot nop
 1344  00001fe4          	L45_LF2:
 1345  00001fe4  8fa20000	lw	r2,0(r29)
 1346  00001fe8  8fdffff8	lw	r31,-8(r30)
 1347  00001fec  001ee820	add	r29,r0,r30
 1348  00001ff0  8fdefffc	lw	r30,-4(r30)
 1349  00001ff4  4be00000	jr	r31
 1350  00001ff8  54000000	nop
 1351  00001ffc          	.endproc _dmindex
 1352  00001ffc          	.align 2
 1353  00001ffc          	.proc _dindex
 1354  00001ffc          	.global _dindex
 1355  00001ffc          	_dindex:
 1356                      ;  Function 'dindex'; 0 bytes of locals, 1 regs to save.
 1357  00001ffc  afbefffc	sw	-4(r29),r30; push fp
 1358  00002000  001df020	add	r30,r0,r29; fp = sp
 1359  00002004  afbffff8	sw	-8(r29),r31; push ret addr
 1360  00002008  2fbd0010	subui	r29,r29,#16; alloc local storage
 1361  0000200c  afa20000	sw	0(r29),r2
 1362  00002010  54000000	nop
 1363  00002014          	L55_LF2:
 1364  00002014  8fc10000	lw	r1,(r30)
 1365  00002018  90220000	lbu	r2,(r1)
 1366  0000201c  64410000	snei	r1,r2,#0
 1367  00002020  1420000c	bnez	r1,L57_LF2
 1368  00002024  54000000	nop; delay slot nop
 1369  00002028  08000040	j	L56_LF2
 1370  0000202c  54000000	nop; delay slot nop
 1371  00002030          	L57_LF2:
 1372  00002030  8fc10000	lw	r1,(r30)
 1373  00002034  90220000	lbu	r2,(r1)
 1374  00002038  8fc10004	lw	r1,4(r30)
 1375  0000203c  00411028	seq	r2,r2,r1
 1376  00002040  10400010	beqz	r2,L58_LF2
 1377  00002044  54000000	nop; delay slot nop
 1378  00002048  8fc10000	lw	r1,(r30)
 1379  0000204c  08000028	j	L54_LF2
 1380  00002050  54000000	nop; delay slot nop
 1381  00002054          	L58_LF2:
 1382  00002054  8fc20000	lw	r2,(r30)
 1383  00002058  20410001	addi	r1,r2,#1
 1384  0000205c  00011020	add	r2,r0,r1
 1385  00002060  afc20000	sw	(r30),r2
 1386  00002064  0bffffac	j	L55_LF2
 1387  00002068  54000000	nop; delay slot nop
 1388  0000206c          	L56_LF2:
 1389  0000206c  20010000	addi	r1,r0,#0
 1390  00002070  08000004	j	L54_LF2
 1391  00002074  54000000	nop; delay slot nop
 1392  00002078          	L54_LF2:
 1393  00002078  8fa20000	lw	r2,0(r29)
 1394  0000207c  8fdffff8	lw	r31,-8(r30)
 1395  00002080  001ee820	add	r29,r0,r30
 1396  00002084  8fdefffc	lw	r30,-4(r30)
 1397  00002088  4be00000	jr	r31
 1398  0000208c  54000000	nop
 1399  00002090          	.endproc _dindex
 1400  00002090          	.align 2
 1401  00002090          	.proc _ditoa
 1402  00002090          	.global _ditoa
 1403  00002090          	_ditoa:
 1404                      ;  Function 'ditoa'; 8 bytes of locals, 2 regs to save.
 1405  00002090  afbefffc	sw	-4(r29),r30; push fp
 1406  00002094  001df020	add	r30,r0,r29; fp = sp
 1407  00002098  afbffff8	sw	-8(r29),r31; push ret addr
 1408  0000209c  2fbd0018	subui	r29,r29,#24; alloc local storage
 1409  000020a0  afa20000	sw	0(r29),r2
 1410  000020a4  afa30004	sw	4(r29),r3
 1411  000020a8  8fc10000	lw	r1,(r30)
 1412  000020ac  68220000	slti	r2,r1,#0
 1413  000020b0  1040002c	beqz	r2,L60_LF2
 1414  000020b4  54000000	nop; delay slot nop
 1415  000020b8  8fc10004	lw	r1,4(r30)
 1416  000020bc  20220001	addi	r2,r1,#1
 1417  000020c0  afc20004	sw	4(r30),r2
 1418  000020c4  2002002d	addi	r2,r0,(#0x2d)&0xff
 1419  000020c8  a0220000	sb	(r1),r2
 1420  000020cc  8fc10000	lw	r1,(r30)
 1421  000020d0  00011022	sub	r2,r0,r1
 1422  000020d4  afc20000	sw	(r30),r2
 1423  000020d8  08000118	j	L61_LF2
 1424  000020dc  54000000	nop; delay slot nop
 1425  000020e0          	L60_LF2:
 1426  000020e0  8fc10000	lw	r1,(r30)
 1427  000020e4  64220000	snei	r2,r1,#0
 1428  000020e8  14400020	bnez	r2,L62_LF2
 1429  000020ec  54000000	nop; delay slot nop
 1430  000020f0  8fc10004	lw	r1,4(r30)
 1431  000020f4  20220001	addi	r2,r1,#1
 1432  000020f8  afc20004	sw	4(r30),r2
 1433  000020fc  20020030	addi	r2,r0,(#0x30)&0xff
 1434  00002100  a0220000	sb	(r1),r2
 1435  00002104  080000ec	j	L61_LF2
 1436  00002108  54000000	nop; delay slot nop
 1437  0000210c          	L62_LF2:
 1438  0000210c  20010001	addi	r1,r0,#1
 1439  00002110  afc1fff4	sw	-12(r30),r1
 1440  00002114          	L64_LF2:
 1441  00002114  8fc1fff4	lw	r1,-12(r30)
 1442  00002118  8fc20000	lw	r2,(r30)
 1443  0000211c  0022082c	sle	r1,r1,r2
 1444  00002120  1420000c	bnez	r1,L66_LF2
 1445  00002124  54000000	nop; delay slot nop
 1446  00002128  08000024	j	L65_LF2
 1447  0000212c  54000000	nop; delay slot nop
 1448  00002130          	L67_LF2:
 1449  00002130          	L66_LF2:
 1450  00002130  8fc1fff4	lw	r1,-12(r30)
 1451  00002134  00011820	add	r3,r0,r1
 1452  00002138  50620002	slli	r2,r3,#0x2
 1453  0000213c  00411020	add	r2,r2,r1
 1454  00002140  50410001	slli	r1,r2,#0x1
 1455  00002144  afc1fff4	sw	-12(r30),r1
 1456  00002148  0bffffc8	j	L64_LF2
 1457  0000214c  54000000	nop; delay slot nop
 1458  00002150          	L65_LF2:
 1459  00002150  54000000	nop
 1460  00002154          	L68_LF2:
 1461  00002154  8fc1fff4	lw	r1,-12(r30)
 1462  00002158  2002000a	addi	r2,r0,#10
 1463  0000215c  00200035	movi2fp	f0,r1
 1464  00002160  00400835	movi2fp	f1,r2
 1465  00002164  0401000f	div	f0,f0,f1
 1466  00002168  00000834	movfp2i	r1,f0
 1467  0000216c  afc1fff4	sw	-12(r30),r1
 1468  00002170  8fc10004	lw	r1,4(r30)
 1469  00002174  20220001	addi	r2,r1,#1
 1470  00002178  afc20004	sw	4(r30),r2
 1471  0000217c  8fc20000	lw	r2,(r30)
 1472  00002180  8fc3fff4	lw	r3,-12(r30)
 1473  00002184  00400035	movi2fp	f0,r2
 1474  00002188  00600835	movi2fp	f1,r3
 1475  0000218c  0401000f	div	f0,f0,f1
 1476  00002190  00001034	movfp2i	r2,f0
 1477  00002194  00021820	add	r3,r0,r2
 1478  00002198  20620030	addi	r2,r3,#48
 1479  0000219c  a0220000	sb	(r1),r2
 1480  000021a0  8fc10000	lw	r1,(r30)
 1481  000021a4  8fc3fff4	lw	r3,-12(r30)
 1482  000021a8  00200035	movi2fp	f0,r1
 1483  000021ac  00600835	movi2fp	f1,r3
 1484  000021b0  0401000f	div	f0,f0,f1
 1485  000021b4  00001034	movfp2i	r2,f0
 1486  000021b8  8fc3fff4	lw	r3,-12(r30)
 1487  000021bc  00400035	movi2fp	f0,r2
 1488  000021c0  00600835	movi2fp	f1,r3
 1489  000021c4  0401000e	mult	f0,f0,f1
 1490  000021c8  00001034	movfp2i	r2,f0
 1491  000021cc  00220822	sub	r1,r1,r2
 1492  000021d0  afc10000	sw	(r30),r1
 1493  000021d4          	L70_LF2:
 1494  000021d4  8fc1fff4	lw	r1,-12(r30)
 1495  000021d8  6c220001	sgti	r2,r1,#1
 1496  000021dc  1440000c	bnez	r2,L71_LF2
 1497  000021e0  54000000	nop; delay slot nop
 1498  000021e4  0800000c	j	L61_LF2
 1499  000021e8  54000000	nop; delay slot nop
 1500  000021ec          	L71_LF2:
 1501  000021ec  0bffff64	j	L68_LF2
 1502  000021f0  54000000	nop; delay slot nop
 1503  000021f4          	L69_LF2:
 1504  000021f4          	L63_LF2:
 1505  000021f4          	L61_LF2:
 1506  000021f4  8fc10004	lw	r1,4(r30)
 1507  000021f8  20020000	addi	r2,r0,(#0x0)&0xff
 1508  000021fc  a0220000	sb	(r1),r2
 1509  00002200          	L59_LF2:
 1510  00002200  8fa20000	lw	r2,0(r29)
 1511  00002204  8fa30004	lw	r3,4(r29)
 1512  00002208  8fdffff8	lw	r31,-8(r30)
 1513  0000220c  001ee820	add	r29,r0,r30
 1514  00002210  8fdefffc	lw	r30,-4(r30)
 1515  00002214  4be00000	jr	r31
 1516  00002218  54000000	nop
 1517  0000221c          	.endproc _ditoa
 1518  0000221c          	.align 2
 1519  0000221c          	.proc _dstrtol
 1520  0000221c          	.global _dstrtol
 1521  0000221c          	_dstrtol:
 1522                      ;  Function 'dstrtol'; 16 bytes of locals, 1 regs to save.
 1523  0000221c  afbefffc	sw	-4(r29),r30; push fp
 1524  00002220  001df020	add	r30,r0,r29; fp = sp
 1525  00002224  afbffff8	sw	-8(r29),r31; push ret addr
 1526  00002228  2fbd0020	subui	r29,r29,#32; alloc local storage
 1527  0000222c  afa20000	sw	0(r29),r2
 1528  00002230  20010000	addi	r1,r0,#0
 1529  00002234  afc1fff4	sw	-12(r30),r1
 1530  00002238          	L73_LF2:
 1531  00002238  8fc10000	lw	r1,(r30)
 1532  0000223c  90220000	lbu	r2,(r1)
 1533  00002240  60410020	seqi	r1,r2,#32
 1534  00002244  14200034	bnez	r1,L75_LF2
 1535  00002248  54000000	nop; delay slot nop
 1536  0000224c  8fc10000	lw	r1,(r30)
 1537  00002250  90220000	lbu	r2,(r1)
 1538  00002254  60410009	seqi	r1,r2,#9
 1539  00002258  14200020	bnez	r1,L75_LF2
 1540  0000225c  54000000	nop; delay slot nop
 1541  00002260  8fc10000	lw	r1,(r30)
 1542  00002264  90220000	lbu	r2,(r1)
 1543  00002268  6041000a	seqi	r1,r2,#10
 1544  0000226c  1420000c	bnez	r1,L75_LF2
 1545  00002270  54000000	nop; delay slot nop
 1546  00002274  0800001c	j	L74_LF2
 1547  00002278  54000000	nop; delay slot nop
 1548  0000227c          	L75_LF2:
 1549  0000227c  8fc20000	lw	r2,(r30)
 1550  00002280  20410001	addi	r1,r2,#1
 1551  00002284  00011020	add	r2,r0,r1
 1552  00002288  afc20000	sw	(r30),r2
 1553  0000228c  0bffffa8	j	L73_LF2
 1554  00002290  54000000	nop; delay slot nop
 1555  00002294          	L74_LF2:
 1556  00002294  8fc10004	lw	r1,4(r30)
 1557  00002298  64220000	snei	r2,r1,#0
 1558  0000229c  10400010	beqz	r2,L76_LF2
 1559  000022a0  54000000	nop; delay slot nop
 1560  000022a4  8fc10004	lw	r1,4(r30)
 1561  000022a8  8fc20000	lw	r2,(r30)
 1562  000022ac  ac220000	sw	(r1),r2
 1563  000022b0          	L76_LF2:
 1564  000022b0  8fc10000	lw	r1,(r30)
 1565  000022b4  90220000	lbu	r2,(r1)
 1566  000022b8  64410000	snei	r1,r2,#0
 1567  000022bc  14200010	bnez	r1,L77_LF2
 1568  000022c0  54000000	nop; delay slot nop
 1569  000022c4  8fc1fff4	lw	r1,-12(r30)
 1570  000022c8  08000294	j	L72_LF2
 1571  000022cc  54000000	nop; delay slot nop
 1572  000022d0          	L77_LF2:
 1573  000022d0  8fc10000	lw	r1,(r30)
 1574  000022d4  90220000	lbu	r2,(r1)
 1575  000022d8  6041002d	seqi	r1,r2,#45
 1576  000022dc  10200024	beqz	r1,L78_LF2
 1577  000022e0  54000000	nop; delay slot nop
 1578  000022e4  2001ffff	addi	r1,r0,#-1
 1579  000022e8  afc1ffec	sw	-20(r30),r1
 1580  000022ec  8fc20000	lw	r2,(r30)
 1581  000022f0  20410001	addi	r1,r2,#1
 1582  000022f4  00011020	add	r2,r0,r1
 1583  000022f8  afc20000	sw	(r30),r2
 1584  000022fc  0800000c	j	L79_LF2
 1585  00002300  54000000	nop; delay slot nop
 1586  00002304          	L78_LF2:
 1587  00002304  20010001	addi	r1,r0,#1
 1588  00002308  afc1ffec	sw	-20(r30),r1
 1589  0000230c          	L79_LF2:
 1590  0000230c  8fc10008	lw	r1,8(r30)
 1591  00002310  64220000	snei	r2,r1,#0
 1592  00002314  14400090	bnez	r2,L80_LF2
 1593  00002318  54000000	nop; delay slot nop
 1594  0000231c  8fc10000	lw	r1,(r30)
 1595  00002320  90220000	lbu	r2,(r1)
 1596  00002324  60410030	seqi	r1,r2,#48
 1597  00002328  10200074	beqz	r1,L81_LF2
 1598  0000232c  54000000	nop; delay slot nop
 1599  00002330  8fc20000	lw	r2,(r30)
 1600  00002334  20410001	addi	r1,r2,#1
 1601  00002338  00011020	add	r2,r0,r1
 1602  0000233c  afc20000	sw	(r30),r2
 1603  00002340  8fc10000	lw	r1,(r30)
 1604  00002344  90220000	lbu	r2,(r1)
 1605  00002348  60410078	seqi	r1,r2,#120
 1606  0000234c  14200020	bnez	r1,L83_LF2
 1607  00002350  54000000	nop; delay slot nop
 1608  00002354  8fc10000	lw	r1,(r30)
 1609  00002358  90220000	lbu	r2,(r1)
 1610  0000235c  60410058	seqi	r1,r2,#88
 1611  00002360  1420000c	bnez	r1,L83_LF2
 1612  00002364  54000000	nop; delay slot nop
 1613  00002368  08000024	j	L82_LF2
 1614  0000236c  54000000	nop; delay slot nop
 1615  00002370          	L83_LF2:
 1616  00002370  20010010	addi	r1,r0,#16
 1617  00002374  afc10008	sw	8(r30),r1
 1618  00002378  8fc20000	lw	r2,(r30)
 1619  0000237c  20410001	addi	r1,r2,#1
 1620  00002380  00011020	add	r2,r0,r1
 1621  00002384  afc20000	sw	(r30),r2
 1622  00002388  0800000c	j	L84_LF2
 1623  0000238c  54000000	nop; delay slot nop
 1624  00002390          	L82_LF2:
 1625  00002390  20010008	addi	r1,r0,#8
 1626  00002394  afc10008	sw	8(r30),r1
 1627  00002398          	L84_LF2:
 1628  00002398  0800000c	j	L80_LF2
 1629  0000239c  54000000	nop; delay slot nop
 1630  000023a0          	L81_LF2:
 1631  000023a0  2001000a	addi	r1,r0,#10
 1632  000023a4  afc10008	sw	8(r30),r1
 1633  000023a8          	L85_LF2:
 1634  000023a8          	L80_LF2:
 1635  000023a8  8fc10008	lw	r1,8(r30)
 1636  000023ac  70220000	slei	r2,r1,#0
 1637  000023b0  1440001c	bnez	r2,L87_LF2
 1638  000023b4  54000000	nop; delay slot nop
 1639  000023b8  8fc10008	lw	r1,8(r30)
 1640  000023bc  6c220010	sgti	r2,r1,#16
 1641  000023c0  1440000c	bnez	r2,L87_LF2
 1642  000023c4  54000000	nop; delay slot nop
 1643  000023c8  08000010	j	L86_LF2
 1644  000023cc  54000000	nop; delay slot nop
 1645  000023d0          	L87_LF2:
 1646  000023d0  8fc1fff4	lw	r1,-12(r30)
 1647  000023d4  08000188	j	L72_LF2
 1648  000023d8  54000000	nop; delay slot nop
 1649  000023dc          	L86_LF2:
 1650  000023dc  54000000	nop
 1651  000023e0          	L88_LF2:
 1652  000023e0  8fc10000	lw	r1,(r30)
 1653  000023e4  90220000	lbu	r2,(r1)
 1654  000023e8  6c41002f	sgtui	r1,r2,#47
 1655  000023ec  10200030	beqz	r1,L91_LF2
 1656  000023f0  54000000	nop; delay slot nop
 1657  000023f4  8fc10000	lw	r1,(r30)
 1658  000023f8  90220000	lbu	r2,(r1)
 1659  000023fc  70410039	sleui	r1,r2,#57
 1660  00002400  1020001c	beqz	r1,L91_LF2
 1661  00002404  54000000	nop; delay slot nop
 1662  00002408  8fc10000	lw	r1,(r30)
 1663  0000240c  90220000	lbu	r2,(r1)
 1664  00002410  2041ffd0	addi	r1,r2,#-48
 1665  00002414  afc1fff0	sw	-16(r30),r1
 1666  00002418  0800008c	j	L92_LF2
 1667  0000241c  54000000	nop; delay slot nop
 1668  00002420          	L91_LF2:
 1669  00002420  8fc10000	lw	r1,(r30)
 1670  00002424  90220000	lbu	r2,(r1)
 1671  00002428  6c410060	sgtui	r1,r2,#96
 1672  0000242c  10200030	beqz	r1,L93_LF2
 1673  00002430  54000000	nop; delay slot nop
 1674  00002434  8fc10000	lw	r1,(r30)
 1675  00002438  90220000	lbu	r2,(r1)
 1676  0000243c  7041007a	sleui	r1,r2,#122
 1677  00002440  1020001c	beqz	r1,L93_LF2
 1678  00002444  54000000	nop; delay slot nop
 1679  00002448  8fc10000	lw	r1,(r30)
 1680  0000244c  90220000	lbu	r2,(r1)
 1681  00002450  2041ffa9	addi	r1,r2,#-87
 1682  00002454  afc1fff0	sw	-16(r30),r1
 1683  00002458  0800004c	j	L92_LF2
 1684  0000245c  54000000	nop; delay slot nop
 1685  00002460          	L93_LF2:
 1686  00002460  8fc10000	lw	r1,(r30)
 1687  00002464  90220000	lbu	r2,(r1)
 1688  00002468  6c410040	sgtui	r1,r2,#64
 1689  0000246c  10200030	beqz	r1,L95_LF2
 1690  00002470  54000000	nop; delay slot nop
 1691  00002474  8fc10000	lw	r1,(r30)
 1692  00002478  90220000	lbu	r2,(r1)
 1693  0000247c  7041005a	sleui	r1,r2,#90
 1694  00002480  1020001c	beqz	r1,L95_LF2
 1695  00002484  54000000	nop; delay slot nop
 1696  00002488  8fc10000	lw	r1,(r30)
 1697  0000248c  90220000	lbu	r2,(r1)
 1698  00002490  2041ffc9	addi	r1,r2,#-55
 1699  00002494  afc1fff0	sw	-16(r30),r1
 1700  00002498  0800000c	j	L92_LF2
 1701  0000249c  54000000	nop; delay slot nop
 1702  000024a0          	L95_LF2:
 1703  000024a0  200103e8	addi	r1,r0,#1000
 1704  000024a4  afc1fff0	sw	-16(r30),r1
 1705  000024a8          	L96_LF2:
 1706  000024a8          	L94_LF2:
 1707  000024a8          	L92_LF2:
 1708  000024a8  8fc1fff0	lw	r1,-16(r30)
 1709  000024ac  8fc20008	lw	r2,8(r30)
 1710  000024b0  0022082a	slt	r1,r1,r2
 1711  000024b4  10200040	beqz	r1,L90_LF2
 1712  000024b8  54000000	nop; delay slot nop
 1713  000024bc  8fc1fff4	lw	r1,-12(r30)
 1714  000024c0  8fc20008	lw	r2,8(r30)
 1715  000024c4  00200035	movi2fp	f0,r1
 1716  000024c8  00400835	movi2fp	f1,r2
 1717  000024cc  0401000e	mult	f0,f0,f1
 1718  000024d0  00000834	movfp2i	r1,f0
 1719  000024d4  afc1fff4	sw	-12(r30),r1
 1720  000024d8  8fc1fff4	lw	r1,-12(r30)
 1721  000024dc  8fc2fff0	lw	r2,-16(r30)
 1722  000024e0  00220820	add	r1,r1,r2
 1723  000024e4  afc1fff4	sw	-12(r30),r1
 1724  000024e8  8fc20000	lw	r2,(r30)
 1725  000024ec  20410001	addi	r1,r2,#1
 1726  000024f0  00011020	add	r2,r0,r1
 1727  000024f4  afc20000	sw	(r30),r2
 1728  000024f8          	L97_LF2:
 1729  000024f8          	L90_LF2:
 1730  000024f8  8fc1fff0	lw	r1,-16(r30)
 1731  000024fc  8fc20008	lw	r2,8(r30)
 1732  00002500  0022082a	slt	r1,r1,r2
 1733  00002504  1420000c	bnez	r1,L98_LF2
 1734  00002508  54000000	nop; delay slot nop
 1735  0000250c  0800000c	j	L89_LF2
 1736  00002510  54000000	nop; delay slot nop
 1737  00002514          	L98_LF2:
 1738  00002514  0bfffec8	j	L88_LF2
 1739  00002518  54000000	nop; delay slot nop
 1740  0000251c          	L89_LF2:
 1741  0000251c  8fc10004	lw	r1,4(r30)
 1742  00002520  64220000	snei	r2,r1,#0
 1743  00002524  10400010	beqz	r2,L99_LF2
 1744  00002528  54000000	nop; delay slot nop
 1745  0000252c  8fc10004	lw	r1,4(r30)
 1746  00002530  8fc20000	lw	r2,(r30)
 1747  00002534  ac220000	sw	(r1),r2
 1748  00002538          	L99_LF2:
 1749  00002538  8fc1fff4	lw	r1,-12(r30)
 1750  0000253c  8fc2ffec	lw	r2,-20(r30)
 1751  00002540  00200035	movi2fp	f0,r1
 1752  00002544  00400835	movi2fp	f1,r2
 1753  00002548  0401000e	mult	f0,f0,f1
 1754  0000254c  00000834	movfp2i	r1,f0
 1755  00002550  afc1fff4	sw	-12(r30),r1
 1756  00002554  8fc1fff4	lw	r1,-12(r30)
 1757  00002558  08000004	j	L72_LF2
 1758  0000255c  54000000	nop; delay slot nop
 1759  00002560          	L72_LF2:
 1760  00002560  8fa20000	lw	r2,0(r29)
 1761  00002564  8fdffff8	lw	r31,-8(r30)
 1762  00002568  001ee820	add	r29,r0,r30
 1763  0000256c  8fdefffc	lw	r30,-4(r30)
 1764  00002570  4be00000	jr	r31
 1765  00002574  54000000	nop
 1766  00002578          	.endproc _dstrtol
 1767  00002578          	.align 2
 1768  00002578          	.proc _bcopy
 1769  00002578          	.global _bcopy
 1770  00002578          	_bcopy:
 1771                      ;  Function 'bcopy'; 0 bytes of locals, 2 regs to save.
 1772  00002578  afbefffc	sw	-4(r29),r30; push fp
 1773  0000257c  001df020	add	r30,r0,r29; fp = sp
 1774  00002580  afbffff8	sw	-8(r29),r31; push ret addr
 1775  00002584  2fbd0010	subui	r29,r29,#16; alloc local storage
 1776  00002588  afa20000	sw	0(r29),r2
 1777  0000258c  afa30004	sw	4(r29),r3
 1778  00002590  54000000	nop
 1779  00002594          	L101_LF2:
 1780  00002594  8fc10008	lw	r1,8(r30)
 1781  00002598  2022ffff	addi	r2,r1,#-1
 1782  0000259c  afc20008	sw	8(r30),r2
 1783  000025a0  6c210000	sgti	r1,r1,#0
 1784  000025a4  1420000c	bnez	r1,L103_LF2
 1785  000025a8  54000000	nop; delay slot nop
 1786  000025ac  0800002c	j	L102_LF2
 1787  000025b0  54000000	nop; delay slot nop
 1788  000025b4          	L103_LF2:
 1789  000025b4  8fc10004	lw	r1,4(r30)
 1790  000025b8  20220001	addi	r2,r1,#1
 1791  000025bc  afc20004	sw	4(r30),r2
 1792  000025c0  8fc20000	lw	r2,(r30)
 1793  000025c4  20430001	addi	r3,r2,#1
 1794  000025c8  afc30000	sw	(r30),r3
 1795  000025cc  80420000	lb	r2,(r2)
 1796  000025d0  a0220000	sb	(r1),r2
 1797  000025d4  0bffffbc	j	L101_LF2
 1798  000025d8  54000000	nop; delay slot nop
 1799  000025dc          	L102_LF2:
 1800  000025dc          	L100_LF2:
 1801  000025dc  8fa20000	lw	r2,0(r29)
 1802  000025e0  8fa30004	lw	r3,4(r29)
 1803  000025e4  8fdffff8	lw	r31,-8(r30)
 1804  000025e8  001ee820	add	r29,r0,r30
 1805  000025ec  8fdefffc	lw	r30,-4(r30)
 1806  000025f0  4be00000	jr	r31
 1807  000025f4  54000000	nop
 1808  000025f8          	.endproc _bcopy
 1809  000025f8          	.align 2
 1810  000025f8          	.proc _bzero
 1811  000025f8          	.global _bzero
 1812  000025f8          	_bzero:
 1813                      ;  Function 'bzero'; 0 bytes of locals, 1 regs to save.
 1814  000025f8  afbefffc	sw	-4(r29),r30; push fp
 1815  000025fc  001df020	add	r30,r0,r29; fp = sp
 1816  00002600  afbffff8	sw	-8(r29),r31; push ret addr
 1817  00002604  2fbd0010	subui	r29,r29,#16; alloc local storage
 1818  00002608  afa20000	sw	0(r29),r2
 1819  0000260c  54000000	nop
 1820  00002610          	L105_LF2:
 1821  00002610  8fc10004	lw	r1,4(r30)
 1822  00002614  2022ffff	addi	r2,r1,#-1
 1823  00002618  afc20004	sw	4(r30),r2
 1824  0000261c  6c210000	sgti	r1,r1,#0
 1825  00002620  1420000c	bnez	r1,L107_LF2
 1826  00002624  54000000	nop; delay slot nop
 1827  00002628  08000020	j	L106_LF2
 1828  0000262c  54000000	nop; delay slot nop
 1829  00002630          	L107_LF2:
 1830  00002630  8fc10000	lw	r1,(r30)
 1831  00002634  20220001	addi	r2,r1,#1
 1832  00002638  afc20000	sw	(r30),r2
 1833  0000263c  20020000	addi	r2,r0,(#0x0)&0xff
 1834  00002640  a0220000	sb	(r1),r2
 1835  00002644  0bffffc8	j	L105_LF2
 1836  00002648  54000000	nop; delay slot nop
 1837  0000264c          	L106_LF2:
 1838  0000264c          	L104_LF2:
 1839  0000264c  8fa20000	lw	r2,0(r29)
 1840  00002650  8fdffff8	lw	r31,-8(r30)
 1841  00002654  001ee820	add	r29,r0,r30
 1842  00002658  8fdefffc	lw	r30,-4(r30)
 1843  0000265c  4be00000	jr	r31
 1844  00002660  54000000	nop
 1845  00002664          	.endproc _bzero
 1846  00002664          	.align 2
 1847  00002664          	.proc _min
 1848  00002664          	.global _min
 1849  00002664          	_min:
 1850                      ;  Function 'min'; 0 bytes of locals, 2 regs to save.
 1851  00002664  afbefffc	sw	-4(r29),r30; push fp
 1852  00002668  001df020	add	r30,r0,r29; fp = sp
 1853  0000266c  afbffff8	sw	-8(r29),r31; push ret addr
 1854  00002670  2fbd0010	subui	r29,r29,#16; alloc local storage
 1855  00002674  afa20000	sw	0(r29),r2
 1856  00002678  afa30004	sw	4(r29),r3
 1857  0000267c  8fc10000	lw	r1,(r30)
 1858  00002680  8fc20004	lw	r2,4(r30)
 1859  00002684  0022182c	sle	r3,r1,r2
 1860  00002688  14600008	bnez	r3,L109_LF2
 1861  0000268c  54000000	nop; delay slot nop
 1862  00002690  8fc10004	lw	r1,4(r30)
 1863  00002694          	L109_LF2:
 1864  00002694  08000004	j	L108_LF2
 1865  00002698  54000000	nop; delay slot nop
 1866  0000269c          	L108_LF2:
 1867  0000269c  8fa20000	lw	r2,0(r29)
 1868  000026a0  8fa30004	lw	r3,4(r29)
 1869  000026a4  8fdffff8	lw	r31,-8(r30)
 1870  000026a8  001ee820	add	r29,r0,r30
 1871  000026ac  8fdefffc	lw	r30,-4(r30)
 1872  000026b0  4be00000	jr	r31
 1873  000026b4  54000000	nop
 1874  000026b8          	.endproc _min
 1875                      ;;; Ethan L. Miller, 1999.  Released to the public domain
 1876                      ;;;
 1877                      ;;; Most of the traps are called in files from libtraps.
 1880  000026b8          	.align 2
 1881  000026b8          	.proc _exit
 1882  000026b8          	.global _exit
 1883  000026b8          	_exit:
 1884  000026b8  44000300	trap	#0x300
 1885  000026bc  4be00000	jr	r31
 1886  000026c0  54000000	nop
 1887  000026c4          	.endproc _exit
 1889                      ; for the benefit of gcc.
 1890  000026c4          	.proc ___main
 1891  000026c4          	.global ___main
 1892  000026c4          	___main:
 1893  000026c4  4be00000	jr	r31
 1894  000026c8  54000000	nop
 1895  000026cc          	.endproc ___main
 1896  000026cc          	.text
 1897  000026cc          	.global _etext
 1898  000026cc          	_etext:
 1899  000026cc          	.align 3
 1900  000026d0          	.data
 1901  00003180          	.global _edata
 1902  00003180          	_edata:
