 line   address	contents
    1                      ; Linked by DLX-LD.
    2                      ; MemSize 24576
    3                      ; Data size: 422
    4                      ; Text size: 5084
    5                      ; Stack size: 8192
    6  00000000          	.text 0x1000
    7  00001000          	.data 0x3000
    8                      ; Compiled by GCC
    9  00003000          	.text
   10  00001000          	.align 2
   11  00001000          	.proc _isspace
   12  00001000          	.global _isspace
   13  00001000          	_isspace:
   14                      ;  Function 'isspace'; 0 bytes of locals, 1 regs to save.
   15  00001000  afbefffc	sw	-4(r29),r30; push fp
   16  00001004  001df020	add	r30,r0,r29; fp = sp
   17  00001008  afbffff8	sw	-8(r29),r31; push ret addr
   18  0000100c  2fbd0010	subui	r29,r29,#16; alloc local storage
   19  00001010  afa20000	sw	0(r29),r2
   20  00001014  83c20003	lb	r2,3(r30)
   21  00001018  201f0000	addi	r31,r0,#0
   22  0000101c  304100ff	andi	r1,r2,#0x00ff
   23  00001020  60210020	seqi	r1,r1,#32
   24  00001024  14200018	bnez	r1,L6_LF0
   25  00001028  54000000	nop; not filled.
   26  0000102c  2041fff7	addi	r1,r2,#-9
   27  00001030  302100ff	andi	r1,r1,#0x00ff
   28  00001034  70210001	sleui	r1,r1,#1
   29  00001038  10200008	beqz	r1,L5_LF0
   30  0000103c  54000000	nop; not filled.
   31  00001040          	L6_LF0:
   32  00001040  201f0001	addi	r31,r0,#1
   33  00001044          	L5_LF0:
   34  00001044  001f0820	add	r1,r0,r31
   35  00001048  8fa20000	lw	r2,0(r29)
   36  0000104c  8fdffff8	lw	r31,-8(r30)
   37  00001050  001ee820	add	r29,r0,r30
   38  00001054  8fdefffc	lw	r30,-4(r30)
   39  00001058  4be00000	jr	r31
   40  0000105c  54000000	nop
   41  00001060          	.endproc _isspace
   42  00001060          	.align 2
   43  00001060          	.proc _isxdigit
   44  00001060          	.global _isxdigit
   45  00001060          	_isxdigit:
   46                      ;  Function 'isxdigit'; 0 bytes of locals, 1 regs to save.
   47  00001060  afbefffc	sw	-4(r29),r30; push fp
   48  00001064  001df020	add	r30,r0,r29; fp = sp
   49  00001068  afbffff8	sw	-8(r29),r31; push ret addr
   50  0000106c  2fbd0010	subui	r29,r29,#16; alloc local storage
   51  00001070  afa20000	sw	0(r29),r2
   52  00001074  83df0003	lb	r31,3(r30)
   53  00001078  20020000	addi	r2,r0,#0
   54  0000107c  23e1ffd0	addi	r1,r31,#-48
   55  00001080  302100ff	andi	r1,r1,#0x00ff
   56  00001084  70210009	sleui	r1,r1,#9
   57  00001088  14200028	bnez	r1,L12_LF0
   58  0000108c  54000000	nop; not filled.
   59  00001090  23e1ff9f	addi	r1,r31,#-97
   60  00001094  302100ff	andi	r1,r1,#0x00ff
   61  00001098  70210005	sleui	r1,r1,#5
   62  0000109c  14200014	bnez	r1,L12_LF0
   63  000010a0  54000000	nop; not filled.
   64  000010a4  33e100ff	andi	r1,r31,#0x00ff
   65  000010a8  64210041	snei	r1,r1,#65
   66  000010ac  14200008	bnez	r1,L11_LF0
   67  000010b0  54000000	nop; not filled.
   68  000010b4          	L12_LF0:
   69  000010b4  20020001	addi	r2,r0,#1
   70  000010b8          	L11_LF0:
   71  000010b8  00020820	add	r1,r0,r2
   72  000010bc  8fa20000	lw	r2,0(r29)
   73  000010c0  8fdffff8	lw	r31,-8(r30)
   74  000010c4  001ee820	add	r29,r0,r30
   75  000010c8  8fdefffc	lw	r30,-4(r30)
   76  000010cc  4be00000	jr	r31
   77  000010d0  54000000	nop
   78  000010d4          	.endproc _isxdigit
   79  000010d4          	.data
   80  00003000          	.align 2
   81  00003000          	LC0_LF0:
   82  00003000  55736167	.ascii "Usage: %s <handle_to_mbox_H2O><handle_to_mbox_H2><handle_to_mbox_O2> <"
   82  00003004  653a2025	
   82  00003008  73203c68	
   82  0000300c  616e646c	
   82  00003010  655f746f	
   82  00003014  5f6d626f	
   82  00003018  785f4832	
   82  0000301c  4f3e3c68	
   82  00003020  616e646c	
   82  00003024  655f746f	
   82  00003028  5f6d626f	
   82  0000302c  785f4832	
   82  00003030  3e3c6861	
   82  00003034  6e646c65	
   82  00003038  5f746f5f	
   82  0000303c  6d626f78	
   82  00003040  5f4f323e	
   82  00003044  203c    	
   83  00003046  68616e64	.ascii "handle_to_page_mapped_semaphore>\n\000"
   83  0000304a  6c655f74	
   83  0000304e  6f5f7061	
   83  00003052  67655f6d	
   83  00003056  61707065	
   83  0000305a  645f7365	
   83  0000305e  6d617068	
   83  00003062  6f72653e	
   83  00003066  0a00    	
   84  00003068          	.align 2
   85  00003068          	LC1_LF0:
   86  00003068  73706177	.ascii "spawn_me (%d): Could not open the mbox_H2O!\n\000"
   86  0000306c  6e5f6d65	
   86  00003070  20282564	
   86  00003074  293a2043	
   86  00003078  6f756c64	
   86  0000307c  206e6f74	
   86  00003080  206f7065	
   86  00003084  6e207468	
   86  00003088  65206d62	
   86  0000308c  6f785f48	
   86  00003090  324f210a	
   86  00003094  00      	
   87  00003095          	.align 2
   88  00003098          	LC2_LF0:
   89  00003098  73706177	.ascii "spawn_me (%d): Could not open the mbox_H2!\n\000"
   89  0000309c  6e5f6d65	
   89  000030a0  20282564	
   89  000030a4  293a2043	
   89  000030a8  6f756c64	
   89  000030ac  206e6f74	
   89  000030b0  206f7065	
   89  000030b4  6e207468	
   89  000030b8  65206d62	
   89  000030bc  6f785f48	
   89  000030c0  32210a00	
   90  000030c4          	.align 2
   91  000030c4          	LC3_LF0:
   92  000030c4  73706177	.ascii "spawn_me (%d): Could not open the mbox_O2!\n\000"
   92  000030c8  6e5f6d65	
   92  000030cc  20282564	
   92  000030d0  293a2043	
   92  000030d4  6f756c64	
   92  000030d8  206e6f74	
   92  000030dc  206f7065	
   92  000030e0  6e207468	
   92  000030e4  65206d62	
   92  000030e8  6f785f4f	
   92  000030ec  32210a00	
   93  000030f0          	.align 2
   94  000030f0          	LC4_LF0:
   95  000030f0  436f756c	.ascii "Could not receive message from mbox_H2O\n\000"
   95  000030f4  64206e6f	
   95  000030f8  74207265	
   95  000030fc  63656976	
   95  00003100  65206d65	
   95  00003104  73736167	
   95  00003108  65206672	
   95  0000310c  6f6d206d	
   95  00003110  626f785f	
   95  00003114  48324f0a	
   95  00003118  00      	
   96  00003119          	.align 2
   97  0000311c          	LC5_LF0:
   98  0000311c  436f756c	.ascii "Could not send message to mbox_H2\n\000"
   98  00003120  64206e6f	
   98  00003124  74207365	
   98  00003128  6e64206d	
   98  0000312c  65737361	
   98  00003130  67652074	
   98  00003134  6f206d62	
   98  00003138  6f785f48	
   98  0000313c  320a00  	
   99  0000313f          	.align 2
  100  00003140          	LC6_LF0:
  101  00003140  20476f74	.ascii " Got 1 H2!\n\000"
  101  00003144  20312048	
  101  00003148  32210a00	
  102  0000314c          	.align 2
  103  0000314c          	LC7_LF0:
  104  0000314c  436f756c	.ascii "Could not send message to mbox_O2\n\000"
  104  00003150  64206e6f	
  104  00003154  74207365	
  104  00003158  6e64206d	
  104  0000315c  65737361	
  104  00003160  67652074	
  104  00003164  6f206d62	
  104  00003168  6f785f4f	
  104  0000316c  320a00  	
  105  0000316f          	.align 2
  106  00003170          	LC8_LF0:
  107  00003170  73706177	.ascii "spawn_me (%d): Bad semaphore s_procs_completed (%d)!\n\000"
  107  00003174  6e5f6d65	
  107  00003178  20282564	
  107  0000317c  293a2042	
  107  00003180  61642073	
  107  00003184  656d6170	
  107  00003188  686f7265	
  107  0000318c  20735f70	
  107  00003190  726f6373	
  107  00003194  5f636f6d	
  107  00003198  706c6574	
  107  0000319c  65642028	
  107  000031a0  25642921	
  107  000031a4  0a00    	
  108  000031a6          	.text
  109  000010d4          	.align 2
  110  000010d4          	.proc _main
  111  000010d4          	.global _main
  112  000010d4          	_main:
  113                      ;  Function 'main'; 8 bytes of locals, 0 regs to save.
  114  000010d4  afbefffc	sw	-4(r29),r30; push fp
  115  000010d8  001df020	add	r30,r0,r29; fp = sp
  116  000010dc  afbffff8	sw	-8(r29),r31; push ret addr
  117  000010e0  2fbd0010	subui	r29,r29,#16; alloc local storage
  118  000010e4  8fc20000	lw	r2,(r30)
  119  000010e8  8fc30004	lw	r3,4(r30)
  120  000010ec  0c0012e4	jal	___main
  121  000010f0  54000000	nop; not filled.
  122  000010f4  64410005	snei	r1,r2,#5
  123  000010f8  10200028	beqz	r1,L14_LF0
  124  000010fc  54000000	nop; not filled.
  125  00001100  23bdfff8	addi	r29,r29,#-8
  126  00001104  3c070000	lhi	r7,((LC0_LF0)>>16)&0xffff
  127  00001108  24e73000	addui	r7,r7,(LC0_LF0)&0xffff
  128  0000110c  afa70000	sw	(r29),r7
  129  00001110  0c000410	jal	_Printf
  130  00001114  54000000	nop; not filled.
  131  00001118  0c000510	jal	_Exit
  132  0000111c  54000000	nop; not filled.
  133  00001120  23bd0008	addi	r29,r29,#8
  134  00001124          	L14_LF0:
  135  00001124  23bdfff0	addi	r29,r29,#-16
  136  00001128  8c670004	lw	r7,4(r3)
  137  0000112c  afa70000	sw	(r29),r7
  138  00001130  20070000	addi	r7,r0,#0
  139  00001134  afa70004	sw	4(r29),r7
  140  00001138  2007000a	addi	r7,r0,#10
  141  0000113c  afa70008	sw	8(r29),r7
  142  00001140  0c000d94	jal	_dstrtol
  143  00001144  54000000	nop; not filled.
  144  00001148  00012020	add	r4,r0,r1
  145  0000114c  8c670008	lw	r7,8(r3)
  146  00001150  afa70000	sw	(r29),r7
  147  00001154  20070000	addi	r7,r0,#0
  148  00001158  afa70004	sw	4(r29),r7
  149  0000115c  2007000a	addi	r7,r0,#10
  150  00001160  afa70008	sw	8(r29),r7
  151  00001164  0c000d70	jal	_dstrtol
  152  00001168  54000000	nop; not filled.
  153  0000116c  00012820	add	r5,r0,r1
  154  00001170  8c67000c	lw	r7,12(r3)
  155  00001174  afa70000	sw	(r29),r7
  156  00001178  20070000	addi	r7,r0,#0
  157  0000117c  afa70004	sw	4(r29),r7
  158  00001180  2007000a	addi	r7,r0,#10
  159  00001184  afa70008	sw	8(r29),r7
  160  00001188  0c000d4c	jal	_dstrtol
  161  0000118c  54000000	nop; not filled.
  162  00001190  00013020	add	r6,r0,r1
  163  00001194  8c630010	lw	r3,16(r3)
  164  00001198  afa30000	sw	(r29),r3
  165  0000119c  20070000	addi	r7,r0,#0
  166  000011a0  afa70004	sw	4(r29),r7
  167  000011a4  2007000a	addi	r7,r0,#10
  168  000011a8  afa70008	sw	8(r29),r7
  169  000011ac  0c000d28	jal	_dstrtol
  170  000011b0  54000000	nop; not filled.
  171  000011b4  00011820	add	r3,r0,r1
  172  000011b8  afa40000	sw	(r29),r4
  173  000011bc  0c000424	jal	_mbox_open
  174  000011c0  54000000	nop; not filled.
  175  000011c4  23bd0010	addi	r29,r29,#16
  176  000011c8  6021ffff	seqi	r1,r1,#-1
  177  000011cc  10200034	beqz	r1,L15_LF0
  178  000011d0  54000000	nop; not filled.
  179  000011d4  0c000358	jal	_getpid
  180  000011d8  54000000	nop; not filled.
  181  000011dc  23bdfff8	addi	r29,r29,#-8
  182  000011e0  3c070000	lhi	r7,((LC1_LF0)>>16)&0xffff
  183  000011e4  24e73068	addui	r7,r7,(LC1_LF0)&0xffff
  184  000011e8  afa70000	sw	(r29),r7
  185  000011ec  afa10004	sw	4(r29),r1
  186  000011f0  0c000330	jal	_Printf
  187  000011f4  54000000	nop; not filled.
  188  000011f8  0c000430	jal	_Exit
  189  000011fc  54000000	nop; not filled.
  190  00001200  23bd0008	addi	r29,r29,#8
  191  00001204          	L15_LF0:
  192  00001204  23bdfff8	addi	r29,r29,#-8
  193  00001208  afa50000	sw	(r29),r5
  194  0000120c  0c0003d4	jal	_mbox_open
  195  00001210  54000000	nop; not filled.
  196  00001214  23bd0008	addi	r29,r29,#8
  197  00001218  6021ffff	seqi	r1,r1,#-1
  198  0000121c  10200034	beqz	r1,L16_LF0
  199  00001220  54000000	nop; not filled.
  200  00001224  0c000308	jal	_getpid
  201  00001228  54000000	nop; not filled.
  202  0000122c  23bdfff8	addi	r29,r29,#-8
  203  00001230  3c070000	lhi	r7,((LC2_LF0)>>16)&0xffff
  204  00001234  24e73098	addui	r7,r7,(LC2_LF0)&0xffff
  205  00001238  afa70000	sw	(r29),r7
  206  0000123c  afa10004	sw	4(r29),r1
  207  00001240  0c0002e0	jal	_Printf
  208  00001244  54000000	nop; not filled.
  209  00001248  0c0003e0	jal	_Exit
  210  0000124c  54000000	nop; not filled.
  211  00001250  23bd0008	addi	r29,r29,#8
  212  00001254          	L16_LF0:
  213  00001254  23bdfff8	addi	r29,r29,#-8
  214  00001258  afa60000	sw	(r29),r6
  215  0000125c  0c000384	jal	_mbox_open
  216  00001260  54000000	nop; not filled.
  217  00001264  23bd0008	addi	r29,r29,#8
  218  00001268  6021ffff	seqi	r1,r1,#-1
  219  0000126c  10200034	beqz	r1,L17_LF0
  220  00001270  54000000	nop; not filled.
  221  00001274  0c0002b8	jal	_getpid
  222  00001278  54000000	nop; not filled.
  223  0000127c  23bdfff8	addi	r29,r29,#-8
  224  00001280  3c070000	lhi	r7,((LC3_LF0)>>16)&0xffff
  225  00001284  24e730c4	addui	r7,r7,(LC3_LF0)&0xffff
  226  00001288  afa70000	sw	(r29),r7
  227  0000128c  afa10004	sw	4(r29),r1
  228  00001290  0c000290	jal	_Printf
  229  00001294  54000000	nop; not filled.
  230  00001298  0c000390	jal	_Exit
  231  0000129c  54000000	nop; not filled.
  232  000012a0  23bd0008	addi	r29,r29,#8
  233  000012a4          	L17_LF0:
  234  000012a4  23bdfff0	addi	r29,r29,#-16
  235  000012a8  afa40000	sw	(r29),r4
  236  000012ac  20070008	addi	r7,r0,#8
  237  000012b0  afa70004	sw	4(r29),r7
  238  000012b4  23c2fff0	addi	r2,r30,#-16
  239  000012b8  afa20008	sw	8(r29),r2
  240  000012bc  0c000348	jal	_mbox_recv
  241  000012c0  54000000	nop; not filled.
  242  000012c4  23bd0010	addi	r29,r29,#16
  243  000012c8  6021ffff	seqi	r1,r1,#-1
  244  000012cc  10200028	beqz	r1,L18_LF0
  245  000012d0  54000000	nop; not filled.
  246  000012d4  23bdfff8	addi	r29,r29,#-8
  247  000012d8  3c070000	lhi	r7,((LC4_LF0)>>16)&0xffff
  248  000012dc  24e730f0	addui	r7,r7,(LC4_LF0)&0xffff
  249  000012e0  afa70000	sw	(r29),r7
  250  000012e4  0c00023c	jal	_Printf
  251  000012e8  54000000	nop; not filled.
  252  000012ec  0c00033c	jal	_Exit
  253  000012f0  54000000	nop; not filled.
  254  000012f4  23bd0008	addi	r29,r29,#8
  255  000012f8          	L18_LF0:
  256  000012f8  23bdfff0	addi	r29,r29,#-16
  257  000012fc  afa40000	sw	(r29),r4
  258  00001300  20070008	addi	r7,r0,#8
  259  00001304  afa70004	sw	4(r29),r7
  260  00001308  afa20008	sw	8(r29),r2
  261  0000130c  0c0002f8	jal	_mbox_recv
  262  00001310  54000000	nop; not filled.
  263  00001314  23bd0010	addi	r29,r29,#16
  264  00001318  6021ffff	seqi	r1,r1,#-1
  265  0000131c  10200028	beqz	r1,L19_LF0
  266  00001320  54000000	nop; not filled.
  267  00001324  23bdfff8	addi	r29,r29,#-8
  268  00001328  3c070000	lhi	r7,((LC4_LF0)>>16)&0xffff
  269  0000132c  24e730f0	addui	r7,r7,(LC4_LF0)&0xffff
  270  00001330  afa70000	sw	(r29),r7
  271  00001334  0c0001ec	jal	_Printf
  272  00001338  54000000	nop; not filled.
  273  0000133c  0c0002ec	jal	_Exit
  274  00001340  54000000	nop; not filled.
  275  00001344  23bd0008	addi	r29,r29,#8
  276  00001348          	L19_LF0:
  277  00001348  23bdfff0	addi	r29,r29,#-16
  278  0000134c  afa50000	sw	(r29),r5
  279  00001350  20070008	addi	r7,r0,#8
  280  00001354  afa70004	sw	4(r29),r7
  281  00001358  afa20008	sw	8(r29),r2
  282  0000135c  0c00029c	jal	_mbox_send
  283  00001360  54000000	nop; not filled.
  284  00001364  23bd0010	addi	r29,r29,#16
  285  00001368  6021ffff	seqi	r1,r1,#-1
  286  0000136c  1020002c	beqz	r1,L20_LF0
  287  00001370  54000000	nop; not filled.
  288  00001374  23bdfff8	addi	r29,r29,#-8
  289  00001378  3c070000	lhi	r7,((LC5_LF0)>>16)&0xffff
  290  0000137c  24e7311c	addui	r7,r7,(LC5_LF0)&0xffff
  291  00001380  afa70000	sw	(r29),r7
  292  00001384  0c00019c	jal	_Printf
  293  00001388  54000000	nop; not filled.
  294  0000138c  0c00029c	jal	_Exit
  295  00001390  54000000	nop; not filled.
  296  00001394  0800001c	j	L26_LF0
  297  00001398  54000000	nop; not filled.
  298  0000139c          	L20_LF0:
  299  0000139c  23bdfff8	addi	r29,r29,#-8
  300  000013a0  3c070000	lhi	r7,((LC6_LF0)>>16)&0xffff
  301  000013a4  24e73140	addui	r7,r7,(LC6_LF0)&0xffff
  302  000013a8  afa70000	sw	(r29),r7
  303  000013ac  0c000174	jal	_Printf
  304  000013b0  54000000	nop; not filled.
  305  000013b4          	L26_LF0:
  306  000013b4  23bd0008	addi	r29,r29,#8
  307  000013b8  23bdfff0	addi	r29,r29,#-16
  308  000013bc  afa50000	sw	(r29),r5
  309  000013c0  20070008	addi	r7,r0,#8
  310  000013c4  afa70004	sw	4(r29),r7
  311  000013c8  23c1fff0	addi	r1,r30,#-16
  312  000013cc  afa10008	sw	8(r29),r1
  313  000013d0  0c000228	jal	_mbox_send
  314  000013d4  54000000	nop; not filled.
  315  000013d8  23bd0010	addi	r29,r29,#16
  316  000013dc  6021ffff	seqi	r1,r1,#-1
  317  000013e0  1020002c	beqz	r1,L22_LF0
  318  000013e4  54000000	nop; not filled.
  319  000013e8  23bdfff8	addi	r29,r29,#-8
  320  000013ec  3c070000	lhi	r7,((LC5_LF0)>>16)&0xffff
  321  000013f0  24e7311c	addui	r7,r7,(LC5_LF0)&0xffff
  322  000013f4  afa70000	sw	(r29),r7
  323  000013f8  0c000128	jal	_Printf
  324  000013fc  54000000	nop; not filled.
  325  00001400  0c000228	jal	_Exit
  326  00001404  54000000	nop; not filled.
  327  00001408  0800001c	j	L27_LF0
  328  0000140c  54000000	nop; not filled.
  329  00001410          	L22_LF0:
  330  00001410  23bdfff8	addi	r29,r29,#-8
  331  00001414  3c070000	lhi	r7,((LC6_LF0)>>16)&0xffff
  332  00001418  24e73140	addui	r7,r7,(LC6_LF0)&0xffff
  333  0000141c  afa70000	sw	(r29),r7
  334  00001420  0c000100	jal	_Printf
  335  00001424  54000000	nop; not filled.
  336  00001428          	L27_LF0:
  337  00001428  23bd0008	addi	r29,r29,#8
  338  0000142c  23bdfff0	addi	r29,r29,#-16
  339  00001430  afa60000	sw	(r29),r6
  340  00001434  20070008	addi	r7,r0,#8
  341  00001438  afa70004	sw	4(r29),r7
  342  0000143c  23c1fff0	addi	r1,r30,#-16
  343  00001440  afa10008	sw	8(r29),r1
  344  00001444  0c0001b4	jal	_mbox_send
  345  00001448  54000000	nop; not filled.
  346  0000144c  23bd0010	addi	r29,r29,#16
  347  00001450  6021ffff	seqi	r1,r1,#-1
  348  00001454  10200028	beqz	r1,L24_LF0
  349  00001458  54000000	nop; not filled.
  350  0000145c  23bdfff8	addi	r29,r29,#-8
  351  00001460  3c070000	lhi	r7,((LC7_LF0)>>16)&0xffff
  352  00001464  24e7314c	addui	r7,r7,(LC7_LF0)&0xffff
  353  00001468  afa70000	sw	(r29),r7
  354  0000146c  0c0000b4	jal	_Printf
  355  00001470  54000000	nop; not filled.
  356  00001474  0c0001b4	jal	_Exit
  357  00001478  54000000	nop; not filled.
  358  0000147c  23bd0008	addi	r29,r29,#8
  359  00001480          	L24_LF0:
  360  00001480  23bdfff8	addi	r29,r29,#-8
  361  00001484  afa30000	sw	(r29),r3
  362  00001488  0c0000ec	jal	_sem_signal
  363  0000148c  54000000	nop; not filled.
  364  00001490  23bd0008	addi	r29,r29,#8
  365  00001494  64210001	snei	r1,r1,#1
  366  00001498  10200038	beqz	r1,L25_LF0
  367  0000149c  54000000	nop; not filled.
  368  000014a0  0c00008c	jal	_getpid
  369  000014a4  54000000	nop; not filled.
  370  000014a8  23bdfff0	addi	r29,r29,#-16
  371  000014ac  3c070000	lhi	r7,((LC8_LF0)>>16)&0xffff
  372  000014b0  24e73170	addui	r7,r7,(LC8_LF0)&0xffff
  373  000014b4  afa70000	sw	(r29),r7
  374  000014b8  afa10004	sw	4(r29),r1
  375  000014bc  afa30008	sw	8(r29),r3
  376  000014c0  0c000060	jal	_Printf
  377  000014c4  54000000	nop; not filled.
  378  000014c8  0c000160	jal	_Exit
  379  000014cc  54000000	nop; not filled.
  380  000014d0  23bd0010	addi	r29,r29,#16
  381  000014d4          	L25_LF0:
  382  000014d4  0c000ef0	jal	_exit
  383  000014d8  54000000	nop
  384  000014dc          	.endproc _main
  385                      ;;;
  386                      ;;; Stub functions for DLX traps.
  387                      ;;;
  388                      ;;; Ethan L. Miller, 1999.  Released to the public domain.
  389                      ;;;
  390                      ;;; The traps such as Open and Close
  391                      ;;; (note the capital letters) are for use by user programs.  The traps
  392                      ;;; with names such as open and close (lower case) are for use by the OS.
  393                      ;;;
  396  000014dc          	.align 2
  398                      ;;; The following are the traps to be used by user-level programs
  399                      ;;;
  401  000014dc          	.align 2
  402  000014dc          	.proc _Open
  403  000014dc          	.global _Open
  404  000014dc          	_Open:
  405                      ;;; Note that trap #0x213 actually causes a trap vector in the OS of
  406                      ;;; 0x1213.  The same is true for other user traps.  Thus, a user trap
  407                      ;;; with trap #0x240 will result in a trap vector of 0x1240 in the OS.
  408  000014dc  44000213	trap	#0x213
  409  000014e0  4be00000	jr	r31
  410  000014e4  54000000	nop
  411  000014e8          	.endproc _Open
  413  000014e8          	.proc _Close
  414  000014e8          	.global _Close
  415  000014e8          	_Close:
  416  000014e8  44000214	trap	#0x214
  417  000014ec  4be00000	jr	r31
  418  000014f0  54000000	nop
  419  000014f4          	.endproc _Close
  421  000014f4          	.proc _Read
  422  000014f4          	.global _Read
  423  000014f4          	_Read:
  424  000014f4  44000210	trap	#0x210
  425  000014f8  4be00000	jr	r31
  426  000014fc  54000000	nop
  427  00001500          	.endproc _Read
  429  00001500          	.proc _Write
  430  00001500          	.global _Write
  431  00001500          	_Write:
  432  00001500  44000211	trap	#0x211
  433  00001504  4be00000	jr	r31
  434  00001508  54000000	nop
  435  0000150c          	.endproc _Write
  437  0000150c          	.proc _Lseek
  438  0000150c          	.global _Lseek
  439  0000150c          	_Lseek:
  440  0000150c  44000212	trap	#0x212
  441  00001510  4be00000	jr	r31
  442  00001514  54000000	nop
  443  00001518          	.endproc _Lseek
  445  00001518          	.proc _Putchar
  446  00001518          	.global _Putchar
  447  00001518          	_Putchar:
  448  00001518  44000280	trap	#0x280
  449  0000151c  4be00000	jr	r31
  450  00001520  54000000	nop
  451  00001524          	.endproc _Putchar
  453  00001524          	.proc _Printf
  454  00001524          	.global _Printf
  455  00001524          	_Printf:
  456  00001524  44000201	trap	#0x201
  457  00001528  4be00000	jr	r31
  458  0000152c  54000000	nop
  459  00001530          	.endproc _Printf
  461  00001530          	.proc _getpid
  462  00001530          	.global _getpid
  463  00001530          	_getpid:
  464  00001530  44000431	trap	#0x431
  465  00001534  4be00000	jr	r31
  466  00001538  54000000	nop
  467  0000153c          	.endproc _getpid
  469  0000153c          	.proc _process_create
  470  0000153c          	.global _process_create
  471  0000153c          	_process_create:
  472  0000153c  44000432	trap	#0x432
  473  00001540  4be00000	jr	r31
  474  00001544  54000000	nop
  475  00001548          	.endproc _process_create
  477  00001548          	.proc _shmget
  478  00001548          	.global _shmget
  479  00001548          	_shmget:
  480  00001548  44000440	trap	#0x440
  481  0000154c  4be00000	jr	r31
  482  00001550  54000000	nop
  483  00001554          	.endproc _shmget
  485  00001554          	.proc _shmat
  486  00001554          	.global _shmat
  487  00001554          	_shmat:
  488  00001554  44000441	trap	#0x441
  489  00001558  4be00000	jr	r31
  490  0000155c  54000000	nop
  491  00001560          	.endproc _shmat
  493  00001560          	.proc _sem_create
  494  00001560          	.global _sem_create
  495  00001560          	_sem_create:
  496  00001560  44000450	trap	#0x450
  497  00001564  4be00000	jr	r31
  498  00001568  54000000	nop
  499  0000156c          	.endproc _sem_create
  501  0000156c          	.proc _sem_wait
  502  0000156c          	.global _sem_wait
  503  0000156c          	_sem_wait:
  504  0000156c  44000451	trap	#0x451
  505  00001570  4be00000	jr	r31
  506  00001574  54000000	nop
  507  00001578          	.endproc _sem_wait
  509  00001578          	.proc _sem_signal
  510  00001578          	.global _sem_signal
  511  00001578          	_sem_signal:
  512  00001578  44000452	trap	#0x452
  513  0000157c  4be00000	jr	r31
  514  00001580  54000000	nop
  515  00001584          	.endproc _sem_signal
  517  00001584          	.proc _lock_create
  518  00001584          	.global _lock_create
  519  00001584          	_lock_create:
  520  00001584  44000453	trap	#0x453
  521  00001588  4be00000	jr	r31
  522  0000158c  54000000	nop
  523  00001590          	.endproc _lock_create
  525  00001590          	.proc _lock_acquire
  526  00001590          	.global _lock_acquire
  527  00001590          	_lock_acquire:
  528  00001590  44000454	trap	#0x454
  529  00001594  4be00000	jr	r31
  530  00001598  54000000	nop
  531  0000159c          	.endproc _lock_acquire
  533  0000159c          	.proc _lock_release
  534  0000159c          	.global _lock_release
  535  0000159c          	_lock_release:
  536  0000159c  44000455	trap	#0x455
  537  000015a0  4be00000	jr	r31
  538  000015a4  54000000	nop
  539  000015a8          	.endproc _lock_release
  541  000015a8          	.proc _cond_create
  542  000015a8          	.global _cond_create
  543  000015a8          	_cond_create:
  544  000015a8  44000456	trap	#0x456
  545  000015ac  4be00000	jr	r31
  546  000015b0  54000000	nop
  547  000015b4          	.endproc _cond_create
  549  000015b4          	.proc _cond_wait
  550  000015b4          	.global _cond_wait
  551  000015b4          	_cond_wait:
  552  000015b4  44000457	trap	#0x457
  553  000015b8  4be00000	jr	r31
  554  000015bc  54000000	nop
  555  000015c0          	.endproc _cond_wait
  557  000015c0          	.proc _cond_signal
  558  000015c0          	.global _cond_signal
  559  000015c0          	_cond_signal:
  560  000015c0  44000458	trap	#0x458
  561  000015c4  4be00000	jr	r31
  562  000015c8  54000000	nop
  563  000015cc          	.endproc _cond_signal
  565  000015cc          	.proc _cond_broadcast
  566  000015cc          	.global _cond_broadcast
  567  000015cc          	_cond_broadcast:
  568  000015cc  44000459	trap	#0x459
  569  000015d0  4be00000	jr	r31
  570  000015d4  54000000	nop
  571  000015d8          	.endproc _cond_broadcast
  573  000015d8          	.proc _mbox_create
  574  000015d8          	.global _mbox_create
  575  000015d8          	_mbox_create:
  576  000015d8  44000460	trap	#0x460
  577  000015dc  4be00000	jr	r31
  578  000015e0  54000000	nop
  579  000015e4          	.endproc _mbox_create
  581  000015e4          	.proc _mbox_open
  582  000015e4          	.global _mbox_open
  583  000015e4          	_mbox_open:
  584  000015e4  44000461	trap	#0x461
  585  000015e8  4be00000	jr	r31
  586  000015ec  54000000	nop
  587  000015f0          	.endproc _mbox_open
  589  000015f0          	.proc _mbox_close
  590  000015f0          	.global _mbox_close
  591  000015f0          	_mbox_close:
  592  000015f0  44000462	trap	#0x462
  593  000015f4  4be00000	jr	r31
  594  000015f8  54000000	nop
  595  000015fc          	.endproc _mbox_close
  597  000015fc          	.proc _mbox_send
  598  000015fc          	.global _mbox_send
  599  000015fc          	_mbox_send:
  600  000015fc  44000463	trap	#0x463
  601  00001600  4be00000	jr	r31
  602  00001604  54000000	nop
  603  00001608          	.endproc _mbox_send
  605  00001608          	.proc _mbox_recv
  606  00001608          	.global _mbox_recv
  607  00001608          	_mbox_recv:
  608  00001608  44000464	trap	#0x464
  609  0000160c  4be00000	jr	r31
  610  00001610  54000000	nop
  611  00001614          	.endproc _mbox_recv
  613  00001614          	.proc _sleep
  614  00001614          	.global _sleep
  615  00001614          	_sleep:
  616  00001614  44000465	trap	#0x465
  617  00001618  4be00000	jr	r31
  618  0000161c  54000000	nop
  619  00001620          	.endproc _sleep
  621  00001620          	.proc _yield
  622  00001620          	.global _yield
  623  00001620          	_yield:
  624  00001620  44000466	trap	#0x466
  625  00001624  4be00000	jr	r31
  626  00001628  54000000	nop
  627  0000162c          	.endproc _yield
  630  0000162c          	.proc _Exit
  631  0000162c          	.global _Exit
  632  0000162c          	_Exit:
  633  0000162c  44000500	trap	#0x500
  634  00001630  4be00000	jr	r31
  635  00001634  54000000	nop
  636  00001638          	.endproc _Exit
  637                      ; Compiled by GCC
  639  00001638          	.align 2
  640  00001638          	.proc _isspace
  641  00001638          	.global _isspace
  642  00001638          	_isspace:
  643                      ;  Function 'isspace'; 0 bytes of locals, 3 regs to save.
  644  00001638  afbefffc	sw	-4(r29),r30; push fp
  645  0000163c  001df020	add	r30,r0,r29; fp = sp
  646  00001640  afbffff8	sw	-8(r29),r31; push ret addr
  647  00001644  2fbd0018	subui	r29,r29,#24; alloc local storage
  648  00001648  afa20000	sw	0(r29),r2
  649  0000164c  afa30004	sw	4(r29),r3
  650  00001650  afa40008	sw	8(r29),r4
  651  00001654  83c20003	lb	r2,3(r30)
  652  00001658  20010000	addi	r1,r0,#0
  653  0000165c  304300ff	andi	r3,r2,#0x00ff
  654  00001660  60640020	seqi	r4,r3,#32
  655  00001664  1480002c	bnez	r4,L3_LF2
  656  00001668  54000000	nop; delay slot nop
  657  0000166c  304300ff	andi	r3,r2,#0x00ff
  658  00001670  60640009	seqi	r4,r3,#9
  659  00001674  1480001c	bnez	r4,L3_LF2
  660  00001678  54000000	nop; delay slot nop
  661  0000167c  304300ff	andi	r3,r2,#0x00ff
  662  00001680  6064000a	seqi	r4,r3,#10
  663  00001684  1480000c	bnez	r4,L3_LF2
  664  00001688  54000000	nop; delay slot nop
  665  0000168c  08000008	j	L2_LF2
  666  00001690  54000000	nop; delay slot nop
  667  00001694          	L3_LF2:
  668  00001694  20010001	addi	r1,r0,#1
  669  00001698          	L2_LF2:
  670  00001698  08000004	j	L1_LF2
  671  0000169c  54000000	nop; delay slot nop
  672  000016a0          	L1_LF2:
  673  000016a0  8fa20000	lw	r2,0(r29)
  674  000016a4  8fa30004	lw	r3,4(r29)
  675  000016a8  8fa40008	lw	r4,8(r29)
  676  000016ac  8fdffff8	lw	r31,-8(r30)
  677  000016b0  001ee820	add	r29,r0,r30
  678  000016b4  8fdefffc	lw	r30,-4(r30)
  679  000016b8  4be00000	jr	r31
  680  000016bc  54000000	nop
  681  000016c0          	.endproc _isspace
  682  000016c0          	.align 2
  683  000016c0          	.proc _isxdigit
  684  000016c0          	.global _isxdigit
  685  000016c0          	_isxdigit:
  686                      ;  Function 'isxdigit'; 0 bytes of locals, 3 regs to save.
  687  000016c0  afbefffc	sw	-4(r29),r30; push fp
  688  000016c4  001df020	add	r30,r0,r29; fp = sp
  689  000016c8  afbffff8	sw	-8(r29),r31; push ret addr
  690  000016cc  2fbd0018	subui	r29,r29,#24; alloc local storage
  691  000016d0  afa20000	sw	0(r29),r2
  692  000016d4  afa30004	sw	4(r29),r3
  693  000016d8  afa40008	sw	8(r29),r4
  694  000016dc  83c20003	lb	r2,3(r30)
  695  000016e0  20010000	addi	r1,r0,#0
  696  000016e4  304300ff	andi	r3,r2,#0x00ff
  697  000016e8  6c64002f	sgtui	r4,r3,#47
  698  000016ec  1080001c	beqz	r4,L7_LF2
  699  000016f0  54000000	nop; delay slot nop
  700  000016f4  304300ff	andi	r3,r2,#0x00ff
  701  000016f8  70640039	sleui	r4,r3,#57
  702  000016fc  1480005c	bnez	r4,L6_LF2
  703  00001700  54000000	nop; delay slot nop
  704  00001704  08000004	j	L7_LF2
  705  00001708  54000000	nop; delay slot nop
  706  0000170c          	L7_LF2:
  707  0000170c  304300ff	andi	r3,r2,#0x00ff
  708  00001710  6c640060	sgtui	r4,r3,#96
  709  00001714  1080001c	beqz	r4,L8_LF2
  710  00001718  54000000	nop; delay slot nop
  711  0000171c  304300ff	andi	r3,r2,#0x00ff
  712  00001720  70640066	sleui	r4,r3,#102
  713  00001724  14800034	bnez	r4,L6_LF2
  714  00001728  54000000	nop; delay slot nop
  715  0000172c  08000004	j	L8_LF2
  716  00001730  54000000	nop; delay slot nop
  717  00001734          	L8_LF2:
  718  00001734  304300ff	andi	r3,r2,#0x00ff
  719  00001738  6c640040	sgtui	r4,r3,#64
  720  0000173c  10800020	beqz	r4,L5_LF2
  721  00001740  54000000	nop; delay slot nop
  722  00001744  304300ff	andi	r3,r2,#0x00ff
  723  00001748  70640041	sleui	r4,r3,#65
  724  0000174c  1480000c	bnez	r4,L6_LF2
  725  00001750  54000000	nop; delay slot nop
  726  00001754  08000008	j	L5_LF2
  727  00001758  54000000	nop; delay slot nop
  728  0000175c          	L6_LF2:
  729  0000175c  20010001	addi	r1,r0,#1
  730  00001760          	L5_LF2:
  731  00001760  08000004	j	L4_LF2
  732  00001764  54000000	nop; delay slot nop
  733  00001768          	L4_LF2:
  734  00001768  8fa20000	lw	r2,0(r29)
  735  0000176c  8fa30004	lw	r3,4(r29)
  736  00001770  8fa40008	lw	r4,8(r29)
  737  00001774  8fdffff8	lw	r31,-8(r30)
  738  00001778  001ee820	add	r29,r0,r30
  739  0000177c  8fdefffc	lw	r30,-4(r30)
  740  00001780  4be00000	jr	r31
  741  00001784  54000000	nop
  742  00001788          	.endproc _isxdigit
  743  00001788          	.align 2
  744  00001788          	.proc _dstrcpy
  745  00001788          	.global _dstrcpy
  746  00001788          	_dstrcpy:
  747                      ;  Function 'dstrcpy'; 8 bytes of locals, 2 regs to save.
  748  00001788  afbefffc	sw	-4(r29),r30; push fp
  749  0000178c  001df020	add	r30,r0,r29; fp = sp
  750  00001790  afbffff8	sw	-8(r29),r31; push ret addr
  751  00001794  2fbd0018	subui	r29,r29,#24; alloc local storage
  752  00001798  afa20000	sw	0(r29),r2
  753  0000179c  afa30004	sw	4(r29),r3
  754  000017a0  8fc10000	lw	r1,(r30)
  755  000017a4  afc1fff4	sw	-12(r30),r1
  756  000017a8          	L10_LF2:
  757  000017a8  8fc10000	lw	r1,(r30)
  758  000017ac  20220001	addi	r2,r1,#1
  759  000017b0  afc20000	sw	(r30),r2
  760  000017b4  8fc20004	lw	r2,4(r30)
  761  000017b8  20430001	addi	r3,r2,#1
  762  000017bc  afc30004	sw	4(r30),r3
  763  000017c0  80420000	lb	r2,(r2)
  764  000017c4  a0220000	sb	(r1),r2
  765  000017c8  a3c2fff3	sb	-13(r30),r2
  766  000017cc          	L12_LF2:
  767  000017cc  93c1fff3	lbu	r1,-13(r30)
  768  000017d0  64220000	snei	r2,r1,#0
  769  000017d4  1440000c	bnez	r2,L13_LF2
  770  000017d8  54000000	nop; delay slot nop
  771  000017dc  0800000c	j	L11_LF2
  772  000017e0  54000000	nop; delay slot nop
  773  000017e4          	L13_LF2:
  774  000017e4  0bffffc0	j	L10_LF2
  775  000017e8  54000000	nop; delay slot nop
  776  000017ec          	L11_LF2:
  777  000017ec  8fc1fff4	lw	r1,-12(r30)
  778  000017f0  08000004	j	L9_LF2
  779  000017f4  54000000	nop; delay slot nop
  780  000017f8          	L9_LF2:
  781  000017f8  8fa20000	lw	r2,0(r29)
  782  000017fc  8fa30004	lw	r3,4(r29)
  783  00001800  8fdffff8	lw	r31,-8(r30)
  784  00001804  001ee820	add	r29,r0,r30
  785  00001808  8fdefffc	lw	r30,-4(r30)
  786  0000180c  4be00000	jr	r31
  787  00001810  54000000	nop
  788  00001814          	.endproc _dstrcpy
  789  00001814          	.align 2
  790  00001814          	.proc _dstrncpy
  791  00001814          	.global _dstrncpy
  792  00001814          	_dstrncpy:
  793                      ;  Function 'dstrncpy'; 8 bytes of locals, 2 regs to save.
  794  00001814  afbefffc	sw	-4(r29),r30; push fp
  795  00001818  001df020	add	r30,r0,r29; fp = sp
  796  0000181c  afbffff8	sw	-8(r29),r31; push ret addr
  797  00001820  2fbd0018	subui	r29,r29,#24; alloc local storage
  798  00001824  afa20000	sw	0(r29),r2
  799  00001828  afa30004	sw	4(r29),r3
  800  0000182c  8fc10000	lw	r1,(r30)
  801  00001830  afc1fff4	sw	-12(r30),r1
  802  00001834          	L15_LF2:
  803  00001834  8fc10008	lw	r1,8(r30)
  804  00001838  2022ffff	addi	r2,r1,#-1
  805  0000183c  afc20008	sw	8(r30),r2
  806  00001840  70210000	slei	r1,r1,#0
  807  00001844  1020000c	beqz	r1,L18_LF2
  808  00001848  54000000	nop; delay slot nop
  809  0000184c  08000048	j	L16_LF2
  810  00001850  54000000	nop; delay slot nop
  811  00001854          	L18_LF2:
  812  00001854  8fc10000	lw	r1,(r30)
  813  00001858  20220001	addi	r2,r1,#1
  814  0000185c  afc20000	sw	(r30),r2
  815  00001860  8fc20004	lw	r2,4(r30)
  816  00001864  20430001	addi	r3,r2,#1
  817  00001868  afc30004	sw	4(r30),r3
  818  0000186c  80420000	lb	r2,(r2)
  819  00001870  a0220000	sb	(r1),r2
  820  00001874  a3c2fff3	sb	-13(r30),r2
  821  00001878          	L17_LF2:
  822  00001878  93c1fff3	lbu	r1,-13(r30)
  823  0000187c  64220000	snei	r2,r1,#0
  824  00001880  1440000c	bnez	r2,L19_LF2
  825  00001884  54000000	nop; delay slot nop
  826  00001888  0800000c	j	L16_LF2
  827  0000188c  54000000	nop; delay slot nop
  828  00001890          	L19_LF2:
  829  00001890  0bffffa0	j	L15_LF2
  830  00001894  54000000	nop; delay slot nop
  831  00001898          	L16_LF2:
  832  00001898  8fc1fff4	lw	r1,-12(r30)
  833  0000189c  08000004	j	L14_LF2
  834  000018a0  54000000	nop; delay slot nop
  835  000018a4          	L14_LF2:
  836  000018a4  8fa20000	lw	r2,0(r29)
  837  000018a8  8fa30004	lw	r3,4(r29)
  838  000018ac  8fdffff8	lw	r31,-8(r30)
  839  000018b0  001ee820	add	r29,r0,r30
  840  000018b4  8fdefffc	lw	r30,-4(r30)
  841  000018b8  4be00000	jr	r31
  842  000018bc  54000000	nop
  843  000018c0          	.endproc _dstrncpy
  844  000018c0          	.align 2
  845  000018c0          	.proc _dstrcat
  846  000018c0          	.global _dstrcat
  847  000018c0          	_dstrcat:
  848                      ;  Function 'dstrcat'; 8 bytes of locals, 1 regs to save.
  849  000018c0  afbefffc	sw	-4(r29),r30; push fp
  850  000018c4  001df020	add	r30,r0,r29; fp = sp
  851  000018c8  afbffff8	sw	-8(r29),r31; push ret addr
  852  000018cc  2fbd0018	subui	r29,r29,#24; alloc local storage
  853  000018d0  afa20000	sw	0(r29),r2
  854  000018d4  8fc10000	lw	r1,(r30)
  855  000018d8  afc1fff4	sw	-12(r30),r1
  856  000018dc          	L21_LF2:
  857  000018dc  8fc10000	lw	r1,(r30)
  858  000018e0  90220000	lbu	r2,(r1)
  859  000018e4  64410000	snei	r1,r2,#0
  860  000018e8  1420000c	bnez	r1,L23_LF2
  861  000018ec  54000000	nop; delay slot nop
  862  000018f0  0800001c	j	L22_LF2
  863  000018f4  54000000	nop; delay slot nop
  864  000018f8          	L23_LF2:
  865  000018f8  8fc20000	lw	r2,(r30)
  866  000018fc  20410001	addi	r1,r2,#1
  867  00001900  00011020	add	r2,r0,r1
  868  00001904  afc20000	sw	(r30),r2
  869  00001908  0bffffd0	j	L21_LF2
  870  0000190c  54000000	nop; delay slot nop
  871  00001910          	L22_LF2:
  872  00001910  23bdfff8	addi	r29,r29,#-8
  873  00001914  001d0820	add	r1,r0,r29
  874  00001918  8fc20000	lw	r2,(r30)
  875  0000191c  ac220000	sw	(r1),r2
  876  00001920  8fc20004	lw	r2,4(r30)
  877  00001924  ac220004	sw	4(r1),r2
  878  00001928  0ffffe5c	jal	_dstrcpy
  879  0000192c  54000000	nop; delay slot nop
  880  00001930  23bd0008	addi	r29,r29,#8
  881  00001934  8fc1fff4	lw	r1,-12(r30)
  882  00001938  08000004	j	L20_LF2
  883  0000193c  54000000	nop; delay slot nop
  884  00001940          	L20_LF2:
  885  00001940  8fa20000	lw	r2,0(r29)
  886  00001944  8fdffff8	lw	r31,-8(r30)
  887  00001948  001ee820	add	r29,r0,r30
  888  0000194c  8fdefffc	lw	r30,-4(r30)
  889  00001950  4be00000	jr	r31
  890  00001954  54000000	nop
  891  00001958          	.endproc _dstrcat
  892  00001958          	.align 2
  893  00001958          	.proc _dstrncmp
  894  00001958          	.global _dstrncmp
  895  00001958          	_dstrncmp:
  896                      ;  Function 'dstrncmp'; 8 bytes of locals, 2 regs to save.
  897  00001958  afbefffc	sw	-4(r29),r30; push fp
  898  0000195c  001df020	add	r30,r0,r29; fp = sp
  899  00001960  afbffff8	sw	-8(r29),r31; push ret addr
  900  00001964  2fbd0018	subui	r29,r29,#24; alloc local storage
  901  00001968  afa20000	sw	0(r29),r2
  902  0000196c  afa30004	sw	4(r29),r3
  903  00001970  54000000	nop
  904  00001974  20010000	addi	r1,r0,#0
  905  00001978  afc1fff4	sw	-12(r30),r1
  906  0000197c          	L25_LF2:
  907  0000197c  8fc1fff4	lw	r1,-12(r30)
  908  00001980  8fc20008	lw	r2,8(r30)
  909  00001984  0022082a	slt	r1,r1,r2
  910  00001988  1420000c	bnez	r1,L28_LF2
  911  0000198c  54000000	nop; delay slot nop
  912  00001990  08000088	j	L26_LF2
  913  00001994  54000000	nop; delay slot nop
  914  00001998          	L28_LF2:
  915  00001998  8fc10004	lw	r1,4(r30)
  916  0000199c  90220000	lbu	r2,(r1)
  917  000019a0  64410000	snei	r1,r2,#0
  918  000019a4  14200018	bnez	r1,L29_LF2
  919  000019a8  54000000	nop; delay slot nop
  920  000019ac  20010000	addi	r1,r0,#0
  921  000019b0  080000d8	j	L24_LF2
  922  000019b4  54000000	nop; delay slot nop
  923  000019b8  08000028	j	L30_LF2
  924  000019bc  54000000	nop; delay slot nop
  925  000019c0          	L29_LF2:
  926  000019c0  8fc10000	lw	r1,(r30)
  927  000019c4  8fc20004	lw	r2,4(r30)
  928  000019c8  90210000	lbu	r1,(r1)
  929  000019cc  90420000	lbu	r2,(r2)
  930  000019d0  00220829	sne	r1,r1,r2
  931  000019d4  1020000c	beqz	r1,L30_LF2
  932  000019d8  54000000	nop; delay slot nop
  933  000019dc  0800003c	j	L26_LF2
  934  000019e0  54000000	nop; delay slot nop
  935  000019e4          	L31_LF2:
  936  000019e4          	L30_LF2:
  937  000019e4  8fc20000	lw	r2,(r30)
  938  000019e8  20410001	addi	r1,r2,#1
  939  000019ec  00011020	add	r2,r0,r1
  940  000019f0  afc20000	sw	(r30),r2
  941  000019f4  8fc20004	lw	r2,4(r30)
  942  000019f8  20410001	addi	r1,r2,#1
  943  000019fc  00011020	add	r2,r0,r1
  944  00001a00  afc20004	sw	4(r30),r2
  945  00001a04          	L27_LF2:
  946  00001a04  8fc2fff4	lw	r2,-12(r30)
  947  00001a08  20410001	addi	r1,r2,#1
  948  00001a0c  00011020	add	r2,r0,r1
  949  00001a10  afc2fff4	sw	-12(r30),r2
  950  00001a14  0bffff64	j	L25_LF2
  951  00001a18  54000000	nop; delay slot nop
  952  00001a1c          	L26_LF2:
  953  00001a1c  8fc1fff4	lw	r1,-12(r30)
  954  00001a20  8fc20008	lw	r2,8(r30)
  955  00001a24  00220828	seq	r1,r1,r2
  956  00001a28  10200018	beqz	r1,L32_LF2
  957  00001a2c  54000000	nop; delay slot nop
  958  00001a30  20010000	addi	r1,r0,#0
  959  00001a34  08000054	j	L24_LF2
  960  00001a38  54000000	nop; delay slot nop
  961  00001a3c  0800004c	j	L33_LF2
  962  00001a40  54000000	nop; delay slot nop
  963  00001a44          	L32_LF2:
  964  00001a44  8fc20000	lw	r2,(r30)
  965  00001a48  90410000	lbu	r1,(r2)
  966  00001a4c  8fc20004	lw	r2,4(r30)
  967  00001a50  90430000	lbu	r3,(r2)
  968  00001a54  00230822	sub	r1,r1,r3
  969  00001a58  74220000	sgei	r2,r1,#0
  970  00001a5c  10400020	beqz	r2,L34_LF2
  971  00001a60  54000000	nop; delay slot nop
  972  00001a64  8fc10000	lw	r1,(r30)
  973  00001a68  8fc20004	lw	r2,4(r30)
  974  00001a6c  90210000	lbu	r1,(r1)
  975  00001a70  90420000	lbu	r2,(r2)
  976  00001a74  00220829	sne	r1,r1,r2
  977  00001a78  08000008	j	L35_LF2
  978  00001a7c  54000000	nop; delay slot nop
  979  00001a80          	L34_LF2:
  980  00001a80  2001ffff	addi	r1,r0,#-1
  981  00001a84          	L35_LF2:
  982  00001a84  08000004	j	L24_LF2
  983  00001a88  54000000	nop; delay slot nop
  984  00001a8c          	L33_LF2:
  985  00001a8c          	L24_LF2:
  986  00001a8c  8fa20000	lw	r2,0(r29)
  987  00001a90  8fa30004	lw	r3,4(r29)
  988  00001a94  8fdffff8	lw	r31,-8(r30)
  989  00001a98  001ee820	add	r29,r0,r30
  990  00001a9c  8fdefffc	lw	r30,-4(r30)
  991  00001aa0  4be00000	jr	r31
  992  00001aa4  54000000	nop
  993  00001aa8          	.endproc _dstrncmp
  994  00001aa8          	.align 2
  995  00001aa8          	.proc _dstrlen
  996  00001aa8          	.global _dstrlen
  997  00001aa8          	_dstrlen:
  998                      ;  Function 'dstrlen'; 8 bytes of locals, 1 regs to save.
  999  00001aa8  afbefffc	sw	-4(r29),r30; push fp
 1000  00001aac  001df020	add	r30,r0,r29; fp = sp
 1001  00001ab0  afbffff8	sw	-8(r29),r31; push ret addr
 1002  00001ab4  2fbd0018	subui	r29,r29,#24; alloc local storage
 1003  00001ab8  afa20000	sw	0(r29),r2
 1004  00001abc  20010000	addi	r1,r0,#0
 1005  00001ac0  afc1fff4	sw	-12(r30),r1
 1006  00001ac4          	L37_LF2:
 1007  00001ac4  8fc10000	lw	r1,(r30)
 1008  00001ac8  20220001	addi	r2,r1,#1
 1009  00001acc  afc20000	sw	(r30),r2
 1010  00001ad0  90210000	lbu	r1,(r1)
 1011  00001ad4  64220000	snei	r2,r1,#0
 1012  00001ad8  1440000c	bnez	r2,L39_LF2
 1013  00001adc  54000000	nop; delay slot nop
 1014  00001ae0  0800001c	j	L38_LF2
 1015  00001ae4  54000000	nop; delay slot nop
 1016  00001ae8          	L39_LF2:
 1017  00001ae8  8fc2fff4	lw	r2,-12(r30)
 1018  00001aec  20410001	addi	r1,r2,#1
 1019  00001af0  00011020	add	r2,r0,r1
 1020  00001af4  afc2fff4	sw	-12(r30),r2
 1021  00001af8  0bffffc8	j	L37_LF2
 1022  00001afc  54000000	nop; delay slot nop
 1023  00001b00          	L38_LF2:
 1024  00001b00  8fc1fff4	lw	r1,-12(r30)
 1025  00001b04  08000004	j	L36_LF2
 1026  00001b08  54000000	nop; delay slot nop
 1027  00001b0c          	L36_LF2:
 1028  00001b0c  8fa20000	lw	r2,0(r29)
 1029  00001b10  8fdffff8	lw	r31,-8(r30)
 1030  00001b14  001ee820	add	r29,r0,r30
 1031  00001b18  8fdefffc	lw	r30,-4(r30)
 1032  00001b1c  4be00000	jr	r31
 1033  00001b20  54000000	nop
 1034  00001b24          	.endproc _dstrlen
 1035  00001b24          	.align 2
 1036  00001b24          	.proc _dstrstr
 1037  00001b24          	.global _dstrstr
 1038  00001b24          	_dstrstr:
 1039                      ;  Function 'dstrstr'; 8 bytes of locals, 1 regs to save.
 1040  00001b24  afbefffc	sw	-4(r29),r30; push fp
 1041  00001b28  001df020	add	r30,r0,r29; fp = sp
 1042  00001b2c  afbffff8	sw	-8(r29),r31; push ret addr
 1043  00001b30  2fbd0018	subui	r29,r29,#24; alloc local storage
 1044  00001b34  afa20000	sw	0(r29),r2
 1045  00001b38  23bdfff8	addi	r29,r29,#-8
 1046  00001b3c  001d0820	add	r1,r0,r29
 1047  00001b40  8fc20004	lw	r2,4(r30)
 1048  00001b44  ac220000	sw	(r1),r2
 1049  00001b48  0fffff5c	jal	_dstrlen
 1050  00001b4c  54000000	nop; delay slot nop
 1051  00001b50  23bd0008	addi	r29,r29,#8
 1052  00001b54  afc1fff4	sw	-12(r30),r1
 1053  00001b58          	L41_LF2:
 1054  00001b58  8fc10000	lw	r1,(r30)
 1055  00001b5c  90220000	lbu	r2,(r1)
 1056  00001b60  64410000	snei	r1,r2,#0
 1057  00001b64  1420000c	bnez	r1,L43_LF2
 1058  00001b68  54000000	nop; delay slot nop
 1059  00001b6c  08000060	j	L42_LF2
 1060  00001b70  54000000	nop; delay slot nop
 1061  00001b74          	L43_LF2:
 1062  00001b74  23bdfff0	addi	r29,r29,#-16
 1063  00001b78  001d0820	add	r1,r0,r29
 1064  00001b7c  8fc20000	lw	r2,(r30)
 1065  00001b80  ac220000	sw	(r1),r2
 1066  00001b84  8fc20004	lw	r2,4(r30)
 1067  00001b88  ac220004	sw	4(r1),r2
 1068  00001b8c  8fc2fff4	lw	r2,-12(r30)
 1069  00001b90  ac220008	sw	8(r1),r2
 1070  00001b94  0ffffdc0	jal	_dstrncmp
 1071  00001b98  54000000	nop; delay slot nop
 1072  00001b9c  23bd0010	addi	r29,r29,#16
 1073  00001ba0  64220000	snei	r2,r1,#0
 1074  00001ba4  14400010	bnez	r2,L44_LF2
 1075  00001ba8  54000000	nop; delay slot nop
 1076  00001bac  8fc10000	lw	r1,(r30)
 1077  00001bb0  08000028	j	L40_LF2
 1078  00001bb4  54000000	nop; delay slot nop
 1079  00001bb8          	L44_LF2:
 1080  00001bb8  8fc20000	lw	r2,(r30)
 1081  00001bbc  20410001	addi	r1,r2,#1
 1082  00001bc0  00011020	add	r2,r0,r1
 1083  00001bc4  afc20000	sw	(r30),r2
 1084  00001bc8  0bffff8c	j	L41_LF2
 1085  00001bcc  54000000	nop; delay slot nop
 1086  00001bd0          	L42_LF2:
 1087  00001bd0  20010000	addi	r1,r0,#0
 1088  00001bd4  08000004	j	L40_LF2
 1089  00001bd8  54000000	nop; delay slot nop
 1090  00001bdc          	L40_LF2:
 1091  00001bdc  8fa20000	lw	r2,0(r29)
 1092  00001be0  8fdffff8	lw	r31,-8(r30)
 1093  00001be4  001ee820	add	r29,r0,r30
 1094  00001be8  8fdefffc	lw	r30,-4(r30)
 1095  00001bec  4be00000	jr	r31
 1096  00001bf0  54000000	nop
 1097  00001bf4          	.endproc _dstrstr
 1098  00001bf4          	.align 2
 1099  00001bf4          	.proc _dmindex
 1100  00001bf4          	.global _dmindex
 1101  00001bf4          	_dmindex:
 1102                      ;  Function 'dmindex'; 8 bytes of locals, 1 regs to save.
 1103  00001bf4  afbefffc	sw	-4(r29),r30; push fp
 1104  00001bf8  001df020	add	r30,r0,r29; fp = sp
 1105  00001bfc  afbffff8	sw	-8(r29),r31; push ret addr
 1106  00001c00  2fbd0018	subui	r29,r29,#24; alloc local storage
 1107  00001c04  afa20000	sw	0(r29),r2
 1108  00001c08  54000000	nop
 1109  00001c0c          	L46_LF2:
 1110  00001c0c  8fc10000	lw	r1,(r30)
 1111  00001c10  90220000	lbu	r2,(r1)
 1112  00001c14  64410000	snei	r1,r2,#0
 1113  00001c18  1420000c	bnez	r1,L48_LF2
 1114  00001c1c  54000000	nop; delay slot nop
 1115  00001c20  08000070	j	L47_LF2
 1116  00001c24  54000000	nop; delay slot nop
 1117  00001c28          	L48_LF2:
 1118  00001c28  8fc10004	lw	r1,4(r30)
 1119  00001c2c  afc1fff4	sw	-12(r30),r1
 1120  00001c30          	L49_LF2:
 1121  00001c30  8fc1fff4	lw	r1,-12(r30)
 1122  00001c34  90220000	lbu	r2,(r1)
 1123  00001c38  64410000	snei	r1,r2,#0
 1124  00001c3c  1420000c	bnez	r1,L52_LF2
 1125  00001c40  54000000	nop; delay slot nop
 1126  00001c44  08000044	j	L50_LF2
 1127  00001c48  54000000	nop; delay slot nop
 1128  00001c4c          	L52_LF2:
 1129  00001c4c  8fc10000	lw	r1,(r30)
 1130  00001c50  8fc2fff4	lw	r2,-12(r30)
 1131  00001c54  90210000	lbu	r1,(r1)
 1132  00001c58  90420000	lbu	r2,(r2)
 1133  00001c5c  00220828	seq	r1,r1,r2
 1134  00001c60  10200010	beqz	r1,L51_LF2
 1135  00001c64  54000000	nop; delay slot nop
 1136  00001c68  8fc10000	lw	r1,(r30)
 1137  00001c6c  08000030	j	L45_LF2
 1138  00001c70  54000000	nop; delay slot nop
 1139  00001c74          	L53_LF2:
 1140  00001c74          	L51_LF2:
 1141  00001c74  8fc2fff4	lw	r2,-12(r30)
 1142  00001c78  20410001	addi	r1,r2,#1
 1143  00001c7c  00011020	add	r2,r0,r1
 1144  00001c80  afc2fff4	sw	-12(r30),r2
 1145  00001c84  0bffffa8	j	L49_LF2
 1146  00001c88  54000000	nop; delay slot nop
 1147  00001c8c          	L50_LF2:
 1148  00001c8c  0bffff7c	j	L46_LF2
 1149  00001c90  54000000	nop; delay slot nop
 1150  00001c94          	L47_LF2:
 1151  00001c94  20010000	addi	r1,r0,#0
 1152  00001c98  08000004	j	L45_LF2
 1153  00001c9c  54000000	nop; delay slot nop
 1154  00001ca0          	L45_LF2:
 1155  00001ca0  8fa20000	lw	r2,0(r29)
 1156  00001ca4  8fdffff8	lw	r31,-8(r30)
 1157  00001ca8  001ee820	add	r29,r0,r30
 1158  00001cac  8fdefffc	lw	r30,-4(r30)
 1159  00001cb0  4be00000	jr	r31
 1160  00001cb4  54000000	nop
 1161  00001cb8          	.endproc _dmindex
 1162  00001cb8          	.align 2
 1163  00001cb8          	.proc _dindex
 1164  00001cb8          	.global _dindex
 1165  00001cb8          	_dindex:
 1166                      ;  Function 'dindex'; 0 bytes of locals, 1 regs to save.
 1167  00001cb8  afbefffc	sw	-4(r29),r30; push fp
 1168  00001cbc  001df020	add	r30,r0,r29; fp = sp
 1169  00001cc0  afbffff8	sw	-8(r29),r31; push ret addr
 1170  00001cc4  2fbd0010	subui	r29,r29,#16; alloc local storage
 1171  00001cc8  afa20000	sw	0(r29),r2
 1172  00001ccc  54000000	nop
 1173  00001cd0          	L55_LF2:
 1174  00001cd0  8fc10000	lw	r1,(r30)
 1175  00001cd4  90220000	lbu	r2,(r1)
 1176  00001cd8  64410000	snei	r1,r2,#0
 1177  00001cdc  1420000c	bnez	r1,L57_LF2
 1178  00001ce0  54000000	nop; delay slot nop
 1179  00001ce4  08000040	j	L56_LF2
 1180  00001ce8  54000000	nop; delay slot nop
 1181  00001cec          	L57_LF2:
 1182  00001cec  8fc10000	lw	r1,(r30)
 1183  00001cf0  90220000	lbu	r2,(r1)
 1184  00001cf4  8fc10004	lw	r1,4(r30)
 1185  00001cf8  00411028	seq	r2,r2,r1
 1186  00001cfc  10400010	beqz	r2,L58_LF2
 1187  00001d00  54000000	nop; delay slot nop
 1188  00001d04  8fc10000	lw	r1,(r30)
 1189  00001d08  08000028	j	L54_LF2
 1190  00001d0c  54000000	nop; delay slot nop
 1191  00001d10          	L58_LF2:
 1192  00001d10  8fc20000	lw	r2,(r30)
 1193  00001d14  20410001	addi	r1,r2,#1
 1194  00001d18  00011020	add	r2,r0,r1
 1195  00001d1c  afc20000	sw	(r30),r2
 1196  00001d20  0bffffac	j	L55_LF2
 1197  00001d24  54000000	nop; delay slot nop
 1198  00001d28          	L56_LF2:
 1199  00001d28  20010000	addi	r1,r0,#0
 1200  00001d2c  08000004	j	L54_LF2
 1201  00001d30  54000000	nop; delay slot nop
 1202  00001d34          	L54_LF2:
 1203  00001d34  8fa20000	lw	r2,0(r29)
 1204  00001d38  8fdffff8	lw	r31,-8(r30)
 1205  00001d3c  001ee820	add	r29,r0,r30
 1206  00001d40  8fdefffc	lw	r30,-4(r30)
 1207  00001d44  4be00000	jr	r31
 1208  00001d48  54000000	nop
 1209  00001d4c          	.endproc _dindex
 1210  00001d4c          	.align 2
 1211  00001d4c          	.proc _ditoa
 1212  00001d4c          	.global _ditoa
 1213  00001d4c          	_ditoa:
 1214                      ;  Function 'ditoa'; 8 bytes of locals, 2 regs to save.
 1215  00001d4c  afbefffc	sw	-4(r29),r30; push fp
 1216  00001d50  001df020	add	r30,r0,r29; fp = sp
 1217  00001d54  afbffff8	sw	-8(r29),r31; push ret addr
 1218  00001d58  2fbd0018	subui	r29,r29,#24; alloc local storage
 1219  00001d5c  afa20000	sw	0(r29),r2
 1220  00001d60  afa30004	sw	4(r29),r3
 1221  00001d64  8fc10000	lw	r1,(r30)
 1222  00001d68  68220000	slti	r2,r1,#0
 1223  00001d6c  1040002c	beqz	r2,L60_LF2
 1224  00001d70  54000000	nop; delay slot nop
 1225  00001d74  8fc10004	lw	r1,4(r30)
 1226  00001d78  20220001	addi	r2,r1,#1
 1227  00001d7c  afc20004	sw	4(r30),r2
 1228  00001d80  2002002d	addi	r2,r0,(#0x2d)&0xff
 1229  00001d84  a0220000	sb	(r1),r2
 1230  00001d88  8fc10000	lw	r1,(r30)
 1231  00001d8c  00011022	sub	r2,r0,r1
 1232  00001d90  afc20000	sw	(r30),r2
 1233  00001d94  08000118	j	L61_LF2
 1234  00001d98  54000000	nop; delay slot nop
 1235  00001d9c          	L60_LF2:
 1236  00001d9c  8fc10000	lw	r1,(r30)
 1237  00001da0  64220000	snei	r2,r1,#0
 1238  00001da4  14400020	bnez	r2,L62_LF2
 1239  00001da8  54000000	nop; delay slot nop
 1240  00001dac  8fc10004	lw	r1,4(r30)
 1241  00001db0  20220001	addi	r2,r1,#1
 1242  00001db4  afc20004	sw	4(r30),r2
 1243  00001db8  20020030	addi	r2,r0,(#0x30)&0xff
 1244  00001dbc  a0220000	sb	(r1),r2
 1245  00001dc0  080000ec	j	L61_LF2
 1246  00001dc4  54000000	nop; delay slot nop
 1247  00001dc8          	L62_LF2:
 1248  00001dc8  20010001	addi	r1,r0,#1
 1249  00001dcc  afc1fff4	sw	-12(r30),r1
 1250  00001dd0          	L64_LF2:
 1251  00001dd0  8fc1fff4	lw	r1,-12(r30)
 1252  00001dd4  8fc20000	lw	r2,(r30)
 1253  00001dd8  0022082c	sle	r1,r1,r2
 1254  00001ddc  1420000c	bnez	r1,L66_LF2
 1255  00001de0  54000000	nop; delay slot nop
 1256  00001de4  08000024	j	L65_LF2
 1257  00001de8  54000000	nop; delay slot nop
 1258  00001dec          	L67_LF2:
 1259  00001dec          	L66_LF2:
 1260  00001dec  8fc1fff4	lw	r1,-12(r30)
 1261  00001df0  00011820	add	r3,r0,r1
 1262  00001df4  50620002	slli	r2,r3,#0x2
 1263  00001df8  00411020	add	r2,r2,r1
 1264  00001dfc  50410001	slli	r1,r2,#0x1
 1265  00001e00  afc1fff4	sw	-12(r30),r1
 1266  00001e04  0bffffc8	j	L64_LF2
 1267  00001e08  54000000	nop; delay slot nop
 1268  00001e0c          	L65_LF2:
 1269  00001e0c  54000000	nop
 1270  00001e10          	L68_LF2:
 1271  00001e10  8fc1fff4	lw	r1,-12(r30)
 1272  00001e14  2002000a	addi	r2,r0,#10
 1273  00001e18  00200035	movi2fp	f0,r1
 1274  00001e1c  00400835	movi2fp	f1,r2
 1275  00001e20  0401000f	div	f0,f0,f1
 1276  00001e24  00000834	movfp2i	r1,f0
 1277  00001e28  afc1fff4	sw	-12(r30),r1
 1278  00001e2c  8fc10004	lw	r1,4(r30)
 1279  00001e30  20220001	addi	r2,r1,#1
 1280  00001e34  afc20004	sw	4(r30),r2
 1281  00001e38  8fc20000	lw	r2,(r30)
 1282  00001e3c  8fc3fff4	lw	r3,-12(r30)
 1283  00001e40  00400035	movi2fp	f0,r2
 1284  00001e44  00600835	movi2fp	f1,r3
 1285  00001e48  0401000f	div	f0,f0,f1
 1286  00001e4c  00001034	movfp2i	r2,f0
 1287  00001e50  00021820	add	r3,r0,r2
 1288  00001e54  20620030	addi	r2,r3,#48
 1289  00001e58  a0220000	sb	(r1),r2
 1290  00001e5c  8fc10000	lw	r1,(r30)
 1291  00001e60  8fc3fff4	lw	r3,-12(r30)
 1292  00001e64  00200035	movi2fp	f0,r1
 1293  00001e68  00600835	movi2fp	f1,r3
 1294  00001e6c  0401000f	div	f0,f0,f1
 1295  00001e70  00001034	movfp2i	r2,f0
 1296  00001e74  8fc3fff4	lw	r3,-12(r30)
 1297  00001e78  00400035	movi2fp	f0,r2
 1298  00001e7c  00600835	movi2fp	f1,r3
 1299  00001e80  0401000e	mult	f0,f0,f1
 1300  00001e84  00001034	movfp2i	r2,f0
 1301  00001e88  00220822	sub	r1,r1,r2
 1302  00001e8c  afc10000	sw	(r30),r1
 1303  00001e90          	L70_LF2:
 1304  00001e90  8fc1fff4	lw	r1,-12(r30)
 1305  00001e94  6c220001	sgti	r2,r1,#1
 1306  00001e98  1440000c	bnez	r2,L71_LF2
 1307  00001e9c  54000000	nop; delay slot nop
 1308  00001ea0  0800000c	j	L61_LF2
 1309  00001ea4  54000000	nop; delay slot nop
 1310  00001ea8          	L71_LF2:
 1311  00001ea8  0bffff64	j	L68_LF2
 1312  00001eac  54000000	nop; delay slot nop
 1313  00001eb0          	L69_LF2:
 1314  00001eb0          	L63_LF2:
 1315  00001eb0          	L61_LF2:
 1316  00001eb0  8fc10004	lw	r1,4(r30)
 1317  00001eb4  20020000	addi	r2,r0,(#0x0)&0xff
 1318  00001eb8  a0220000	sb	(r1),r2
 1319  00001ebc          	L59_LF2:
 1320  00001ebc  8fa20000	lw	r2,0(r29)
 1321  00001ec0  8fa30004	lw	r3,4(r29)
 1322  00001ec4  8fdffff8	lw	r31,-8(r30)
 1323  00001ec8  001ee820	add	r29,r0,r30
 1324  00001ecc  8fdefffc	lw	r30,-4(r30)
 1325  00001ed0  4be00000	jr	r31
 1326  00001ed4  54000000	nop
 1327  00001ed8          	.endproc _ditoa
 1328  00001ed8          	.align 2
 1329  00001ed8          	.proc _dstrtol
 1330  00001ed8          	.global _dstrtol
 1331  00001ed8          	_dstrtol:
 1332                      ;  Function 'dstrtol'; 16 bytes of locals, 1 regs to save.
 1333  00001ed8  afbefffc	sw	-4(r29),r30; push fp
 1334  00001edc  001df020	add	r30,r0,r29; fp = sp
 1335  00001ee0  afbffff8	sw	-8(r29),r31; push ret addr
 1336  00001ee4  2fbd0020	subui	r29,r29,#32; alloc local storage
 1337  00001ee8  afa20000	sw	0(r29),r2
 1338  00001eec  20010000	addi	r1,r0,#0
 1339  00001ef0  afc1fff4	sw	-12(r30),r1
 1340  00001ef4          	L73_LF2:
 1341  00001ef4  8fc10000	lw	r1,(r30)
 1342  00001ef8  90220000	lbu	r2,(r1)
 1343  00001efc  60410020	seqi	r1,r2,#32
 1344  00001f00  14200034	bnez	r1,L75_LF2
 1345  00001f04  54000000	nop; delay slot nop
 1346  00001f08  8fc10000	lw	r1,(r30)
 1347  00001f0c  90220000	lbu	r2,(r1)
 1348  00001f10  60410009	seqi	r1,r2,#9
 1349  00001f14  14200020	bnez	r1,L75_LF2
 1350  00001f18  54000000	nop; delay slot nop
 1351  00001f1c  8fc10000	lw	r1,(r30)
 1352  00001f20  90220000	lbu	r2,(r1)
 1353  00001f24  6041000a	seqi	r1,r2,#10
 1354  00001f28  1420000c	bnez	r1,L75_LF2
 1355  00001f2c  54000000	nop; delay slot nop
 1356  00001f30  0800001c	j	L74_LF2
 1357  00001f34  54000000	nop; delay slot nop
 1358  00001f38          	L75_LF2:
 1359  00001f38  8fc20000	lw	r2,(r30)
 1360  00001f3c  20410001	addi	r1,r2,#1
 1361  00001f40  00011020	add	r2,r0,r1
 1362  00001f44  afc20000	sw	(r30),r2
 1363  00001f48  0bffffa8	j	L73_LF2
 1364  00001f4c  54000000	nop; delay slot nop
 1365  00001f50          	L74_LF2:
 1366  00001f50  8fc10004	lw	r1,4(r30)
 1367  00001f54  64220000	snei	r2,r1,#0
 1368  00001f58  10400010	beqz	r2,L76_LF2
 1369  00001f5c  54000000	nop; delay slot nop
 1370  00001f60  8fc10004	lw	r1,4(r30)
 1371  00001f64  8fc20000	lw	r2,(r30)
 1372  00001f68  ac220000	sw	(r1),r2
 1373  00001f6c          	L76_LF2:
 1374  00001f6c  8fc10000	lw	r1,(r30)
 1375  00001f70  90220000	lbu	r2,(r1)
 1376  00001f74  64410000	snei	r1,r2,#0
 1377  00001f78  14200010	bnez	r1,L77_LF2
 1378  00001f7c  54000000	nop; delay slot nop
 1379  00001f80  8fc1fff4	lw	r1,-12(r30)
 1380  00001f84  08000294	j	L72_LF2
 1381  00001f88  54000000	nop; delay slot nop
 1382  00001f8c          	L77_LF2:
 1383  00001f8c  8fc10000	lw	r1,(r30)
 1384  00001f90  90220000	lbu	r2,(r1)
 1385  00001f94  6041002d	seqi	r1,r2,#45
 1386  00001f98  10200024	beqz	r1,L78_LF2
 1387  00001f9c  54000000	nop; delay slot nop
 1388  00001fa0  2001ffff	addi	r1,r0,#-1
 1389  00001fa4  afc1ffec	sw	-20(r30),r1
 1390  00001fa8  8fc20000	lw	r2,(r30)
 1391  00001fac  20410001	addi	r1,r2,#1
 1392  00001fb0  00011020	add	r2,r0,r1
 1393  00001fb4  afc20000	sw	(r30),r2
 1394  00001fb8  0800000c	j	L79_LF2
 1395  00001fbc  54000000	nop; delay slot nop
 1396  00001fc0          	L78_LF2:
 1397  00001fc0  20010001	addi	r1,r0,#1
 1398  00001fc4  afc1ffec	sw	-20(r30),r1
 1399  00001fc8          	L79_LF2:
 1400  00001fc8  8fc10008	lw	r1,8(r30)
 1401  00001fcc  64220000	snei	r2,r1,#0
 1402  00001fd0  14400090	bnez	r2,L80_LF2
 1403  00001fd4  54000000	nop; delay slot nop
 1404  00001fd8  8fc10000	lw	r1,(r30)
 1405  00001fdc  90220000	lbu	r2,(r1)
 1406  00001fe0  60410030	seqi	r1,r2,#48
 1407  00001fe4  10200074	beqz	r1,L81_LF2
 1408  00001fe8  54000000	nop; delay slot nop
 1409  00001fec  8fc20000	lw	r2,(r30)
 1410  00001ff0  20410001	addi	r1,r2,#1
 1411  00001ff4  00011020	add	r2,r0,r1
 1412  00001ff8  afc20000	sw	(r30),r2
 1413  00001ffc  8fc10000	lw	r1,(r30)
 1414  00002000  90220000	lbu	r2,(r1)
 1415  00002004  60410078	seqi	r1,r2,#120
 1416  00002008  14200020	bnez	r1,L83_LF2
 1417  0000200c  54000000	nop; delay slot nop
 1418  00002010  8fc10000	lw	r1,(r30)
 1419  00002014  90220000	lbu	r2,(r1)
 1420  00002018  60410058	seqi	r1,r2,#88
 1421  0000201c  1420000c	bnez	r1,L83_LF2
 1422  00002020  54000000	nop; delay slot nop
 1423  00002024  08000024	j	L82_LF2
 1424  00002028  54000000	nop; delay slot nop
 1425  0000202c          	L83_LF2:
 1426  0000202c  20010010	addi	r1,r0,#16
 1427  00002030  afc10008	sw	8(r30),r1
 1428  00002034  8fc20000	lw	r2,(r30)
 1429  00002038  20410001	addi	r1,r2,#1
 1430  0000203c  00011020	add	r2,r0,r1
 1431  00002040  afc20000	sw	(r30),r2
 1432  00002044  0800000c	j	L84_LF2
 1433  00002048  54000000	nop; delay slot nop
 1434  0000204c          	L82_LF2:
 1435  0000204c  20010008	addi	r1,r0,#8
 1436  00002050  afc10008	sw	8(r30),r1
 1437  00002054          	L84_LF2:
 1438  00002054  0800000c	j	L80_LF2
 1439  00002058  54000000	nop; delay slot nop
 1440  0000205c          	L81_LF2:
 1441  0000205c  2001000a	addi	r1,r0,#10
 1442  00002060  afc10008	sw	8(r30),r1
 1443  00002064          	L85_LF2:
 1444  00002064          	L80_LF2:
 1445  00002064  8fc10008	lw	r1,8(r30)
 1446  00002068  70220000	slei	r2,r1,#0
 1447  0000206c  1440001c	bnez	r2,L87_LF2
 1448  00002070  54000000	nop; delay slot nop
 1449  00002074  8fc10008	lw	r1,8(r30)
 1450  00002078  6c220010	sgti	r2,r1,#16
 1451  0000207c  1440000c	bnez	r2,L87_LF2
 1452  00002080  54000000	nop; delay slot nop
 1453  00002084  08000010	j	L86_LF2
 1454  00002088  54000000	nop; delay slot nop
 1455  0000208c          	L87_LF2:
 1456  0000208c  8fc1fff4	lw	r1,-12(r30)
 1457  00002090  08000188	j	L72_LF2
 1458  00002094  54000000	nop; delay slot nop
 1459  00002098          	L86_LF2:
 1460  00002098  54000000	nop
 1461  0000209c          	L88_LF2:
 1462  0000209c  8fc10000	lw	r1,(r30)
 1463  000020a0  90220000	lbu	r2,(r1)
 1464  000020a4  6c41002f	sgtui	r1,r2,#47
 1465  000020a8  10200030	beqz	r1,L91_LF2
 1466  000020ac  54000000	nop; delay slot nop
 1467  000020b0  8fc10000	lw	r1,(r30)
 1468  000020b4  90220000	lbu	r2,(r1)
 1469  000020b8  70410039	sleui	r1,r2,#57
 1470  000020bc  1020001c	beqz	r1,L91_LF2
 1471  000020c0  54000000	nop; delay slot nop
 1472  000020c4  8fc10000	lw	r1,(r30)
 1473  000020c8  90220000	lbu	r2,(r1)
 1474  000020cc  2041ffd0	addi	r1,r2,#-48
 1475  000020d0  afc1fff0	sw	-16(r30),r1
 1476  000020d4  0800008c	j	L92_LF2
 1477  000020d8  54000000	nop; delay slot nop
 1478  000020dc          	L91_LF2:
 1479  000020dc  8fc10000	lw	r1,(r30)
 1480  000020e0  90220000	lbu	r2,(r1)
 1481  000020e4  6c410060	sgtui	r1,r2,#96
 1482  000020e8  10200030	beqz	r1,L93_LF2
 1483  000020ec  54000000	nop; delay slot nop
 1484  000020f0  8fc10000	lw	r1,(r30)
 1485  000020f4  90220000	lbu	r2,(r1)
 1486  000020f8  7041007a	sleui	r1,r2,#122
 1487  000020fc  1020001c	beqz	r1,L93_LF2
 1488  00002100  54000000	nop; delay slot nop
 1489  00002104  8fc10000	lw	r1,(r30)
 1490  00002108  90220000	lbu	r2,(r1)
 1491  0000210c  2041ffa9	addi	r1,r2,#-87
 1492  00002110  afc1fff0	sw	-16(r30),r1
 1493  00002114  0800004c	j	L92_LF2
 1494  00002118  54000000	nop; delay slot nop
 1495  0000211c          	L93_LF2:
 1496  0000211c  8fc10000	lw	r1,(r30)
 1497  00002120  90220000	lbu	r2,(r1)
 1498  00002124  6c410040	sgtui	r1,r2,#64
 1499  00002128  10200030	beqz	r1,L95_LF2
 1500  0000212c  54000000	nop; delay slot nop
 1501  00002130  8fc10000	lw	r1,(r30)
 1502  00002134  90220000	lbu	r2,(r1)
 1503  00002138  7041005a	sleui	r1,r2,#90
 1504  0000213c  1020001c	beqz	r1,L95_LF2
 1505  00002140  54000000	nop; delay slot nop
 1506  00002144  8fc10000	lw	r1,(r30)
 1507  00002148  90220000	lbu	r2,(r1)
 1508  0000214c  2041ffc9	addi	r1,r2,#-55
 1509  00002150  afc1fff0	sw	-16(r30),r1
 1510  00002154  0800000c	j	L92_LF2
 1511  00002158  54000000	nop; delay slot nop
 1512  0000215c          	L95_LF2:
 1513  0000215c  200103e8	addi	r1,r0,#1000
 1514  00002160  afc1fff0	sw	-16(r30),r1
 1515  00002164          	L96_LF2:
 1516  00002164          	L94_LF2:
 1517  00002164          	L92_LF2:
 1518  00002164  8fc1fff0	lw	r1,-16(r30)
 1519  00002168  8fc20008	lw	r2,8(r30)
 1520  0000216c  0022082a	slt	r1,r1,r2
 1521  00002170  10200040	beqz	r1,L90_LF2
 1522  00002174  54000000	nop; delay slot nop
 1523  00002178  8fc1fff4	lw	r1,-12(r30)
 1524  0000217c  8fc20008	lw	r2,8(r30)
 1525  00002180  00200035	movi2fp	f0,r1
 1526  00002184  00400835	movi2fp	f1,r2
 1527  00002188  0401000e	mult	f0,f0,f1
 1528  0000218c  00000834	movfp2i	r1,f0
 1529  00002190  afc1fff4	sw	-12(r30),r1
 1530  00002194  8fc1fff4	lw	r1,-12(r30)
 1531  00002198  8fc2fff0	lw	r2,-16(r30)
 1532  0000219c  00220820	add	r1,r1,r2
 1533  000021a0  afc1fff4	sw	-12(r30),r1
 1534  000021a4  8fc20000	lw	r2,(r30)
 1535  000021a8  20410001	addi	r1,r2,#1
 1536  000021ac  00011020	add	r2,r0,r1
 1537  000021b0  afc20000	sw	(r30),r2
 1538  000021b4          	L97_LF2:
 1539  000021b4          	L90_LF2:
 1540  000021b4  8fc1fff0	lw	r1,-16(r30)
 1541  000021b8  8fc20008	lw	r2,8(r30)
 1542  000021bc  0022082a	slt	r1,r1,r2
 1543  000021c0  1420000c	bnez	r1,L98_LF2
 1544  000021c4  54000000	nop; delay slot nop
 1545  000021c8  0800000c	j	L89_LF2
 1546  000021cc  54000000	nop; delay slot nop
 1547  000021d0          	L98_LF2:
 1548  000021d0  0bfffec8	j	L88_LF2
 1549  000021d4  54000000	nop; delay slot nop
 1550  000021d8          	L89_LF2:
 1551  000021d8  8fc10004	lw	r1,4(r30)
 1552  000021dc  64220000	snei	r2,r1,#0
 1553  000021e0  10400010	beqz	r2,L99_LF2
 1554  000021e4  54000000	nop; delay slot nop
 1555  000021e8  8fc10004	lw	r1,4(r30)
 1556  000021ec  8fc20000	lw	r2,(r30)
 1557  000021f0  ac220000	sw	(r1),r2
 1558  000021f4          	L99_LF2:
 1559  000021f4  8fc1fff4	lw	r1,-12(r30)
 1560  000021f8  8fc2ffec	lw	r2,-20(r30)
 1561  000021fc  00200035	movi2fp	f0,r1
 1562  00002200  00400835	movi2fp	f1,r2
 1563  00002204  0401000e	mult	f0,f0,f1
 1564  00002208  00000834	movfp2i	r1,f0
 1565  0000220c  afc1fff4	sw	-12(r30),r1
 1566  00002210  8fc1fff4	lw	r1,-12(r30)
 1567  00002214  08000004	j	L72_LF2
 1568  00002218  54000000	nop; delay slot nop
 1569  0000221c          	L72_LF2:
 1570  0000221c  8fa20000	lw	r2,0(r29)
 1571  00002220  8fdffff8	lw	r31,-8(r30)
 1572  00002224  001ee820	add	r29,r0,r30
 1573  00002228  8fdefffc	lw	r30,-4(r30)
 1574  0000222c  4be00000	jr	r31
 1575  00002230  54000000	nop
 1576  00002234          	.endproc _dstrtol
 1577  00002234          	.align 2
 1578  00002234          	.proc _bcopy
 1579  00002234          	.global _bcopy
 1580  00002234          	_bcopy:
 1581                      ;  Function 'bcopy'; 0 bytes of locals, 2 regs to save.
 1582  00002234  afbefffc	sw	-4(r29),r30; push fp
 1583  00002238  001df020	add	r30,r0,r29; fp = sp
 1584  0000223c  afbffff8	sw	-8(r29),r31; push ret addr
 1585  00002240  2fbd0010	subui	r29,r29,#16; alloc local storage
 1586  00002244  afa20000	sw	0(r29),r2
 1587  00002248  afa30004	sw	4(r29),r3
 1588  0000224c  54000000	nop
 1589  00002250          	L101_LF2:
 1590  00002250  8fc10008	lw	r1,8(r30)
 1591  00002254  2022ffff	addi	r2,r1,#-1
 1592  00002258  afc20008	sw	8(r30),r2
 1593  0000225c  6c210000	sgti	r1,r1,#0
 1594  00002260  1420000c	bnez	r1,L103_LF2
 1595  00002264  54000000	nop; delay slot nop
 1596  00002268  0800002c	j	L102_LF2
 1597  0000226c  54000000	nop; delay slot nop
 1598  00002270          	L103_LF2:
 1599  00002270  8fc10004	lw	r1,4(r30)
 1600  00002274  20220001	addi	r2,r1,#1
 1601  00002278  afc20004	sw	4(r30),r2
 1602  0000227c  8fc20000	lw	r2,(r30)
 1603  00002280  20430001	addi	r3,r2,#1
 1604  00002284  afc30000	sw	(r30),r3
 1605  00002288  80420000	lb	r2,(r2)
 1606  0000228c  a0220000	sb	(r1),r2
 1607  00002290  0bffffbc	j	L101_LF2
 1608  00002294  54000000	nop; delay slot nop
 1609  00002298          	L102_LF2:
 1610  00002298          	L100_LF2:
 1611  00002298  8fa20000	lw	r2,0(r29)
 1612  0000229c  8fa30004	lw	r3,4(r29)
 1613  000022a0  8fdffff8	lw	r31,-8(r30)
 1614  000022a4  001ee820	add	r29,r0,r30
 1615  000022a8  8fdefffc	lw	r30,-4(r30)
 1616  000022ac  4be00000	jr	r31
 1617  000022b0  54000000	nop
 1618  000022b4          	.endproc _bcopy
 1619  000022b4          	.align 2
 1620  000022b4          	.proc _bzero
 1621  000022b4          	.global _bzero
 1622  000022b4          	_bzero:
 1623                      ;  Function 'bzero'; 0 bytes of locals, 1 regs to save.
 1624  000022b4  afbefffc	sw	-4(r29),r30; push fp
 1625  000022b8  001df020	add	r30,r0,r29; fp = sp
 1626  000022bc  afbffff8	sw	-8(r29),r31; push ret addr
 1627  000022c0  2fbd0010	subui	r29,r29,#16; alloc local storage
 1628  000022c4  afa20000	sw	0(r29),r2
 1629  000022c8  54000000	nop
 1630  000022cc          	L105_LF2:
 1631  000022cc  8fc10004	lw	r1,4(r30)
 1632  000022d0  2022ffff	addi	r2,r1,#-1
 1633  000022d4  afc20004	sw	4(r30),r2
 1634  000022d8  6c210000	sgti	r1,r1,#0
 1635  000022dc  1420000c	bnez	r1,L107_LF2
 1636  000022e0  54000000	nop; delay slot nop
 1637  000022e4  08000020	j	L106_LF2
 1638  000022e8  54000000	nop; delay slot nop
 1639  000022ec          	L107_LF2:
 1640  000022ec  8fc10000	lw	r1,(r30)
 1641  000022f0  20220001	addi	r2,r1,#1
 1642  000022f4  afc20000	sw	(r30),r2
 1643  000022f8  20020000	addi	r2,r0,(#0x0)&0xff
 1644  000022fc  a0220000	sb	(r1),r2
 1645  00002300  0bffffc8	j	L105_LF2
 1646  00002304  54000000	nop; delay slot nop
 1647  00002308          	L106_LF2:
 1648  00002308          	L104_LF2:
 1649  00002308  8fa20000	lw	r2,0(r29)
 1650  0000230c  8fdffff8	lw	r31,-8(r30)
 1651  00002310  001ee820	add	r29,r0,r30
 1652  00002314  8fdefffc	lw	r30,-4(r30)
 1653  00002318  4be00000	jr	r31
 1654  0000231c  54000000	nop
 1655  00002320          	.endproc _bzero
 1656  00002320          	.align 2
 1657  00002320          	.proc _min
 1658  00002320          	.global _min
 1659  00002320          	_min:
 1660                      ;  Function 'min'; 0 bytes of locals, 2 regs to save.
 1661  00002320  afbefffc	sw	-4(r29),r30; push fp
 1662  00002324  001df020	add	r30,r0,r29; fp = sp
 1663  00002328  afbffff8	sw	-8(r29),r31; push ret addr
 1664  0000232c  2fbd0010	subui	r29,r29,#16; alloc local storage
 1665  00002330  afa20000	sw	0(r29),r2
 1666  00002334  afa30004	sw	4(r29),r3
 1667  00002338  8fc10000	lw	r1,(r30)
 1668  0000233c  8fc20004	lw	r2,4(r30)
 1669  00002340  0022182c	sle	r3,r1,r2
 1670  00002344  14600008	bnez	r3,L109_LF2
 1671  00002348  54000000	nop; delay slot nop
 1672  0000234c  8fc10004	lw	r1,4(r30)
 1673  00002350          	L109_LF2:
 1674  00002350  08000004	j	L108_LF2
 1675  00002354  54000000	nop; delay slot nop
 1676  00002358          	L108_LF2:
 1677  00002358  8fa20000	lw	r2,0(r29)
 1678  0000235c  8fa30004	lw	r3,4(r29)
 1679  00002360  8fdffff8	lw	r31,-8(r30)
 1680  00002364  001ee820	add	r29,r0,r30
 1681  00002368  8fdefffc	lw	r30,-4(r30)
 1682  0000236c  4be00000	jr	r31
 1683  00002370  54000000	nop
 1684  00002374          	.endproc _min
 1685  00002374          	.align 2
 1686  00002374          	.proc _max
 1687  00002374          	.global _max
 1688  00002374          	_max:
 1689                      ;  Function 'max'; 0 bytes of locals, 2 regs to save.
 1690  00002374  afbefffc	sw	-4(r29),r30; push fp
 1691  00002378  001df020	add	r30,r0,r29; fp = sp
 1692  0000237c  afbffff8	sw	-8(r29),r31; push ret addr
 1693  00002380  2fbd0010	subui	r29,r29,#16; alloc local storage
 1694  00002384  afa20000	sw	0(r29),r2
 1695  00002388  afa30004	sw	4(r29),r3
 1696  0000238c  8fc10000	lw	r1,(r30)
 1697  00002390  8fc20004	lw	r2,4(r30)
 1698  00002394  0022182d	sge	r3,r1,r2
 1699  00002398  14600008	bnez	r3,L111_LF2
 1700  0000239c  54000000	nop; delay slot nop
 1701  000023a0  8fc10004	lw	r1,4(r30)
 1702  000023a4          	L111_LF2:
 1703  000023a4  08000004	j	L110_LF2
 1704  000023a8  54000000	nop; delay slot nop
 1705  000023ac          	L110_LF2:
 1706  000023ac  8fa20000	lw	r2,0(r29)
 1707  000023b0  8fa30004	lw	r3,4(r29)
 1708  000023b4  8fdffff8	lw	r31,-8(r30)
 1709  000023b8  001ee820	add	r29,r0,r30
 1710  000023bc  8fdefffc	lw	r30,-4(r30)
 1711  000023c0  4be00000	jr	r31
 1712  000023c4  54000000	nop
 1713  000023c8          	.endproc _max
 1714                      ;;; Ethan L. Miller, 1999.  Released to the public domain
 1715                      ;;;
 1716                      ;;; Most of the traps are called in files from libtraps.
 1719  000023c8          	.align 2
 1720  000023c8          	.proc _exit
 1721  000023c8          	.global _exit
 1722  000023c8          	_exit:
 1723  000023c8  44000300	trap	#0x300
 1724  000023cc  4be00000	jr	r31
 1725  000023d0  54000000	nop
 1726  000023d4          	.endproc _exit
 1728                      ; for the benefit of gcc.
 1729  000023d4          	.proc ___main
 1730  000023d4          	.global ___main
 1731  000023d4          	___main:
 1732  000023d4  4be00000	jr	r31
 1733  000023d8  54000000	nop
 1734  000023dc          	.endproc ___main
 1735  000023dc          	.text
 1736  000023dc          	.global _etext
 1737  000023dc          	_etext:
 1738  000023dc          	.align 3
 1739  000023e0          	.data
 1740  000031a6          	.global _edata
 1741  000031a6          	_edata:
