 line   address	contents
    1                      ; Linked by DLX-LD.
    2                      ; MemSize 24576
    3                      ; Data size: 914
    4                      ; Text size: 5556
    5                      ; Stack size: 8192
    6  00000000          	.text 0x1000
    7  00001000          	.data 0x3000
    8                      ; Compiled by GCC
    9  00003000          	.text
   10  00001000          	.align 2
   11  00001000          	.proc _isspace
   12  00001000          	.global _isspace
   13  00001000          	_isspace:
   14                      ;  Function 'isspace'; 0 bytes of locals, 1 regs to save.
   15  00001000  afbefffc	sw	-4(r29),r30; push fp
   16  00001004  001df020	add	r30,r0,r29; fp = sp
   17  00001008  afbffff8	sw	-8(r29),r31; push ret addr
   18  0000100c  2fbd0010	subui	r29,r29,#16; alloc local storage
   19  00001010  afa20000	sw	0(r29),r2
   20  00001014  83c20003	lb	r2,3(r30)
   21  00001018  201f0000	addi	r31,r0,#0
   22  0000101c  304100ff	andi	r1,r2,#0x00ff
   23  00001020  60210020	seqi	r1,r1,#32
   24  00001024  14200018	bnez	r1,L6_LF0
   25  00001028  54000000	nop; not filled.
   26  0000102c  2041fff7	addi	r1,r2,#-9
   27  00001030  302100ff	andi	r1,r1,#0x00ff
   28  00001034  70210001	sleui	r1,r1,#1
   29  00001038  10200008	beqz	r1,L5_LF0
   30  0000103c  54000000	nop; not filled.
   31  00001040          	L6_LF0:
   32  00001040  201f0001	addi	r31,r0,#1
   33  00001044          	L5_LF0:
   34  00001044  001f0820	add	r1,r0,r31
   35  00001048  8fa20000	lw	r2,0(r29)
   36  0000104c  8fdffff8	lw	r31,-8(r30)
   37  00001050  001ee820	add	r29,r0,r30
   38  00001054  8fdefffc	lw	r30,-4(r30)
   39  00001058  4be00000	jr	r31
   40  0000105c  54000000	nop
   41  00001060          	.endproc _isspace
   42  00001060          	.align 2
   43  00001060          	.proc _isxdigit
   44  00001060          	.global _isxdigit
   45  00001060          	_isxdigit:
   46                      ;  Function 'isxdigit'; 0 bytes of locals, 1 regs to save.
   47  00001060  afbefffc	sw	-4(r29),r30; push fp
   48  00001064  001df020	add	r30,r0,r29; fp = sp
   49  00001068  afbffff8	sw	-8(r29),r31; push ret addr
   50  0000106c  2fbd0010	subui	r29,r29,#16; alloc local storage
   51  00001070  afa20000	sw	0(r29),r2
   52  00001074  83df0003	lb	r31,3(r30)
   53  00001078  20020000	addi	r2,r0,#0
   54  0000107c  23e1ffd0	addi	r1,r31,#-48
   55  00001080  302100ff	andi	r1,r1,#0x00ff
   56  00001084  70210009	sleui	r1,r1,#9
   57  00001088  14200028	bnez	r1,L12_LF0
   58  0000108c  54000000	nop; not filled.
   59  00001090  23e1ff9f	addi	r1,r31,#-97
   60  00001094  302100ff	andi	r1,r1,#0x00ff
   61  00001098  70210005	sleui	r1,r1,#5
   62  0000109c  14200014	bnez	r1,L12_LF0
   63  000010a0  54000000	nop; not filled.
   64  000010a4  33e100ff	andi	r1,r31,#0x00ff
   65  000010a8  64210041	snei	r1,r1,#65
   66  000010ac  14200008	bnez	r1,L11_LF0
   67  000010b0  54000000	nop; not filled.
   68  000010b4          	L12_LF0:
   69  000010b4  20020001	addi	r2,r0,#1
   70  000010b8          	L11_LF0:
   71  000010b8  00020820	add	r1,r0,r2
   72  000010bc  8fa20000	lw	r2,0(r29)
   73  000010c0  8fdffff8	lw	r31,-8(r30)
   74  000010c4  001ee820	add	r29,r0,r30
   75  000010c8  8fdefffc	lw	r30,-4(r30)
   76  000010cc  4be00000	jr	r31
   77  000010d0  54000000	nop
   78  000010d4          	.endproc _isxdigit
   79  000010d4          	.data
   80  00003000          	.align 2
   81  00003000          	LC0_LF0:
   82  00003000  55736167	.ascii "Usage: %s <number of hello world processes to create>\n\000"
   82  00003004  653a2025	
   82  00003008  73203c6e	
   82  0000300c  756d6265	
   82  00003010  72206f66	
   82  00003014  2068656c	
   82  00003018  6c6f2077	
   82  0000301c  6f726c64	
   82  00003020  2070726f	
   82  00003024  63657373	
   82  00003028  65732074	
   82  0000302c  6f206372	
   82  00003030  65617465	
   82  00003034  3e0a00  	
   83  00003037          	.align 2
   84  00003038          	LC1_LF0:
   85  00003038  6d616b65	.ascii "makeprocs (%d): Creating %d test cases\n\000"
   85  0000303c  70726f63	
   85  00003040  73202825	
   85  00003044  64293a20	
   85  00003048  43726561	
   85  0000304c  74696e67	
   85  00003050  20256420	
   85  00003054  74657374	
   85  00003058  20636173	
   85  0000305c  65730a00	
   86  00003060          	.align 2
   87  00003060          	LC2_LF0:
   88  00003060  6d616b65	.ascii "makeprocs (%d): Bad sem_create\n\000"
   88  00003064  70726f63	
   88  00003068  73202825	
   88  0000306c  64293a20	
   88  00003070  42616420	
   88  00003074  73656d5f	
   88  00003078  63726561	
   88  0000307c  74650a00	
   89  00003080          	.align 2
   90  00003080          	LC3_LF0:
   91  00003080  6d616b65	.ascii "makeprocs (%d): Creating Test case #0\n\000"
   91  00003084  70726f63	
   91  00003088  73202825	
   91  0000308c  64293a20	
   91  00003090  43726561	
   91  00003094  74696e67	
   91  00003098  20546573	
   91  0000309c  74206361	
   91  000030a0  73652023	
   91  000030a4  300a00  	
   92  000030a7          	.align 2
   93  000030a8          	LC4_LF0:
   94  000030a8  68656c6c	.ascii "hello_world_0.dlx.obj\000"
   94  000030ac  6f5f776f	
   94  000030b0  726c645f	
   94  000030b4  302e646c	
   94  000030b8  782e6f62	
   94  000030bc  6a00    	
   95  000030be          	.align 2
   96  000030c0          	LC5_LF0:
   97  000030c0  42616420	.ascii "Bad semaphore s_procs_completed (%d) in %s\n\000"
   97  000030c4  73656d61	
   97  000030c8  70686f72	
   97  000030cc  6520735f	
   97  000030d0  70726f63	
   97  000030d4  735f636f	
   97  000030d8  6d706c65	
   97  000030dc  74656420	
   97  000030e0  28256429	
   97  000030e4  20696e20	
   97  000030e8  25730a00	
   98  000030ec          	.align 2
   99  000030ec          	LC6_LF0:
  100  000030ec  6d616b65	.ascii "makeprocs (%d): Creating Test case #1\n\000"
  100  000030f0  70726f63	
  100  000030f4  73202825	
  100  000030f8  64293a20	
  100  000030fc  43726561	
  100  00003100  74696e67	
  100  00003104  20546573	
  100  00003108  74206361	
  100  0000310c  73652023	
  100  00003110  310a00  	
  101  00003113          	.align 2
  102  00003114          	LC7_LF0:
  103  00003114  68656c6c	.ascii "hello_world_1.dlx.obj\000"
  103  00003118  6f5f776f	
  103  0000311c  726c645f	
  103  00003120  312e646c	
  103  00003124  782e6f62	
  103  00003128  6a00    	
  104  0000312a          	.align 2
  105  0000312c          	LC8_LF0:
  106  0000312c  54657374	.ascii "Test case (1): Done!\n\000"
  106  00003130  20636173	
  106  00003134  65202831	
  106  00003138  293a2044	
  106  0000313c  6f6e6521	
  106  00003140  0a00    	
  107  00003142          	.align 2
  108  00003144          	LC9_LF0:
  109  00003144  2d2d2d2d	.ascii "----------------------------------------------------------------------"
  109  00003148  2d2d2d2d	
  109  0000314c  2d2d2d2d	
  109  00003150  2d2d2d2d	
  109  00003154  2d2d2d2d	
  109  00003158  2d2d2d2d	
  109  0000315c  2d2d2d2d	
  109  00003160  2d2d2d2d	
  109  00003164  2d2d2d2d	
  109  00003168  2d2d2d2d	
  109  0000316c  2d2d2d2d	
  109  00003170  2d2d2d2d	
  109  00003174  2d2d2d2d	
  109  00003178  2d2d2d2d	
  109  0000317c  2d2d2d2d	
  109  00003180  2d2d2d2d	
  109  00003184  2d2d2d2d	
  109  00003188  2d2d    	
  110  0000318a  2d2d2d2d	.ascii "--------------\n\000"
  110  0000318e  2d2d2d2d	
  110  00003192  2d2d2d2d	
  110  00003196  2d2d0a00	
  111  0000319a          	.align 2
  112  0000319c          	LC10_LF0:
  113  0000319c  6d616b65	.ascii "makeprocs (%d): Creating Test case #2\n\000"
  113  000031a0  70726f63	
  113  000031a4  73202825	
  113  000031a8  64293a20	
  113  000031ac  43726561	
  113  000031b0  74696e67	
  113  000031b4  20546573	
  113  000031b8  74206361	
  113  000031bc  73652023	
  113  000031c0  320a00  	
  114  000031c3          	.align 2
  115  000031c4          	LC11_LF0:
  116  000031c4  68656c6c	.ascii "hello_world_2.dlx.obj\000"
  116  000031c8  6f5f776f	
  116  000031cc  726c645f	
  116  000031d0  322e646c	
  116  000031d4  782e6f62	
  116  000031d8  6a00    	
  117  000031da          	.align 2
  118  000031dc          	LC12_LF0:
  119  000031dc  6d616b65	.ascii "makeprocs (%d): Creating Test case #3\n\000"
  119  000031e0  70726f63	
  119  000031e4  73202825	
  119  000031e8  64293a20	
  119  000031ec  43726561	
  119  000031f0  74696e67	
  119  000031f4  20546573	
  119  000031f8  74206361	
  119  000031fc  73652023	
  119  00003200  330a00  	
  120  00003203          	.align 2
  121  00003204          	LC13_LF0:
  122  00003204  68656c6c	.ascii "hello_world_3.dlx.obj\000"
  122  00003208  6f5f776f	
  122  0000320c  726c645f	
  122  00003210  332e646c	
  122  00003214  782e6f62	
  122  00003218  6a00    	
  123  0000321a          	.align 2
  124  0000321c          	LC14_LF0:
  125  0000321c  6d616b65	.ascii "makeprocs (%d): Creating Test case #4\n\000"
  125  00003220  70726f63	
  125  00003224  73202825	
  125  00003228  64293a20	
  125  0000322c  43726561	
  125  00003230  74696e67	
  125  00003234  20546573	
  125  00003238  74206361	
  125  0000323c  73652023	
  125  00003240  340a00  	
  126  00003243          	.align 2
  127  00003244          	LC15_LF0:
  128  00003244  68656c6c	.ascii "hello_world_4.dlx.obj\000"
  128  00003248  6f5f776f	
  128  0000324c  726c645f	
  128  00003250  342e646c	
  128  00003254  782e6f62	
  128  00003258  6a00    	
  129  0000325a          	.align 2
  130  0000325c          	LC16_LF0:
  131  0000325c  72756e6e	.ascii "running hello_world program %d times\n\000"
  131  00003260  696e6720	
  131  00003264  68656c6c	
  131  00003268  6f5f776f	
  131  0000326c  726c6420	
  131  00003270  70726f67	
  131  00003274  72616d20	
  131  00003278  25642074	
  131  0000327c  696d6573	
  131  00003280  0a00    	
  132  00003282          	.align 2
  133  00003284          	LC17_LF0:
  134  00003284  54657374	.ascii "Test case (4): Done!\n\000"
  134  00003288  20636173	
  134  0000328c  65202834	
  134  00003290  293a2044	
  134  00003294  6f6e6521	
  134  00003298  0a00    	
  135  0000329a          	.align 2
  136  0000329c          	LC18_LF0:
  137  0000329c  6d616b65	.ascii "makeprocs (%d): Creating Test case #5\n\000"
  137  000032a0  70726f63	
  137  000032a4  73202825	
  137  000032a8  64293a20	
  137  000032ac  43726561	
  137  000032b0  74696e67	
  137  000032b4  20546573	
  137  000032b8  74206361	
  137  000032bc  73652023	
  137  000032c0  350a00  	
  138  000032c3          	.align 2
  139  000032c4          	LC19_LF0:
  140  000032c4  68656c6c	.ascii "hello_world_5.dlx.obj\000"
  140  000032c8  6f5f776f	
  140  000032cc  726c645f	
  140  000032d0  352e646c	
  140  000032d4  782e6f62	
  140  000032d8  6a00    	
  141  000032da          	.align 2
  142  000032dc          	LC20_LF0:
  143  000032dc  54657374	.ascii "Test case (5):Done!\n\000"
  143  000032e0  20636173	
  143  000032e4  65202835	
  143  000032e8  293a446f	
  143  000032ec  6e65210a	
  143  000032f0  00      	
  144  000032f1          	.align 2
  145  000032f4          	LC21_LF0:
  146  000032f4  2d2d2d2d	.ascii "----------------------------------------------------------------------"
  146  000032f8  2d2d2d2d	
  146  000032fc  2d2d2d2d	
  146  00003300  2d2d2d2d	
  146  00003304  2d2d2d2d	
  146  00003308  2d2d2d2d	
  146  0000330c  2d2d2d2d	
  146  00003310  2d2d2d2d	
  146  00003314  2d2d2d2d	
  146  00003318  2d2d2d2d	
  146  0000331c  2d2d2d2d	
  146  00003320  2d2d2d2d	
  146  00003324  2d2d2d2d	
  146  00003328  2d2d2d2d	
  146  0000332c  2d2d2d2d	
  146  00003330  2d2d2d2d	
  146  00003334  2d2d2d2d	
  146  00003338  2d2d    	
  147  0000333a  2d2d2d2d	.ascii "---------------\n\000"
  147  0000333e  2d2d2d2d	
  147  00003342  2d2d2d2d	
  147  00003346  2d2d2d0a	
  147  0000334a  00      	
  148  0000334b          	.align 2
  149  0000334c          	LC22_LF0:
  150  0000334c  6d616b65	.ascii "makeprocs (%d): All other processes completed, exiting main process.\n"
  150  00003350  70726f63	
  150  00003354  73202825	
  150  00003358  64293a20	
  150  0000335c  416c6c20	
  150  00003360  6f746865	
  150  00003364  72207072	
  150  00003368  6f636573	
  150  0000336c  73657320	
  150  00003370  636f6d70	
  150  00003374  6c657465	
  150  00003378  642c2065	
  150  0000337c  78697469	
  150  00003380  6e67206d	
  150  00003384  61696e20	
  150  00003388  70726f63	
  150  0000338c  6573732e	
  150  00003390  0a      	
  151  00003391  00      	.ascii "\000"
  152  00003392          	.text
  153  000010d4          	.align 2
  154  000010d4          	.proc _main
  155  000010d4          	.global _main
  156  000010d4          	_main:
  157                      ;  Function 'main'; 32 bytes of locals, 0 regs to save.
  158  000010d4  afbefffc	sw	-4(r29),r30; push fp
  159  000010d8  001df020	add	r30,r0,r29; fp = sp
  160  000010dc  afbffff8	sw	-8(r29),r31; push ret addr
  161  000010e0  2fbd0028	subui	r29,r29,#40; alloc local storage
  162  000010e4  8fc20000	lw	r2,(r30)
  163  000010e8  8fc50004	lw	r5,4(r30)
  164  000010ec  0c0014bc	jal	___main
  165  000010f0  54000000	nop; not filled.
  166  000010f4  64410002	snei	r1,r2,#2
  167  000010f8  10200030	beqz	r1,L14_LF0
  168  000010fc  54000000	nop; not filled.
  169  00001100  23bdfff8	addi	r29,r29,#-8
  170  00001104  3c070000	lhi	r7,((LC0_LF0)>>16)&0xffff
  171  00001108  24e73000	addui	r7,r7,(LC0_LF0)&0xffff
  172  0000110c  afa70000	sw	(r29),r7
  173  00001110  8ca10000	lw	r1,(r5)
  174  00001114  afa10004	sw	4(r29),r1
  175  00001118  0c0005d0	jal	_Printf
  176  0000111c  54000000	nop; not filled.
  177  00001120  0c0006d0	jal	_Exit
  178  00001124  54000000	nop; not filled.
  179  00001128  23bd0008	addi	r29,r29,#8
  180  0000112c          	L14_LF0:
  181  0000112c  23bdfff0	addi	r29,r29,#-16
  182  00001130  8ca70004	lw	r7,4(r5)
  183  00001134  afa70000	sw	(r29),r7
  184  00001138  20070000	addi	r7,r0,#0
  185  0000113c  afa70004	sw	4(r29),r7
  186  00001140  2007000a	addi	r7,r0,#10
  187  00001144  afa70008	sw	8(r29),r7
  188  00001148  0c000f64	jal	_dstrtol
  189  0000114c  54000000	nop; not filled.
  190  00001150  00011020	add	r2,r0,r1
  191  00001154  0c0005a0	jal	_getpid
  192  00001158  54000000	nop; not filled.
  193  0000115c  3c070000	lhi	r7,((LC1_LF0)>>16)&0xffff
  194  00001160  24e73038	addui	r7,r7,(LC1_LF0)&0xffff
  195  00001164  afa70000	sw	(r29),r7
  196  00001168  afa10004	sw	4(r29),r1
  197  0000116c  afa20008	sw	8(r29),r2
  198  00001170  0c000578	jal	_Printf
  199  00001174  54000000	nop; not filled.
  200  00001178  20070000	addi	r7,r0,#0
  201  0000117c  afa70000	sw	(r29),r7
  202  00001180  0c0005a4	jal	_sem_create
  203  00001184  54000000	nop; not filled.
  204  00001188  00012020	add	r4,r0,r1
  205  0000118c  23bd0010	addi	r29,r29,#16
  206  00001190  6081ffff	seqi	r1,r4,#-1
  207  00001194  10200034	beqz	r1,L15_LF0
  208  00001198  54000000	nop; not filled.
  209  0000119c  0c000558	jal	_getpid
  210  000011a0  54000000	nop; not filled.
  211  000011a4  23bdfff8	addi	r29,r29,#-8
  212  000011a8  3c070000	lhi	r7,((LC2_LF0)>>16)&0xffff
  213  000011ac  24e73060	addui	r7,r7,(LC2_LF0)&0xffff
  214  000011b0  afa70000	sw	(r29),r7
  215  000011b4  afa10004	sw	4(r29),r1
  216  000011b8  0c000530	jal	_Printf
  217  000011bc  54000000	nop; not filled.
  218  000011c0  0c000630	jal	_Exit
  219  000011c4  54000000	nop; not filled.
  220  000011c8  23bd0008	addi	r29,r29,#8
  221  000011cc          	L15_LF0:
  222  000011cc  23bdfff8	addi	r29,r29,#-8
  223  000011d0  2007ffe3	addi	r7,r0,#-29
  224  000011d4  afa70000	sw	(r29),r7
  225  000011d8  0c00054c	jal	_sem_create
  226  000011dc  54000000	nop; not filled.
  227  000011e0  00013020	add	r6,r0,r1
  228  000011e4  23bd0008	addi	r29,r29,#8
  229  000011e8  60c1ffff	seqi	r1,r6,#-1
  230  000011ec  10200034	beqz	r1,L16_LF0
  231  000011f0  54000000	nop; not filled.
  232  000011f4  0c000500	jal	_getpid
  233  000011f8  54000000	nop; not filled.
  234  000011fc  23bdfff8	addi	r29,r29,#-8
  235  00001200  3c070000	lhi	r7,((LC2_LF0)>>16)&0xffff
  236  00001204  24e73060	addui	r7,r7,(LC2_LF0)&0xffff
  237  00001208  afa70000	sw	(r29),r7
  238  0000120c  afa10004	sw	4(r29),r1
  239  00001210  0c0004d8	jal	_Printf
  240  00001214  54000000	nop; not filled.
  241  00001218  0c0005d8	jal	_Exit
  242  0000121c  54000000	nop; not filled.
  243  00001220  23bd0008	addi	r29,r29,#8
  244  00001224          	L16_LF0:
  245  00001224  23bdfff8	addi	r29,r29,#-8
  246  00001228  afa40000	sw	(r29),r4
  247  0000122c  23c2ffe8	addi	r2,r30,#-24
  248  00001230  afa20004	sw	4(r29),r2
  249  00001234  0c000cec	jal	_ditoa
  250  00001238  54000000	nop; not filled.
  251  0000123c  afa60000	sw	(r29),r6
  252  00001240  23c1ffd8	addi	r1,r30,#-40
  253  00001244  afa10004	sw	4(r29),r1
  254  00001248  0c000cd8	jal	_ditoa
  255  0000124c  54000000	nop; not filled.
  256  00001250  0c0004a4	jal	_getpid
  257  00001254  54000000	nop; not filled.
  258  00001258  3c070000	lhi	r7,((LC3_LF0)>>16)&0xffff
  259  0000125c  24e73080	addui	r7,r7,(LC3_LF0)&0xffff
  260  00001260  afa70000	sw	(r29),r7
  261  00001264  afa10004	sw	4(r29),r1
  262  00001268  0c000480	jal	_Printf
  263  0000126c  54000000	nop; not filled.
  264  00001270  23bdfff8	addi	r29,r29,#-8
  265  00001274  3c070000	lhi	r7,((LC4_LF0)>>16)&0xffff
  266  00001278  24e730a8	addui	r7,r7,(LC4_LF0)&0xffff
  267  0000127c  afa70000	sw	(r29),r7
  268  00001280  afa20004	sw	4(r29),r2
  269  00001284  20070000	addi	r7,r0,#0
  270  00001288  afa70008	sw	8(r29),r7
  271  0000128c  0c000474	jal	_process_create
  272  00001290  54000000	nop; not filled.
  273  00001294  afa40000	sw	(r29),r4
  274  00001298  0c000498	jal	_sem_wait
  275  0000129c  54000000	nop; not filled.
  276  000012a0  23bd0010	addi	r29,r29,#16
  277  000012a4  64210001	snei	r1,r1,#1
  278  000012a8  10200034	beqz	r1,L17_LF0
  279  000012ac  54000000	nop; not filled.
  280  000012b0  23bdfff0	addi	r29,r29,#-16
  281  000012b4  3c070000	lhi	r7,((LC5_LF0)>>16)&0xffff
  282  000012b8  24e730c0	addui	r7,r7,(LC5_LF0)&0xffff
  283  000012bc  afa70000	sw	(r29),r7
  284  000012c0  afa40004	sw	4(r29),r4
  285  000012c4  8ca70000	lw	r7,(r5)
  286  000012c8  afa70008	sw	8(r29),r7
  287  000012cc  0c00041c	jal	_Printf
  288  000012d0  54000000	nop; not filled.
  289  000012d4  0c00051c	jal	_Exit
  290  000012d8  54000000	nop; not filled.
  291  000012dc  23bd0010	addi	r29,r29,#16
  292  000012e0          	L17_LF0:
  293  000012e0  0c000414	jal	_getpid
  294  000012e4  54000000	nop; not filled.
  295  000012e8  23bdfff8	addi	r29,r29,#-8
  296  000012ec  3c070000	lhi	r7,((LC6_LF0)>>16)&0xffff
  297  000012f0  24e730ec	addui	r7,r7,(LC6_LF0)&0xffff
  298  000012f4  afa70000	sw	(r29),r7
  299  000012f8  afa10004	sw	4(r29),r1
  300  000012fc  0c0003ec	jal	_Printf
  301  00001300  54000000	nop; not filled.
  302  00001304  23bdfff8	addi	r29,r29,#-8
  303  00001308  3c070000	lhi	r7,((LC7_LF0)>>16)&0xffff
  304  0000130c  24e73114	addui	r7,r7,(LC7_LF0)&0xffff
  305  00001310  afa70000	sw	(r29),r7
  306  00001314  afa20004	sw	4(r29),r2
  307  00001318  20070000	addi	r7,r0,#0
  308  0000131c  afa70008	sw	8(r29),r7
  309  00001320  0c0003e0	jal	_process_create
  310  00001324  54000000	nop; not filled.
  311  00001328  20020000	addi	r2,r0,#0
  312  0000132c  23bd0010	addi	r29,r29,#16
  313  00001330          	L20_LF0:
  314  00001330  20420001	addi	r2,r2,#1
  315  00001334  7041270f	slei	r1,r2,#9999
  316  00001338  1420fff4	bnez	r1,L20_LF0
  317  0000133c  54000000	nop; not filled.
  318  00001340  23bdfff8	addi	r29,r29,#-8
  319  00001344  3c070000	lhi	r7,((LC8_LF0)>>16)&0xffff
  320  00001348  24e7312c	addui	r7,r7,(LC8_LF0)&0xffff
  321  0000134c  afa70000	sw	(r29),r7
  322  00001350  0c000398	jal	_Printf
  323  00001354  54000000	nop; not filled.
  324  00001358  3c070000	lhi	r7,((LC9_LF0)>>16)&0xffff
  325  0000135c  24e73144	addui	r7,r7,(LC9_LF0)&0xffff
  326  00001360  afa70000	sw	(r29),r7
  327  00001364  0c000384	jal	_Printf
  328  00001368  54000000	nop; not filled.
  329  0000136c  0c000388	jal	_getpid
  330  00001370  54000000	nop; not filled.
  331  00001374  3c070000	lhi	r7,((LC10_LF0)>>16)&0xffff
  332  00001378  24e7319c	addui	r7,r7,(LC10_LF0)&0xffff
  333  0000137c  afa70000	sw	(r29),r7
  334  00001380  afa10004	sw	4(r29),r1
  335  00001384  0c000364	jal	_Printf
  336  00001388  54000000	nop; not filled.
  337  0000138c  23bdfff8	addi	r29,r29,#-8
  338  00001390  3c070000	lhi	r7,((LC11_LF0)>>16)&0xffff
  339  00001394  24e731c4	addui	r7,r7,(LC11_LF0)&0xffff
  340  00001398  afa70000	sw	(r29),r7
  341  0000139c  23c3ffe8	addi	r3,r30,#-24
  342  000013a0  afa30004	sw	4(r29),r3
  343  000013a4  20070000	addi	r7,r0,#0
  344  000013a8  afa70008	sw	8(r29),r7
  345  000013ac  0c000354	jal	_process_create
  346  000013b0  54000000	nop; not filled.
  347  000013b4  afa40000	sw	(r29),r4
  348  000013b8  0c000378	jal	_sem_wait
  349  000013bc  54000000	nop; not filled.
  350  000013c0  23bd0010	addi	r29,r29,#16
  351  000013c4  64210001	snei	r1,r1,#1
  352  000013c8  10200034	beqz	r1,L23_LF0
  353  000013cc  54000000	nop; not filled.
  354  000013d0  23bdfff0	addi	r29,r29,#-16
  355  000013d4  3c070000	lhi	r7,((LC5_LF0)>>16)&0xffff
  356  000013d8  24e730c0	addui	r7,r7,(LC5_LF0)&0xffff
  357  000013dc  afa70000	sw	(r29),r7
  358  000013e0  afa40004	sw	4(r29),r4
  359  000013e4  8ca70000	lw	r7,(r5)
  360  000013e8  afa70008	sw	8(r29),r7
  361  000013ec  0c0002fc	jal	_Printf
  362  000013f0  54000000	nop; not filled.
  363  000013f4  0c0003fc	jal	_Exit
  364  000013f8  54000000	nop; not filled.
  365  000013fc  23bd0010	addi	r29,r29,#16
  366  00001400          	L23_LF0:
  367  00001400  0c0002f4	jal	_getpid
  368  00001404  54000000	nop; not filled.
  369  00001408  23bdfff8	addi	r29,r29,#-8
  370  0000140c  3c070000	lhi	r7,((LC12_LF0)>>16)&0xffff
  371  00001410  24e731dc	addui	r7,r7,(LC12_LF0)&0xffff
  372  00001414  afa70000	sw	(r29),r7
  373  00001418  afa10004	sw	4(r29),r1
  374  0000141c  0c0002cc	jal	_Printf
  375  00001420  54000000	nop; not filled.
  376  00001424  23bdfff8	addi	r29,r29,#-8
  377  00001428  3c070000	lhi	r7,((LC13_LF0)>>16)&0xffff
  378  0000142c  24e73204	addui	r7,r7,(LC13_LF0)&0xffff
  379  00001430  afa70000	sw	(r29),r7
  380  00001434  afa30004	sw	4(r29),r3
  381  00001438  20070000	addi	r7,r0,#0
  382  0000143c  afa70008	sw	8(r29),r7
  383  00001440  0c0002c0	jal	_process_create
  384  00001444  54000000	nop; not filled.
  385  00001448  afa40000	sw	(r29),r4
  386  0000144c  0c0002e4	jal	_sem_wait
  387  00001450  54000000	nop; not filled.
  388  00001454  23bd0010	addi	r29,r29,#16
  389  00001458  64210001	snei	r1,r1,#1
  390  0000145c  10200034	beqz	r1,L24_LF0
  391  00001460  54000000	nop; not filled.
  392  00001464  23bdfff0	addi	r29,r29,#-16
  393  00001468  3c070000	lhi	r7,((LC5_LF0)>>16)&0xffff
  394  0000146c  24e730c0	addui	r7,r7,(LC5_LF0)&0xffff
  395  00001470  afa70000	sw	(r29),r7
  396  00001474  afa40004	sw	4(r29),r4
  397  00001478  8ca70000	lw	r7,(r5)
  398  0000147c  afa70008	sw	8(r29),r7
  399  00001480  0c000268	jal	_Printf
  400  00001484  54000000	nop; not filled.
  401  00001488  0c000368	jal	_Exit
  402  0000148c  54000000	nop; not filled.
  403  00001490  23bd0010	addi	r29,r29,#16
  404  00001494          	L24_LF0:
  405  00001494  0c000260	jal	_getpid
  406  00001498  54000000	nop; not filled.
  407  0000149c  23bdfff8	addi	r29,r29,#-8
  408  000014a0  3c070000	lhi	r7,((LC14_LF0)>>16)&0xffff
  409  000014a4  24e7321c	addui	r7,r7,(LC14_LF0)&0xffff
  410  000014a8  afa70000	sw	(r29),r7
  411  000014ac  afa10004	sw	4(r29),r1
  412  000014b0  0c000238	jal	_Printf
  413  000014b4  54000000	nop; not filled.
  414  000014b8  20020000	addi	r2,r0,#0
  415  000014bc  23bd0008	addi	r29,r29,#8
  416  000014c0          	L28_LF0:
  417  000014c0  23bdfff0	addi	r29,r29,#-16
  418  000014c4  3c070000	lhi	r7,((LC15_LF0)>>16)&0xffff
  419  000014c8  24e73244	addui	r7,r7,(LC15_LF0)&0xffff
  420  000014cc  afa70000	sw	(r29),r7
  421  000014d0  afa30004	sw	4(r29),r3
  422  000014d4  20070000	addi	r7,r0,#0
  423  000014d8  afa70008	sw	8(r29),r7
  424  000014dc  0c000224	jal	_process_create
  425  000014e0  54000000	nop; not filled.
  426  000014e4  afa40000	sw	(r29),r4
  427  000014e8  0c000248	jal	_sem_wait
  428  000014ec  54000000	nop; not filled.
  429  000014f0  23bd0010	addi	r29,r29,#16
  430  000014f4  64210001	snei	r1,r1,#1
  431  000014f8  10200034	beqz	r1,L29_LF0
  432  000014fc  54000000	nop; not filled.
  433  00001500  23bdfff0	addi	r29,r29,#-16
  434  00001504  3c070000	lhi	r7,((LC5_LF0)>>16)&0xffff
  435  00001508  24e730c0	addui	r7,r7,(LC5_LF0)&0xffff
  436  0000150c  afa70000	sw	(r29),r7
  437  00001510  afa40004	sw	4(r29),r4
  438  00001514  8ca70000	lw	r7,(r5)
  439  00001518  afa70008	sw	8(r29),r7
  440  0000151c  0c0001cc	jal	_Printf
  441  00001520  54000000	nop; not filled.
  442  00001524  0c0002cc	jal	_Exit
  443  00001528  54000000	nop; not filled.
  444  0000152c  23bd0010	addi	r29,r29,#16
  445  00001530          	L29_LF0:
  446  00001530  23bdfff8	addi	r29,r29,#-8
  447  00001534  3c070000	lhi	r7,((LC16_LF0)>>16)&0xffff
  448  00001538  24e7325c	addui	r7,r7,(LC16_LF0)&0xffff
  449  0000153c  afa70000	sw	(r29),r7
  450  00001540  20420001	addi	r2,r2,#1
  451  00001544  afa20004	sw	4(r29),r2
  452  00001548  0c0001a0	jal	_Printf
  453  0000154c  54000000	nop; not filled.
  454  00001550  23bd0008	addi	r29,r29,#8
  455  00001554  70410063	slei	r1,r2,#99
  456  00001558  1420ff64	bnez	r1,L28_LF0
  457  0000155c  54000000	nop; not filled.
  458  00001560  23bdfff8	addi	r29,r29,#-8
  459  00001564  3c070000	lhi	r7,((LC17_LF0)>>16)&0xffff
  460  00001568  24e73284	addui	r7,r7,(LC17_LF0)&0xffff
  461  0000156c  afa70000	sw	(r29),r7
  462  00001570  0c000178	jal	_Printf
  463  00001574  54000000	nop; not filled.
  464  00001578  3c070000	lhi	r7,((LC9_LF0)>>16)&0xffff
  465  0000157c  24e73144	addui	r7,r7,(LC9_LF0)&0xffff
  466  00001580  afa70000	sw	(r29),r7
  467  00001584  0c000164	jal	_Printf
  468  00001588  54000000	nop; not filled.
  469  0000158c  0c000168	jal	_getpid
  470  00001590  54000000	nop; not filled.
  471  00001594  3c070000	lhi	r7,((LC18_LF0)>>16)&0xffff
  472  00001598  24e7329c	addui	r7,r7,(LC18_LF0)&0xffff
  473  0000159c  afa70000	sw	(r29),r7
  474  000015a0  afa10004	sw	4(r29),r1
  475  000015a4  0c000144	jal	_Printf
  476  000015a8  54000000	nop; not filled.
  477  000015ac  20020000	addi	r2,r0,#0
  478  000015b0  23bd0008	addi	r29,r29,#8
  479  000015b4  23c3ffd8	addi	r3,r30,#-40
  480  000015b8          	L34_LF0:
  481  000015b8  23bdfff0	addi	r29,r29,#-16
  482  000015bc  3c070000	lhi	r7,((LC19_LF0)>>16)&0xffff
  483  000015c0  24e732c4	addui	r7,r7,(LC19_LF0)&0xffff
  484  000015c4  afa70000	sw	(r29),r7
  485  000015c8  afa30004	sw	4(r29),r3
  486  000015cc  20070000	addi	r7,r0,#0
  487  000015d0  afa70008	sw	8(r29),r7
  488  000015d4  0c00012c	jal	_process_create
  489  000015d8  54000000	nop; not filled.
  490  000015dc  23bd0010	addi	r29,r29,#16
  491  000015e0  20420001	addi	r2,r2,#1
  492  000015e4  7041001d	slei	r1,r2,#29
  493  000015e8  1420ffcc	bnez	r1,L34_LF0
  494  000015ec  54000000	nop; not filled.
  495  000015f0  23bdfff8	addi	r29,r29,#-8
  496  000015f4  afa60000	sw	(r29),r6
  497  000015f8  0c000138	jal	_sem_wait
  498  000015fc  54000000	nop; not filled.
  499  00001600  23bd0008	addi	r29,r29,#8
  500  00001604  64210001	snei	r1,r1,#1
  501  00001608  10200034	beqz	r1,L36_LF0
  502  0000160c  54000000	nop; not filled.
  503  00001610  23bdfff0	addi	r29,r29,#-16
  504  00001614  3c070000	lhi	r7,((LC5_LF0)>>16)&0xffff
  505  00001618  24e730c0	addui	r7,r7,(LC5_LF0)&0xffff
  506  0000161c  afa70000	sw	(r29),r7
  507  00001620  afa40004	sw	4(r29),r4
  508  00001624  8ca50000	lw	r5,(r5)
  509  00001628  afa50008	sw	8(r29),r5
  510  0000162c  0c0000bc	jal	_Printf
  511  00001630  54000000	nop; not filled.
  512  00001634  0c0001bc	jal	_Exit
  513  00001638  54000000	nop; not filled.
  514  0000163c  23bd0010	addi	r29,r29,#16
  515  00001640          	L36_LF0:
  516  00001640  23bdfff8	addi	r29,r29,#-8
  517  00001644  3c070000	lhi	r7,((LC20_LF0)>>16)&0xffff
  518  00001648  24e732dc	addui	r7,r7,(LC20_LF0)&0xffff
  519  0000164c  afa70000	sw	(r29),r7
  520  00001650  0c000098	jal	_Printf
  521  00001654  54000000	nop; not filled.
  522  00001658  3c020000	lhi	r2,((LC21_LF0)>>16)&0xffff
  523  0000165c  244232f4	addui	r2,r2,(LC21_LF0)&0xffff
  524  00001660  afa20000	sw	(r29),r2
  525  00001664  0c000084	jal	_Printf
  526  00001668  54000000	nop; not filled.
  527  0000166c  afa20000	sw	(r29),r2
  528  00001670  0c000078	jal	_Printf
  529  00001674  54000000	nop; not filled.
  530  00001678  0c00007c	jal	_getpid
  531  0000167c  54000000	nop; not filled.
  532  00001680  3c070000	lhi	r7,((LC22_LF0)>>16)&0xffff
  533  00001684  24e7334c	addui	r7,r7,(LC22_LF0)&0xffff
  534  00001688  afa70000	sw	(r29),r7
  535  0000168c  afa10004	sw	4(r29),r1
  536  00001690  0c000058	jal	_Printf
  537  00001694  54000000	nop; not filled.
  538  00001698  23bd0008	addi	r29,r29,#8
  539  0000169c  0c000f00	jal	_exit
  540  000016a0  54000000	nop
  541  000016a4          	.endproc _main
  542                      ;;;
  543                      ;;; Stub functions for DLX traps.
  544                      ;;;
  545                      ;;; Ethan L. Miller, 1999.  Released to the public domain.
  546                      ;;;
  547                      ;;; The traps such as Open and Close
  548                      ;;; (note the capital letters) are for use by user programs.  The traps
  549                      ;;; with names such as open and close (lower case) are for use by the OS.
  550                      ;;;
  553  000016a4          	.align 2
  555                      ;;; The following are the traps to be used by user-level programs
  556                      ;;;
  558  000016a4          	.align 2
  559  000016a4          	.proc _Open
  560  000016a4          	.global _Open
  561  000016a4          	_Open:
  562                      ;;; Note that trap #0x213 actually causes a trap vector in the OS of
  563                      ;;; 0x1213.  The same is true for other user traps.  Thus, a user trap
  564                      ;;; with trap #0x240 will result in a trap vector of 0x1240 in the OS.
  565  000016a4  44000213	trap	#0x213
  566  000016a8  4be00000	jr	r31
  567  000016ac  54000000	nop
  568  000016b0          	.endproc _Open
  570  000016b0          	.proc _Close
  571  000016b0          	.global _Close
  572  000016b0          	_Close:
  573  000016b0  44000214	trap	#0x214
  574  000016b4  4be00000	jr	r31
  575  000016b8  54000000	nop
  576  000016bc          	.endproc _Close
  578  000016bc          	.proc _Read
  579  000016bc          	.global _Read
  580  000016bc          	_Read:
  581  000016bc  44000210	trap	#0x210
  582  000016c0  4be00000	jr	r31
  583  000016c4  54000000	nop
  584  000016c8          	.endproc _Read
  586  000016c8          	.proc _Write
  587  000016c8          	.global _Write
  588  000016c8          	_Write:
  589  000016c8  44000211	trap	#0x211
  590  000016cc  4be00000	jr	r31
  591  000016d0  54000000	nop
  592  000016d4          	.endproc _Write
  594  000016d4          	.proc _Lseek
  595  000016d4          	.global _Lseek
  596  000016d4          	_Lseek:
  597  000016d4  44000212	trap	#0x212
  598  000016d8  4be00000	jr	r31
  599  000016dc  54000000	nop
  600  000016e0          	.endproc _Lseek
  602  000016e0          	.proc _Putchar
  603  000016e0          	.global _Putchar
  604  000016e0          	_Putchar:
  605  000016e0  44000280	trap	#0x280
  606  000016e4  4be00000	jr	r31
  607  000016e8  54000000	nop
  608  000016ec          	.endproc _Putchar
  610  000016ec          	.proc _Printf
  611  000016ec          	.global _Printf
  612  000016ec          	_Printf:
  613  000016ec  44000201	trap	#0x201
  614  000016f0  4be00000	jr	r31
  615  000016f4  54000000	nop
  616  000016f8          	.endproc _Printf
  618  000016f8          	.proc _getpid
  619  000016f8          	.global _getpid
  620  000016f8          	_getpid:
  621  000016f8  44000431	trap	#0x431
  622  000016fc  4be00000	jr	r31
  623  00001700  54000000	nop
  624  00001704          	.endproc _getpid
  626  00001704          	.proc _process_create
  627  00001704          	.global _process_create
  628  00001704          	_process_create:
  629  00001704  44000432	trap	#0x432
  630  00001708  4be00000	jr	r31
  631  0000170c  54000000	nop
  632  00001710          	.endproc _process_create
  634  00001710          	.proc _shmget
  635  00001710          	.global _shmget
  636  00001710          	_shmget:
  637  00001710  44000440	trap	#0x440
  638  00001714  4be00000	jr	r31
  639  00001718  54000000	nop
  640  0000171c          	.endproc _shmget
  642  0000171c          	.proc _shmat
  643  0000171c          	.global _shmat
  644  0000171c          	_shmat:
  645  0000171c  44000441	trap	#0x441
  646  00001720  4be00000	jr	r31
  647  00001724  54000000	nop
  648  00001728          	.endproc _shmat
  650  00001728          	.proc _sem_create
  651  00001728          	.global _sem_create
  652  00001728          	_sem_create:
  653  00001728  44000450	trap	#0x450
  654  0000172c  4be00000	jr	r31
  655  00001730  54000000	nop
  656  00001734          	.endproc _sem_create
  658  00001734          	.proc _sem_wait
  659  00001734          	.global _sem_wait
  660  00001734          	_sem_wait:
  661  00001734  44000451	trap	#0x451
  662  00001738  4be00000	jr	r31
  663  0000173c  54000000	nop
  664  00001740          	.endproc _sem_wait
  666  00001740          	.proc _sem_signal
  667  00001740          	.global _sem_signal
  668  00001740          	_sem_signal:
  669  00001740  44000452	trap	#0x452
  670  00001744  4be00000	jr	r31
  671  00001748  54000000	nop
  672  0000174c          	.endproc _sem_signal
  674  0000174c          	.proc _lock_create
  675  0000174c          	.global _lock_create
  676  0000174c          	_lock_create:
  677  0000174c  44000453	trap	#0x453
  678  00001750  4be00000	jr	r31
  679  00001754  54000000	nop
  680  00001758          	.endproc _lock_create
  682  00001758          	.proc _lock_acquire
  683  00001758          	.global _lock_acquire
  684  00001758          	_lock_acquire:
  685  00001758  44000454	trap	#0x454
  686  0000175c  4be00000	jr	r31
  687  00001760  54000000	nop
  688  00001764          	.endproc _lock_acquire
  690  00001764          	.proc _lock_release
  691  00001764          	.global _lock_release
  692  00001764          	_lock_release:
  693  00001764  44000455	trap	#0x455
  694  00001768  4be00000	jr	r31
  695  0000176c  54000000	nop
  696  00001770          	.endproc _lock_release
  698  00001770          	.proc _cond_create
  699  00001770          	.global _cond_create
  700  00001770          	_cond_create:
  701  00001770  44000456	trap	#0x456
  702  00001774  4be00000	jr	r31
  703  00001778  54000000	nop
  704  0000177c          	.endproc _cond_create
  706  0000177c          	.proc _cond_wait
  707  0000177c          	.global _cond_wait
  708  0000177c          	_cond_wait:
  709  0000177c  44000457	trap	#0x457
  710  00001780  4be00000	jr	r31
  711  00001784  54000000	nop
  712  00001788          	.endproc _cond_wait
  714  00001788          	.proc _cond_signal
  715  00001788          	.global _cond_signal
  716  00001788          	_cond_signal:
  717  00001788  44000458	trap	#0x458
  718  0000178c  4be00000	jr	r31
  719  00001790  54000000	nop
  720  00001794          	.endproc _cond_signal
  722  00001794          	.proc _cond_broadcast
  723  00001794          	.global _cond_broadcast
  724  00001794          	_cond_broadcast:
  725  00001794  44000459	trap	#0x459
  726  00001798  4be00000	jr	r31
  727  0000179c  54000000	nop
  728  000017a0          	.endproc _cond_broadcast
  730  000017a0          	.proc _mbox_create
  731  000017a0          	.global _mbox_create
  732  000017a0          	_mbox_create:
  733  000017a0  44000460	trap	#0x460
  734  000017a4  4be00000	jr	r31
  735  000017a8  54000000	nop
  736  000017ac          	.endproc _mbox_create
  738  000017ac          	.proc _mbox_open
  739  000017ac          	.global _mbox_open
  740  000017ac          	_mbox_open:
  741  000017ac  44000461	trap	#0x461
  742  000017b0  4be00000	jr	r31
  743  000017b4  54000000	nop
  744  000017b8          	.endproc _mbox_open
  746  000017b8          	.proc _mbox_close
  747  000017b8          	.global _mbox_close
  748  000017b8          	_mbox_close:
  749  000017b8  44000462	trap	#0x462
  750  000017bc  4be00000	jr	r31
  751  000017c0  54000000	nop
  752  000017c4          	.endproc _mbox_close
  754  000017c4          	.proc _mbox_send
  755  000017c4          	.global _mbox_send
  756  000017c4          	_mbox_send:
  757  000017c4  44000463	trap	#0x463
  758  000017c8  4be00000	jr	r31
  759  000017cc  54000000	nop
  760  000017d0          	.endproc _mbox_send
  762  000017d0          	.proc _mbox_recv
  763  000017d0          	.global _mbox_recv
  764  000017d0          	_mbox_recv:
  765  000017d0  44000464	trap	#0x464
  766  000017d4  4be00000	jr	r31
  767  000017d8  54000000	nop
  768  000017dc          	.endproc _mbox_recv
  770  000017dc          	.proc _sleep
  771  000017dc          	.global _sleep
  772  000017dc          	_sleep:
  773  000017dc  44000465	trap	#0x465
  774  000017e0  4be00000	jr	r31
  775  000017e4  54000000	nop
  776  000017e8          	.endproc _sleep
  778  000017e8          	.proc _yield
  779  000017e8          	.global _yield
  780  000017e8          	_yield:
  781  000017e8  44000466	trap	#0x466
  782  000017ec  4be00000	jr	r31
  783  000017f0  54000000	nop
  784  000017f4          	.endproc _yield
  787  000017f4          	.proc _Exit
  788  000017f4          	.global _Exit
  789  000017f4          	_Exit:
  790  000017f4  44000500	trap	#0x500
  791  000017f8  4be00000	jr	r31
  792  000017fc  54000000	nop
  793  00001800          	.endproc _Exit
  796  00001800          	.proc _malloc
  797  00001800          	.global _malloc
  798  00001800          	_malloc:
  799  00001800  44000467	trap	#0x467
  800  00001804  4be00000	jr	r31
  801  00001808          	.endproc _malloc
  804  00001808          	.proc _mfree
  805  00001808          	.global _mfree
  806  00001808          	_mfree:
  807  00001808  44000468	trap	#0x468
  808  0000180c  4be00000	jr	r31
  809  00001810          	.endproc _mfree
  810                      ; Compiled by GCC
  812  00001810          	.align 2
  813  00001810          	.proc _isspace
  814  00001810          	.global _isspace
  815  00001810          	_isspace:
  816                      ;  Function 'isspace'; 0 bytes of locals, 3 regs to save.
  817  00001810  afbefffc	sw	-4(r29),r30; push fp
  818  00001814  001df020	add	r30,r0,r29; fp = sp
  819  00001818  afbffff8	sw	-8(r29),r31; push ret addr
  820  0000181c  2fbd0018	subui	r29,r29,#24; alloc local storage
  821  00001820  afa20000	sw	0(r29),r2
  822  00001824  afa30004	sw	4(r29),r3
  823  00001828  afa40008	sw	8(r29),r4
  824  0000182c  83c20003	lb	r2,3(r30)
  825  00001830  20010000	addi	r1,r0,#0
  826  00001834  304300ff	andi	r3,r2,#0x00ff
  827  00001838  60640020	seqi	r4,r3,#32
  828  0000183c  1480002c	bnez	r4,L3_LF2
  829  00001840  54000000	nop; delay slot nop
  830  00001844  304300ff	andi	r3,r2,#0x00ff
  831  00001848  60640009	seqi	r4,r3,#9
  832  0000184c  1480001c	bnez	r4,L3_LF2
  833  00001850  54000000	nop; delay slot nop
  834  00001854  304300ff	andi	r3,r2,#0x00ff
  835  00001858  6064000a	seqi	r4,r3,#10
  836  0000185c  1480000c	bnez	r4,L3_LF2
  837  00001860  54000000	nop; delay slot nop
  838  00001864  08000008	j	L2_LF2
  839  00001868  54000000	nop; delay slot nop
  840  0000186c          	L3_LF2:
  841  0000186c  20010001	addi	r1,r0,#1
  842  00001870          	L2_LF2:
  843  00001870  08000004	j	L1_LF2
  844  00001874  54000000	nop; delay slot nop
  845  00001878          	L1_LF2:
  846  00001878  8fa20000	lw	r2,0(r29)
  847  0000187c  8fa30004	lw	r3,4(r29)
  848  00001880  8fa40008	lw	r4,8(r29)
  849  00001884  8fdffff8	lw	r31,-8(r30)
  850  00001888  001ee820	add	r29,r0,r30
  851  0000188c  8fdefffc	lw	r30,-4(r30)
  852  00001890  4be00000	jr	r31
  853  00001894  54000000	nop
  854  00001898          	.endproc _isspace
  855  00001898          	.align 2
  856  00001898          	.proc _isxdigit
  857  00001898          	.global _isxdigit
  858  00001898          	_isxdigit:
  859                      ;  Function 'isxdigit'; 0 bytes of locals, 3 regs to save.
  860  00001898  afbefffc	sw	-4(r29),r30; push fp
  861  0000189c  001df020	add	r30,r0,r29; fp = sp
  862  000018a0  afbffff8	sw	-8(r29),r31; push ret addr
  863  000018a4  2fbd0018	subui	r29,r29,#24; alloc local storage
  864  000018a8  afa20000	sw	0(r29),r2
  865  000018ac  afa30004	sw	4(r29),r3
  866  000018b0  afa40008	sw	8(r29),r4
  867  000018b4  83c20003	lb	r2,3(r30)
  868  000018b8  20010000	addi	r1,r0,#0
  869  000018bc  304300ff	andi	r3,r2,#0x00ff
  870  000018c0  6c64002f	sgtui	r4,r3,#47
  871  000018c4  1080001c	beqz	r4,L7_LF2
  872  000018c8  54000000	nop; delay slot nop
  873  000018cc  304300ff	andi	r3,r2,#0x00ff
  874  000018d0  70640039	sleui	r4,r3,#57
  875  000018d4  1480005c	bnez	r4,L6_LF2
  876  000018d8  54000000	nop; delay slot nop
  877  000018dc  08000004	j	L7_LF2
  878  000018e0  54000000	nop; delay slot nop
  879  000018e4          	L7_LF2:
  880  000018e4  304300ff	andi	r3,r2,#0x00ff
  881  000018e8  6c640060	sgtui	r4,r3,#96
  882  000018ec  1080001c	beqz	r4,L8_LF2
  883  000018f0  54000000	nop; delay slot nop
  884  000018f4  304300ff	andi	r3,r2,#0x00ff
  885  000018f8  70640066	sleui	r4,r3,#102
  886  000018fc  14800034	bnez	r4,L6_LF2
  887  00001900  54000000	nop; delay slot nop
  888  00001904  08000004	j	L8_LF2
  889  00001908  54000000	nop; delay slot nop
  890  0000190c          	L8_LF2:
  891  0000190c  304300ff	andi	r3,r2,#0x00ff
  892  00001910  6c640040	sgtui	r4,r3,#64
  893  00001914  10800020	beqz	r4,L5_LF2
  894  00001918  54000000	nop; delay slot nop
  895  0000191c  304300ff	andi	r3,r2,#0x00ff
  896  00001920  70640041	sleui	r4,r3,#65
  897  00001924  1480000c	bnez	r4,L6_LF2
  898  00001928  54000000	nop; delay slot nop
  899  0000192c  08000008	j	L5_LF2
  900  00001930  54000000	nop; delay slot nop
  901  00001934          	L6_LF2:
  902  00001934  20010001	addi	r1,r0,#1
  903  00001938          	L5_LF2:
  904  00001938  08000004	j	L4_LF2
  905  0000193c  54000000	nop; delay slot nop
  906  00001940          	L4_LF2:
  907  00001940  8fa20000	lw	r2,0(r29)
  908  00001944  8fa30004	lw	r3,4(r29)
  909  00001948  8fa40008	lw	r4,8(r29)
  910  0000194c  8fdffff8	lw	r31,-8(r30)
  911  00001950  001ee820	add	r29,r0,r30
  912  00001954  8fdefffc	lw	r30,-4(r30)
  913  00001958  4be00000	jr	r31
  914  0000195c  54000000	nop
  915  00001960          	.endproc _isxdigit
  916  00001960          	.align 2
  917  00001960          	.proc _dstrcpy
  918  00001960          	.global _dstrcpy
  919  00001960          	_dstrcpy:
  920                      ;  Function 'dstrcpy'; 8 bytes of locals, 2 regs to save.
  921  00001960  afbefffc	sw	-4(r29),r30; push fp
  922  00001964  001df020	add	r30,r0,r29; fp = sp
  923  00001968  afbffff8	sw	-8(r29),r31; push ret addr
  924  0000196c  2fbd0018	subui	r29,r29,#24; alloc local storage
  925  00001970  afa20000	sw	0(r29),r2
  926  00001974  afa30004	sw	4(r29),r3
  927  00001978  8fc10000	lw	r1,(r30)
  928  0000197c  afc1fff4	sw	-12(r30),r1
  929  00001980          	L10_LF2:
  930  00001980  8fc10000	lw	r1,(r30)
  931  00001984  20220001	addi	r2,r1,#1
  932  00001988  afc20000	sw	(r30),r2
  933  0000198c  8fc20004	lw	r2,4(r30)
  934  00001990  20430001	addi	r3,r2,#1
  935  00001994  afc30004	sw	4(r30),r3
  936  00001998  80420000	lb	r2,(r2)
  937  0000199c  a0220000	sb	(r1),r2
  938  000019a0  a3c2fff3	sb	-13(r30),r2
  939  000019a4          	L12_LF2:
  940  000019a4  93c1fff3	lbu	r1,-13(r30)
  941  000019a8  64220000	snei	r2,r1,#0
  942  000019ac  1440000c	bnez	r2,L13_LF2
  943  000019b0  54000000	nop; delay slot nop
  944  000019b4  0800000c	j	L11_LF2
  945  000019b8  54000000	nop; delay slot nop
  946  000019bc          	L13_LF2:
  947  000019bc  0bffffc0	j	L10_LF2
  948  000019c0  54000000	nop; delay slot nop
  949  000019c4          	L11_LF2:
  950  000019c4  8fc1fff4	lw	r1,-12(r30)
  951  000019c8  08000004	j	L9_LF2
  952  000019cc  54000000	nop; delay slot nop
  953  000019d0          	L9_LF2:
  954  000019d0  8fa20000	lw	r2,0(r29)
  955  000019d4  8fa30004	lw	r3,4(r29)
  956  000019d8  8fdffff8	lw	r31,-8(r30)
  957  000019dc  001ee820	add	r29,r0,r30
  958  000019e0  8fdefffc	lw	r30,-4(r30)
  959  000019e4  4be00000	jr	r31
  960  000019e8  54000000	nop
  961  000019ec          	.endproc _dstrcpy
  962  000019ec          	.align 2
  963  000019ec          	.proc _dstrncpy
  964  000019ec          	.global _dstrncpy
  965  000019ec          	_dstrncpy:
  966                      ;  Function 'dstrncpy'; 8 bytes of locals, 2 regs to save.
  967  000019ec  afbefffc	sw	-4(r29),r30; push fp
  968  000019f0  001df020	add	r30,r0,r29; fp = sp
  969  000019f4  afbffff8	sw	-8(r29),r31; push ret addr
  970  000019f8  2fbd0018	subui	r29,r29,#24; alloc local storage
  971  000019fc  afa20000	sw	0(r29),r2
  972  00001a00  afa30004	sw	4(r29),r3
  973  00001a04  8fc10000	lw	r1,(r30)
  974  00001a08  afc1fff4	sw	-12(r30),r1
  975  00001a0c          	L15_LF2:
  976  00001a0c  8fc10008	lw	r1,8(r30)
  977  00001a10  2022ffff	addi	r2,r1,#-1
  978  00001a14  afc20008	sw	8(r30),r2
  979  00001a18  70210000	slei	r1,r1,#0
  980  00001a1c  1020000c	beqz	r1,L18_LF2
  981  00001a20  54000000	nop; delay slot nop
  982  00001a24  08000048	j	L16_LF2
  983  00001a28  54000000	nop; delay slot nop
  984  00001a2c          	L18_LF2:
  985  00001a2c  8fc10000	lw	r1,(r30)
  986  00001a30  20220001	addi	r2,r1,#1
  987  00001a34  afc20000	sw	(r30),r2
  988  00001a38  8fc20004	lw	r2,4(r30)
  989  00001a3c  20430001	addi	r3,r2,#1
  990  00001a40  afc30004	sw	4(r30),r3
  991  00001a44  80420000	lb	r2,(r2)
  992  00001a48  a0220000	sb	(r1),r2
  993  00001a4c  a3c2fff3	sb	-13(r30),r2
  994  00001a50          	L17_LF2:
  995  00001a50  93c1fff3	lbu	r1,-13(r30)
  996  00001a54  64220000	snei	r2,r1,#0
  997  00001a58  1440000c	bnez	r2,L19_LF2
  998  00001a5c  54000000	nop; delay slot nop
  999  00001a60  0800000c	j	L16_LF2
 1000  00001a64  54000000	nop; delay slot nop
 1001  00001a68          	L19_LF2:
 1002  00001a68  0bffffa0	j	L15_LF2
 1003  00001a6c  54000000	nop; delay slot nop
 1004  00001a70          	L16_LF2:
 1005  00001a70  8fc1fff4	lw	r1,-12(r30)
 1006  00001a74  08000004	j	L14_LF2
 1007  00001a78  54000000	nop; delay slot nop
 1008  00001a7c          	L14_LF2:
 1009  00001a7c  8fa20000	lw	r2,0(r29)
 1010  00001a80  8fa30004	lw	r3,4(r29)
 1011  00001a84  8fdffff8	lw	r31,-8(r30)
 1012  00001a88  001ee820	add	r29,r0,r30
 1013  00001a8c  8fdefffc	lw	r30,-4(r30)
 1014  00001a90  4be00000	jr	r31
 1015  00001a94  54000000	nop
 1016  00001a98          	.endproc _dstrncpy
 1017  00001a98          	.align 2
 1018  00001a98          	.proc _dstrcat
 1019  00001a98          	.global _dstrcat
 1020  00001a98          	_dstrcat:
 1021                      ;  Function 'dstrcat'; 8 bytes of locals, 1 regs to save.
 1022  00001a98  afbefffc	sw	-4(r29),r30; push fp
 1023  00001a9c  001df020	add	r30,r0,r29; fp = sp
 1024  00001aa0  afbffff8	sw	-8(r29),r31; push ret addr
 1025  00001aa4  2fbd0018	subui	r29,r29,#24; alloc local storage
 1026  00001aa8  afa20000	sw	0(r29),r2
 1027  00001aac  8fc10000	lw	r1,(r30)
 1028  00001ab0  afc1fff4	sw	-12(r30),r1
 1029  00001ab4          	L21_LF2:
 1030  00001ab4  8fc10000	lw	r1,(r30)
 1031  00001ab8  90220000	lbu	r2,(r1)
 1032  00001abc  64410000	snei	r1,r2,#0
 1033  00001ac0  1420000c	bnez	r1,L23_LF2
 1034  00001ac4  54000000	nop; delay slot nop
 1035  00001ac8  0800001c	j	L22_LF2
 1036  00001acc  54000000	nop; delay slot nop
 1037  00001ad0          	L23_LF2:
 1038  00001ad0  8fc20000	lw	r2,(r30)
 1039  00001ad4  20410001	addi	r1,r2,#1
 1040  00001ad8  00011020	add	r2,r0,r1
 1041  00001adc  afc20000	sw	(r30),r2
 1042  00001ae0  0bffffd0	j	L21_LF2
 1043  00001ae4  54000000	nop; delay slot nop
 1044  00001ae8          	L22_LF2:
 1045  00001ae8  23bdfff8	addi	r29,r29,#-8
 1046  00001aec  001d0820	add	r1,r0,r29
 1047  00001af0  8fc20000	lw	r2,(r30)
 1048  00001af4  ac220000	sw	(r1),r2
 1049  00001af8  8fc20004	lw	r2,4(r30)
 1050  00001afc  ac220004	sw	4(r1),r2
 1051  00001b00  0ffffe5c	jal	_dstrcpy
 1052  00001b04  54000000	nop; delay slot nop
 1053  00001b08  23bd0008	addi	r29,r29,#8
 1054  00001b0c  8fc1fff4	lw	r1,-12(r30)
 1055  00001b10  08000004	j	L20_LF2
 1056  00001b14  54000000	nop; delay slot nop
 1057  00001b18          	L20_LF2:
 1058  00001b18  8fa20000	lw	r2,0(r29)
 1059  00001b1c  8fdffff8	lw	r31,-8(r30)
 1060  00001b20  001ee820	add	r29,r0,r30
 1061  00001b24  8fdefffc	lw	r30,-4(r30)
 1062  00001b28  4be00000	jr	r31
 1063  00001b2c  54000000	nop
 1064  00001b30          	.endproc _dstrcat
 1065  00001b30          	.align 2
 1066  00001b30          	.proc _dstrncmp
 1067  00001b30          	.global _dstrncmp
 1068  00001b30          	_dstrncmp:
 1069                      ;  Function 'dstrncmp'; 8 bytes of locals, 2 regs to save.
 1070  00001b30  afbefffc	sw	-4(r29),r30; push fp
 1071  00001b34  001df020	add	r30,r0,r29; fp = sp
 1072  00001b38  afbffff8	sw	-8(r29),r31; push ret addr
 1073  00001b3c  2fbd0018	subui	r29,r29,#24; alloc local storage
 1074  00001b40  afa20000	sw	0(r29),r2
 1075  00001b44  afa30004	sw	4(r29),r3
 1076  00001b48  54000000	nop
 1077  00001b4c  20010000	addi	r1,r0,#0
 1078  00001b50  afc1fff4	sw	-12(r30),r1
 1079  00001b54          	L25_LF2:
 1080  00001b54  8fc1fff4	lw	r1,-12(r30)
 1081  00001b58  8fc20008	lw	r2,8(r30)
 1082  00001b5c  0022082a	slt	r1,r1,r2
 1083  00001b60  1420000c	bnez	r1,L28_LF2
 1084  00001b64  54000000	nop; delay slot nop
 1085  00001b68  08000088	j	L26_LF2
 1086  00001b6c  54000000	nop; delay slot nop
 1087  00001b70          	L28_LF2:
 1088  00001b70  8fc10004	lw	r1,4(r30)
 1089  00001b74  90220000	lbu	r2,(r1)
 1090  00001b78  64410000	snei	r1,r2,#0
 1091  00001b7c  14200018	bnez	r1,L29_LF2
 1092  00001b80  54000000	nop; delay slot nop
 1093  00001b84  20010000	addi	r1,r0,#0
 1094  00001b88  080000d8	j	L24_LF2
 1095  00001b8c  54000000	nop; delay slot nop
 1096  00001b90  08000028	j	L30_LF2
 1097  00001b94  54000000	nop; delay slot nop
 1098  00001b98          	L29_LF2:
 1099  00001b98  8fc10000	lw	r1,(r30)
 1100  00001b9c  8fc20004	lw	r2,4(r30)
 1101  00001ba0  90210000	lbu	r1,(r1)
 1102  00001ba4  90420000	lbu	r2,(r2)
 1103  00001ba8  00220829	sne	r1,r1,r2
 1104  00001bac  1020000c	beqz	r1,L30_LF2
 1105  00001bb0  54000000	nop; delay slot nop
 1106  00001bb4  0800003c	j	L26_LF2
 1107  00001bb8  54000000	nop; delay slot nop
 1108  00001bbc          	L31_LF2:
 1109  00001bbc          	L30_LF2:
 1110  00001bbc  8fc20000	lw	r2,(r30)
 1111  00001bc0  20410001	addi	r1,r2,#1
 1112  00001bc4  00011020	add	r2,r0,r1
 1113  00001bc8  afc20000	sw	(r30),r2
 1114  00001bcc  8fc20004	lw	r2,4(r30)
 1115  00001bd0  20410001	addi	r1,r2,#1
 1116  00001bd4  00011020	add	r2,r0,r1
 1117  00001bd8  afc20004	sw	4(r30),r2
 1118  00001bdc          	L27_LF2:
 1119  00001bdc  8fc2fff4	lw	r2,-12(r30)
 1120  00001be0  20410001	addi	r1,r2,#1
 1121  00001be4  00011020	add	r2,r0,r1
 1122  00001be8  afc2fff4	sw	-12(r30),r2
 1123  00001bec  0bffff64	j	L25_LF2
 1124  00001bf0  54000000	nop; delay slot nop
 1125  00001bf4          	L26_LF2:
 1126  00001bf4  8fc1fff4	lw	r1,-12(r30)
 1127  00001bf8  8fc20008	lw	r2,8(r30)
 1128  00001bfc  00220828	seq	r1,r1,r2
 1129  00001c00  10200018	beqz	r1,L32_LF2
 1130  00001c04  54000000	nop; delay slot nop
 1131  00001c08  20010000	addi	r1,r0,#0
 1132  00001c0c  08000054	j	L24_LF2
 1133  00001c10  54000000	nop; delay slot nop
 1134  00001c14  0800004c	j	L33_LF2
 1135  00001c18  54000000	nop; delay slot nop
 1136  00001c1c          	L32_LF2:
 1137  00001c1c  8fc20000	lw	r2,(r30)
 1138  00001c20  90410000	lbu	r1,(r2)
 1139  00001c24  8fc20004	lw	r2,4(r30)
 1140  00001c28  90430000	lbu	r3,(r2)
 1141  00001c2c  00230822	sub	r1,r1,r3
 1142  00001c30  74220000	sgei	r2,r1,#0
 1143  00001c34  10400020	beqz	r2,L34_LF2
 1144  00001c38  54000000	nop; delay slot nop
 1145  00001c3c  8fc10000	lw	r1,(r30)
 1146  00001c40  8fc20004	lw	r2,4(r30)
 1147  00001c44  90210000	lbu	r1,(r1)
 1148  00001c48  90420000	lbu	r2,(r2)
 1149  00001c4c  00220829	sne	r1,r1,r2
 1150  00001c50  08000008	j	L35_LF2
 1151  00001c54  54000000	nop; delay slot nop
 1152  00001c58          	L34_LF2:
 1153  00001c58  2001ffff	addi	r1,r0,#-1
 1154  00001c5c          	L35_LF2:
 1155  00001c5c  08000004	j	L24_LF2
 1156  00001c60  54000000	nop; delay slot nop
 1157  00001c64          	L33_LF2:
 1158  00001c64          	L24_LF2:
 1159  00001c64  8fa20000	lw	r2,0(r29)
 1160  00001c68  8fa30004	lw	r3,4(r29)
 1161  00001c6c  8fdffff8	lw	r31,-8(r30)
 1162  00001c70  001ee820	add	r29,r0,r30
 1163  00001c74  8fdefffc	lw	r30,-4(r30)
 1164  00001c78  4be00000	jr	r31
 1165  00001c7c  54000000	nop
 1166  00001c80          	.endproc _dstrncmp
 1167  00001c80          	.align 2
 1168  00001c80          	.proc _dstrlen
 1169  00001c80          	.global _dstrlen
 1170  00001c80          	_dstrlen:
 1171                      ;  Function 'dstrlen'; 8 bytes of locals, 1 regs to save.
 1172  00001c80  afbefffc	sw	-4(r29),r30; push fp
 1173  00001c84  001df020	add	r30,r0,r29; fp = sp
 1174  00001c88  afbffff8	sw	-8(r29),r31; push ret addr
 1175  00001c8c  2fbd0018	subui	r29,r29,#24; alloc local storage
 1176  00001c90  afa20000	sw	0(r29),r2
 1177  00001c94  20010000	addi	r1,r0,#0
 1178  00001c98  afc1fff4	sw	-12(r30),r1
 1179  00001c9c          	L37_LF2:
 1180  00001c9c  8fc10000	lw	r1,(r30)
 1181  00001ca0  20220001	addi	r2,r1,#1
 1182  00001ca4  afc20000	sw	(r30),r2
 1183  00001ca8  90210000	lbu	r1,(r1)
 1184  00001cac  64220000	snei	r2,r1,#0
 1185  00001cb0  1440000c	bnez	r2,L39_LF2
 1186  00001cb4  54000000	nop; delay slot nop
 1187  00001cb8  0800001c	j	L38_LF2
 1188  00001cbc  54000000	nop; delay slot nop
 1189  00001cc0          	L39_LF2:
 1190  00001cc0  8fc2fff4	lw	r2,-12(r30)
 1191  00001cc4  20410001	addi	r1,r2,#1
 1192  00001cc8  00011020	add	r2,r0,r1
 1193  00001ccc  afc2fff4	sw	-12(r30),r2
 1194  00001cd0  0bffffc8	j	L37_LF2
 1195  00001cd4  54000000	nop; delay slot nop
 1196  00001cd8          	L38_LF2:
 1197  00001cd8  8fc1fff4	lw	r1,-12(r30)
 1198  00001cdc  08000004	j	L36_LF2
 1199  00001ce0  54000000	nop; delay slot nop
 1200  00001ce4          	L36_LF2:
 1201  00001ce4  8fa20000	lw	r2,0(r29)
 1202  00001ce8  8fdffff8	lw	r31,-8(r30)
 1203  00001cec  001ee820	add	r29,r0,r30
 1204  00001cf0  8fdefffc	lw	r30,-4(r30)
 1205  00001cf4  4be00000	jr	r31
 1206  00001cf8  54000000	nop
 1207  00001cfc          	.endproc _dstrlen
 1208  00001cfc          	.align 2
 1209  00001cfc          	.proc _dstrstr
 1210  00001cfc          	.global _dstrstr
 1211  00001cfc          	_dstrstr:
 1212                      ;  Function 'dstrstr'; 8 bytes of locals, 1 regs to save.
 1213  00001cfc  afbefffc	sw	-4(r29),r30; push fp
 1214  00001d00  001df020	add	r30,r0,r29; fp = sp
 1215  00001d04  afbffff8	sw	-8(r29),r31; push ret addr
 1216  00001d08  2fbd0018	subui	r29,r29,#24; alloc local storage
 1217  00001d0c  afa20000	sw	0(r29),r2
 1218  00001d10  23bdfff8	addi	r29,r29,#-8
 1219  00001d14  001d0820	add	r1,r0,r29
 1220  00001d18  8fc20004	lw	r2,4(r30)
 1221  00001d1c  ac220000	sw	(r1),r2
 1222  00001d20  0fffff5c	jal	_dstrlen
 1223  00001d24  54000000	nop; delay slot nop
 1224  00001d28  23bd0008	addi	r29,r29,#8
 1225  00001d2c  afc1fff4	sw	-12(r30),r1
 1226  00001d30          	L41_LF2:
 1227  00001d30  8fc10000	lw	r1,(r30)
 1228  00001d34  90220000	lbu	r2,(r1)
 1229  00001d38  64410000	snei	r1,r2,#0
 1230  00001d3c  1420000c	bnez	r1,L43_LF2
 1231  00001d40  54000000	nop; delay slot nop
 1232  00001d44  08000060	j	L42_LF2
 1233  00001d48  54000000	nop; delay slot nop
 1234  00001d4c          	L43_LF2:
 1235  00001d4c  23bdfff0	addi	r29,r29,#-16
 1236  00001d50  001d0820	add	r1,r0,r29
 1237  00001d54  8fc20000	lw	r2,(r30)
 1238  00001d58  ac220000	sw	(r1),r2
 1239  00001d5c  8fc20004	lw	r2,4(r30)
 1240  00001d60  ac220004	sw	4(r1),r2
 1241  00001d64  8fc2fff4	lw	r2,-12(r30)
 1242  00001d68  ac220008	sw	8(r1),r2
 1243  00001d6c  0ffffdc0	jal	_dstrncmp
 1244  00001d70  54000000	nop; delay slot nop
 1245  00001d74  23bd0010	addi	r29,r29,#16
 1246  00001d78  64220000	snei	r2,r1,#0
 1247  00001d7c  14400010	bnez	r2,L44_LF2
 1248  00001d80  54000000	nop; delay slot nop
 1249  00001d84  8fc10000	lw	r1,(r30)
 1250  00001d88  08000028	j	L40_LF2
 1251  00001d8c  54000000	nop; delay slot nop
 1252  00001d90          	L44_LF2:
 1253  00001d90  8fc20000	lw	r2,(r30)
 1254  00001d94  20410001	addi	r1,r2,#1
 1255  00001d98  00011020	add	r2,r0,r1
 1256  00001d9c  afc20000	sw	(r30),r2
 1257  00001da0  0bffff8c	j	L41_LF2
 1258  00001da4  54000000	nop; delay slot nop
 1259  00001da8          	L42_LF2:
 1260  00001da8  20010000	addi	r1,r0,#0
 1261  00001dac  08000004	j	L40_LF2
 1262  00001db0  54000000	nop; delay slot nop
 1263  00001db4          	L40_LF2:
 1264  00001db4  8fa20000	lw	r2,0(r29)
 1265  00001db8  8fdffff8	lw	r31,-8(r30)
 1266  00001dbc  001ee820	add	r29,r0,r30
 1267  00001dc0  8fdefffc	lw	r30,-4(r30)
 1268  00001dc4  4be00000	jr	r31
 1269  00001dc8  54000000	nop
 1270  00001dcc          	.endproc _dstrstr
 1271  00001dcc          	.align 2
 1272  00001dcc          	.proc _dmindex
 1273  00001dcc          	.global _dmindex
 1274  00001dcc          	_dmindex:
 1275                      ;  Function 'dmindex'; 8 bytes of locals, 1 regs to save.
 1276  00001dcc  afbefffc	sw	-4(r29),r30; push fp
 1277  00001dd0  001df020	add	r30,r0,r29; fp = sp
 1278  00001dd4  afbffff8	sw	-8(r29),r31; push ret addr
 1279  00001dd8  2fbd0018	subui	r29,r29,#24; alloc local storage
 1280  00001ddc  afa20000	sw	0(r29),r2
 1281  00001de0  54000000	nop
 1282  00001de4          	L46_LF2:
 1283  00001de4  8fc10000	lw	r1,(r30)
 1284  00001de8  90220000	lbu	r2,(r1)
 1285  00001dec  64410000	snei	r1,r2,#0
 1286  00001df0  1420000c	bnez	r1,L48_LF2
 1287  00001df4  54000000	nop; delay slot nop
 1288  00001df8  08000070	j	L47_LF2
 1289  00001dfc  54000000	nop; delay slot nop
 1290  00001e00          	L48_LF2:
 1291  00001e00  8fc10004	lw	r1,4(r30)
 1292  00001e04  afc1fff4	sw	-12(r30),r1
 1293  00001e08          	L49_LF2:
 1294  00001e08  8fc1fff4	lw	r1,-12(r30)
 1295  00001e0c  90220000	lbu	r2,(r1)
 1296  00001e10  64410000	snei	r1,r2,#0
 1297  00001e14  1420000c	bnez	r1,L52_LF2
 1298  00001e18  54000000	nop; delay slot nop
 1299  00001e1c  08000044	j	L50_LF2
 1300  00001e20  54000000	nop; delay slot nop
 1301  00001e24          	L52_LF2:
 1302  00001e24  8fc10000	lw	r1,(r30)
 1303  00001e28  8fc2fff4	lw	r2,-12(r30)
 1304  00001e2c  90210000	lbu	r1,(r1)
 1305  00001e30  90420000	lbu	r2,(r2)
 1306  00001e34  00220828	seq	r1,r1,r2
 1307  00001e38  10200010	beqz	r1,L51_LF2
 1308  00001e3c  54000000	nop; delay slot nop
 1309  00001e40  8fc10000	lw	r1,(r30)
 1310  00001e44  08000030	j	L45_LF2
 1311  00001e48  54000000	nop; delay slot nop
 1312  00001e4c          	L53_LF2:
 1313  00001e4c          	L51_LF2:
 1314  00001e4c  8fc2fff4	lw	r2,-12(r30)
 1315  00001e50  20410001	addi	r1,r2,#1
 1316  00001e54  00011020	add	r2,r0,r1
 1317  00001e58  afc2fff4	sw	-12(r30),r2
 1318  00001e5c  0bffffa8	j	L49_LF2
 1319  00001e60  54000000	nop; delay slot nop
 1320  00001e64          	L50_LF2:
 1321  00001e64  0bffff7c	j	L46_LF2
 1322  00001e68  54000000	nop; delay slot nop
 1323  00001e6c          	L47_LF2:
 1324  00001e6c  20010000	addi	r1,r0,#0
 1325  00001e70  08000004	j	L45_LF2
 1326  00001e74  54000000	nop; delay slot nop
 1327  00001e78          	L45_LF2:
 1328  00001e78  8fa20000	lw	r2,0(r29)
 1329  00001e7c  8fdffff8	lw	r31,-8(r30)
 1330  00001e80  001ee820	add	r29,r0,r30
 1331  00001e84  8fdefffc	lw	r30,-4(r30)
 1332  00001e88  4be00000	jr	r31
 1333  00001e8c  54000000	nop
 1334  00001e90          	.endproc _dmindex
 1335  00001e90          	.align 2
 1336  00001e90          	.proc _dindex
 1337  00001e90          	.global _dindex
 1338  00001e90          	_dindex:
 1339                      ;  Function 'dindex'; 0 bytes of locals, 1 regs to save.
 1340  00001e90  afbefffc	sw	-4(r29),r30; push fp
 1341  00001e94  001df020	add	r30,r0,r29; fp = sp
 1342  00001e98  afbffff8	sw	-8(r29),r31; push ret addr
 1343  00001e9c  2fbd0010	subui	r29,r29,#16; alloc local storage
 1344  00001ea0  afa20000	sw	0(r29),r2
 1345  00001ea4  54000000	nop
 1346  00001ea8          	L55_LF2:
 1347  00001ea8  8fc10000	lw	r1,(r30)
 1348  00001eac  90220000	lbu	r2,(r1)
 1349  00001eb0  64410000	snei	r1,r2,#0
 1350  00001eb4  1420000c	bnez	r1,L57_LF2
 1351  00001eb8  54000000	nop; delay slot nop
 1352  00001ebc  08000040	j	L56_LF2
 1353  00001ec0  54000000	nop; delay slot nop
 1354  00001ec4          	L57_LF2:
 1355  00001ec4  8fc10000	lw	r1,(r30)
 1356  00001ec8  90220000	lbu	r2,(r1)
 1357  00001ecc  8fc10004	lw	r1,4(r30)
 1358  00001ed0  00411028	seq	r2,r2,r1
 1359  00001ed4  10400010	beqz	r2,L58_LF2
 1360  00001ed8  54000000	nop; delay slot nop
 1361  00001edc  8fc10000	lw	r1,(r30)
 1362  00001ee0  08000028	j	L54_LF2
 1363  00001ee4  54000000	nop; delay slot nop
 1364  00001ee8          	L58_LF2:
 1365  00001ee8  8fc20000	lw	r2,(r30)
 1366  00001eec  20410001	addi	r1,r2,#1
 1367  00001ef0  00011020	add	r2,r0,r1
 1368  00001ef4  afc20000	sw	(r30),r2
 1369  00001ef8  0bffffac	j	L55_LF2
 1370  00001efc  54000000	nop; delay slot nop
 1371  00001f00          	L56_LF2:
 1372  00001f00  20010000	addi	r1,r0,#0
 1373  00001f04  08000004	j	L54_LF2
 1374  00001f08  54000000	nop; delay slot nop
 1375  00001f0c          	L54_LF2:
 1376  00001f0c  8fa20000	lw	r2,0(r29)
 1377  00001f10  8fdffff8	lw	r31,-8(r30)
 1378  00001f14  001ee820	add	r29,r0,r30
 1379  00001f18  8fdefffc	lw	r30,-4(r30)
 1380  00001f1c  4be00000	jr	r31
 1381  00001f20  54000000	nop
 1382  00001f24          	.endproc _dindex
 1383  00001f24          	.align 2
 1384  00001f24          	.proc _ditoa
 1385  00001f24          	.global _ditoa
 1386  00001f24          	_ditoa:
 1387                      ;  Function 'ditoa'; 8 bytes of locals, 2 regs to save.
 1388  00001f24  afbefffc	sw	-4(r29),r30; push fp
 1389  00001f28  001df020	add	r30,r0,r29; fp = sp
 1390  00001f2c  afbffff8	sw	-8(r29),r31; push ret addr
 1391  00001f30  2fbd0018	subui	r29,r29,#24; alloc local storage
 1392  00001f34  afa20000	sw	0(r29),r2
 1393  00001f38  afa30004	sw	4(r29),r3
 1394  00001f3c  8fc10000	lw	r1,(r30)
 1395  00001f40  68220000	slti	r2,r1,#0
 1396  00001f44  1040002c	beqz	r2,L60_LF2
 1397  00001f48  54000000	nop; delay slot nop
 1398  00001f4c  8fc10004	lw	r1,4(r30)
 1399  00001f50  20220001	addi	r2,r1,#1
 1400  00001f54  afc20004	sw	4(r30),r2
 1401  00001f58  2002002d	addi	r2,r0,(#0x2d)&0xff
 1402  00001f5c  a0220000	sb	(r1),r2
 1403  00001f60  8fc10000	lw	r1,(r30)
 1404  00001f64  00011022	sub	r2,r0,r1
 1405  00001f68  afc20000	sw	(r30),r2
 1406  00001f6c  08000118	j	L61_LF2
 1407  00001f70  54000000	nop; delay slot nop
 1408  00001f74          	L60_LF2:
 1409  00001f74  8fc10000	lw	r1,(r30)
 1410  00001f78  64220000	snei	r2,r1,#0
 1411  00001f7c  14400020	bnez	r2,L62_LF2
 1412  00001f80  54000000	nop; delay slot nop
 1413  00001f84  8fc10004	lw	r1,4(r30)
 1414  00001f88  20220001	addi	r2,r1,#1
 1415  00001f8c  afc20004	sw	4(r30),r2
 1416  00001f90  20020030	addi	r2,r0,(#0x30)&0xff
 1417  00001f94  a0220000	sb	(r1),r2
 1418  00001f98  080000ec	j	L61_LF2
 1419  00001f9c  54000000	nop; delay slot nop
 1420  00001fa0          	L62_LF2:
 1421  00001fa0  20010001	addi	r1,r0,#1
 1422  00001fa4  afc1fff4	sw	-12(r30),r1
 1423  00001fa8          	L64_LF2:
 1424  00001fa8  8fc1fff4	lw	r1,-12(r30)
 1425  00001fac  8fc20000	lw	r2,(r30)
 1426  00001fb0  0022082c	sle	r1,r1,r2
 1427  00001fb4  1420000c	bnez	r1,L66_LF2
 1428  00001fb8  54000000	nop; delay slot nop
 1429  00001fbc  08000024	j	L65_LF2
 1430  00001fc0  54000000	nop; delay slot nop
 1431  00001fc4          	L67_LF2:
 1432  00001fc4          	L66_LF2:
 1433  00001fc4  8fc1fff4	lw	r1,-12(r30)
 1434  00001fc8  00011820	add	r3,r0,r1
 1435  00001fcc  50620002	slli	r2,r3,#0x2
 1436  00001fd0  00411020	add	r2,r2,r1
 1437  00001fd4  50410001	slli	r1,r2,#0x1
 1438  00001fd8  afc1fff4	sw	-12(r30),r1
 1439  00001fdc  0bffffc8	j	L64_LF2
 1440  00001fe0  54000000	nop; delay slot nop
 1441  00001fe4          	L65_LF2:
 1442  00001fe4  54000000	nop
 1443  00001fe8          	L68_LF2:
 1444  00001fe8  8fc1fff4	lw	r1,-12(r30)
 1445  00001fec  2002000a	addi	r2,r0,#10
 1446  00001ff0  00200035	movi2fp	f0,r1
 1447  00001ff4  00400835	movi2fp	f1,r2
 1448  00001ff8  0401000f	div	f0,f0,f1
 1449  00001ffc  00000834	movfp2i	r1,f0
 1450  00002000  afc1fff4	sw	-12(r30),r1
 1451  00002004  8fc10004	lw	r1,4(r30)
 1452  00002008  20220001	addi	r2,r1,#1
 1453  0000200c  afc20004	sw	4(r30),r2
 1454  00002010  8fc20000	lw	r2,(r30)
 1455  00002014  8fc3fff4	lw	r3,-12(r30)
 1456  00002018  00400035	movi2fp	f0,r2
 1457  0000201c  00600835	movi2fp	f1,r3
 1458  00002020  0401000f	div	f0,f0,f1
 1459  00002024  00001034	movfp2i	r2,f0
 1460  00002028  00021820	add	r3,r0,r2
 1461  0000202c  20620030	addi	r2,r3,#48
 1462  00002030  a0220000	sb	(r1),r2
 1463  00002034  8fc10000	lw	r1,(r30)
 1464  00002038  8fc3fff4	lw	r3,-12(r30)
 1465  0000203c  00200035	movi2fp	f0,r1
 1466  00002040  00600835	movi2fp	f1,r3
 1467  00002044  0401000f	div	f0,f0,f1
 1468  00002048  00001034	movfp2i	r2,f0
 1469  0000204c  8fc3fff4	lw	r3,-12(r30)
 1470  00002050  00400035	movi2fp	f0,r2
 1471  00002054  00600835	movi2fp	f1,r3
 1472  00002058  0401000e	mult	f0,f0,f1
 1473  0000205c  00001034	movfp2i	r2,f0
 1474  00002060  00220822	sub	r1,r1,r2
 1475  00002064  afc10000	sw	(r30),r1
 1476  00002068          	L70_LF2:
 1477  00002068  8fc1fff4	lw	r1,-12(r30)
 1478  0000206c  6c220001	sgti	r2,r1,#1
 1479  00002070  1440000c	bnez	r2,L71_LF2
 1480  00002074  54000000	nop; delay slot nop
 1481  00002078  0800000c	j	L61_LF2
 1482  0000207c  54000000	nop; delay slot nop
 1483  00002080          	L71_LF2:
 1484  00002080  0bffff64	j	L68_LF2
 1485  00002084  54000000	nop; delay slot nop
 1486  00002088          	L69_LF2:
 1487  00002088          	L63_LF2:
 1488  00002088          	L61_LF2:
 1489  00002088  8fc10004	lw	r1,4(r30)
 1490  0000208c  20020000	addi	r2,r0,(#0x0)&0xff
 1491  00002090  a0220000	sb	(r1),r2
 1492  00002094          	L59_LF2:
 1493  00002094  8fa20000	lw	r2,0(r29)
 1494  00002098  8fa30004	lw	r3,4(r29)
 1495  0000209c  8fdffff8	lw	r31,-8(r30)
 1496  000020a0  001ee820	add	r29,r0,r30
 1497  000020a4  8fdefffc	lw	r30,-4(r30)
 1498  000020a8  4be00000	jr	r31
 1499  000020ac  54000000	nop
 1500  000020b0          	.endproc _ditoa
 1501  000020b0          	.align 2
 1502  000020b0          	.proc _dstrtol
 1503  000020b0          	.global _dstrtol
 1504  000020b0          	_dstrtol:
 1505                      ;  Function 'dstrtol'; 16 bytes of locals, 1 regs to save.
 1506  000020b0  afbefffc	sw	-4(r29),r30; push fp
 1507  000020b4  001df020	add	r30,r0,r29; fp = sp
 1508  000020b8  afbffff8	sw	-8(r29),r31; push ret addr
 1509  000020bc  2fbd0020	subui	r29,r29,#32; alloc local storage
 1510  000020c0  afa20000	sw	0(r29),r2
 1511  000020c4  20010000	addi	r1,r0,#0
 1512  000020c8  afc1fff4	sw	-12(r30),r1
 1513  000020cc          	L73_LF2:
 1514  000020cc  8fc10000	lw	r1,(r30)
 1515  000020d0  90220000	lbu	r2,(r1)
 1516  000020d4  60410020	seqi	r1,r2,#32
 1517  000020d8  14200034	bnez	r1,L75_LF2
 1518  000020dc  54000000	nop; delay slot nop
 1519  000020e0  8fc10000	lw	r1,(r30)
 1520  000020e4  90220000	lbu	r2,(r1)
 1521  000020e8  60410009	seqi	r1,r2,#9
 1522  000020ec  14200020	bnez	r1,L75_LF2
 1523  000020f0  54000000	nop; delay slot nop
 1524  000020f4  8fc10000	lw	r1,(r30)
 1525  000020f8  90220000	lbu	r2,(r1)
 1526  000020fc  6041000a	seqi	r1,r2,#10
 1527  00002100  1420000c	bnez	r1,L75_LF2
 1528  00002104  54000000	nop; delay slot nop
 1529  00002108  0800001c	j	L74_LF2
 1530  0000210c  54000000	nop; delay slot nop
 1531  00002110          	L75_LF2:
 1532  00002110  8fc20000	lw	r2,(r30)
 1533  00002114  20410001	addi	r1,r2,#1
 1534  00002118  00011020	add	r2,r0,r1
 1535  0000211c  afc20000	sw	(r30),r2
 1536  00002120  0bffffa8	j	L73_LF2
 1537  00002124  54000000	nop; delay slot nop
 1538  00002128          	L74_LF2:
 1539  00002128  8fc10004	lw	r1,4(r30)
 1540  0000212c  64220000	snei	r2,r1,#0
 1541  00002130  10400010	beqz	r2,L76_LF2
 1542  00002134  54000000	nop; delay slot nop
 1543  00002138  8fc10004	lw	r1,4(r30)
 1544  0000213c  8fc20000	lw	r2,(r30)
 1545  00002140  ac220000	sw	(r1),r2
 1546  00002144          	L76_LF2:
 1547  00002144  8fc10000	lw	r1,(r30)
 1548  00002148  90220000	lbu	r2,(r1)
 1549  0000214c  64410000	snei	r1,r2,#0
 1550  00002150  14200010	bnez	r1,L77_LF2
 1551  00002154  54000000	nop; delay slot nop
 1552  00002158  8fc1fff4	lw	r1,-12(r30)
 1553  0000215c  08000294	j	L72_LF2
 1554  00002160  54000000	nop; delay slot nop
 1555  00002164          	L77_LF2:
 1556  00002164  8fc10000	lw	r1,(r30)
 1557  00002168  90220000	lbu	r2,(r1)
 1558  0000216c  6041002d	seqi	r1,r2,#45
 1559  00002170  10200024	beqz	r1,L78_LF2
 1560  00002174  54000000	nop; delay slot nop
 1561  00002178  2001ffff	addi	r1,r0,#-1
 1562  0000217c  afc1ffec	sw	-20(r30),r1
 1563  00002180  8fc20000	lw	r2,(r30)
 1564  00002184  20410001	addi	r1,r2,#1
 1565  00002188  00011020	add	r2,r0,r1
 1566  0000218c  afc20000	sw	(r30),r2
 1567  00002190  0800000c	j	L79_LF2
 1568  00002194  54000000	nop; delay slot nop
 1569  00002198          	L78_LF2:
 1570  00002198  20010001	addi	r1,r0,#1
 1571  0000219c  afc1ffec	sw	-20(r30),r1
 1572  000021a0          	L79_LF2:
 1573  000021a0  8fc10008	lw	r1,8(r30)
 1574  000021a4  64220000	snei	r2,r1,#0
 1575  000021a8  14400090	bnez	r2,L80_LF2
 1576  000021ac  54000000	nop; delay slot nop
 1577  000021b0  8fc10000	lw	r1,(r30)
 1578  000021b4  90220000	lbu	r2,(r1)
 1579  000021b8  60410030	seqi	r1,r2,#48
 1580  000021bc  10200074	beqz	r1,L81_LF2
 1581  000021c0  54000000	nop; delay slot nop
 1582  000021c4  8fc20000	lw	r2,(r30)
 1583  000021c8  20410001	addi	r1,r2,#1
 1584  000021cc  00011020	add	r2,r0,r1
 1585  000021d0  afc20000	sw	(r30),r2
 1586  000021d4  8fc10000	lw	r1,(r30)
 1587  000021d8  90220000	lbu	r2,(r1)
 1588  000021dc  60410078	seqi	r1,r2,#120
 1589  000021e0  14200020	bnez	r1,L83_LF2
 1590  000021e4  54000000	nop; delay slot nop
 1591  000021e8  8fc10000	lw	r1,(r30)
 1592  000021ec  90220000	lbu	r2,(r1)
 1593  000021f0  60410058	seqi	r1,r2,#88
 1594  000021f4  1420000c	bnez	r1,L83_LF2
 1595  000021f8  54000000	nop; delay slot nop
 1596  000021fc  08000024	j	L82_LF2
 1597  00002200  54000000	nop; delay slot nop
 1598  00002204          	L83_LF2:
 1599  00002204  20010010	addi	r1,r0,#16
 1600  00002208  afc10008	sw	8(r30),r1
 1601  0000220c  8fc20000	lw	r2,(r30)
 1602  00002210  20410001	addi	r1,r2,#1
 1603  00002214  00011020	add	r2,r0,r1
 1604  00002218  afc20000	sw	(r30),r2
 1605  0000221c  0800000c	j	L84_LF2
 1606  00002220  54000000	nop; delay slot nop
 1607  00002224          	L82_LF2:
 1608  00002224  20010008	addi	r1,r0,#8
 1609  00002228  afc10008	sw	8(r30),r1
 1610  0000222c          	L84_LF2:
 1611  0000222c  0800000c	j	L80_LF2
 1612  00002230  54000000	nop; delay slot nop
 1613  00002234          	L81_LF2:
 1614  00002234  2001000a	addi	r1,r0,#10
 1615  00002238  afc10008	sw	8(r30),r1
 1616  0000223c          	L85_LF2:
 1617  0000223c          	L80_LF2:
 1618  0000223c  8fc10008	lw	r1,8(r30)
 1619  00002240  70220000	slei	r2,r1,#0
 1620  00002244  1440001c	bnez	r2,L87_LF2
 1621  00002248  54000000	nop; delay slot nop
 1622  0000224c  8fc10008	lw	r1,8(r30)
 1623  00002250  6c220010	sgti	r2,r1,#16
 1624  00002254  1440000c	bnez	r2,L87_LF2
 1625  00002258  54000000	nop; delay slot nop
 1626  0000225c  08000010	j	L86_LF2
 1627  00002260  54000000	nop; delay slot nop
 1628  00002264          	L87_LF2:
 1629  00002264  8fc1fff4	lw	r1,-12(r30)
 1630  00002268  08000188	j	L72_LF2
 1631  0000226c  54000000	nop; delay slot nop
 1632  00002270          	L86_LF2:
 1633  00002270  54000000	nop
 1634  00002274          	L88_LF2:
 1635  00002274  8fc10000	lw	r1,(r30)
 1636  00002278  90220000	lbu	r2,(r1)
 1637  0000227c  6c41002f	sgtui	r1,r2,#47
 1638  00002280  10200030	beqz	r1,L91_LF2
 1639  00002284  54000000	nop; delay slot nop
 1640  00002288  8fc10000	lw	r1,(r30)
 1641  0000228c  90220000	lbu	r2,(r1)
 1642  00002290  70410039	sleui	r1,r2,#57
 1643  00002294  1020001c	beqz	r1,L91_LF2
 1644  00002298  54000000	nop; delay slot nop
 1645  0000229c  8fc10000	lw	r1,(r30)
 1646  000022a0  90220000	lbu	r2,(r1)
 1647  000022a4  2041ffd0	addi	r1,r2,#-48
 1648  000022a8  afc1fff0	sw	-16(r30),r1
 1649  000022ac  0800008c	j	L92_LF2
 1650  000022b0  54000000	nop; delay slot nop
 1651  000022b4          	L91_LF2:
 1652  000022b4  8fc10000	lw	r1,(r30)
 1653  000022b8  90220000	lbu	r2,(r1)
 1654  000022bc  6c410060	sgtui	r1,r2,#96
 1655  000022c0  10200030	beqz	r1,L93_LF2
 1656  000022c4  54000000	nop; delay slot nop
 1657  000022c8  8fc10000	lw	r1,(r30)
 1658  000022cc  90220000	lbu	r2,(r1)
 1659  000022d0  7041007a	sleui	r1,r2,#122
 1660  000022d4  1020001c	beqz	r1,L93_LF2
 1661  000022d8  54000000	nop; delay slot nop
 1662  000022dc  8fc10000	lw	r1,(r30)
 1663  000022e0  90220000	lbu	r2,(r1)
 1664  000022e4  2041ffa9	addi	r1,r2,#-87
 1665  000022e8  afc1fff0	sw	-16(r30),r1
 1666  000022ec  0800004c	j	L92_LF2
 1667  000022f0  54000000	nop; delay slot nop
 1668  000022f4          	L93_LF2:
 1669  000022f4  8fc10000	lw	r1,(r30)
 1670  000022f8  90220000	lbu	r2,(r1)
 1671  000022fc  6c410040	sgtui	r1,r2,#64
 1672  00002300  10200030	beqz	r1,L95_LF2
 1673  00002304  54000000	nop; delay slot nop
 1674  00002308  8fc10000	lw	r1,(r30)
 1675  0000230c  90220000	lbu	r2,(r1)
 1676  00002310  7041005a	sleui	r1,r2,#90
 1677  00002314  1020001c	beqz	r1,L95_LF2
 1678  00002318  54000000	nop; delay slot nop
 1679  0000231c  8fc10000	lw	r1,(r30)
 1680  00002320  90220000	lbu	r2,(r1)
 1681  00002324  2041ffc9	addi	r1,r2,#-55
 1682  00002328  afc1fff0	sw	-16(r30),r1
 1683  0000232c  0800000c	j	L92_LF2
 1684  00002330  54000000	nop; delay slot nop
 1685  00002334          	L95_LF2:
 1686  00002334  200103e8	addi	r1,r0,#1000
 1687  00002338  afc1fff0	sw	-16(r30),r1
 1688  0000233c          	L96_LF2:
 1689  0000233c          	L94_LF2:
 1690  0000233c          	L92_LF2:
 1691  0000233c  8fc1fff0	lw	r1,-16(r30)
 1692  00002340  8fc20008	lw	r2,8(r30)
 1693  00002344  0022082a	slt	r1,r1,r2
 1694  00002348  10200040	beqz	r1,L90_LF2
 1695  0000234c  54000000	nop; delay slot nop
 1696  00002350  8fc1fff4	lw	r1,-12(r30)
 1697  00002354  8fc20008	lw	r2,8(r30)
 1698  00002358  00200035	movi2fp	f0,r1
 1699  0000235c  00400835	movi2fp	f1,r2
 1700  00002360  0401000e	mult	f0,f0,f1
 1701  00002364  00000834	movfp2i	r1,f0
 1702  00002368  afc1fff4	sw	-12(r30),r1
 1703  0000236c  8fc1fff4	lw	r1,-12(r30)
 1704  00002370  8fc2fff0	lw	r2,-16(r30)
 1705  00002374  00220820	add	r1,r1,r2
 1706  00002378  afc1fff4	sw	-12(r30),r1
 1707  0000237c  8fc20000	lw	r2,(r30)
 1708  00002380  20410001	addi	r1,r2,#1
 1709  00002384  00011020	add	r2,r0,r1
 1710  00002388  afc20000	sw	(r30),r2
 1711  0000238c          	L97_LF2:
 1712  0000238c          	L90_LF2:
 1713  0000238c  8fc1fff0	lw	r1,-16(r30)
 1714  00002390  8fc20008	lw	r2,8(r30)
 1715  00002394  0022082a	slt	r1,r1,r2
 1716  00002398  1420000c	bnez	r1,L98_LF2
 1717  0000239c  54000000	nop; delay slot nop
 1718  000023a0  0800000c	j	L89_LF2
 1719  000023a4  54000000	nop; delay slot nop
 1720  000023a8          	L98_LF2:
 1721  000023a8  0bfffec8	j	L88_LF2
 1722  000023ac  54000000	nop; delay slot nop
 1723  000023b0          	L89_LF2:
 1724  000023b0  8fc10004	lw	r1,4(r30)
 1725  000023b4  64220000	snei	r2,r1,#0
 1726  000023b8  10400010	beqz	r2,L99_LF2
 1727  000023bc  54000000	nop; delay slot nop
 1728  000023c0  8fc10004	lw	r1,4(r30)
 1729  000023c4  8fc20000	lw	r2,(r30)
 1730  000023c8  ac220000	sw	(r1),r2
 1731  000023cc          	L99_LF2:
 1732  000023cc  8fc1fff4	lw	r1,-12(r30)
 1733  000023d0  8fc2ffec	lw	r2,-20(r30)
 1734  000023d4  00200035	movi2fp	f0,r1
 1735  000023d8  00400835	movi2fp	f1,r2
 1736  000023dc  0401000e	mult	f0,f0,f1
 1737  000023e0  00000834	movfp2i	r1,f0
 1738  000023e4  afc1fff4	sw	-12(r30),r1
 1739  000023e8  8fc1fff4	lw	r1,-12(r30)
 1740  000023ec  08000004	j	L72_LF2
 1741  000023f0  54000000	nop; delay slot nop
 1742  000023f4          	L72_LF2:
 1743  000023f4  8fa20000	lw	r2,0(r29)
 1744  000023f8  8fdffff8	lw	r31,-8(r30)
 1745  000023fc  001ee820	add	r29,r0,r30
 1746  00002400  8fdefffc	lw	r30,-4(r30)
 1747  00002404  4be00000	jr	r31
 1748  00002408  54000000	nop
 1749  0000240c          	.endproc _dstrtol
 1750  0000240c          	.align 2
 1751  0000240c          	.proc _bcopy
 1752  0000240c          	.global _bcopy
 1753  0000240c          	_bcopy:
 1754                      ;  Function 'bcopy'; 0 bytes of locals, 2 regs to save.
 1755  0000240c  afbefffc	sw	-4(r29),r30; push fp
 1756  00002410  001df020	add	r30,r0,r29; fp = sp
 1757  00002414  afbffff8	sw	-8(r29),r31; push ret addr
 1758  00002418  2fbd0010	subui	r29,r29,#16; alloc local storage
 1759  0000241c  afa20000	sw	0(r29),r2
 1760  00002420  afa30004	sw	4(r29),r3
 1761  00002424  54000000	nop
 1762  00002428          	L101_LF2:
 1763  00002428  8fc10008	lw	r1,8(r30)
 1764  0000242c  2022ffff	addi	r2,r1,#-1
 1765  00002430  afc20008	sw	8(r30),r2
 1766  00002434  6c210000	sgti	r1,r1,#0
 1767  00002438  1420000c	bnez	r1,L103_LF2
 1768  0000243c  54000000	nop; delay slot nop
 1769  00002440  0800002c	j	L102_LF2
 1770  00002444  54000000	nop; delay slot nop
 1771  00002448          	L103_LF2:
 1772  00002448  8fc10004	lw	r1,4(r30)
 1773  0000244c  20220001	addi	r2,r1,#1
 1774  00002450  afc20004	sw	4(r30),r2
 1775  00002454  8fc20000	lw	r2,(r30)
 1776  00002458  20430001	addi	r3,r2,#1
 1777  0000245c  afc30000	sw	(r30),r3
 1778  00002460  80420000	lb	r2,(r2)
 1779  00002464  a0220000	sb	(r1),r2
 1780  00002468  0bffffbc	j	L101_LF2
 1781  0000246c  54000000	nop; delay slot nop
 1782  00002470          	L102_LF2:
 1783  00002470          	L100_LF2:
 1784  00002470  8fa20000	lw	r2,0(r29)
 1785  00002474  8fa30004	lw	r3,4(r29)
 1786  00002478  8fdffff8	lw	r31,-8(r30)
 1787  0000247c  001ee820	add	r29,r0,r30
 1788  00002480  8fdefffc	lw	r30,-4(r30)
 1789  00002484  4be00000	jr	r31
 1790  00002488  54000000	nop
 1791  0000248c          	.endproc _bcopy
 1792  0000248c          	.align 2
 1793  0000248c          	.proc _bzero
 1794  0000248c          	.global _bzero
 1795  0000248c          	_bzero:
 1796                      ;  Function 'bzero'; 0 bytes of locals, 1 regs to save.
 1797  0000248c  afbefffc	sw	-4(r29),r30; push fp
 1798  00002490  001df020	add	r30,r0,r29; fp = sp
 1799  00002494  afbffff8	sw	-8(r29),r31; push ret addr
 1800  00002498  2fbd0010	subui	r29,r29,#16; alloc local storage
 1801  0000249c  afa20000	sw	0(r29),r2
 1802  000024a0  54000000	nop
 1803  000024a4          	L105_LF2:
 1804  000024a4  8fc10004	lw	r1,4(r30)
 1805  000024a8  2022ffff	addi	r2,r1,#-1
 1806  000024ac  afc20004	sw	4(r30),r2
 1807  000024b0  6c210000	sgti	r1,r1,#0
 1808  000024b4  1420000c	bnez	r1,L107_LF2
 1809  000024b8  54000000	nop; delay slot nop
 1810  000024bc  08000020	j	L106_LF2
 1811  000024c0  54000000	nop; delay slot nop
 1812  000024c4          	L107_LF2:
 1813  000024c4  8fc10000	lw	r1,(r30)
 1814  000024c8  20220001	addi	r2,r1,#1
 1815  000024cc  afc20000	sw	(r30),r2
 1816  000024d0  20020000	addi	r2,r0,(#0x0)&0xff
 1817  000024d4  a0220000	sb	(r1),r2
 1818  000024d8  0bffffc8	j	L105_LF2
 1819  000024dc  54000000	nop; delay slot nop
 1820  000024e0          	L106_LF2:
 1821  000024e0          	L104_LF2:
 1822  000024e0  8fa20000	lw	r2,0(r29)
 1823  000024e4  8fdffff8	lw	r31,-8(r30)
 1824  000024e8  001ee820	add	r29,r0,r30
 1825  000024ec  8fdefffc	lw	r30,-4(r30)
 1826  000024f0  4be00000	jr	r31
 1827  000024f4  54000000	nop
 1828  000024f8          	.endproc _bzero
 1829  000024f8          	.align 2
 1830  000024f8          	.proc _min
 1831  000024f8          	.global _min
 1832  000024f8          	_min:
 1833                      ;  Function 'min'; 0 bytes of locals, 2 regs to save.
 1834  000024f8  afbefffc	sw	-4(r29),r30; push fp
 1835  000024fc  001df020	add	r30,r0,r29; fp = sp
 1836  00002500  afbffff8	sw	-8(r29),r31; push ret addr
 1837  00002504  2fbd0010	subui	r29,r29,#16; alloc local storage
 1838  00002508  afa20000	sw	0(r29),r2
 1839  0000250c  afa30004	sw	4(r29),r3
 1840  00002510  8fc10000	lw	r1,(r30)
 1841  00002514  8fc20004	lw	r2,4(r30)
 1842  00002518  0022182c	sle	r3,r1,r2
 1843  0000251c  14600008	bnez	r3,L109_LF2
 1844  00002520  54000000	nop; delay slot nop
 1845  00002524  8fc10004	lw	r1,4(r30)
 1846  00002528          	L109_LF2:
 1847  00002528  08000004	j	L108_LF2
 1848  0000252c  54000000	nop; delay slot nop
 1849  00002530          	L108_LF2:
 1850  00002530  8fa20000	lw	r2,0(r29)
 1851  00002534  8fa30004	lw	r3,4(r29)
 1852  00002538  8fdffff8	lw	r31,-8(r30)
 1853  0000253c  001ee820	add	r29,r0,r30
 1854  00002540  8fdefffc	lw	r30,-4(r30)
 1855  00002544  4be00000	jr	r31
 1856  00002548  54000000	nop
 1857  0000254c          	.endproc _min
 1858  0000254c          	.align 2
 1859  0000254c          	.proc _max
 1860  0000254c          	.global _max
 1861  0000254c          	_max:
 1862                      ;  Function 'max'; 0 bytes of locals, 2 regs to save.
 1863  0000254c  afbefffc	sw	-4(r29),r30; push fp
 1864  00002550  001df020	add	r30,r0,r29; fp = sp
 1865  00002554  afbffff8	sw	-8(r29),r31; push ret addr
 1866  00002558  2fbd0010	subui	r29,r29,#16; alloc local storage
 1867  0000255c  afa20000	sw	0(r29),r2
 1868  00002560  afa30004	sw	4(r29),r3
 1869  00002564  8fc10000	lw	r1,(r30)
 1870  00002568  8fc20004	lw	r2,4(r30)
 1871  0000256c  0022182d	sge	r3,r1,r2
 1872  00002570  14600008	bnez	r3,L111_LF2
 1873  00002574  54000000	nop; delay slot nop
 1874  00002578  8fc10004	lw	r1,4(r30)
 1875  0000257c          	L111_LF2:
 1876  0000257c  08000004	j	L110_LF2
 1877  00002580  54000000	nop; delay slot nop
 1878  00002584          	L110_LF2:
 1879  00002584  8fa20000	lw	r2,0(r29)
 1880  00002588  8fa30004	lw	r3,4(r29)
 1881  0000258c  8fdffff8	lw	r31,-8(r30)
 1882  00002590  001ee820	add	r29,r0,r30
 1883  00002594  8fdefffc	lw	r30,-4(r30)
 1884  00002598  4be00000	jr	r31
 1885  0000259c  54000000	nop
 1886  000025a0          	.endproc _max
 1887                      ;;; Ethan L. Miller, 1999.  Released to the public domain
 1888                      ;;;
 1889                      ;;; Most of the traps are called in files from libtraps.
 1892  000025a0          	.align 2
 1893  000025a0          	.proc _exit
 1894  000025a0          	.global _exit
 1895  000025a0          	_exit:
 1896  000025a0  44000300	trap	#0x300
 1897  000025a4  4be00000	jr	r31
 1898  000025a8  54000000	nop
 1899  000025ac          	.endproc _exit
 1901                      ; for the benefit of gcc.
 1902  000025ac          	.proc ___main
 1903  000025ac          	.global ___main
 1904  000025ac          	___main:
 1905  000025ac  4be00000	jr	r31
 1906  000025b0  54000000	nop
 1907  000025b4          	.endproc ___main
 1908  000025b4          	.text
 1909  000025b4          	.global _etext
 1910  000025b4          	_etext:
 1911  000025b4          	.align 3
 1912  000025b8          	.data
 1913  00003392          	.global _edata
 1914  00003392          	_edata:
