 line   address	contents
    1                      ; Linked by DLX-LD.
    2                      ; MemSize 24576
    3                      ; Data size: 430
    4                      ; Text size: 5228
    5                      ; Stack size: 8192
    6  00000000          	.text 0x1000
    7  00001000          	.data 0x3000
    8                      ; Compiled by GCC
    9  00003000          	.text
   10  00001000          	.align 2
   11  00001000          	.proc _isspace
   12  00001000          	.global _isspace
   13  00001000          	_isspace:
   14                      ;  Function 'isspace'; 0 bytes of locals, 1 regs to save.
   15  00001000  afbefffc	sw	-4(r29),r30; push fp
   16  00001004  001df020	add	r30,r0,r29; fp = sp
   17  00001008  afbffff8	sw	-8(r29),r31; push ret addr
   18  0000100c  2fbd0010	subui	r29,r29,#16; alloc local storage
   19  00001010  afa20000	sw	0(r29),r2
   20  00001014  83c20003	lb	r2,3(r30)
   21  00001018  201f0000	addi	r31,r0,#0
   22  0000101c  304100ff	andi	r1,r2,#0x00ff
   23  00001020  60210020	seqi	r1,r1,#32
   24  00001024  14200018	bnez	r1,L6_LF0
   25  00001028  54000000	nop; not filled.
   26  0000102c  2041fff7	addi	r1,r2,#-9
   27  00001030  302100ff	andi	r1,r1,#0x00ff
   28  00001034  70210001	sleui	r1,r1,#1
   29  00001038  10200008	beqz	r1,L5_LF0
   30  0000103c  54000000	nop; not filled.
   31  00001040          	L6_LF0:
   32  00001040  201f0001	addi	r31,r0,#1
   33  00001044          	L5_LF0:
   34  00001044  001f0820	add	r1,r0,r31
   35  00001048  8fa20000	lw	r2,0(r29)
   36  0000104c  8fdffff8	lw	r31,-8(r30)
   37  00001050  001ee820	add	r29,r0,r30
   38  00001054  8fdefffc	lw	r30,-4(r30)
   39  00001058  4be00000	jr	r31
   40  0000105c  54000000	nop
   41  00001060          	.endproc _isspace
   42  00001060          	.align 2
   43  00001060          	.proc _isxdigit
   44  00001060          	.global _isxdigit
   45  00001060          	_isxdigit:
   46                      ;  Function 'isxdigit'; 0 bytes of locals, 1 regs to save.
   47  00001060  afbefffc	sw	-4(r29),r30; push fp
   48  00001064  001df020	add	r30,r0,r29; fp = sp
   49  00001068  afbffff8	sw	-8(r29),r31; push ret addr
   50  0000106c  2fbd0010	subui	r29,r29,#16; alloc local storage
   51  00001070  afa20000	sw	0(r29),r2
   52  00001074  83df0003	lb	r31,3(r30)
   53  00001078  20020000	addi	r2,r0,#0
   54  0000107c  23e1ffd0	addi	r1,r31,#-48
   55  00001080  302100ff	andi	r1,r1,#0x00ff
   56  00001084  70210009	sleui	r1,r1,#9
   57  00001088  14200028	bnez	r1,L12_LF0
   58  0000108c  54000000	nop; not filled.
   59  00001090  23e1ff9f	addi	r1,r31,#-97
   60  00001094  302100ff	andi	r1,r1,#0x00ff
   61  00001098  70210005	sleui	r1,r1,#5
   62  0000109c  14200014	bnez	r1,L12_LF0
   63  000010a0  54000000	nop; not filled.
   64  000010a4  33e100ff	andi	r1,r31,#0x00ff
   65  000010a8  64210041	snei	r1,r1,#65
   66  000010ac  14200008	bnez	r1,L11_LF0
   67  000010b0  54000000	nop; not filled.
   68  000010b4          	L12_LF0:
   69  000010b4  20020001	addi	r2,r0,#1
   70  000010b8          	L11_LF0:
   71  000010b8  00020820	add	r1,r0,r2
   72  000010bc  8fa20000	lw	r2,0(r29)
   73  000010c0  8fdffff8	lw	r31,-8(r30)
   74  000010c4  001ee820	add	r29,r0,r30
   75  000010c8  8fdefffc	lw	r30,-4(r30)
   76  000010cc  4be00000	jr	r31
   77  000010d0  54000000	nop
   78  000010d4          	.endproc _isxdigit
   79  000010d4          	.data
   80  00003000          	.align 2
   81  00003000          	LC0_LF0:
   82  00003000  55736167	.ascii "Usage: \000"
   82  00003004  653a2000	
   83  00003008          	.align 2
   84  00003008          	LC1_LF0:
   85  00003008  203c6e75	.ascii " <number of processes to create>\n\000"
   85  0000300c  6d626572	
   85  00003010  206f6620	
   85  00003014  70726f63	
   85  00003018  65737365	
   85  0000301c  7320746f	
   85  00003020  20637265	
   85  00003024  6174653e	
   85  00003028  0a00    	
   86  0000302a          	.align 2
   87  0000302c          	LC2_LF0:
   88  0000302c  43726561	.ascii "Creating %d producer processes and %d consumer processes\n\000"
   88  00003030  74696e67	
   88  00003034  20256420	
   88  00003038  70726f64	
   88  0000303c  75636572	
   88  00003040  2070726f	
   88  00003044  63657373	
   88  00003048  65732061	
   88  0000304c  6e642025	
   88  00003050  6420636f	
   88  00003054  6e73756d	
   88  00003058  65722070	
   88  0000305c  726f6365	
   88  00003060  73736573	
   88  00003064  0a00    	
   89  00003066          	.align 2
   90  00003068          	LC3_LF0:
   91  00003068  4552524f	.ascii "ERROR: could not allocate shared memory page in \000"
   91  0000306c  523a2063	
   91  00003070  6f756c64	
   91  00003074  206e6f74	
   91  00003078  20616c6c	
   91  0000307c  6f636174	
   91  00003080  65207368	
   91  00003084  61726564	
   91  00003088  206d656d	
   91  0000308c  6f727920	
   91  00003090  70616765	
   91  00003094  20696e20	
   91  00003098  00      	
   92  00003099          	.align 2
   93  0000309c          	LC4_LF0:
   94  0000309c  2c206578	.ascii ", exiting...\n\000"
   94  000030a0  6974696e	
   94  000030a4  672e2e2e	
   94  000030a8  0a00    	
   95  000030aa          	.align 2
   96  000030ac          	LC5_LF0:
   97  000030ac  436f756c	.ascii "Could not map the shared page to virtual address in \000"
   97  000030b0  64206e6f	
   97  000030b4  74206d61	
   97  000030b8  70207468	
   97  000030bc  65207368	
   97  000030c0  61726564	
   97  000030c4  20706167	
   97  000030c8  6520746f	
   97  000030cc  20766972	
   97  000030d0  7475616c	
   97  000030d4  20616464	
   97  000030d8  72657373	
   97  000030dc  20696e20	
   97  000030e0  00      	
   98  000030e1          	.align 2
   99  000030e4          	LC6_LF0:
  100  000030e4  2c206578	.ascii ", exiting..\n\000"
  100  000030e8  6974696e	
  100  000030ec  672e2e0a	
  100  000030f0  00      	
  101  000030f1          	.align 2
  102  000030f4          	LC7_LF0:
  103  000030f4  4661696c	.ascii "Fail to create a lock\000"
  103  000030f8  20746f20	
  103  000030fc  63726561	
  103  00003100  74652061	
  103  00003104  206c6f63	
  103  00003108  6b00    	
  104  0000310a          	.align 2
  105  0000310c          	LC8_LF0:
  106  0000310c  6c6f636b	.ascii "lock= %d\n\000"
  106  00003110  3d202564	
  106  00003114  0a00    	
  107  00003116          	.align 2
  108  00003118          	LC9_LF0:
  109  00003118  42616420	.ascii "Bad sem_create in \000"
  109  0000311c  73656d5f	
  109  00003120  63726561	
  109  00003124  74652069	
  109  00003128  6e2000  	
  110  0000312b          	.align 2
  111  0000312c          	LC10_LF0:
  112  0000312c  0a00    	.ascii "\n\000"
  113  0000312e          	.align 2
  114  00003130          	LC11_LF0:
  115  00003130  50726f64	.ascii "Producer_Consumer.dlx.obj\000"
  115  00003134  75636572	
  115  00003138  5f436f6e	
  115  0000313c  73756d65	
  115  00003140  722e646c	
  115  00003144  782e6f62	
  115  00003148  6a00    	
  116  0000314a          	.align 2
  117  0000314c          	LC12_LF0:
  118  0000314c  42616420	.ascii "Bad semaphore s_procs_completed_pc (%d) in \000"
  118  00003150  73656d61	
  118  00003154  70686f72	
  118  00003158  6520735f	
  118  0000315c  70726f63	
  118  00003160  735f636f	
  118  00003164  6d706c65	
  118  00003168  7465645f	
  118  0000316c  70632028	
  118  00003170  25642920	
  118  00003174  696e2000	
  119  00003178          	.align 2
  120  00003178          	LC13_LF0:
  121  00003178  416c6c20	.ascii "All other processes completed, exiting main process.\n\000"
  121  0000317c  6f746865	
  121  00003180  72207072	
  121  00003184  6f636573	
  121  00003188  73657320	
  121  0000318c  636f6d70	
  121  00003190  6c657465	
  121  00003194  642c2065	
  121  00003198  78697469	
  121  0000319c  6e67206d	
  121  000031a0  61696e20	
  121  000031a4  70726f63	
  121  000031a8  6573732e	
  121  000031ac  0a00    	
  122  000031ae          	.text
  123  000010d4          	.align 2
  124  000010d4          	.proc _main
  125  000010d4          	.global _main
  126  000010d4          	_main:
  127                      ;  Function 'main'; 128 bytes of locals, 0 regs to save.
  128  000010d4  afbefffc	sw	-4(r29),r30; push fp
  129  000010d8  001df020	add	r30,r0,r29; fp = sp
  130  000010dc  afbffff8	sw	-8(r29),r31; push ret addr
  131  000010e0  2fbd0088	subui	r29,r29,#136; alloc local storage
  132  000010e4  8fc20000	lw	r2,(r30)
  133  000010e8  8fcf0004	lw	r15,4(r30)
  134  000010ec  0c001374	jal	___main
  135  000010f0  54000000	nop; not filled.
  136  000010f4  64410002	snei	r1,r2,#2
  137  000010f8  1020004c	beqz	r1,L14_LF0
  138  000010fc  54000000	nop; not filled.
  139  00001100  23bdfff8	addi	r29,r29,#-8
  140  00001104  3c100000	lhi	r16,((LC0_LF0)>>16)&0xffff
  141  00001108  26103000	addui	r16,r16,(LC0_LF0)&0xffff
  142  0000110c  afb00000	sw	(r29),r16
  143  00001110  0c000548	jal	_Printf
  144  00001114  54000000	nop; not filled.
  145  00001118  8df00000	lw	r16,(r15)
  146  0000111c  afb00000	sw	(r29),r16
  147  00001120  0c000538	jal	_Printf
  148  00001124  54000000	nop; not filled.
  149  00001128  3c100000	lhi	r16,((LC1_LF0)>>16)&0xffff
  150  0000112c  26103008	addui	r16,r16,(LC1_LF0)&0xffff
  151  00001130  afb00000	sw	(r29),r16
  152  00001134  0c000524	jal	_Printf
  153  00001138  54000000	nop; not filled.
  154  0000113c  0c0005d0	jal	_Exit
  155  00001140  54000000	nop; not filled.
  156  00001144  23bd0008	addi	r29,r29,#8
  157  00001148          	L14_LF0:
  158  00001148  23bdfff0	addi	r29,r29,#-16
  159  0000114c  8df00004	lw	r16,4(r15)
  160  00001150  afb00000	sw	(r29),r16
  161  00001154  20100000	addi	r16,r0,#0
  162  00001158  afb00004	sw	4(r29),r16
  163  0000115c  2010000a	addi	r16,r0,#10
  164  00001160  afb00008	sw	8(r29),r16
  165  00001164  0c000e54	jal	_dstrtol
  166  00001168  54000000	nop; not filled.
  167  0000116c  00017020	add	r14,r0,r1
  168  00001170  3c100000	lhi	r16,((LC2_LF0)>>16)&0xffff
  169  00001174  2610302c	addui	r16,r16,(LC2_LF0)&0xffff
  170  00001178  afb00000	sw	(r29),r16
  171  0000117c  afae0004	sw	4(r29),r14
  172  00001180  afae0008	sw	8(r29),r14
  173  00001184  0c0004d4	jal	_Printf
  174  00001188  54000000	nop; not filled.
  175  0000118c  0c0004f0	jal	_shmget
  176  00001190  54000000	nop; not filled.
  177  00001194  00012020	add	r4,r0,r1
  178  00001198  23bd0010	addi	r29,r29,#16
  179  0000119c  64810000	snei	r1,r4,#0
  180  000011a0  1420004c	bnez	r1,L15_LF0
  181  000011a4  54000000	nop; not filled.
  182  000011a8  23bdfff8	addi	r29,r29,#-8
  183  000011ac  3c100000	lhi	r16,((LC3_LF0)>>16)&0xffff
  184  000011b0  26103068	addui	r16,r16,(LC3_LF0)&0xffff
  185  000011b4  afb00000	sw	(r29),r16
  186  000011b8  0c0004a0	jal	_Printf
  187  000011bc  54000000	nop; not filled.
  188  000011c0  8df00000	lw	r16,(r15)
  189  000011c4  afb00000	sw	(r29),r16
  190  000011c8  0c000490	jal	_Printf
  191  000011cc  54000000	nop; not filled.
  192  000011d0  3c100000	lhi	r16,((LC4_LF0)>>16)&0xffff
  193  000011d4  2610309c	addui	r16,r16,(LC4_LF0)&0xffff
  194  000011d8  afb00000	sw	(r29),r16
  195  000011dc  0c00047c	jal	_Printf
  196  000011e0  54000000	nop; not filled.
  197  000011e4  0c000528	jal	_Exit
  198  000011e8  54000000	nop; not filled.
  199  000011ec  23bd0008	addi	r29,r29,#8
  200  000011f0          	L15_LF0:
  201  000011f0  23bdfff8	addi	r29,r29,#-8
  202  000011f4  afa40000	sw	(r29),r4
  203  000011f8  0c000490	jal	_shmat
  204  000011fc  54000000	nop; not filled.
  205  00001200  00011020	add	r2,r0,r1
  206  00001204  23bd0008	addi	r29,r29,#8
  207  00001208  64410000	snei	r1,r2,#0
  208  0000120c  1420004c	bnez	r1,L16_LF0
  209  00001210  54000000	nop; not filled.
  210  00001214  23bdfff8	addi	r29,r29,#-8
  211  00001218  3c100000	lhi	r16,((LC5_LF0)>>16)&0xffff
  212  0000121c  261030ac	addui	r16,r16,(LC5_LF0)&0xffff
  213  00001220  afb00000	sw	(r29),r16
  214  00001224  0c000434	jal	_Printf
  215  00001228  54000000	nop; not filled.
  216  0000122c  8df00000	lw	r16,(r15)
  217  00001230  afb00000	sw	(r29),r16
  218  00001234  0c000424	jal	_Printf
  219  00001238  54000000	nop; not filled.
  220  0000123c  3c100000	lhi	r16,((LC6_LF0)>>16)&0xffff
  221  00001240  261030e4	addui	r16,r16,(LC6_LF0)&0xffff
  222  00001244  afb00000	sw	(r29),r16
  223  00001248  0c000410	jal	_Printf
  224  0000124c  54000000	nop; not filled.
  225  00001250  0c0004bc	jal	_Exit
  226  00001254  54000000	nop; not filled.
  227  00001258  23bd0008	addi	r29,r29,#8
  228  0000125c          	L16_LF0:
  229  0000125c  20100000	addi	r16,r0,#0
  230  00001260  ac50000c	sw	12(r2),r16
  231  00001264  ac500010	sw	16(r2),r16
  232  00001268  0c000450	jal	_lock_create
  233  0000126c  54000000	nop; not filled.
  234  00001270  00011820	add	r3,r0,r1
  235  00001274  6061ffff	seqi	r1,r3,#-1
  236  00001278  1020002c	beqz	r1,L17_LF0
  237  0000127c  54000000	nop; not filled.
  238  00001280  23bdfff8	addi	r29,r29,#-8
  239  00001284  3c100000	lhi	r16,((LC7_LF0)>>16)&0xffff
  240  00001288  261030f4	addui	r16,r16,(LC7_LF0)&0xffff
  241  0000128c  afb00000	sw	(r29),r16
  242  00001290  0c0003c8	jal	_Printf
  243  00001294  54000000	nop; not filled.
  244  00001298  0c000474	jal	_Exit
  245  0000129c  54000000	nop; not filled.
  246  000012a0  08000020	j	L28_LF0
  247  000012a4  54000000	nop; not filled.
  248  000012a8          	L17_LF0:
  249  000012a8  23bdfff8	addi	r29,r29,#-8
  250  000012ac  3c100000	lhi	r16,((LC8_LF0)>>16)&0xffff
  251  000012b0  2610310c	addui	r16,r16,(LC8_LF0)&0xffff
  252  000012b4  afb00000	sw	(r29),r16
  253  000012b8  afa30004	sw	4(r29),r3
  254  000012bc  0c00039c	jal	_Printf
  255  000012c0  54000000	nop; not filled.
  256  000012c4          	L28_LF0:
  257  000012c4  23bd0008	addi	r29,r29,#8
  258  000012c8  23bdfff8	addi	r29,r29,#-8
  259  000012cc  51c20001	slli	r2,r14,#0x1
  260  000012d0  20010001	addi	r1,r0,#1
  261  000012d4  00220822	sub	r1,r1,r2
  262  000012d8  afa10000	sw	(r29),r1
  263  000012dc  0c0003b8	jal	_sem_create
  264  000012e0  54000000	nop; not filled.
  265  000012e4  00016820	add	r13,r0,r1
  266  000012e8  23bd0008	addi	r29,r29,#8
  267  000012ec  61a1ffff	seqi	r1,r13,#-1
  268  000012f0  1020004c	beqz	r1,L19_LF0
  269  000012f4  54000000	nop; not filled.
  270  000012f8  23bdfff8	addi	r29,r29,#-8
  271  000012fc  3c100000	lhi	r16,((LC9_LF0)>>16)&0xffff
  272  00001300  26103118	addui	r16,r16,(LC9_LF0)&0xffff
  273  00001304  afb00000	sw	(r29),r16
  274  00001308  0c000350	jal	_Printf
  275  0000130c  54000000	nop; not filled.
  276  00001310  8df00000	lw	r16,(r15)
  277  00001314  afb00000	sw	(r29),r16
  278  00001318  0c000340	jal	_Printf
  279  0000131c  54000000	nop; not filled.
  280  00001320  3c100000	lhi	r16,((LC10_LF0)>>16)&0xffff
  281  00001324  2610312c	addui	r16,r16,(LC10_LF0)&0xffff
  282  00001328  afb00000	sw	(r29),r16
  283  0000132c  0c00032c	jal	_Printf
  284  00001330  54000000	nop; not filled.
  285  00001334  0c0003d8	jal	_Exit
  286  00001338  54000000	nop; not filled.
  287  0000133c  23bd0008	addi	r29,r29,#8
  288  00001340          	L19_LF0:
  289  00001340  23bdfff8	addi	r29,r29,#-8
  290  00001344  20100000	addi	r16,r0,#0
  291  00001348  afb00000	sw	(r29),r16
  292  0000134c  0c000348	jal	_sem_create
  293  00001350  54000000	nop; not filled.
  294  00001354  00012820	add	r5,r0,r1
  295  00001358  23bd0008	addi	r29,r29,#8
  296  0000135c  60a1ffff	seqi	r1,r5,#-1
  297  00001360  1020004c	beqz	r1,L20_LF0
  298  00001364  54000000	nop; not filled.
  299  00001368  23bdfff8	addi	r29,r29,#-8
  300  0000136c  3c100000	lhi	r16,((LC9_LF0)>>16)&0xffff
  301  00001370  26103118	addui	r16,r16,(LC9_LF0)&0xffff
  302  00001374  afb00000	sw	(r29),r16
  303  00001378  0c0002e0	jal	_Printf
  304  0000137c  54000000	nop; not filled.
  305  00001380  8df00000	lw	r16,(r15)
  306  00001384  afb00000	sw	(r29),r16
  307  00001388  0c0002d0	jal	_Printf
  308  0000138c  54000000	nop; not filled.
  309  00001390  3c100000	lhi	r16,((LC10_LF0)>>16)&0xffff
  310  00001394  2610312c	addui	r16,r16,(LC10_LF0)&0xffff
  311  00001398  afb00000	sw	(r29),r16
  312  0000139c  0c0002bc	jal	_Printf
  313  000013a0  54000000	nop; not filled.
  314  000013a4  0c000368	jal	_Exit
  315  000013a8  54000000	nop; not filled.
  316  000013ac  23bd0008	addi	r29,r29,#8
  317  000013b0          	L20_LF0:
  318  000013b0  23bdfff8	addi	r29,r29,#-8
  319  000013b4  2010000b	addi	r16,r0,#11
  320  000013b8  afb00000	sw	(r29),r16
  321  000013bc  0c0002d8	jal	_sem_create
  322  000013c0  54000000	nop; not filled.
  323  000013c4  00011020	add	r2,r0,r1
  324  000013c8  23bd0008	addi	r29,r29,#8
  325  000013cc  6041ffff	seqi	r1,r2,#-1
  326  000013d0  1020004c	beqz	r1,L21_LF0
  327  000013d4  54000000	nop; not filled.
  328  000013d8  23bdfff8	addi	r29,r29,#-8
  329  000013dc  3c100000	lhi	r16,((LC9_LF0)>>16)&0xffff
  330  000013e0  26103118	addui	r16,r16,(LC9_LF0)&0xffff
  331  000013e4  afb00000	sw	(r29),r16
  332  000013e8  0c000270	jal	_Printf
  333  000013ec  54000000	nop; not filled.
  334  000013f0  8df00000	lw	r16,(r15)
  335  000013f4  afb00000	sw	(r29),r16
  336  000013f8  0c000260	jal	_Printf
  337  000013fc  54000000	nop; not filled.
  338  00001400  3c100000	lhi	r16,((LC10_LF0)>>16)&0xffff
  339  00001404  2610312c	addui	r16,r16,(LC10_LF0)&0xffff
  340  00001408  afb00000	sw	(r29),r16
  341  0000140c  0c00024c	jal	_Printf
  342  00001410  54000000	nop; not filled.
  343  00001414  0c0002f8	jal	_Exit
  344  00001418  54000000	nop; not filled.
  345  0000141c  23bd0008	addi	r29,r29,#8
  346  00001420          	L21_LF0:
  347  00001420  23bdfff8	addi	r29,r29,#-8
  348  00001424  afa40000	sw	(r29),r4
  349  00001428  23c7ffe8	addi	r7,r30,#-24
  350  0000142c  afa70004	sw	4(r29),r7
  351  00001430  0c0009fc	jal	_ditoa
  352  00001434  54000000	nop; not filled.
  353  00001438  afad0000	sw	(r29),r13
  354  0000143c  23c6ffd8	addi	r6,r30,#-40
  355  00001440  afa60004	sw	4(r29),r6
  356  00001444  0c0009e8	jal	_ditoa
  357  00001448  54000000	nop; not filled.
  358  0000144c  afa50000	sw	(r29),r5
  359  00001450  23cbffc8	addi	r11,r30,#-56
  360  00001454  afab0004	sw	4(r29),r11
  361  00001458  0c0009d4	jal	_ditoa
  362  0000145c  54000000	nop; not filled.
  363  00001460  afa20000	sw	(r29),r2
  364  00001464  23caffb8	addi	r10,r30,#-72
  365  00001468  afaa0004	sw	4(r29),r10
  366  0000146c  0c0009c0	jal	_ditoa
  367  00001470  54000000	nop; not filled.
  368  00001474  afa30000	sw	(r29),r3
  369  00001478  23c5ff98	addi	r5,r30,#-104
  370  0000147c  afa50004	sw	4(r29),r5
  371  00001480  0c0009ac	jal	_ditoa
  372  00001484  54000000	nop; not filled.
  373  00001488  20100001	addi	r16,r0,#1
  374  0000148c  afb00000	sw	(r29),r16
  375  00001490  23c4ff88	addi	r4,r30,#-120
  376  00001494  afa40004	sw	4(r29),r4
  377  00001498  0c000994	jal	_ditoa
  378  0000149c  54000000	nop; not filled.
  379  000014a0  20100000	addi	r16,r0,#0
  380  000014a4  afb00000	sw	(r29),r16
  381  000014a8  23c1ff78	addi	r1,r30,#-136
  382  000014ac  afa10004	sw	4(r29),r1
  383  000014b0  0c00097c	jal	_ditoa
  384  000014b4  54000000	nop; not filled.
  385  000014b8  20020000	addi	r2,r0,#0
  386  000014bc  23bd0008	addi	r29,r29,#8
  387  000014c0  004e082a	slt	r1,r2,r14
  388  000014c4  102000bc	beqz	r1,L23_LF0
  389  000014c8  54000000	nop; not filled.
  390  000014cc  23c3ffa8	addi	r3,r30,#-88
  391  000014d0  3c090000	lhi	r9,((LC11_LF0)>>16)&0xffff
  392  000014d4  25293130	addui	r9,r9,(LC11_LF0)&0xffff
  393  000014d8  00074020	add	r8,r0,r7
  394  000014dc  00063820	add	r7,r0,r6
  395  000014e0  00053020	add	r6,r0,r5
  396  000014e4  00046020	add	r12,r0,r4
  397  000014e8  000b2820	add	r5,r0,r11
  398  000014ec  000a2020	add	r4,r0,r10
  399  000014f0          	L25_LF0:
  400  000014f0  23bdfff8	addi	r29,r29,#-8
  401  000014f4  afa20000	sw	(r29),r2
  402  000014f8  afa30004	sw	4(r29),r3
  403  000014fc  0c000930	jal	_ditoa
  404  00001500  54000000	nop; not filled.
  405  00001504  23bdffe0	addi	r29,r29,#-32
  406  00001508  afa90000	sw	(r29),r9
  407  0000150c  afa80004	sw	4(r29),r8
  408  00001510  afa70008	sw	8(r29),r7
  409  00001514  afa3000c	sw	12(r29),r3
  410  00001518  afa60010	sw	16(r29),r6
  411  0000151c  afac0014	sw	20(r29),r12
  412  00001520  afa50018	sw	24(r29),r5
  413  00001524  afa4001c	sw	28(r29),r4
  414  00001528  20100000	addi	r16,r0,#0
  415  0000152c  afb00020	sw	32(r29),r16
  416  00001530  0c000140	jal	_process_create
  417  00001534  54000000	nop; not filled.
  418  00001538  23bd0028	addi	r29,r29,#40
  419  0000153c  23bdffd8	addi	r29,r29,#-40
  420  00001540  afa90000	sw	(r29),r9
  421  00001544  afa80004	sw	4(r29),r8
  422  00001548  afa70008	sw	8(r29),r7
  423  0000154c  afa3000c	sw	12(r29),r3
  424  00001550  afa60010	sw	16(r29),r6
  425  00001554  23c1ff78	addi	r1,r30,#-136
  426  00001558  afa10014	sw	20(r29),r1
  427  0000155c  afa50018	sw	24(r29),r5
  428  00001560  afa4001c	sw	28(r29),r4
  429  00001564  afb00020	sw	32(r29),r16
  430  00001568  0c000108	jal	_process_create
  431  0000156c  54000000	nop; not filled.
  432  00001570  23bd0028	addi	r29,r29,#40
  433  00001574  20420001	addi	r2,r2,#1
  434  00001578  004e082a	slt	r1,r2,r14
  435  0000157c  1420ff70	bnez	r1,L25_LF0
  436  00001580  54000000	nop; not filled.
  437  00001584          	L23_LF0:
  438  00001584  23bdfff8	addi	r29,r29,#-8
  439  00001588  afad0000	sw	(r29),r13
  440  0000158c  0c000114	jal	_sem_wait
  441  00001590  54000000	nop; not filled.
  442  00001594  23bd0008	addi	r29,r29,#8
  443  00001598  64210001	snei	r1,r1,#1
  444  0000159c  10200050	beqz	r1,L27_LF0
  445  000015a0  54000000	nop; not filled.
  446  000015a4  23bdfff8	addi	r29,r29,#-8
  447  000015a8  3c100000	lhi	r16,((LC12_LF0)>>16)&0xffff
  448  000015ac  2610314c	addui	r16,r16,(LC12_LF0)&0xffff
  449  000015b0  afb00000	sw	(r29),r16
  450  000015b4  afad0004	sw	4(r29),r13
  451  000015b8  0c0000a0	jal	_Printf
  452  000015bc  54000000	nop; not filled.
  453  000015c0  8def0000	lw	r15,(r15)
  454  000015c4  afaf0000	sw	(r29),r15
  455  000015c8  0c000090	jal	_Printf
  456  000015cc  54000000	nop; not filled.
  457  000015d0  3c100000	lhi	r16,((LC10_LF0)>>16)&0xffff
  458  000015d4  2610312c	addui	r16,r16,(LC10_LF0)&0xffff
  459  000015d8  afb00000	sw	(r29),r16
  460  000015dc  0c00007c	jal	_Printf
  461  000015e0  54000000	nop; not filled.
  462  000015e4  0c000128	jal	_Exit
  463  000015e8  54000000	nop; not filled.
  464  000015ec  23bd0008	addi	r29,r29,#8
  465  000015f0          	L27_LF0:
  466  000015f0  23bdfff8	addi	r29,r29,#-8
  467  000015f4  3c100000	lhi	r16,((LC13_LF0)>>16)&0xffff
  468  000015f8  26103178	addui	r16,r16,(LC13_LF0)&0xffff
  469  000015fc  afb00000	sw	(r29),r16
  470  00001600  0c000058	jal	_Printf
  471  00001604  54000000	nop; not filled.
  472  00001608  23bd0008	addi	r29,r29,#8
  473  0000160c  0c000e48	jal	_exit
  474  00001610  54000000	nop
  475  00001614          	.endproc _main
  476                      ;;;
  477                      ;;; Stub functions for DLX traps.
  478                      ;;;
  479                      ;;; Ethan L. Miller, 1999.  Released to the public domain.
  480                      ;;;
  481                      ;;; The traps such as Open and Close
  482                      ;;; (note the capital letters) are for use by user programs.  The traps
  483                      ;;; with names such as open and close (lower case) are for use by the OS.
  484                      ;;;
  487  00001614          	.align 2
  489                      ;;; The following are the traps to be used by user-level programs
  490                      ;;;
  492  00001614          	.align 2
  493  00001614          	.proc _Open
  494  00001614          	.global _Open
  495  00001614          	_Open:
  496                      ;;; Note that trap #0x213 actually causes a trap vector in the OS of
  497                      ;;; 0x1213.  The same is true for other user traps.  Thus, a user trap
  498                      ;;; with trap #0x240 will result in a trap vector of 0x1240 in the OS.
  499  00001614  44000213	trap	#0x213
  500  00001618  4be00000	jr	r31
  501  0000161c  54000000	nop
  502  00001620          	.endproc _Open
  504  00001620          	.proc _Close
  505  00001620          	.global _Close
  506  00001620          	_Close:
  507  00001620  44000214	trap	#0x214
  508  00001624  4be00000	jr	r31
  509  00001628  54000000	nop
  510  0000162c          	.endproc _Close
  512  0000162c          	.proc _Read
  513  0000162c          	.global _Read
  514  0000162c          	_Read:
  515  0000162c  44000210	trap	#0x210
  516  00001630  4be00000	jr	r31
  517  00001634  54000000	nop
  518  00001638          	.endproc _Read
  520  00001638          	.proc _Write
  521  00001638          	.global _Write
  522  00001638          	_Write:
  523  00001638  44000211	trap	#0x211
  524  0000163c  4be00000	jr	r31
  525  00001640  54000000	nop
  526  00001644          	.endproc _Write
  528  00001644          	.proc _Lseek
  529  00001644          	.global _Lseek
  530  00001644          	_Lseek:
  531  00001644  44000212	trap	#0x212
  532  00001648  4be00000	jr	r31
  533  0000164c  54000000	nop
  534  00001650          	.endproc _Lseek
  536  00001650          	.proc _Putchar
  537  00001650          	.global _Putchar
  538  00001650          	_Putchar:
  539  00001650  44000280	trap	#0x280
  540  00001654  4be00000	jr	r31
  541  00001658  54000000	nop
  542  0000165c          	.endproc _Putchar
  544  0000165c          	.proc _Printf
  545  0000165c          	.global _Printf
  546  0000165c          	_Printf:
  547  0000165c  44000201	trap	#0x201
  548  00001660  4be00000	jr	r31
  549  00001664  54000000	nop
  550  00001668          	.endproc _Printf
  552  00001668          	.proc _getpid
  553  00001668          	.global _getpid
  554  00001668          	_getpid:
  555  00001668  44000431	trap	#0x431
  556  0000166c  4be00000	jr	r31
  557  00001670  54000000	nop
  558  00001674          	.endproc _getpid
  560  00001674          	.proc _process_create
  561  00001674          	.global _process_create
  562  00001674          	_process_create:
  563  00001674  44000432	trap	#0x432
  564  00001678  4be00000	jr	r31
  565  0000167c  54000000	nop
  566  00001680          	.endproc _process_create
  568  00001680          	.proc _shmget
  569  00001680          	.global _shmget
  570  00001680          	_shmget:
  571  00001680  44000440	trap	#0x440
  572  00001684  4be00000	jr	r31
  573  00001688  54000000	nop
  574  0000168c          	.endproc _shmget
  576  0000168c          	.proc _shmat
  577  0000168c          	.global _shmat
  578  0000168c          	_shmat:
  579  0000168c  44000441	trap	#0x441
  580  00001690  4be00000	jr	r31
  581  00001694  54000000	nop
  582  00001698          	.endproc _shmat
  584  00001698          	.proc _sem_create
  585  00001698          	.global _sem_create
  586  00001698          	_sem_create:
  587  00001698  44000450	trap	#0x450
  588  0000169c  4be00000	jr	r31
  589  000016a0  54000000	nop
  590  000016a4          	.endproc _sem_create
  592  000016a4          	.proc _sem_wait
  593  000016a4          	.global _sem_wait
  594  000016a4          	_sem_wait:
  595  000016a4  44000451	trap	#0x451
  596  000016a8  4be00000	jr	r31
  597  000016ac  54000000	nop
  598  000016b0          	.endproc _sem_wait
  600  000016b0          	.proc _sem_signal
  601  000016b0          	.global _sem_signal
  602  000016b0          	_sem_signal:
  603  000016b0  44000452	trap	#0x452
  604  000016b4  4be00000	jr	r31
  605  000016b8  54000000	nop
  606  000016bc          	.endproc _sem_signal
  608  000016bc          	.proc _lock_create
  609  000016bc          	.global _lock_create
  610  000016bc          	_lock_create:
  611  000016bc  44000453	trap	#0x453
  612  000016c0  4be00000	jr	r31
  613  000016c4  54000000	nop
  614  000016c8          	.endproc _lock_create
  616  000016c8          	.proc _lock_acquire
  617  000016c8          	.global _lock_acquire
  618  000016c8          	_lock_acquire:
  619  000016c8  44000454	trap	#0x454
  620  000016cc  4be00000	jr	r31
  621  000016d0  54000000	nop
  622  000016d4          	.endproc _lock_acquire
  624  000016d4          	.proc _lock_release
  625  000016d4          	.global _lock_release
  626  000016d4          	_lock_release:
  627  000016d4  44000455	trap	#0x455
  628  000016d8  4be00000	jr	r31
  629  000016dc  54000000	nop
  630  000016e0          	.endproc _lock_release
  632  000016e0          	.proc _cond_create
  633  000016e0          	.global _cond_create
  634  000016e0          	_cond_create:
  635  000016e0  44000456	trap	#0x456
  636  000016e4  4be00000	jr	r31
  637  000016e8  54000000	nop
  638  000016ec          	.endproc _cond_create
  640  000016ec          	.proc _cond_wait
  641  000016ec          	.global _cond_wait
  642  000016ec          	_cond_wait:
  643  000016ec  44000457	trap	#0x457
  644  000016f0  4be00000	jr	r31
  645  000016f4  54000000	nop
  646  000016f8          	.endproc _cond_wait
  648  000016f8          	.proc _cond_signal
  649  000016f8          	.global _cond_signal
  650  000016f8          	_cond_signal:
  651  000016f8  44000458	trap	#0x458
  652  000016fc  4be00000	jr	r31
  653  00001700  54000000	nop
  654  00001704          	.endproc _cond_signal
  656  00001704          	.proc _cond_broadcast
  657  00001704          	.global _cond_broadcast
  658  00001704          	_cond_broadcast:
  659  00001704  44000455	trap	#0x455
  660  00001708  4be00000	jr	r31
  661  0000170c  54000000	nop
  662  00001710          	.endproc _cond_broadcast
  664  00001710          	.proc _Exit
  665  00001710          	.global _Exit
  666  00001710          	_Exit:
  667  00001710  44000500	trap	#0x500
  668  00001714  4be00000	jr	r31
  669  00001718  54000000	nop
  670  0000171c          	.endproc _Exit
  671                      ; Compiled by GCC
  673  0000171c          	.align 2
  674  0000171c          	.proc _isspace
  675  0000171c          	.global _isspace
  676  0000171c          	_isspace:
  677                      ;  Function 'isspace'; 0 bytes of locals, 3 regs to save.
  678  0000171c  afbefffc	sw	-4(r29),r30; push fp
  679  00001720  001df020	add	r30,r0,r29; fp = sp
  680  00001724  afbffff8	sw	-8(r29),r31; push ret addr
  681  00001728  2fbd0018	subui	r29,r29,#24; alloc local storage
  682  0000172c  afa20000	sw	0(r29),r2
  683  00001730  afa30004	sw	4(r29),r3
  684  00001734  afa40008	sw	8(r29),r4
  685  00001738  83c20003	lb	r2,3(r30)
  686  0000173c  20010000	addi	r1,r0,#0
  687  00001740  304300ff	andi	r3,r2,#0x00ff
  688  00001744  60640020	seqi	r4,r3,#32
  689  00001748  1480002c	bnez	r4,L3_LF2
  690  0000174c  54000000	nop; delay slot nop
  691  00001750  304300ff	andi	r3,r2,#0x00ff
  692  00001754  60640009	seqi	r4,r3,#9
  693  00001758  1480001c	bnez	r4,L3_LF2
  694  0000175c  54000000	nop; delay slot nop
  695  00001760  304300ff	andi	r3,r2,#0x00ff
  696  00001764  6064000a	seqi	r4,r3,#10
  697  00001768  1480000c	bnez	r4,L3_LF2
  698  0000176c  54000000	nop; delay slot nop
  699  00001770  08000008	j	L2_LF2
  700  00001774  54000000	nop; delay slot nop
  701  00001778          	L3_LF2:
  702  00001778  20010001	addi	r1,r0,#1
  703  0000177c          	L2_LF2:
  704  0000177c  08000004	j	L1_LF2
  705  00001780  54000000	nop; delay slot nop
  706  00001784          	L1_LF2:
  707  00001784  8fa20000	lw	r2,0(r29)
  708  00001788  8fa30004	lw	r3,4(r29)
  709  0000178c  8fa40008	lw	r4,8(r29)
  710  00001790  8fdffff8	lw	r31,-8(r30)
  711  00001794  001ee820	add	r29,r0,r30
  712  00001798  8fdefffc	lw	r30,-4(r30)
  713  0000179c  4be00000	jr	r31
  714  000017a0  54000000	nop
  715  000017a4          	.endproc _isspace
  716  000017a4          	.align 2
  717  000017a4          	.proc _isxdigit
  718  000017a4          	.global _isxdigit
  719  000017a4          	_isxdigit:
  720                      ;  Function 'isxdigit'; 0 bytes of locals, 3 regs to save.
  721  000017a4  afbefffc	sw	-4(r29),r30; push fp
  722  000017a8  001df020	add	r30,r0,r29; fp = sp
  723  000017ac  afbffff8	sw	-8(r29),r31; push ret addr
  724  000017b0  2fbd0018	subui	r29,r29,#24; alloc local storage
  725  000017b4  afa20000	sw	0(r29),r2
  726  000017b8  afa30004	sw	4(r29),r3
  727  000017bc  afa40008	sw	8(r29),r4
  728  000017c0  83c20003	lb	r2,3(r30)
  729  000017c4  20010000	addi	r1,r0,#0
  730  000017c8  304300ff	andi	r3,r2,#0x00ff
  731  000017cc  6c64002f	sgtui	r4,r3,#47
  732  000017d0  1080001c	beqz	r4,L7_LF2
  733  000017d4  54000000	nop; delay slot nop
  734  000017d8  304300ff	andi	r3,r2,#0x00ff
  735  000017dc  70640039	sleui	r4,r3,#57
  736  000017e0  1480005c	bnez	r4,L6_LF2
  737  000017e4  54000000	nop; delay slot nop
  738  000017e8  08000004	j	L7_LF2
  739  000017ec  54000000	nop; delay slot nop
  740  000017f0          	L7_LF2:
  741  000017f0  304300ff	andi	r3,r2,#0x00ff
  742  000017f4  6c640060	sgtui	r4,r3,#96
  743  000017f8  1080001c	beqz	r4,L8_LF2
  744  000017fc  54000000	nop; delay slot nop
  745  00001800  304300ff	andi	r3,r2,#0x00ff
  746  00001804  70640066	sleui	r4,r3,#102
  747  00001808  14800034	bnez	r4,L6_LF2
  748  0000180c  54000000	nop; delay slot nop
  749  00001810  08000004	j	L8_LF2
  750  00001814  54000000	nop; delay slot nop
  751  00001818          	L8_LF2:
  752  00001818  304300ff	andi	r3,r2,#0x00ff
  753  0000181c  6c640040	sgtui	r4,r3,#64
  754  00001820  10800020	beqz	r4,L5_LF2
  755  00001824  54000000	nop; delay slot nop
  756  00001828  304300ff	andi	r3,r2,#0x00ff
  757  0000182c  70640041	sleui	r4,r3,#65
  758  00001830  1480000c	bnez	r4,L6_LF2
  759  00001834  54000000	nop; delay slot nop
  760  00001838  08000008	j	L5_LF2
  761  0000183c  54000000	nop; delay slot nop
  762  00001840          	L6_LF2:
  763  00001840  20010001	addi	r1,r0,#1
  764  00001844          	L5_LF2:
  765  00001844  08000004	j	L4_LF2
  766  00001848  54000000	nop; delay slot nop
  767  0000184c          	L4_LF2:
  768  0000184c  8fa20000	lw	r2,0(r29)
  769  00001850  8fa30004	lw	r3,4(r29)
  770  00001854  8fa40008	lw	r4,8(r29)
  771  00001858  8fdffff8	lw	r31,-8(r30)
  772  0000185c  001ee820	add	r29,r0,r30
  773  00001860  8fdefffc	lw	r30,-4(r30)
  774  00001864  4be00000	jr	r31
  775  00001868  54000000	nop
  776  0000186c          	.endproc _isxdigit
  777  0000186c          	.align 2
  778  0000186c          	.proc _dstrcpy
  779  0000186c          	.global _dstrcpy
  780  0000186c          	_dstrcpy:
  781                      ;  Function 'dstrcpy'; 8 bytes of locals, 2 regs to save.
  782  0000186c  afbefffc	sw	-4(r29),r30; push fp
  783  00001870  001df020	add	r30,r0,r29; fp = sp
  784  00001874  afbffff8	sw	-8(r29),r31; push ret addr
  785  00001878  2fbd0018	subui	r29,r29,#24; alloc local storage
  786  0000187c  afa20000	sw	0(r29),r2
  787  00001880  afa30004	sw	4(r29),r3
  788  00001884  8fc10000	lw	r1,(r30)
  789  00001888  afc1fff4	sw	-12(r30),r1
  790  0000188c          	L10_LF2:
  791  0000188c  8fc10000	lw	r1,(r30)
  792  00001890  20220001	addi	r2,r1,#1
  793  00001894  afc20000	sw	(r30),r2
  794  00001898  8fc20004	lw	r2,4(r30)
  795  0000189c  20430001	addi	r3,r2,#1
  796  000018a0  afc30004	sw	4(r30),r3
  797  000018a4  80420000	lb	r2,(r2)
  798  000018a8  a0220000	sb	(r1),r2
  799  000018ac  a3c2fff3	sb	-13(r30),r2
  800  000018b0          	L12_LF2:
  801  000018b0  93c1fff3	lbu	r1,-13(r30)
  802  000018b4  64220000	snei	r2,r1,#0
  803  000018b8  1440000c	bnez	r2,L13_LF2
  804  000018bc  54000000	nop; delay slot nop
  805  000018c0  0800000c	j	L11_LF2
  806  000018c4  54000000	nop; delay slot nop
  807  000018c8          	L13_LF2:
  808  000018c8  0bffffc0	j	L10_LF2
  809  000018cc  54000000	nop; delay slot nop
  810  000018d0          	L11_LF2:
  811  000018d0  8fc1fff4	lw	r1,-12(r30)
  812  000018d4  08000004	j	L9_LF2
  813  000018d8  54000000	nop; delay slot nop
  814  000018dc          	L9_LF2:
  815  000018dc  8fa20000	lw	r2,0(r29)
  816  000018e0  8fa30004	lw	r3,4(r29)
  817  000018e4  8fdffff8	lw	r31,-8(r30)
  818  000018e8  001ee820	add	r29,r0,r30
  819  000018ec  8fdefffc	lw	r30,-4(r30)
  820  000018f0  4be00000	jr	r31
  821  000018f4  54000000	nop
  822  000018f8          	.endproc _dstrcpy
  823  000018f8          	.align 2
  824  000018f8          	.proc _dstrncpy
  825  000018f8          	.global _dstrncpy
  826  000018f8          	_dstrncpy:
  827                      ;  Function 'dstrncpy'; 8 bytes of locals, 2 regs to save.
  828  000018f8  afbefffc	sw	-4(r29),r30; push fp
  829  000018fc  001df020	add	r30,r0,r29; fp = sp
  830  00001900  afbffff8	sw	-8(r29),r31; push ret addr
  831  00001904  2fbd0018	subui	r29,r29,#24; alloc local storage
  832  00001908  afa20000	sw	0(r29),r2
  833  0000190c  afa30004	sw	4(r29),r3
  834  00001910  8fc10000	lw	r1,(r30)
  835  00001914  afc1fff4	sw	-12(r30),r1
  836  00001918          	L15_LF2:
  837  00001918  8fc10008	lw	r1,8(r30)
  838  0000191c  2022ffff	addi	r2,r1,#-1
  839  00001920  afc20008	sw	8(r30),r2
  840  00001924  70210000	slei	r1,r1,#0
  841  00001928  1020000c	beqz	r1,L18_LF2
  842  0000192c  54000000	nop; delay slot nop
  843  00001930  08000048	j	L16_LF2
  844  00001934  54000000	nop; delay slot nop
  845  00001938          	L18_LF2:
  846  00001938  8fc10000	lw	r1,(r30)
  847  0000193c  20220001	addi	r2,r1,#1
  848  00001940  afc20000	sw	(r30),r2
  849  00001944  8fc20004	lw	r2,4(r30)
  850  00001948  20430001	addi	r3,r2,#1
  851  0000194c  afc30004	sw	4(r30),r3
  852  00001950  80420000	lb	r2,(r2)
  853  00001954  a0220000	sb	(r1),r2
  854  00001958  a3c2fff3	sb	-13(r30),r2
  855  0000195c          	L17_LF2:
  856  0000195c  93c1fff3	lbu	r1,-13(r30)
  857  00001960  64220000	snei	r2,r1,#0
  858  00001964  1440000c	bnez	r2,L19_LF2
  859  00001968  54000000	nop; delay slot nop
  860  0000196c  0800000c	j	L16_LF2
  861  00001970  54000000	nop; delay slot nop
  862  00001974          	L19_LF2:
  863  00001974  0bffffa0	j	L15_LF2
  864  00001978  54000000	nop; delay slot nop
  865  0000197c          	L16_LF2:
  866  0000197c  8fc1fff4	lw	r1,-12(r30)
  867  00001980  08000004	j	L14_LF2
  868  00001984  54000000	nop; delay slot nop
  869  00001988          	L14_LF2:
  870  00001988  8fa20000	lw	r2,0(r29)
  871  0000198c  8fa30004	lw	r3,4(r29)
  872  00001990  8fdffff8	lw	r31,-8(r30)
  873  00001994  001ee820	add	r29,r0,r30
  874  00001998  8fdefffc	lw	r30,-4(r30)
  875  0000199c  4be00000	jr	r31
  876  000019a0  54000000	nop
  877  000019a4          	.endproc _dstrncpy
  878  000019a4          	.align 2
  879  000019a4          	.proc _dstrcat
  880  000019a4          	.global _dstrcat
  881  000019a4          	_dstrcat:
  882                      ;  Function 'dstrcat'; 8 bytes of locals, 1 regs to save.
  883  000019a4  afbefffc	sw	-4(r29),r30; push fp
  884  000019a8  001df020	add	r30,r0,r29; fp = sp
  885  000019ac  afbffff8	sw	-8(r29),r31; push ret addr
  886  000019b0  2fbd0018	subui	r29,r29,#24; alloc local storage
  887  000019b4  afa20000	sw	0(r29),r2
  888  000019b8  8fc10000	lw	r1,(r30)
  889  000019bc  afc1fff4	sw	-12(r30),r1
  890  000019c0          	L21_LF2:
  891  000019c0  8fc10000	lw	r1,(r30)
  892  000019c4  90220000	lbu	r2,(r1)
  893  000019c8  64410000	snei	r1,r2,#0
  894  000019cc  1420000c	bnez	r1,L23_LF2
  895  000019d0  54000000	nop; delay slot nop
  896  000019d4  0800001c	j	L22_LF2
  897  000019d8  54000000	nop; delay slot nop
  898  000019dc          	L23_LF2:
  899  000019dc  8fc20000	lw	r2,(r30)
  900  000019e0  20410001	addi	r1,r2,#1
  901  000019e4  00011020	add	r2,r0,r1
  902  000019e8  afc20000	sw	(r30),r2
  903  000019ec  0bffffd0	j	L21_LF2
  904  000019f0  54000000	nop; delay slot nop
  905  000019f4          	L22_LF2:
  906  000019f4  23bdfff8	addi	r29,r29,#-8
  907  000019f8  001d0820	add	r1,r0,r29
  908  000019fc  8fc20000	lw	r2,(r30)
  909  00001a00  ac220000	sw	(r1),r2
  910  00001a04  8fc20004	lw	r2,4(r30)
  911  00001a08  ac220004	sw	4(r1),r2
  912  00001a0c  0ffffe5c	jal	_dstrcpy
  913  00001a10  54000000	nop; delay slot nop
  914  00001a14  23bd0008	addi	r29,r29,#8
  915  00001a18  8fc1fff4	lw	r1,-12(r30)
  916  00001a1c  08000004	j	L20_LF2
  917  00001a20  54000000	nop; delay slot nop
  918  00001a24          	L20_LF2:
  919  00001a24  8fa20000	lw	r2,0(r29)
  920  00001a28  8fdffff8	lw	r31,-8(r30)
  921  00001a2c  001ee820	add	r29,r0,r30
  922  00001a30  8fdefffc	lw	r30,-4(r30)
  923  00001a34  4be00000	jr	r31
  924  00001a38  54000000	nop
  925  00001a3c          	.endproc _dstrcat
  926  00001a3c          	.align 2
  927  00001a3c          	.proc _dstrncmp
  928  00001a3c          	.global _dstrncmp
  929  00001a3c          	_dstrncmp:
  930                      ;  Function 'dstrncmp'; 8 bytes of locals, 2 regs to save.
  931  00001a3c  afbefffc	sw	-4(r29),r30; push fp
  932  00001a40  001df020	add	r30,r0,r29; fp = sp
  933  00001a44  afbffff8	sw	-8(r29),r31; push ret addr
  934  00001a48  2fbd0018	subui	r29,r29,#24; alloc local storage
  935  00001a4c  afa20000	sw	0(r29),r2
  936  00001a50  afa30004	sw	4(r29),r3
  937  00001a54  54000000	nop
  938  00001a58  20010000	addi	r1,r0,#0
  939  00001a5c  afc1fff4	sw	-12(r30),r1
  940  00001a60          	L25_LF2:
  941  00001a60  8fc1fff4	lw	r1,-12(r30)
  942  00001a64  8fc20008	lw	r2,8(r30)
  943  00001a68  0022082a	slt	r1,r1,r2
  944  00001a6c  1420000c	bnez	r1,L28_LF2
  945  00001a70  54000000	nop; delay slot nop
  946  00001a74  08000088	j	L26_LF2
  947  00001a78  54000000	nop; delay slot nop
  948  00001a7c          	L28_LF2:
  949  00001a7c  8fc10004	lw	r1,4(r30)
  950  00001a80  90220000	lbu	r2,(r1)
  951  00001a84  64410000	snei	r1,r2,#0
  952  00001a88  14200018	bnez	r1,L29_LF2
  953  00001a8c  54000000	nop; delay slot nop
  954  00001a90  20010000	addi	r1,r0,#0
  955  00001a94  080000d8	j	L24_LF2
  956  00001a98  54000000	nop; delay slot nop
  957  00001a9c  08000028	j	L30_LF2
  958  00001aa0  54000000	nop; delay slot nop
  959  00001aa4          	L29_LF2:
  960  00001aa4  8fc10000	lw	r1,(r30)
  961  00001aa8  8fc20004	lw	r2,4(r30)
  962  00001aac  90210000	lbu	r1,(r1)
  963  00001ab0  90420000	lbu	r2,(r2)
  964  00001ab4  00220829	sne	r1,r1,r2
  965  00001ab8  1020000c	beqz	r1,L30_LF2
  966  00001abc  54000000	nop; delay slot nop
  967  00001ac0  0800003c	j	L26_LF2
  968  00001ac4  54000000	nop; delay slot nop
  969  00001ac8          	L31_LF2:
  970  00001ac8          	L30_LF2:
  971  00001ac8  8fc20000	lw	r2,(r30)
  972  00001acc  20410001	addi	r1,r2,#1
  973  00001ad0  00011020	add	r2,r0,r1
  974  00001ad4  afc20000	sw	(r30),r2
  975  00001ad8  8fc20004	lw	r2,4(r30)
  976  00001adc  20410001	addi	r1,r2,#1
  977  00001ae0  00011020	add	r2,r0,r1
  978  00001ae4  afc20004	sw	4(r30),r2
  979  00001ae8          	L27_LF2:
  980  00001ae8  8fc2fff4	lw	r2,-12(r30)
  981  00001aec  20410001	addi	r1,r2,#1
  982  00001af0  00011020	add	r2,r0,r1
  983  00001af4  afc2fff4	sw	-12(r30),r2
  984  00001af8  0bffff64	j	L25_LF2
  985  00001afc  54000000	nop; delay slot nop
  986  00001b00          	L26_LF2:
  987  00001b00  8fc1fff4	lw	r1,-12(r30)
  988  00001b04  8fc20008	lw	r2,8(r30)
  989  00001b08  00220828	seq	r1,r1,r2
  990  00001b0c  10200018	beqz	r1,L32_LF2
  991  00001b10  54000000	nop; delay slot nop
  992  00001b14  20010000	addi	r1,r0,#0
  993  00001b18  08000054	j	L24_LF2
  994  00001b1c  54000000	nop; delay slot nop
  995  00001b20  0800004c	j	L33_LF2
  996  00001b24  54000000	nop; delay slot nop
  997  00001b28          	L32_LF2:
  998  00001b28  8fc20000	lw	r2,(r30)
  999  00001b2c  90410000	lbu	r1,(r2)
 1000  00001b30  8fc20004	lw	r2,4(r30)
 1001  00001b34  90430000	lbu	r3,(r2)
 1002  00001b38  00230822	sub	r1,r1,r3
 1003  00001b3c  74220000	sgei	r2,r1,#0
 1004  00001b40  10400020	beqz	r2,L34_LF2
 1005  00001b44  54000000	nop; delay slot nop
 1006  00001b48  8fc10000	lw	r1,(r30)
 1007  00001b4c  8fc20004	lw	r2,4(r30)
 1008  00001b50  90210000	lbu	r1,(r1)
 1009  00001b54  90420000	lbu	r2,(r2)
 1010  00001b58  00220829	sne	r1,r1,r2
 1011  00001b5c  08000008	j	L35_LF2
 1012  00001b60  54000000	nop; delay slot nop
 1013  00001b64          	L34_LF2:
 1014  00001b64  2001ffff	addi	r1,r0,#-1
 1015  00001b68          	L35_LF2:
 1016  00001b68  08000004	j	L24_LF2
 1017  00001b6c  54000000	nop; delay slot nop
 1018  00001b70          	L33_LF2:
 1019  00001b70          	L24_LF2:
 1020  00001b70  8fa20000	lw	r2,0(r29)
 1021  00001b74  8fa30004	lw	r3,4(r29)
 1022  00001b78  8fdffff8	lw	r31,-8(r30)
 1023  00001b7c  001ee820	add	r29,r0,r30
 1024  00001b80  8fdefffc	lw	r30,-4(r30)
 1025  00001b84  4be00000	jr	r31
 1026  00001b88  54000000	nop
 1027  00001b8c          	.endproc _dstrncmp
 1028  00001b8c          	.align 2
 1029  00001b8c          	.proc _dstrlen
 1030  00001b8c          	.global _dstrlen
 1031  00001b8c          	_dstrlen:
 1032                      ;  Function 'dstrlen'; 8 bytes of locals, 1 regs to save.
 1033  00001b8c  afbefffc	sw	-4(r29),r30; push fp
 1034  00001b90  001df020	add	r30,r0,r29; fp = sp
 1035  00001b94  afbffff8	sw	-8(r29),r31; push ret addr
 1036  00001b98  2fbd0018	subui	r29,r29,#24; alloc local storage
 1037  00001b9c  afa20000	sw	0(r29),r2
 1038  00001ba0  20010000	addi	r1,r0,#0
 1039  00001ba4  afc1fff4	sw	-12(r30),r1
 1040  00001ba8          	L37_LF2:
 1041  00001ba8  8fc10000	lw	r1,(r30)
 1042  00001bac  20220001	addi	r2,r1,#1
 1043  00001bb0  afc20000	sw	(r30),r2
 1044  00001bb4  90210000	lbu	r1,(r1)
 1045  00001bb8  64220000	snei	r2,r1,#0
 1046  00001bbc  1440000c	bnez	r2,L39_LF2
 1047  00001bc0  54000000	nop; delay slot nop
 1048  00001bc4  0800001c	j	L38_LF2
 1049  00001bc8  54000000	nop; delay slot nop
 1050  00001bcc          	L39_LF2:
 1051  00001bcc  8fc2fff4	lw	r2,-12(r30)
 1052  00001bd0  20410001	addi	r1,r2,#1
 1053  00001bd4  00011020	add	r2,r0,r1
 1054  00001bd8  afc2fff4	sw	-12(r30),r2
 1055  00001bdc  0bffffc8	j	L37_LF2
 1056  00001be0  54000000	nop; delay slot nop
 1057  00001be4          	L38_LF2:
 1058  00001be4  8fc1fff4	lw	r1,-12(r30)
 1059  00001be8  08000004	j	L36_LF2
 1060  00001bec  54000000	nop; delay slot nop
 1061  00001bf0          	L36_LF2:
 1062  00001bf0  8fa20000	lw	r2,0(r29)
 1063  00001bf4  8fdffff8	lw	r31,-8(r30)
 1064  00001bf8  001ee820	add	r29,r0,r30
 1065  00001bfc  8fdefffc	lw	r30,-4(r30)
 1066  00001c00  4be00000	jr	r31
 1067  00001c04  54000000	nop
 1068  00001c08          	.endproc _dstrlen
 1069  00001c08          	.align 2
 1070  00001c08          	.proc _dstrstr
 1071  00001c08          	.global _dstrstr
 1072  00001c08          	_dstrstr:
 1073                      ;  Function 'dstrstr'; 8 bytes of locals, 1 regs to save.
 1074  00001c08  afbefffc	sw	-4(r29),r30; push fp
 1075  00001c0c  001df020	add	r30,r0,r29; fp = sp
 1076  00001c10  afbffff8	sw	-8(r29),r31; push ret addr
 1077  00001c14  2fbd0018	subui	r29,r29,#24; alloc local storage
 1078  00001c18  afa20000	sw	0(r29),r2
 1079  00001c1c  23bdfff8	addi	r29,r29,#-8
 1080  00001c20  001d0820	add	r1,r0,r29
 1081  00001c24  8fc20004	lw	r2,4(r30)
 1082  00001c28  ac220000	sw	(r1),r2
 1083  00001c2c  0fffff5c	jal	_dstrlen
 1084  00001c30  54000000	nop; delay slot nop
 1085  00001c34  23bd0008	addi	r29,r29,#8
 1086  00001c38  afc1fff4	sw	-12(r30),r1
 1087  00001c3c          	L41_LF2:
 1088  00001c3c  8fc10000	lw	r1,(r30)
 1089  00001c40  90220000	lbu	r2,(r1)
 1090  00001c44  64410000	snei	r1,r2,#0
 1091  00001c48  1420000c	bnez	r1,L43_LF2
 1092  00001c4c  54000000	nop; delay slot nop
 1093  00001c50  08000060	j	L42_LF2
 1094  00001c54  54000000	nop; delay slot nop
 1095  00001c58          	L43_LF2:
 1096  00001c58  23bdfff0	addi	r29,r29,#-16
 1097  00001c5c  001d0820	add	r1,r0,r29
 1098  00001c60  8fc20000	lw	r2,(r30)
 1099  00001c64  ac220000	sw	(r1),r2
 1100  00001c68  8fc20004	lw	r2,4(r30)
 1101  00001c6c  ac220004	sw	4(r1),r2
 1102  00001c70  8fc2fff4	lw	r2,-12(r30)
 1103  00001c74  ac220008	sw	8(r1),r2
 1104  00001c78  0ffffdc0	jal	_dstrncmp
 1105  00001c7c  54000000	nop; delay slot nop
 1106  00001c80  23bd0010	addi	r29,r29,#16
 1107  00001c84  64220000	snei	r2,r1,#0
 1108  00001c88  14400010	bnez	r2,L44_LF2
 1109  00001c8c  54000000	nop; delay slot nop
 1110  00001c90  8fc10000	lw	r1,(r30)
 1111  00001c94  08000028	j	L40_LF2
 1112  00001c98  54000000	nop; delay slot nop
 1113  00001c9c          	L44_LF2:
 1114  00001c9c  8fc20000	lw	r2,(r30)
 1115  00001ca0  20410001	addi	r1,r2,#1
 1116  00001ca4  00011020	add	r2,r0,r1
 1117  00001ca8  afc20000	sw	(r30),r2
 1118  00001cac  0bffff8c	j	L41_LF2
 1119  00001cb0  54000000	nop; delay slot nop
 1120  00001cb4          	L42_LF2:
 1121  00001cb4  20010000	addi	r1,r0,#0
 1122  00001cb8  08000004	j	L40_LF2
 1123  00001cbc  54000000	nop; delay slot nop
 1124  00001cc0          	L40_LF2:
 1125  00001cc0  8fa20000	lw	r2,0(r29)
 1126  00001cc4  8fdffff8	lw	r31,-8(r30)
 1127  00001cc8  001ee820	add	r29,r0,r30
 1128  00001ccc  8fdefffc	lw	r30,-4(r30)
 1129  00001cd0  4be00000	jr	r31
 1130  00001cd4  54000000	nop
 1131  00001cd8          	.endproc _dstrstr
 1132  00001cd8          	.align 2
 1133  00001cd8          	.proc _dmindex
 1134  00001cd8          	.global _dmindex
 1135  00001cd8          	_dmindex:
 1136                      ;  Function 'dmindex'; 8 bytes of locals, 1 regs to save.
 1137  00001cd8  afbefffc	sw	-4(r29),r30; push fp
 1138  00001cdc  001df020	add	r30,r0,r29; fp = sp
 1139  00001ce0  afbffff8	sw	-8(r29),r31; push ret addr
 1140  00001ce4  2fbd0018	subui	r29,r29,#24; alloc local storage
 1141  00001ce8  afa20000	sw	0(r29),r2
 1142  00001cec  54000000	nop
 1143  00001cf0          	L46_LF2:
 1144  00001cf0  8fc10000	lw	r1,(r30)
 1145  00001cf4  90220000	lbu	r2,(r1)
 1146  00001cf8  64410000	snei	r1,r2,#0
 1147  00001cfc  1420000c	bnez	r1,L48_LF2
 1148  00001d00  54000000	nop; delay slot nop
 1149  00001d04  08000070	j	L47_LF2
 1150  00001d08  54000000	nop; delay slot nop
 1151  00001d0c          	L48_LF2:
 1152  00001d0c  8fc10004	lw	r1,4(r30)
 1153  00001d10  afc1fff4	sw	-12(r30),r1
 1154  00001d14          	L49_LF2:
 1155  00001d14  8fc1fff4	lw	r1,-12(r30)
 1156  00001d18  90220000	lbu	r2,(r1)
 1157  00001d1c  64410000	snei	r1,r2,#0
 1158  00001d20  1420000c	bnez	r1,L52_LF2
 1159  00001d24  54000000	nop; delay slot nop
 1160  00001d28  08000044	j	L50_LF2
 1161  00001d2c  54000000	nop; delay slot nop
 1162  00001d30          	L52_LF2:
 1163  00001d30  8fc10000	lw	r1,(r30)
 1164  00001d34  8fc2fff4	lw	r2,-12(r30)
 1165  00001d38  90210000	lbu	r1,(r1)
 1166  00001d3c  90420000	lbu	r2,(r2)
 1167  00001d40  00220828	seq	r1,r1,r2
 1168  00001d44  10200010	beqz	r1,L51_LF2
 1169  00001d48  54000000	nop; delay slot nop
 1170  00001d4c  8fc10000	lw	r1,(r30)
 1171  00001d50  08000030	j	L45_LF2
 1172  00001d54  54000000	nop; delay slot nop
 1173  00001d58          	L53_LF2:
 1174  00001d58          	L51_LF2:
 1175  00001d58  8fc2fff4	lw	r2,-12(r30)
 1176  00001d5c  20410001	addi	r1,r2,#1
 1177  00001d60  00011020	add	r2,r0,r1
 1178  00001d64  afc2fff4	sw	-12(r30),r2
 1179  00001d68  0bffffa8	j	L49_LF2
 1180  00001d6c  54000000	nop; delay slot nop
 1181  00001d70          	L50_LF2:
 1182  00001d70  0bffff7c	j	L46_LF2
 1183  00001d74  54000000	nop; delay slot nop
 1184  00001d78          	L47_LF2:
 1185  00001d78  20010000	addi	r1,r0,#0
 1186  00001d7c  08000004	j	L45_LF2
 1187  00001d80  54000000	nop; delay slot nop
 1188  00001d84          	L45_LF2:
 1189  00001d84  8fa20000	lw	r2,0(r29)
 1190  00001d88  8fdffff8	lw	r31,-8(r30)
 1191  00001d8c  001ee820	add	r29,r0,r30
 1192  00001d90  8fdefffc	lw	r30,-4(r30)
 1193  00001d94  4be00000	jr	r31
 1194  00001d98  54000000	nop
 1195  00001d9c          	.endproc _dmindex
 1196  00001d9c          	.align 2
 1197  00001d9c          	.proc _dindex
 1198  00001d9c          	.global _dindex
 1199  00001d9c          	_dindex:
 1200                      ;  Function 'dindex'; 0 bytes of locals, 1 regs to save.
 1201  00001d9c  afbefffc	sw	-4(r29),r30; push fp
 1202  00001da0  001df020	add	r30,r0,r29; fp = sp
 1203  00001da4  afbffff8	sw	-8(r29),r31; push ret addr
 1204  00001da8  2fbd0010	subui	r29,r29,#16; alloc local storage
 1205  00001dac  afa20000	sw	0(r29),r2
 1206  00001db0  54000000	nop
 1207  00001db4          	L55_LF2:
 1208  00001db4  8fc10000	lw	r1,(r30)
 1209  00001db8  90220000	lbu	r2,(r1)
 1210  00001dbc  64410000	snei	r1,r2,#0
 1211  00001dc0  1420000c	bnez	r1,L57_LF2
 1212  00001dc4  54000000	nop; delay slot nop
 1213  00001dc8  08000040	j	L56_LF2
 1214  00001dcc  54000000	nop; delay slot nop
 1215  00001dd0          	L57_LF2:
 1216  00001dd0  8fc10000	lw	r1,(r30)
 1217  00001dd4  90220000	lbu	r2,(r1)
 1218  00001dd8  8fc10004	lw	r1,4(r30)
 1219  00001ddc  00411028	seq	r2,r2,r1
 1220  00001de0  10400010	beqz	r2,L58_LF2
 1221  00001de4  54000000	nop; delay slot nop
 1222  00001de8  8fc10000	lw	r1,(r30)
 1223  00001dec  08000028	j	L54_LF2
 1224  00001df0  54000000	nop; delay slot nop
 1225  00001df4          	L58_LF2:
 1226  00001df4  8fc20000	lw	r2,(r30)
 1227  00001df8  20410001	addi	r1,r2,#1
 1228  00001dfc  00011020	add	r2,r0,r1
 1229  00001e00  afc20000	sw	(r30),r2
 1230  00001e04  0bffffac	j	L55_LF2
 1231  00001e08  54000000	nop; delay slot nop
 1232  00001e0c          	L56_LF2:
 1233  00001e0c  20010000	addi	r1,r0,#0
 1234  00001e10  08000004	j	L54_LF2
 1235  00001e14  54000000	nop; delay slot nop
 1236  00001e18          	L54_LF2:
 1237  00001e18  8fa20000	lw	r2,0(r29)
 1238  00001e1c  8fdffff8	lw	r31,-8(r30)
 1239  00001e20  001ee820	add	r29,r0,r30
 1240  00001e24  8fdefffc	lw	r30,-4(r30)
 1241  00001e28  4be00000	jr	r31
 1242  00001e2c  54000000	nop
 1243  00001e30          	.endproc _dindex
 1244  00001e30          	.align 2
 1245  00001e30          	.proc _ditoa
 1246  00001e30          	.global _ditoa
 1247  00001e30          	_ditoa:
 1248                      ;  Function 'ditoa'; 8 bytes of locals, 2 regs to save.
 1249  00001e30  afbefffc	sw	-4(r29),r30; push fp
 1250  00001e34  001df020	add	r30,r0,r29; fp = sp
 1251  00001e38  afbffff8	sw	-8(r29),r31; push ret addr
 1252  00001e3c  2fbd0018	subui	r29,r29,#24; alloc local storage
 1253  00001e40  afa20000	sw	0(r29),r2
 1254  00001e44  afa30004	sw	4(r29),r3
 1255  00001e48  8fc10000	lw	r1,(r30)
 1256  00001e4c  68220000	slti	r2,r1,#0
 1257  00001e50  1040002c	beqz	r2,L60_LF2
 1258  00001e54  54000000	nop; delay slot nop
 1259  00001e58  8fc10004	lw	r1,4(r30)
 1260  00001e5c  20220001	addi	r2,r1,#1
 1261  00001e60  afc20004	sw	4(r30),r2
 1262  00001e64  2002002d	addi	r2,r0,(#0x2d)&0xff
 1263  00001e68  a0220000	sb	(r1),r2
 1264  00001e6c  8fc10000	lw	r1,(r30)
 1265  00001e70  00011022	sub	r2,r0,r1
 1266  00001e74  afc20000	sw	(r30),r2
 1267  00001e78  08000118	j	L61_LF2
 1268  00001e7c  54000000	nop; delay slot nop
 1269  00001e80          	L60_LF2:
 1270  00001e80  8fc10000	lw	r1,(r30)
 1271  00001e84  64220000	snei	r2,r1,#0
 1272  00001e88  14400020	bnez	r2,L62_LF2
 1273  00001e8c  54000000	nop; delay slot nop
 1274  00001e90  8fc10004	lw	r1,4(r30)
 1275  00001e94  20220001	addi	r2,r1,#1
 1276  00001e98  afc20004	sw	4(r30),r2
 1277  00001e9c  20020030	addi	r2,r0,(#0x30)&0xff
 1278  00001ea0  a0220000	sb	(r1),r2
 1279  00001ea4  080000ec	j	L61_LF2
 1280  00001ea8  54000000	nop; delay slot nop
 1281  00001eac          	L62_LF2:
 1282  00001eac  20010001	addi	r1,r0,#1
 1283  00001eb0  afc1fff4	sw	-12(r30),r1
 1284  00001eb4          	L64_LF2:
 1285  00001eb4  8fc1fff4	lw	r1,-12(r30)
 1286  00001eb8  8fc20000	lw	r2,(r30)
 1287  00001ebc  0022082c	sle	r1,r1,r2
 1288  00001ec0  1420000c	bnez	r1,L66_LF2
 1289  00001ec4  54000000	nop; delay slot nop
 1290  00001ec8  08000024	j	L65_LF2
 1291  00001ecc  54000000	nop; delay slot nop
 1292  00001ed0          	L67_LF2:
 1293  00001ed0          	L66_LF2:
 1294  00001ed0  8fc1fff4	lw	r1,-12(r30)
 1295  00001ed4  00011820	add	r3,r0,r1
 1296  00001ed8  50620002	slli	r2,r3,#0x2
 1297  00001edc  00411020	add	r2,r2,r1
 1298  00001ee0  50410001	slli	r1,r2,#0x1
 1299  00001ee4  afc1fff4	sw	-12(r30),r1
 1300  00001ee8  0bffffc8	j	L64_LF2
 1301  00001eec  54000000	nop; delay slot nop
 1302  00001ef0          	L65_LF2:
 1303  00001ef0  54000000	nop
 1304  00001ef4          	L68_LF2:
 1305  00001ef4  8fc1fff4	lw	r1,-12(r30)
 1306  00001ef8  2002000a	addi	r2,r0,#10
 1307  00001efc  00200035	movi2fp	f0,r1
 1308  00001f00  00400835	movi2fp	f1,r2
 1309  00001f04  0401000f	div	f0,f0,f1
 1310  00001f08  00000834	movfp2i	r1,f0
 1311  00001f0c  afc1fff4	sw	-12(r30),r1
 1312  00001f10  8fc10004	lw	r1,4(r30)
 1313  00001f14  20220001	addi	r2,r1,#1
 1314  00001f18  afc20004	sw	4(r30),r2
 1315  00001f1c  8fc20000	lw	r2,(r30)
 1316  00001f20  8fc3fff4	lw	r3,-12(r30)
 1317  00001f24  00400035	movi2fp	f0,r2
 1318  00001f28  00600835	movi2fp	f1,r3
 1319  00001f2c  0401000f	div	f0,f0,f1
 1320  00001f30  00001034	movfp2i	r2,f0
 1321  00001f34  00021820	add	r3,r0,r2
 1322  00001f38  20620030	addi	r2,r3,#48
 1323  00001f3c  a0220000	sb	(r1),r2
 1324  00001f40  8fc10000	lw	r1,(r30)
 1325  00001f44  8fc3fff4	lw	r3,-12(r30)
 1326  00001f48  00200035	movi2fp	f0,r1
 1327  00001f4c  00600835	movi2fp	f1,r3
 1328  00001f50  0401000f	div	f0,f0,f1
 1329  00001f54  00001034	movfp2i	r2,f0
 1330  00001f58  8fc3fff4	lw	r3,-12(r30)
 1331  00001f5c  00400035	movi2fp	f0,r2
 1332  00001f60  00600835	movi2fp	f1,r3
 1333  00001f64  0401000e	mult	f0,f0,f1
 1334  00001f68  00001034	movfp2i	r2,f0
 1335  00001f6c  00220822	sub	r1,r1,r2
 1336  00001f70  afc10000	sw	(r30),r1
 1337  00001f74          	L70_LF2:
 1338  00001f74  8fc1fff4	lw	r1,-12(r30)
 1339  00001f78  6c220001	sgti	r2,r1,#1
 1340  00001f7c  1440000c	bnez	r2,L71_LF2
 1341  00001f80  54000000	nop; delay slot nop
 1342  00001f84  0800000c	j	L61_LF2
 1343  00001f88  54000000	nop; delay slot nop
 1344  00001f8c          	L71_LF2:
 1345  00001f8c  0bffff64	j	L68_LF2
 1346  00001f90  54000000	nop; delay slot nop
 1347  00001f94          	L69_LF2:
 1348  00001f94          	L63_LF2:
 1349  00001f94          	L61_LF2:
 1350  00001f94  8fc10004	lw	r1,4(r30)
 1351  00001f98  20020000	addi	r2,r0,(#0x0)&0xff
 1352  00001f9c  a0220000	sb	(r1),r2
 1353  00001fa0          	L59_LF2:
 1354  00001fa0  8fa20000	lw	r2,0(r29)
 1355  00001fa4  8fa30004	lw	r3,4(r29)
 1356  00001fa8  8fdffff8	lw	r31,-8(r30)
 1357  00001fac  001ee820	add	r29,r0,r30
 1358  00001fb0  8fdefffc	lw	r30,-4(r30)
 1359  00001fb4  4be00000	jr	r31
 1360  00001fb8  54000000	nop
 1361  00001fbc          	.endproc _ditoa
 1362  00001fbc          	.align 2
 1363  00001fbc          	.proc _dstrtol
 1364  00001fbc          	.global _dstrtol
 1365  00001fbc          	_dstrtol:
 1366                      ;  Function 'dstrtol'; 16 bytes of locals, 1 regs to save.
 1367  00001fbc  afbefffc	sw	-4(r29),r30; push fp
 1368  00001fc0  001df020	add	r30,r0,r29; fp = sp
 1369  00001fc4  afbffff8	sw	-8(r29),r31; push ret addr
 1370  00001fc8  2fbd0020	subui	r29,r29,#32; alloc local storage
 1371  00001fcc  afa20000	sw	0(r29),r2
 1372  00001fd0  20010000	addi	r1,r0,#0
 1373  00001fd4  afc1fff4	sw	-12(r30),r1
 1374  00001fd8          	L73_LF2:
 1375  00001fd8  8fc10000	lw	r1,(r30)
 1376  00001fdc  90220000	lbu	r2,(r1)
 1377  00001fe0  60410020	seqi	r1,r2,#32
 1378  00001fe4  14200034	bnez	r1,L75_LF2
 1379  00001fe8  54000000	nop; delay slot nop
 1380  00001fec  8fc10000	lw	r1,(r30)
 1381  00001ff0  90220000	lbu	r2,(r1)
 1382  00001ff4  60410009	seqi	r1,r2,#9
 1383  00001ff8  14200020	bnez	r1,L75_LF2
 1384  00001ffc  54000000	nop; delay slot nop
 1385  00002000  8fc10000	lw	r1,(r30)
 1386  00002004  90220000	lbu	r2,(r1)
 1387  00002008  6041000a	seqi	r1,r2,#10
 1388  0000200c  1420000c	bnez	r1,L75_LF2
 1389  00002010  54000000	nop; delay slot nop
 1390  00002014  0800001c	j	L74_LF2
 1391  00002018  54000000	nop; delay slot nop
 1392  0000201c          	L75_LF2:
 1393  0000201c  8fc20000	lw	r2,(r30)
 1394  00002020  20410001	addi	r1,r2,#1
 1395  00002024  00011020	add	r2,r0,r1
 1396  00002028  afc20000	sw	(r30),r2
 1397  0000202c  0bffffa8	j	L73_LF2
 1398  00002030  54000000	nop; delay slot nop
 1399  00002034          	L74_LF2:
 1400  00002034  8fc10004	lw	r1,4(r30)
 1401  00002038  64220000	snei	r2,r1,#0
 1402  0000203c  10400010	beqz	r2,L76_LF2
 1403  00002040  54000000	nop; delay slot nop
 1404  00002044  8fc10004	lw	r1,4(r30)
 1405  00002048  8fc20000	lw	r2,(r30)
 1406  0000204c  ac220000	sw	(r1),r2
 1407  00002050          	L76_LF2:
 1408  00002050  8fc10000	lw	r1,(r30)
 1409  00002054  90220000	lbu	r2,(r1)
 1410  00002058  64410000	snei	r1,r2,#0
 1411  0000205c  14200010	bnez	r1,L77_LF2
 1412  00002060  54000000	nop; delay slot nop
 1413  00002064  8fc1fff4	lw	r1,-12(r30)
 1414  00002068  08000294	j	L72_LF2
 1415  0000206c  54000000	nop; delay slot nop
 1416  00002070          	L77_LF2:
 1417  00002070  8fc10000	lw	r1,(r30)
 1418  00002074  90220000	lbu	r2,(r1)
 1419  00002078  6041002d	seqi	r1,r2,#45
 1420  0000207c  10200024	beqz	r1,L78_LF2
 1421  00002080  54000000	nop; delay slot nop
 1422  00002084  2001ffff	addi	r1,r0,#-1
 1423  00002088  afc1ffec	sw	-20(r30),r1
 1424  0000208c  8fc20000	lw	r2,(r30)
 1425  00002090  20410001	addi	r1,r2,#1
 1426  00002094  00011020	add	r2,r0,r1
 1427  00002098  afc20000	sw	(r30),r2
 1428  0000209c  0800000c	j	L79_LF2
 1429  000020a0  54000000	nop; delay slot nop
 1430  000020a4          	L78_LF2:
 1431  000020a4  20010001	addi	r1,r0,#1
 1432  000020a8  afc1ffec	sw	-20(r30),r1
 1433  000020ac          	L79_LF2:
 1434  000020ac  8fc10008	lw	r1,8(r30)
 1435  000020b0  64220000	snei	r2,r1,#0
 1436  000020b4  14400090	bnez	r2,L80_LF2
 1437  000020b8  54000000	nop; delay slot nop
 1438  000020bc  8fc10000	lw	r1,(r30)
 1439  000020c0  90220000	lbu	r2,(r1)
 1440  000020c4  60410030	seqi	r1,r2,#48
 1441  000020c8  10200074	beqz	r1,L81_LF2
 1442  000020cc  54000000	nop; delay slot nop
 1443  000020d0  8fc20000	lw	r2,(r30)
 1444  000020d4  20410001	addi	r1,r2,#1
 1445  000020d8  00011020	add	r2,r0,r1
 1446  000020dc  afc20000	sw	(r30),r2
 1447  000020e0  8fc10000	lw	r1,(r30)
 1448  000020e4  90220000	lbu	r2,(r1)
 1449  000020e8  60410078	seqi	r1,r2,#120
 1450  000020ec  14200020	bnez	r1,L83_LF2
 1451  000020f0  54000000	nop; delay slot nop
 1452  000020f4  8fc10000	lw	r1,(r30)
 1453  000020f8  90220000	lbu	r2,(r1)
 1454  000020fc  60410058	seqi	r1,r2,#88
 1455  00002100  1420000c	bnez	r1,L83_LF2
 1456  00002104  54000000	nop; delay slot nop
 1457  00002108  08000024	j	L82_LF2
 1458  0000210c  54000000	nop; delay slot nop
 1459  00002110          	L83_LF2:
 1460  00002110  20010010	addi	r1,r0,#16
 1461  00002114  afc10008	sw	8(r30),r1
 1462  00002118  8fc20000	lw	r2,(r30)
 1463  0000211c  20410001	addi	r1,r2,#1
 1464  00002120  00011020	add	r2,r0,r1
 1465  00002124  afc20000	sw	(r30),r2
 1466  00002128  0800000c	j	L84_LF2
 1467  0000212c  54000000	nop; delay slot nop
 1468  00002130          	L82_LF2:
 1469  00002130  20010008	addi	r1,r0,#8
 1470  00002134  afc10008	sw	8(r30),r1
 1471  00002138          	L84_LF2:
 1472  00002138  0800000c	j	L80_LF2
 1473  0000213c  54000000	nop; delay slot nop
 1474  00002140          	L81_LF2:
 1475  00002140  2001000a	addi	r1,r0,#10
 1476  00002144  afc10008	sw	8(r30),r1
 1477  00002148          	L85_LF2:
 1478  00002148          	L80_LF2:
 1479  00002148  8fc10008	lw	r1,8(r30)
 1480  0000214c  70220000	slei	r2,r1,#0
 1481  00002150  1440001c	bnez	r2,L87_LF2
 1482  00002154  54000000	nop; delay slot nop
 1483  00002158  8fc10008	lw	r1,8(r30)
 1484  0000215c  6c220010	sgti	r2,r1,#16
 1485  00002160  1440000c	bnez	r2,L87_LF2
 1486  00002164  54000000	nop; delay slot nop
 1487  00002168  08000010	j	L86_LF2
 1488  0000216c  54000000	nop; delay slot nop
 1489  00002170          	L87_LF2:
 1490  00002170  8fc1fff4	lw	r1,-12(r30)
 1491  00002174  08000188	j	L72_LF2
 1492  00002178  54000000	nop; delay slot nop
 1493  0000217c          	L86_LF2:
 1494  0000217c  54000000	nop
 1495  00002180          	L88_LF2:
 1496  00002180  8fc10000	lw	r1,(r30)
 1497  00002184  90220000	lbu	r2,(r1)
 1498  00002188  6c41002f	sgtui	r1,r2,#47
 1499  0000218c  10200030	beqz	r1,L91_LF2
 1500  00002190  54000000	nop; delay slot nop
 1501  00002194  8fc10000	lw	r1,(r30)
 1502  00002198  90220000	lbu	r2,(r1)
 1503  0000219c  70410039	sleui	r1,r2,#57
 1504  000021a0  1020001c	beqz	r1,L91_LF2
 1505  000021a4  54000000	nop; delay slot nop
 1506  000021a8  8fc10000	lw	r1,(r30)
 1507  000021ac  90220000	lbu	r2,(r1)
 1508  000021b0  2041ffd0	addi	r1,r2,#-48
 1509  000021b4  afc1fff0	sw	-16(r30),r1
 1510  000021b8  0800008c	j	L92_LF2
 1511  000021bc  54000000	nop; delay slot nop
 1512  000021c0          	L91_LF2:
 1513  000021c0  8fc10000	lw	r1,(r30)
 1514  000021c4  90220000	lbu	r2,(r1)
 1515  000021c8  6c410060	sgtui	r1,r2,#96
 1516  000021cc  10200030	beqz	r1,L93_LF2
 1517  000021d0  54000000	nop; delay slot nop
 1518  000021d4  8fc10000	lw	r1,(r30)
 1519  000021d8  90220000	lbu	r2,(r1)
 1520  000021dc  7041007a	sleui	r1,r2,#122
 1521  000021e0  1020001c	beqz	r1,L93_LF2
 1522  000021e4  54000000	nop; delay slot nop
 1523  000021e8  8fc10000	lw	r1,(r30)
 1524  000021ec  90220000	lbu	r2,(r1)
 1525  000021f0  2041ffa9	addi	r1,r2,#-87
 1526  000021f4  afc1fff0	sw	-16(r30),r1
 1527  000021f8  0800004c	j	L92_LF2
 1528  000021fc  54000000	nop; delay slot nop
 1529  00002200          	L93_LF2:
 1530  00002200  8fc10000	lw	r1,(r30)
 1531  00002204  90220000	lbu	r2,(r1)
 1532  00002208  6c410040	sgtui	r1,r2,#64
 1533  0000220c  10200030	beqz	r1,L95_LF2
 1534  00002210  54000000	nop; delay slot nop
 1535  00002214  8fc10000	lw	r1,(r30)
 1536  00002218  90220000	lbu	r2,(r1)
 1537  0000221c  7041005a	sleui	r1,r2,#90
 1538  00002220  1020001c	beqz	r1,L95_LF2
 1539  00002224  54000000	nop; delay slot nop
 1540  00002228  8fc10000	lw	r1,(r30)
 1541  0000222c  90220000	lbu	r2,(r1)
 1542  00002230  2041ffc9	addi	r1,r2,#-55
 1543  00002234  afc1fff0	sw	-16(r30),r1
 1544  00002238  0800000c	j	L92_LF2
 1545  0000223c  54000000	nop; delay slot nop
 1546  00002240          	L95_LF2:
 1547  00002240  200103e8	addi	r1,r0,#1000
 1548  00002244  afc1fff0	sw	-16(r30),r1
 1549  00002248          	L96_LF2:
 1550  00002248          	L94_LF2:
 1551  00002248          	L92_LF2:
 1552  00002248  8fc1fff0	lw	r1,-16(r30)
 1553  0000224c  8fc20008	lw	r2,8(r30)
 1554  00002250  0022082a	slt	r1,r1,r2
 1555  00002254  10200040	beqz	r1,L90_LF2
 1556  00002258  54000000	nop; delay slot nop
 1557  0000225c  8fc1fff4	lw	r1,-12(r30)
 1558  00002260  8fc20008	lw	r2,8(r30)
 1559  00002264  00200035	movi2fp	f0,r1
 1560  00002268  00400835	movi2fp	f1,r2
 1561  0000226c  0401000e	mult	f0,f0,f1
 1562  00002270  00000834	movfp2i	r1,f0
 1563  00002274  afc1fff4	sw	-12(r30),r1
 1564  00002278  8fc1fff4	lw	r1,-12(r30)
 1565  0000227c  8fc2fff0	lw	r2,-16(r30)
 1566  00002280  00220820	add	r1,r1,r2
 1567  00002284  afc1fff4	sw	-12(r30),r1
 1568  00002288  8fc20000	lw	r2,(r30)
 1569  0000228c  20410001	addi	r1,r2,#1
 1570  00002290  00011020	add	r2,r0,r1
 1571  00002294  afc20000	sw	(r30),r2
 1572  00002298          	L97_LF2:
 1573  00002298          	L90_LF2:
 1574  00002298  8fc1fff0	lw	r1,-16(r30)
 1575  0000229c  8fc20008	lw	r2,8(r30)
 1576  000022a0  0022082a	slt	r1,r1,r2
 1577  000022a4  1420000c	bnez	r1,L98_LF2
 1578  000022a8  54000000	nop; delay slot nop
 1579  000022ac  0800000c	j	L89_LF2
 1580  000022b0  54000000	nop; delay slot nop
 1581  000022b4          	L98_LF2:
 1582  000022b4  0bfffec8	j	L88_LF2
 1583  000022b8  54000000	nop; delay slot nop
 1584  000022bc          	L89_LF2:
 1585  000022bc  8fc10004	lw	r1,4(r30)
 1586  000022c0  64220000	snei	r2,r1,#0
 1587  000022c4  10400010	beqz	r2,L99_LF2
 1588  000022c8  54000000	nop; delay slot nop
 1589  000022cc  8fc10004	lw	r1,4(r30)
 1590  000022d0  8fc20000	lw	r2,(r30)
 1591  000022d4  ac220000	sw	(r1),r2
 1592  000022d8          	L99_LF2:
 1593  000022d8  8fc1fff4	lw	r1,-12(r30)
 1594  000022dc  8fc2ffec	lw	r2,-20(r30)
 1595  000022e0  00200035	movi2fp	f0,r1
 1596  000022e4  00400835	movi2fp	f1,r2
 1597  000022e8  0401000e	mult	f0,f0,f1
 1598  000022ec  00000834	movfp2i	r1,f0
 1599  000022f0  afc1fff4	sw	-12(r30),r1
 1600  000022f4  8fc1fff4	lw	r1,-12(r30)
 1601  000022f8  08000004	j	L72_LF2
 1602  000022fc  54000000	nop; delay slot nop
 1603  00002300          	L72_LF2:
 1604  00002300  8fa20000	lw	r2,0(r29)
 1605  00002304  8fdffff8	lw	r31,-8(r30)
 1606  00002308  001ee820	add	r29,r0,r30
 1607  0000230c  8fdefffc	lw	r30,-4(r30)
 1608  00002310  4be00000	jr	r31
 1609  00002314  54000000	nop
 1610  00002318          	.endproc _dstrtol
 1611  00002318          	.align 2
 1612  00002318          	.proc _bcopy
 1613  00002318          	.global _bcopy
 1614  00002318          	_bcopy:
 1615                      ;  Function 'bcopy'; 0 bytes of locals, 2 regs to save.
 1616  00002318  afbefffc	sw	-4(r29),r30; push fp
 1617  0000231c  001df020	add	r30,r0,r29; fp = sp
 1618  00002320  afbffff8	sw	-8(r29),r31; push ret addr
 1619  00002324  2fbd0010	subui	r29,r29,#16; alloc local storage
 1620  00002328  afa20000	sw	0(r29),r2
 1621  0000232c  afa30004	sw	4(r29),r3
 1622  00002330  54000000	nop
 1623  00002334          	L101_LF2:
 1624  00002334  8fc10008	lw	r1,8(r30)
 1625  00002338  2022ffff	addi	r2,r1,#-1
 1626  0000233c  afc20008	sw	8(r30),r2
 1627  00002340  6c210000	sgti	r1,r1,#0
 1628  00002344  1420000c	bnez	r1,L103_LF2
 1629  00002348  54000000	nop; delay slot nop
 1630  0000234c  0800002c	j	L102_LF2
 1631  00002350  54000000	nop; delay slot nop
 1632  00002354          	L103_LF2:
 1633  00002354  8fc10004	lw	r1,4(r30)
 1634  00002358  20220001	addi	r2,r1,#1
 1635  0000235c  afc20004	sw	4(r30),r2
 1636  00002360  8fc20000	lw	r2,(r30)
 1637  00002364  20430001	addi	r3,r2,#1
 1638  00002368  afc30000	sw	(r30),r3
 1639  0000236c  80420000	lb	r2,(r2)
 1640  00002370  a0220000	sb	(r1),r2
 1641  00002374  0bffffbc	j	L101_LF2
 1642  00002378  54000000	nop; delay slot nop
 1643  0000237c          	L102_LF2:
 1644  0000237c          	L100_LF2:
 1645  0000237c  8fa20000	lw	r2,0(r29)
 1646  00002380  8fa30004	lw	r3,4(r29)
 1647  00002384  8fdffff8	lw	r31,-8(r30)
 1648  00002388  001ee820	add	r29,r0,r30
 1649  0000238c  8fdefffc	lw	r30,-4(r30)
 1650  00002390  4be00000	jr	r31
 1651  00002394  54000000	nop
 1652  00002398          	.endproc _bcopy
 1653  00002398          	.align 2
 1654  00002398          	.proc _bzero
 1655  00002398          	.global _bzero
 1656  00002398          	_bzero:
 1657                      ;  Function 'bzero'; 0 bytes of locals, 1 regs to save.
 1658  00002398  afbefffc	sw	-4(r29),r30; push fp
 1659  0000239c  001df020	add	r30,r0,r29; fp = sp
 1660  000023a0  afbffff8	sw	-8(r29),r31; push ret addr
 1661  000023a4  2fbd0010	subui	r29,r29,#16; alloc local storage
 1662  000023a8  afa20000	sw	0(r29),r2
 1663  000023ac  54000000	nop
 1664  000023b0          	L105_LF2:
 1665  000023b0  8fc10004	lw	r1,4(r30)
 1666  000023b4  2022ffff	addi	r2,r1,#-1
 1667  000023b8  afc20004	sw	4(r30),r2
 1668  000023bc  6c210000	sgti	r1,r1,#0
 1669  000023c0  1420000c	bnez	r1,L107_LF2
 1670  000023c4  54000000	nop; delay slot nop
 1671  000023c8  08000020	j	L106_LF2
 1672  000023cc  54000000	nop; delay slot nop
 1673  000023d0          	L107_LF2:
 1674  000023d0  8fc10000	lw	r1,(r30)
 1675  000023d4  20220001	addi	r2,r1,#1
 1676  000023d8  afc20000	sw	(r30),r2
 1677  000023dc  20020000	addi	r2,r0,(#0x0)&0xff
 1678  000023e0  a0220000	sb	(r1),r2
 1679  000023e4  0bffffc8	j	L105_LF2
 1680  000023e8  54000000	nop; delay slot nop
 1681  000023ec          	L106_LF2:
 1682  000023ec          	L104_LF2:
 1683  000023ec  8fa20000	lw	r2,0(r29)
 1684  000023f0  8fdffff8	lw	r31,-8(r30)
 1685  000023f4  001ee820	add	r29,r0,r30
 1686  000023f8  8fdefffc	lw	r30,-4(r30)
 1687  000023fc  4be00000	jr	r31
 1688  00002400  54000000	nop
 1689  00002404          	.endproc _bzero
 1690  00002404          	.align 2
 1691  00002404          	.proc _min
 1692  00002404          	.global _min
 1693  00002404          	_min:
 1694                      ;  Function 'min'; 0 bytes of locals, 2 regs to save.
 1695  00002404  afbefffc	sw	-4(r29),r30; push fp
 1696  00002408  001df020	add	r30,r0,r29; fp = sp
 1697  0000240c  afbffff8	sw	-8(r29),r31; push ret addr
 1698  00002410  2fbd0010	subui	r29,r29,#16; alloc local storage
 1699  00002414  afa20000	sw	0(r29),r2
 1700  00002418  afa30004	sw	4(r29),r3
 1701  0000241c  8fc10000	lw	r1,(r30)
 1702  00002420  8fc20004	lw	r2,4(r30)
 1703  00002424  0022182c	sle	r3,r1,r2
 1704  00002428  14600008	bnez	r3,L109_LF2
 1705  0000242c  54000000	nop; delay slot nop
 1706  00002430  8fc10004	lw	r1,4(r30)
 1707  00002434          	L109_LF2:
 1708  00002434  08000004	j	L108_LF2
 1709  00002438  54000000	nop; delay slot nop
 1710  0000243c          	L108_LF2:
 1711  0000243c  8fa20000	lw	r2,0(r29)
 1712  00002440  8fa30004	lw	r3,4(r29)
 1713  00002444  8fdffff8	lw	r31,-8(r30)
 1714  00002448  001ee820	add	r29,r0,r30
 1715  0000244c  8fdefffc	lw	r30,-4(r30)
 1716  00002450  4be00000	jr	r31
 1717  00002454  54000000	nop
 1718  00002458          	.endproc _min
 1719                      ;;; Ethan L. Miller, 1999.  Released to the public domain
 1720                      ;;;
 1721                      ;;; Most of the traps are called in files from libtraps.
 1724  00002458          	.align 2
 1725  00002458          	.proc _exit
 1726  00002458          	.global _exit
 1727  00002458          	_exit:
 1728  00002458  44000300	trap	#0x300
 1729  0000245c  4be00000	jr	r31
 1730  00002460  54000000	nop
 1731  00002464          	.endproc _exit
 1733                      ; for the benefit of gcc.
 1734  00002464          	.proc ___main
 1735  00002464          	.global ___main
 1736  00002464          	___main:
 1737  00002464  4be00000	jr	r31
 1738  00002468  54000000	nop
 1739  0000246c          	.endproc ___main
 1740  0000246c          	.text
 1741  0000246c          	.global _etext
 1742  0000246c          	_etext:
 1743  0000246c          	.align 3
 1744  00002470          	.data
 1745  000031ae          	.global _edata
 1746  000031ae          	_edata:
