 line   address	contents
    1                      ; Linked by DLX-LD.
    2                      ; MemSize 28672
    3                      ; Data size: 5342
    4                      ; Text size: 5012
    5                      ; Stack size: 8192
    6  00000000          	.text 0x1000
    7  00001000          	.data 0x3000
    8                      ; Compiled by GCC
    9  00003000          	.text
   10  00001000          	.align 2
   11  00001000          	.proc _isspace
   12  00001000          	.global _isspace
   13  00001000          	_isspace:
   14                      ;  Function 'isspace'; 0 bytes of locals, 1 regs to save.
   15  00001000  afbefffc	sw	-4(r29),r30; push fp
   16  00001004  001df020	add	r30,r0,r29; fp = sp
   17  00001008  afbffff8	sw	-8(r29),r31; push ret addr
   18  0000100c  2fbd0010	subui	r29,r29,#16; alloc local storage
   19  00001010  afa20000	sw	0(r29),r2
   20  00001014  83c20003	lb	r2,3(r30)
   21  00001018  201f0000	addi	r31,r0,#0
   22  0000101c  304100ff	andi	r1,r2,#0x00ff
   23  00001020  60210020	seqi	r1,r1,#32
   24  00001024  14200018	bnez	r1,L6_LF0
   25  00001028  54000000	nop; not filled.
   26  0000102c  2041fff7	addi	r1,r2,#-9
   27  00001030  302100ff	andi	r1,r1,#0x00ff
   28  00001034  70210001	sleui	r1,r1,#1
   29  00001038  10200008	beqz	r1,L5_LF0
   30  0000103c  54000000	nop; not filled.
   31  00001040          	L6_LF0:
   32  00001040  201f0001	addi	r31,r0,#1
   33  00001044          	L5_LF0:
   34  00001044  001f0820	add	r1,r0,r31
   35  00001048  8fa20000	lw	r2,0(r29)
   36  0000104c  8fdffff8	lw	r31,-8(r30)
   37  00001050  001ee820	add	r29,r0,r30
   38  00001054  8fdefffc	lw	r30,-4(r30)
   39  00001058  4be00000	jr	r31
   40  0000105c  54000000	nop
   41  00001060          	.endproc _isspace
   42  00001060          	.align 2
   43  00001060          	.proc _isxdigit
   44  00001060          	.global _isxdigit
   45  00001060          	_isxdigit:
   46                      ;  Function 'isxdigit'; 0 bytes of locals, 1 regs to save.
   47  00001060  afbefffc	sw	-4(r29),r30; push fp
   48  00001064  001df020	add	r30,r0,r29; fp = sp
   49  00001068  afbffff8	sw	-8(r29),r31; push ret addr
   50  0000106c  2fbd0010	subui	r29,r29,#16; alloc local storage
   51  00001070  afa20000	sw	0(r29),r2
   52  00001074  83df0003	lb	r31,3(r30)
   53  00001078  20020000	addi	r2,r0,#0
   54  0000107c  23e1ffd0	addi	r1,r31,#-48
   55  00001080  302100ff	andi	r1,r1,#0x00ff
   56  00001084  70210009	sleui	r1,r1,#9
   57  00001088  14200028	bnez	r1,L12_LF0
   58  0000108c  54000000	nop; not filled.
   59  00001090  23e1ff9f	addi	r1,r31,#-97
   60  00001094  302100ff	andi	r1,r1,#0x00ff
   61  00001098  70210005	sleui	r1,r1,#5
   62  0000109c  14200014	bnez	r1,L12_LF0
   63  000010a0  54000000	nop; not filled.
   64  000010a4  33e100ff	andi	r1,r31,#0x00ff
   65  000010a8  64210041	snei	r1,r1,#65
   66  000010ac  14200008	bnez	r1,L11_LF0
   67  000010b0  54000000	nop; not filled.
   68  000010b4          	L12_LF0:
   69  000010b4  20020001	addi	r2,r0,#1
   70  000010b8          	L11_LF0:
   71  000010b8  00020820	add	r1,r0,r2
   72  000010bc  8fa20000	lw	r2,0(r29)
   73  000010c0  8fdffff8	lw	r31,-8(r30)
   74  000010c4  001ee820	add	r29,r0,r30
   75  000010c8  8fdefffc	lw	r30,-4(r30)
   76  000010cc  4be00000	jr	r31
   77  000010d0  54000000	nop
   78  000010d4          	.endproc _isxdigit
   79  000010d4          	.data
   80  00003000          	.align 2
   81  00003000          	LC0_LF0:
   82  00003000  66696c65	.ascii "file_name1\000"
   82  00003004  5f6e616d	
   82  00003008  653100  	
   83  0000300b          	_mem6_LF0:
   84  0000300b          	.space 5000
   85  00004393          	.align 2
   86  00004394          	LC1_LF0:
   87  00004394  7700    	.ascii "w\000"
   88  00004396          	.align 2
   89  00004398          	LC2_LF0:
   90  00004398  7200    	.ascii "r\000"
   91  0000439a          	.align 2
   92  0000439c          	LC3_LF0:
   93  0000439c  727700  	.ascii "rw\000"
   94  0000439f          	.align 2
   95  000043a0          	LC4_LF0:
   96  000043a0  496e2075	.ascii "In user Program, fail to open file\n\000"
   96  000043a4  73657220	
   96  000043a8  50726f67	
   96  000043ac  72616d2c	
   96  000043b0  20666169	
   96  000043b4  6c20746f	
   96  000043b8  206f7065	
   96  000043bc  6e206669	
   96  000043c0  6c650a00	
   97  000043c4          	.align 2
   98  000043c4          	LC5_LF0:
   99  000043c4  256300  	.ascii "%c\000"
  100  000043c7          	.align 2
  101  000043c8          	LC6_LF0:
  102  000043c8  0a00    	.ascii "\n\000"
  103  000043ca          	.align 2
  104  000043cc          	LC7_LF0:
  105  000043cc  6d656d20	.ascii "mem address 0x%x, mode address 0x%x\n\000"
  105  000043d0  61646472	
  105  000043d4  65737320	
  105  000043d8  30782578	
  105  000043dc  2c206d6f	
  105  000043e0  64652061	
  105  000043e4  64647265	
  105  000043e8  73732030	
  105  000043ec  7825780a	
  105  000043f0  00      	
  106  000043f1          	.align 2
  107  000043f4          	LC8_LF0:
  108  000043f4  496e2075	.ascii "In user Program, fail to write to file\n\000"
  108  000043f8  73657220	
  108  000043fc  50726f67	
  108  00004400  72616d2c	
  108  00004404  20666169	
  108  00004408  6c20746f	
  108  0000440c  20777269	
  108  00004410  74652074	
  108  00004414  6f206669	
  108  00004418  6c650a00	
  109  0000441c          	.align 2
  110  0000441c          	LC9_LF0:
  111  0000441c  496e2075	.ascii "In user Program, fail to close the file\n\000"
  111  00004420  73657220	
  111  00004424  50726f67	
  111  00004428  72616d2c	
  111  0000442c  20666169	
  111  00004430  6c20746f	
  111  00004434  20636c6f	
  111  00004438  73652074	
  111  0000443c  68652066	
  111  00004440  696c650a	
  111  00004444  00      	
  112  00004445          	.align 2
  113  00004448          	LC10_LF0:
  114  00004448  496e2075	.ascii "In user Program, fail to open the file\n\000"
  114  0000444c  73657220	
  114  00004450  50726f67	
  114  00004454  72616d2c	
  114  00004458  20666169	
  114  0000445c  6c20746f	
  114  00004460  206f7065	
  114  00004464  6e207468	
  114  00004468  65206669	
  114  0000446c  6c650a00	
  115  00004470          	.align 2
  116  00004470          	LC11_LF0:
  117  00004470  496e2075	.ascii "In user Program,fail to seek file\n\000"
  117  00004474  73657220	
  117  00004478  50726f67	
  117  0000447c  72616d2c	
  117  00004480  6661696c	
  117  00004484  20746f20	
  117  00004488  7365656b	
  117  0000448c  2066696c	
  117  00004490  650a00  	
  118  00004493          	.align 2
  119  00004494          	LC12_LF0:
  120  00004494  496e2075	.ascii "In user Program, fail to read file\n\000"
  120  00004498  73657220	
  120  0000449c  50726f67	
  120  000044a0  72616d2c	
  120  000044a4  20666169	
  120  000044a8  6c20746f	
  120  000044ac  20726561	
  120  000044b0  64206669	
  120  000044b4  6c650a00	
  121  000044b8          	.align 2
  122  000044b8          	LC13_LF0:
  123  000044b8  496e2075	.ascii "In user Program, fail to delete file\n\000"
  123  000044bc  73657220	
  123  000044c0  50726f67	
  123  000044c4  72616d2c	
  123  000044c8  20666169	
  123  000044cc  6c20746f	
  123  000044d0  2064656c	
  123  000044d4  65746520	
  123  000044d8  66696c65	
  123  000044dc  0a00    	
  124  000044de          	.text
  125  000010d4          	.align 2
  126  000010d4          	.proc _main
  127  000010d4          	.global _main
  128  000010d4          	_main:
  129                      ;  Function 'main'; 0 bytes of locals, 0 regs to save.
  130  000010d4  afbefffc	sw	-4(r29),r30; push fp
  131  000010d8  001df020	add	r30,r0,r29; fp = sp
  132  000010dc  afbffff8	sw	-8(r29),r31; push ret addr
  133  000010e0  2fbd0008	subui	r29,r29,#8; alloc local storage
  134  000010e4  0c0012a4	jal	___main
  135  000010e8  54000000	nop; not filled.
  136  000010ec  3c060000	lhi	r6,((LC0_LF0)>>16)&0xffff
  137  000010f0  24c63000	addui	r6,r6,(LC0_LF0)&0xffff
  138  000010f4  3c050000	lhi	r5,((LC1_LF0)>>16)&0xffff
  139  000010f8  24a54394	addui	r5,r5,(LC1_LF0)&0xffff
  140  000010fc  23bdfff8	addi	r29,r29,#-8
  141  00001100  afa60000	sw	(r29),r6
  142  00001104  afa50004	sw	4(r29),r5
  143  00001108  0c000484	jal	_file_open
  144  0000110c  54000000	nop; not filled.
  145  00001110  00012020	add	r4,r0,r1
  146  00001114  23bd0008	addi	r29,r29,#8
  147  00001118  6081ffff	seqi	r1,r4,#-1
  148  0000111c  10200020	beqz	r1,L14_LF0
  149  00001120  54000000	nop; not filled.
  150  00001124  23bdfff8	addi	r29,r29,#-8
  151  00001128  3c070000	lhi	r7,((LC4_LF0)>>16)&0xffff
  152  0000112c  24e743a0	addui	r7,r7,(LC4_LF0)&0xffff
  153  00001130  afa70000	sw	(r29),r7
  154  00001134  0c000314	jal	_Printf
  155  00001138  54000000	nop; not filled.
  156  0000113c  23bd0008	addi	r29,r29,#8
  157  00001140          	L14_LF0:
  158  00001140  3c1f0000	lhi	r31,((_mem6_LF0)>>16)&0xffff
  159  00001144  27ff300b	addui	r31,r31,(_mem6_LF0)&0xffff
  160  00001148  23e21387	addi	r2,r31,#4999
  161  0000114c          	L18_LF0:
  162  0000114c  20070042	addi	r7,r0,(#0x42)&0xff
  163  00001150  a3e70000	sb	(r31),r7
  164  00001154  23ff0001	addi	r31,r31,#1
  165  00001158  03e2082c	sle	r1,r31,r2
  166  0000115c  1420ffec	bnez	r1,L18_LF0
  167  00001160  54000000	nop; not filled.
  168  00001164  20020000	addi	r2,r0,#0
  169  00001168  3c030000	lhi	r3,((_mem6_LF0)>>16)&0xffff
  170  0000116c  2463300b	addui	r3,r3,(_mem6_LF0)&0xffff
  171  00001170          	L23_LF0:
  172  00001170  23bdfff8	addi	r29,r29,#-8
  173  00001174  3c070000	lhi	r7,((LC5_LF0)>>16)&0xffff
  174  00001178  24e743c4	addui	r7,r7,(LC5_LF0)&0xffff
  175  0000117c  afa70000	sw	(r29),r7
  176  00001180  90610000	lbu	r1,(r3)
  177  00001184  afa10004	sw	4(r29),r1
  178  00001188  0c0002c0	jal	_Printf
  179  0000118c  54000000	nop; not filled.
  180  00001190  23bd0008	addi	r29,r29,#8
  181  00001194  20630001	addi	r3,r3,#1
  182  00001198  20420001	addi	r2,r2,#1
  183  0000119c  70411387	slei	r1,r2,#4999
  184  000011a0  1420ffcc	bnez	r1,L23_LF0
  185  000011a4  54000000	nop; not filled.
  186  000011a8  23bdfff8	addi	r29,r29,#-8
  187  000011ac  3c070000	lhi	r7,((LC6_LF0)>>16)&0xffff
  188  000011b0  24e743c8	addui	r7,r7,(LC6_LF0)&0xffff
  189  000011b4  afa70000	sw	(r29),r7
  190  000011b8  0c000290	jal	_Printf
  191  000011bc  54000000	nop; not filled.
  192  000011c0  23bdfff8	addi	r29,r29,#-8
  193  000011c4  3c070000	lhi	r7,((LC7_LF0)>>16)&0xffff
  194  000011c8  24e743cc	addui	r7,r7,(LC7_LF0)&0xffff
  195  000011cc  afa70000	sw	(r29),r7
  196  000011d0  3c030000	lhi	r3,((_mem6_LF0)>>16)&0xffff
  197  000011d4  2463300b	addui	r3,r3,(_mem6_LF0)&0xffff
  198  000011d8  afa30004	sw	4(r29),r3
  199  000011dc  afa50008	sw	8(r29),r5
  200  000011e0  0c000268	jal	_Printf
  201  000011e4  54000000	nop; not filled.
  202  000011e8  afa40000	sw	(r29),r4
  203  000011ec  afa30004	sw	4(r29),r3
  204  000011f0  20070fa0	addi	r7,r0,#4000
  205  000011f4  afa70008	sw	8(r29),r7
  206  000011f8  0c0003c4	jal	_file_write
  207  000011fc  54000000	nop; not filled.
  208  00001200  23bd0010	addi	r29,r29,#16
  209  00001204  6021ffff	seqi	r1,r1,#-1
  210  00001208  10200020	beqz	r1,L25_LF0
  211  0000120c  54000000	nop; not filled.
  212  00001210  23bdfff8	addi	r29,r29,#-8
  213  00001214  3c070000	lhi	r7,((LC8_LF0)>>16)&0xffff
  214  00001218  24e743f4	addui	r7,r7,(LC8_LF0)&0xffff
  215  0000121c  afa70000	sw	(r29),r7
  216  00001220  0c000228	jal	_Printf
  217  00001224  54000000	nop; not filled.
  218  00001228  23bd0008	addi	r29,r29,#8
  219  0000122c          	L25_LF0:
  220  0000122c  20020000	addi	r2,r0,#0
  221  00001230  0003f820	add	r31,r0,r3
  222  00001234          	L29_LF0:
  223  00001234  20070041	addi	r7,r0,(#0x41)&0xff
  224  00001238  a3e70000	sb	(r31),r7
  225  0000123c  23ff0001	addi	r31,r31,#1
  226  00001240  20420001	addi	r2,r2,#1
  227  00001244  70411387	slei	r1,r2,#4999
  228  00001248  1420ffe8	bnez	r1,L29_LF0
  229  0000124c  54000000	nop; not filled.
  230  00001250  23bdfff8	addi	r29,r29,#-8
  231  00001254  afa40000	sw	(r29),r4
  232  00001258  0c000340	jal	_file_close
  233  0000125c  54000000	nop; not filled.
  234  00001260  23bd0008	addi	r29,r29,#8
  235  00001264  6021ffff	seqi	r1,r1,#-1
  236  00001268  10200020	beqz	r1,L31_LF0
  237  0000126c  54000000	nop; not filled.
  238  00001270  23bdfff8	addi	r29,r29,#-8
  239  00001274  3c070000	lhi	r7,((LC9_LF0)>>16)&0xffff
  240  00001278  24e7441c	addui	r7,r7,(LC9_LF0)&0xffff
  241  0000127c  afa70000	sw	(r29),r7
  242  00001280  0c0001c8	jal	_Printf
  243  00001284  54000000	nop; not filled.
  244  00001288  23bd0008	addi	r29,r29,#8
  245  0000128c          	L31_LF0:
  246  0000128c  23bdfff8	addi	r29,r29,#-8
  247  00001290  afa60000	sw	(r29),r6
  248  00001294  3c070000	lhi	r7,((LC2_LF0)>>16)&0xffff
  249  00001298  24e74398	addui	r7,r7,(LC2_LF0)&0xffff
  250  0000129c  afa70004	sw	4(r29),r7
  251  000012a0  0c0002ec	jal	_file_open
  252  000012a4  54000000	nop; not filled.
  253  000012a8  23bd0008	addi	r29,r29,#8
  254  000012ac  6021ffff	seqi	r1,r1,#-1
  255  000012b0  10200020	beqz	r1,L32_LF0
  256  000012b4  54000000	nop; not filled.
  257  000012b8  23bdfff8	addi	r29,r29,#-8
  258  000012bc  3c070000	lhi	r7,((LC10_LF0)>>16)&0xffff
  259  000012c0  24e74448	addui	r7,r7,(LC10_LF0)&0xffff
  260  000012c4  afa70000	sw	(r29),r7
  261  000012c8  0c000180	jal	_Printf
  262  000012cc  54000000	nop; not filled.
  263  000012d0  23bd0008	addi	r29,r29,#8
  264  000012d4          	L32_LF0:
  265  000012d4  23bdfff0	addi	r29,r29,#-16
  266  000012d8  afa40000	sw	(r29),r4
  267  000012dc  20070000	addi	r7,r0,#0
  268  000012e0  afa70004	sw	4(r29),r7
  269  000012e4  20070001	addi	r7,r0,#1
  270  000012e8  afa70008	sw	8(r29),r7
  271  000012ec  0c0002dc	jal	_file_seek
  272  000012f0  54000000	nop; not filled.
  273  000012f4  23bd0010	addi	r29,r29,#16
  274  000012f8  6021ffff	seqi	r1,r1,#-1
  275  000012fc  10200020	beqz	r1,L33_LF0
  276  00001300  54000000	nop; not filled.
  277  00001304  23bdfff8	addi	r29,r29,#-8
  278  00001308  3c070000	lhi	r7,((LC11_LF0)>>16)&0xffff
  279  0000130c  24e74470	addui	r7,r7,(LC11_LF0)&0xffff
  280  00001310  afa70000	sw	(r29),r7
  281  00001314  0c000134	jal	_Printf
  282  00001318  54000000	nop; not filled.
  283  0000131c  23bd0008	addi	r29,r29,#8
  284  00001320          	L33_LF0:
  285  00001320  23bdfff0	addi	r29,r29,#-16
  286  00001324  afa40000	sw	(r29),r4
  287  00001328  3c030000	lhi	r3,((_mem6_LF0)>>16)&0xffff
  288  0000132c  2463300b	addui	r3,r3,(_mem6_LF0)&0xffff
  289  00001330  afa30004	sw	4(r29),r3
  290  00001334  20070fa0	addi	r7,r0,#4000
  291  00001338  afa70008	sw	8(r29),r7
  292  0000133c  0c000274	jal	_file_read
  293  00001340  54000000	nop; not filled.
  294  00001344  23bd0010	addi	r29,r29,#16
  295  00001348  6021ffff	seqi	r1,r1,#-1
  296  0000134c  10200020	beqz	r1,L34_LF0
  297  00001350  54000000	nop; not filled.
  298  00001354  23bdfff8	addi	r29,r29,#-8
  299  00001358  3c070000	lhi	r7,((LC12_LF0)>>16)&0xffff
  300  0000135c  24e74494	addui	r7,r7,(LC12_LF0)&0xffff
  301  00001360  afa70000	sw	(r29),r7
  302  00001364  0c0000e4	jal	_Printf
  303  00001368  54000000	nop; not filled.
  304  0000136c  23bd0008	addi	r29,r29,#8
  305  00001370          	L34_LF0:
  306  00001370  20020000	addi	r2,r0,#0
  307  00001374          	L38_LF0:
  308  00001374  23bdfff8	addi	r29,r29,#-8
  309  00001378  3c070000	lhi	r7,((LC5_LF0)>>16)&0xffff
  310  0000137c  24e743c4	addui	r7,r7,(LC5_LF0)&0xffff
  311  00001380  afa70000	sw	(r29),r7
  312  00001384  90610000	lbu	r1,(r3)
  313  00001388  afa10004	sw	4(r29),r1
  314  0000138c  0c0000bc	jal	_Printf
  315  00001390  54000000	nop; not filled.
  316  00001394  23bd0008	addi	r29,r29,#8
  317  00001398  20630001	addi	r3,r3,#1
  318  0000139c  20420001	addi	r2,r2,#1
  319  000013a0  70411387	slei	r1,r2,#4999
  320  000013a4  1420ffcc	bnez	r1,L38_LF0
  321  000013a8  54000000	nop; not filled.
  322  000013ac  23bdfff8	addi	r29,r29,#-8
  323  000013b0  3c070000	lhi	r7,((LC6_LF0)>>16)&0xffff
  324  000013b4  24e743c8	addui	r7,r7,(LC6_LF0)&0xffff
  325  000013b8  afa70000	sw	(r29),r7
  326  000013bc  0c00008c	jal	_Printf
  327  000013c0  54000000	nop; not filled.
  328  000013c4  afa60000	sw	(r29),r6
  329  000013c8  0c0001dc	jal	_file_delete
  330  000013cc  54000000	nop; not filled.
  331  000013d0  23bd0008	addi	r29,r29,#8
  332  000013d4  6021ffff	seqi	r1,r1,#-1
  333  000013d8  10200020	beqz	r1,L40_LF0
  334  000013dc  54000000	nop; not filled.
  335  000013e0  23bdfff8	addi	r29,r29,#-8
  336  000013e4  3c070000	lhi	r7,((LC13_LF0)>>16)&0xffff
  337  000013e8  24e744b8	addui	r7,r7,(LC13_LF0)&0xffff
  338  000013ec  afa70000	sw	(r29),r7
  339  000013f0  0c000058	jal	_Printf
  340  000013f4  54000000	nop; not filled.
  341  000013f8  23bd0008	addi	r29,r29,#8
  342  000013fc          	L40_LF0:
  343  000013fc  0c000f80	jal	_exit
  344  00001400  54000000	nop
  345  00001404          	.endproc _main
  346                      ;;;
  347                      ;;; Stub functions for DLX traps.
  348                      ;;;
  349                      ;;; Ethan L. Miller, 1999.  Released to the public domain.
  350                      ;;;
  351                      ;;; The traps such as Open and Close
  352                      ;;; (note the capital letters) are for use by user programs.  The traps
  353                      ;;; with names such as open and close (lower case) are for use by the OS.
  354                      ;;;
  357  00001404          	.align 2
  359                      ;;; The following are the traps to be used by user-level programs
  360                      ;;;
  362  00001404          	.align 2
  363  00001404          	.proc _Open
  364  00001404          	.global _Open
  365  00001404          	_Open:
  366                      ;;; Note that trap #0x213 actually causes a trap vector in the OS of
  367                      ;;; 0x1213.  The same is true for other user traps.  Thus, a user trap
  368                      ;;; with trap #0x240 will result in a trap vector of 0x1240 in the OS.
  369  00001404  44000213	trap	#0x213
  370  00001408  4be00000	jr	r31
  371  0000140c  54000000	nop
  372  00001410          	.endproc _Open
  374  00001410          	.proc _Close
  375  00001410          	.global _Close
  376  00001410          	_Close:
  377  00001410  44000214	trap	#0x214
  378  00001414  4be00000	jr	r31
  379  00001418  54000000	nop
  380  0000141c          	.endproc _Close
  382  0000141c          	.proc _Read
  383  0000141c          	.global _Read
  384  0000141c          	_Read:
  385  0000141c  44000210	trap	#0x210
  386  00001420  4be00000	jr	r31
  387  00001424  54000000	nop
  388  00001428          	.endproc _Read
  390  00001428          	.proc _Write
  391  00001428          	.global _Write
  392  00001428          	_Write:
  393  00001428  44000211	trap	#0x211
  394  0000142c  4be00000	jr	r31
  395  00001430  54000000	nop
  396  00001434          	.endproc _Write
  398  00001434          	.proc _Lseek
  399  00001434          	.global _Lseek
  400  00001434          	_Lseek:
  401  00001434  44000212	trap	#0x212
  402  00001438  4be00000	jr	r31
  403  0000143c  54000000	nop
  404  00001440          	.endproc _Lseek
  406  00001440          	.proc _Putchar
  407  00001440          	.global _Putchar
  408  00001440          	_Putchar:
  409  00001440  44000280	trap	#0x280
  410  00001444  4be00000	jr	r31
  411  00001448  54000000	nop
  412  0000144c          	.endproc _Putchar
  414  0000144c          	.proc _Printf
  415  0000144c          	.global _Printf
  416  0000144c          	_Printf:
  417  0000144c  44000201	trap	#0x201
  418  00001450  4be00000	jr	r31
  419  00001454  54000000	nop
  420  00001458          	.endproc _Printf
  422  00001458          	.proc _getpid
  423  00001458          	.global _getpid
  424  00001458          	_getpid:
  425  00001458  44000431	trap	#0x431
  426  0000145c  4be00000	jr	r31
  427  00001460  54000000	nop
  428  00001464          	.endproc _getpid
  430  00001464          	.proc _process_create
  431  00001464          	.global _process_create
  432  00001464          	_process_create:
  433  00001464  44000432	trap	#0x432
  434  00001468  4be00000	jr	r31
  435  0000146c  54000000	nop
  436  00001470          	.endproc _process_create
  438  00001470          	.proc _shmget
  439  00001470          	.global _shmget
  440  00001470          	_shmget:
  441  00001470  44000440	trap	#0x440
  442  00001474  4be00000	jr	r31
  443  00001478  54000000	nop
  444  0000147c          	.endproc _shmget
  446  0000147c          	.proc _shmat
  447  0000147c          	.global _shmat
  448  0000147c          	_shmat:
  449  0000147c  44000441	trap	#0x441
  450  00001480  4be00000	jr	r31
  451  00001484  54000000	nop
  452  00001488          	.endproc _shmat
  454  00001488          	.proc _sem_create
  455  00001488          	.global _sem_create
  456  00001488          	_sem_create:
  457  00001488  44000450	trap	#0x450
  458  0000148c  4be00000	jr	r31
  459  00001490  54000000	nop
  460  00001494          	.endproc _sem_create
  462  00001494          	.proc _sem_wait
  463  00001494          	.global _sem_wait
  464  00001494          	_sem_wait:
  465  00001494  44000451	trap	#0x451
  466  00001498  4be00000	jr	r31
  467  0000149c  54000000	nop
  468  000014a0          	.endproc _sem_wait
  470  000014a0          	.proc _sem_signal
  471  000014a0          	.global _sem_signal
  472  000014a0          	_sem_signal:
  473  000014a0  44000452	trap	#0x452
  474  000014a4  4be00000	jr	r31
  475  000014a8  54000000	nop
  476  000014ac          	.endproc _sem_signal
  478  000014ac          	.proc _lock_create
  479  000014ac          	.global _lock_create
  480  000014ac          	_lock_create:
  481  000014ac  44000453	trap	#0x453
  482  000014b0  4be00000	jr	r31
  483  000014b4  54000000	nop
  484  000014b8          	.endproc _lock_create
  486  000014b8          	.proc _lock_acquire
  487  000014b8          	.global _lock_acquire
  488  000014b8          	_lock_acquire:
  489  000014b8  44000454	trap	#0x454
  490  000014bc  4be00000	jr	r31
  491  000014c0  54000000	nop
  492  000014c4          	.endproc _lock_acquire
  494  000014c4          	.proc _lock_release
  495  000014c4          	.global _lock_release
  496  000014c4          	_lock_release:
  497  000014c4  44000455	trap	#0x455
  498  000014c8  4be00000	jr	r31
  499  000014cc  54000000	nop
  500  000014d0          	.endproc _lock_release
  502  000014d0          	.proc _cond_create
  503  000014d0          	.global _cond_create
  504  000014d0          	_cond_create:
  505  000014d0  44000456	trap	#0x456
  506  000014d4  4be00000	jr	r31
  507  000014d8  54000000	nop
  508  000014dc          	.endproc _cond_create
  510  000014dc          	.proc _cond_wait
  511  000014dc          	.global _cond_wait
  512  000014dc          	_cond_wait:
  513  000014dc  44000457	trap	#0x457
  514  000014e0  4be00000	jr	r31
  515  000014e4  54000000	nop
  516  000014e8          	.endproc _cond_wait
  518  000014e8          	.proc _cond_signal
  519  000014e8          	.global _cond_signal
  520  000014e8          	_cond_signal:
  521  000014e8  44000458	trap	#0x458
  522  000014ec  4be00000	jr	r31
  523  000014f0  54000000	nop
  524  000014f4          	.endproc _cond_signal
  526  000014f4          	.proc _cond_broadcast
  527  000014f4          	.global _cond_broadcast
  528  000014f4          	_cond_broadcast:
  529  000014f4  44000459	trap	#0x459
  530  000014f8  4be00000	jr	r31
  531  000014fc  54000000	nop
  532  00001500          	.endproc _cond_broadcast
  534  00001500          	.proc _mbox_create
  535  00001500          	.global _mbox_create
  536  00001500          	_mbox_create:
  537  00001500  44000460	trap	#0x460
  538  00001504  4be00000	jr	r31
  539  00001508  54000000	nop
  540  0000150c          	.endproc _mbox_create
  542  0000150c          	.proc _mbox_open
  543  0000150c          	.global _mbox_open
  544  0000150c          	_mbox_open:
  545  0000150c  44000461	trap	#0x461
  546  00001510  4be00000	jr	r31
  547  00001514  54000000	nop
  548  00001518          	.endproc _mbox_open
  550  00001518          	.proc _mbox_close
  551  00001518          	.global _mbox_close
  552  00001518          	_mbox_close:
  553  00001518  44000462	trap	#0x462
  554  0000151c  4be00000	jr	r31
  555  00001520  54000000	nop
  556  00001524          	.endproc _mbox_close
  558  00001524          	.proc _mbox_send
  559  00001524          	.global _mbox_send
  560  00001524          	_mbox_send:
  561  00001524  44000463	trap	#0x463
  562  00001528  4be00000	jr	r31
  563  0000152c  54000000	nop
  564  00001530          	.endproc _mbox_send
  566  00001530          	.proc _mbox_recv
  567  00001530          	.global _mbox_recv
  568  00001530          	_mbox_recv:
  569  00001530  44000464	trap	#0x464
  570  00001534  4be00000	jr	r31
  571  00001538  54000000	nop
  572  0000153c          	.endproc _mbox_recv
  574  0000153c          	.proc _sleep
  575  0000153c          	.global _sleep
  576  0000153c          	_sleep:
  577  0000153c  44000465	trap	#0x465
  578  00001540  4be00000	jr	r31
  579  00001544  54000000	nop
  580  00001548          	.endproc _sleep
  582  00001548          	.proc _yield
  583  00001548          	.global _yield
  584  00001548          	_yield:
  585  00001548  44000466	trap	#0x466
  586  0000154c  4be00000	jr	r31
  587  00001550  54000000	nop
  588  00001554          	.endproc _yield
  590  00001554          	.proc _disk_write_block
  591  00001554          	.global _disk_write_block
  592  00001554          	_disk_write_block:
  593  00001554  44000467	trap	#0x467
  594  00001558  4be00000	jr	r31
  595  0000155c  54000000	nop
  596  00001560          	.endproc _disk_write_block
  598  00001560          	.proc _disk_size
  599  00001560          	.global _disk_size
  600  00001560          	_disk_size:
  601  00001560  44000468	trap	#0x468
  602  00001564  4be00000	jr	r31
  603  00001568  54000000	nop
  604  0000156c          	.endproc _disk_size
  606  0000156c          	.proc _disk_blocksize
  607  0000156c          	.global _disk_blocksize
  608  0000156c          	_disk_blocksize:
  609  0000156c  44000469	trap	#0x469
  610  00001570  4be00000	jr	r31
  611  00001574  54000000	nop
  612  00001578          	.endproc _disk_blocksize
  614  00001578          	.proc _disk_create
  615  00001578          	.global _disk_create
  616  00001578          	_disk_create:
  617  00001578  44000470	trap	#0x470
  618  0000157c  4be00000	jr	r31
  619  00001580  54000000	nop
  620  00001584          	.endproc _disk_create
  622  00001584          	.proc _dfs_invalidate
  623  00001584          	.global _dfs_invalidate
  624  00001584          	_dfs_invalidate:
  625  00001584  44000471	trap	#0x471
  626  00001588  4be00000	jr	r31
  627  0000158c  54000000	nop
  628  00001590          	.endproc _dfs_invalidate
  630  00001590          	.proc _file_open
  631  00001590          	.global _file_open
  632  00001590          	_file_open:
  633  00001590  44000472	trap	#0x472
  634  00001594  4be00000	jr	r31
  635  00001598  54000000	nop
  636  0000159c          	.endproc _file_open
  638  0000159c          	.proc _file_close
  639  0000159c          	.global _file_close
  640  0000159c          	_file_close:
  641  0000159c  44000473	trap	#0x473
  642  000015a0  4be00000	jr	r31
  643  000015a4  54000000	nop
  644  000015a8          	.endproc _file_close
  646  000015a8          	.proc _file_delete
  647  000015a8          	.global _file_delete
  648  000015a8          	_file_delete:
  649  000015a8  44000474	trap	#0x474
  650  000015ac  4be00000	jr	r31
  651  000015b0  54000000	nop
  652  000015b4          	.endproc _file_delete
  654  000015b4          	.proc _file_read
  655  000015b4          	.global _file_read
  656  000015b4          	_file_read:
  657  000015b4  44000475	trap	#0x475
  658  000015b8  4be00000	jr	r31
  659  000015bc  54000000	nop
  660  000015c0          	.endproc _file_read
  662  000015c0          	.proc _file_write
  663  000015c0          	.global _file_write
  664  000015c0          	_file_write:
  665  000015c0  44000476	trap	#0x476
  666  000015c4  4be00000	jr	r31
  667  000015c8  54000000	nop
  668  000015cc          	.endproc _file_write
  670  000015cc          	.proc _file_seek
  671  000015cc          	.global _file_seek
  672  000015cc          	_file_seek:
  673  000015cc  44000477	trap	#0x477
  674  000015d0  4be00000	jr	r31
  675  000015d4  54000000	nop
  676  000015d8          	.endproc _file_seek
  678  000015d8          	.proc _run_os_tests
  679  000015d8          	.global _run_os_tests
  680  000015d8          	_run_os_tests:
  681  000015d8  440004ff	trap	#0x4FF
  682  000015dc  4be00000	jr	r31
  683  000015e0  54000000	nop
  684  000015e4          	.endproc _run_os_tests
  687  000015e4          	.proc _Exit
  688  000015e4          	.global _Exit
  689  000015e4          	_Exit:
  690  000015e4  44000500	trap	#0x500
  691  000015e8  4be00000	jr	r31
  692  000015ec  54000000	nop
  693  000015f0          	.endproc _Exit
  694                      ; Compiled by GCC
  696  000015f0          	.align 2
  697  000015f0          	.proc _isspace
  698  000015f0          	.global _isspace
  699  000015f0          	_isspace:
  700                      ;  Function 'isspace'; 0 bytes of locals, 3 regs to save.
  701  000015f0  afbefffc	sw	-4(r29),r30; push fp
  702  000015f4  001df020	add	r30,r0,r29; fp = sp
  703  000015f8  afbffff8	sw	-8(r29),r31; push ret addr
  704  000015fc  2fbd0018	subui	r29,r29,#24; alloc local storage
  705  00001600  afa20000	sw	0(r29),r2
  706  00001604  afa30004	sw	4(r29),r3
  707  00001608  afa40008	sw	8(r29),r4
  708  0000160c  83c20003	lb	r2,3(r30)
  709  00001610  20010000	addi	r1,r0,#0
  710  00001614  304300ff	andi	r3,r2,#0x00ff
  711  00001618  60640020	seqi	r4,r3,#32
  712  0000161c  1480002c	bnez	r4,L3_LF2
  713  00001620  54000000	nop; delay slot nop
  714  00001624  304300ff	andi	r3,r2,#0x00ff
  715  00001628  60640009	seqi	r4,r3,#9
  716  0000162c  1480001c	bnez	r4,L3_LF2
  717  00001630  54000000	nop; delay slot nop
  718  00001634  304300ff	andi	r3,r2,#0x00ff
  719  00001638  6064000a	seqi	r4,r3,#10
  720  0000163c  1480000c	bnez	r4,L3_LF2
  721  00001640  54000000	nop; delay slot nop
  722  00001644  08000008	j	L2_LF2
  723  00001648  54000000	nop; delay slot nop
  724  0000164c          	L3_LF2:
  725  0000164c  20010001	addi	r1,r0,#1
  726  00001650          	L2_LF2:
  727  00001650  08000004	j	L1_LF2
  728  00001654  54000000	nop; delay slot nop
  729  00001658          	L1_LF2:
  730  00001658  8fa20000	lw	r2,0(r29)
  731  0000165c  8fa30004	lw	r3,4(r29)
  732  00001660  8fa40008	lw	r4,8(r29)
  733  00001664  8fdffff8	lw	r31,-8(r30)
  734  00001668  001ee820	add	r29,r0,r30
  735  0000166c  8fdefffc	lw	r30,-4(r30)
  736  00001670  4be00000	jr	r31
  737  00001674  54000000	nop
  738  00001678          	.endproc _isspace
  739  00001678          	.align 2
  740  00001678          	.proc _isxdigit
  741  00001678          	.global _isxdigit
  742  00001678          	_isxdigit:
  743                      ;  Function 'isxdigit'; 0 bytes of locals, 3 regs to save.
  744  00001678  afbefffc	sw	-4(r29),r30; push fp
  745  0000167c  001df020	add	r30,r0,r29; fp = sp
  746  00001680  afbffff8	sw	-8(r29),r31; push ret addr
  747  00001684  2fbd0018	subui	r29,r29,#24; alloc local storage
  748  00001688  afa20000	sw	0(r29),r2
  749  0000168c  afa30004	sw	4(r29),r3
  750  00001690  afa40008	sw	8(r29),r4
  751  00001694  83c20003	lb	r2,3(r30)
  752  00001698  20010000	addi	r1,r0,#0
  753  0000169c  304300ff	andi	r3,r2,#0x00ff
  754  000016a0  6c64002f	sgtui	r4,r3,#47
  755  000016a4  1080001c	beqz	r4,L7_LF2
  756  000016a8  54000000	nop; delay slot nop
  757  000016ac  304300ff	andi	r3,r2,#0x00ff
  758  000016b0  70640039	sleui	r4,r3,#57
  759  000016b4  1480005c	bnez	r4,L6_LF2
  760  000016b8  54000000	nop; delay slot nop
  761  000016bc  08000004	j	L7_LF2
  762  000016c0  54000000	nop; delay slot nop
  763  000016c4          	L7_LF2:
  764  000016c4  304300ff	andi	r3,r2,#0x00ff
  765  000016c8  6c640060	sgtui	r4,r3,#96
  766  000016cc  1080001c	beqz	r4,L8_LF2
  767  000016d0  54000000	nop; delay slot nop
  768  000016d4  304300ff	andi	r3,r2,#0x00ff
  769  000016d8  70640066	sleui	r4,r3,#102
  770  000016dc  14800034	bnez	r4,L6_LF2
  771  000016e0  54000000	nop; delay slot nop
  772  000016e4  08000004	j	L8_LF2
  773  000016e8  54000000	nop; delay slot nop
  774  000016ec          	L8_LF2:
  775  000016ec  304300ff	andi	r3,r2,#0x00ff
  776  000016f0  6c640040	sgtui	r4,r3,#64
  777  000016f4  10800020	beqz	r4,L5_LF2
  778  000016f8  54000000	nop; delay slot nop
  779  000016fc  304300ff	andi	r3,r2,#0x00ff
  780  00001700  70640041	sleui	r4,r3,#65
  781  00001704  1480000c	bnez	r4,L6_LF2
  782  00001708  54000000	nop; delay slot nop
  783  0000170c  08000008	j	L5_LF2
  784  00001710  54000000	nop; delay slot nop
  785  00001714          	L6_LF2:
  786  00001714  20010001	addi	r1,r0,#1
  787  00001718          	L5_LF2:
  788  00001718  08000004	j	L4_LF2
  789  0000171c  54000000	nop; delay slot nop
  790  00001720          	L4_LF2:
  791  00001720  8fa20000	lw	r2,0(r29)
  792  00001724  8fa30004	lw	r3,4(r29)
  793  00001728  8fa40008	lw	r4,8(r29)
  794  0000172c  8fdffff8	lw	r31,-8(r30)
  795  00001730  001ee820	add	r29,r0,r30
  796  00001734  8fdefffc	lw	r30,-4(r30)
  797  00001738  4be00000	jr	r31
  798  0000173c  54000000	nop
  799  00001740          	.endproc _isxdigit
  800  00001740          	.align 2
  801  00001740          	.proc _dstrcpy
  802  00001740          	.global _dstrcpy
  803  00001740          	_dstrcpy:
  804                      ;  Function 'dstrcpy'; 8 bytes of locals, 2 regs to save.
  805  00001740  afbefffc	sw	-4(r29),r30; push fp
  806  00001744  001df020	add	r30,r0,r29; fp = sp
  807  00001748  afbffff8	sw	-8(r29),r31; push ret addr
  808  0000174c  2fbd0018	subui	r29,r29,#24; alloc local storage
  809  00001750  afa20000	sw	0(r29),r2
  810  00001754  afa30004	sw	4(r29),r3
  811  00001758  8fc10000	lw	r1,(r30)
  812  0000175c  afc1fff4	sw	-12(r30),r1
  813  00001760          	L10_LF2:
  814  00001760  8fc10000	lw	r1,(r30)
  815  00001764  20220001	addi	r2,r1,#1
  816  00001768  afc20000	sw	(r30),r2
  817  0000176c  8fc20004	lw	r2,4(r30)
  818  00001770  20430001	addi	r3,r2,#1
  819  00001774  afc30004	sw	4(r30),r3
  820  00001778  80420000	lb	r2,(r2)
  821  0000177c  a0220000	sb	(r1),r2
  822  00001780  a3c2fff3	sb	-13(r30),r2
  823  00001784          	L12_LF2:
  824  00001784  93c1fff3	lbu	r1,-13(r30)
  825  00001788  64220000	snei	r2,r1,#0
  826  0000178c  1440000c	bnez	r2,L13_LF2
  827  00001790  54000000	nop; delay slot nop
  828  00001794  0800000c	j	L11_LF2
  829  00001798  54000000	nop; delay slot nop
  830  0000179c          	L13_LF2:
  831  0000179c  0bffffc0	j	L10_LF2
  832  000017a0  54000000	nop; delay slot nop
  833  000017a4          	L11_LF2:
  834  000017a4  8fc1fff4	lw	r1,-12(r30)
  835  000017a8  08000004	j	L9_LF2
  836  000017ac  54000000	nop; delay slot nop
  837  000017b0          	L9_LF2:
  838  000017b0  8fa20000	lw	r2,0(r29)
  839  000017b4  8fa30004	lw	r3,4(r29)
  840  000017b8  8fdffff8	lw	r31,-8(r30)
  841  000017bc  001ee820	add	r29,r0,r30
  842  000017c0  8fdefffc	lw	r30,-4(r30)
  843  000017c4  4be00000	jr	r31
  844  000017c8  54000000	nop
  845  000017cc          	.endproc _dstrcpy
  846  000017cc          	.align 2
  847  000017cc          	.proc _dstrncpy
  848  000017cc          	.global _dstrncpy
  849  000017cc          	_dstrncpy:
  850                      ;  Function 'dstrncpy'; 8 bytes of locals, 2 regs to save.
  851  000017cc  afbefffc	sw	-4(r29),r30; push fp
  852  000017d0  001df020	add	r30,r0,r29; fp = sp
  853  000017d4  afbffff8	sw	-8(r29),r31; push ret addr
  854  000017d8  2fbd0018	subui	r29,r29,#24; alloc local storage
  855  000017dc  afa20000	sw	0(r29),r2
  856  000017e0  afa30004	sw	4(r29),r3
  857  000017e4  8fc10000	lw	r1,(r30)
  858  000017e8  afc1fff4	sw	-12(r30),r1
  859  000017ec          	L15_LF2:
  860  000017ec  8fc10008	lw	r1,8(r30)
  861  000017f0  2022ffff	addi	r2,r1,#-1
  862  000017f4  afc20008	sw	8(r30),r2
  863  000017f8  70210000	slei	r1,r1,#0
  864  000017fc  1020000c	beqz	r1,L18_LF2
  865  00001800  54000000	nop; delay slot nop
  866  00001804  08000048	j	L16_LF2
  867  00001808  54000000	nop; delay slot nop
  868  0000180c          	L18_LF2:
  869  0000180c  8fc10000	lw	r1,(r30)
  870  00001810  20220001	addi	r2,r1,#1
  871  00001814  afc20000	sw	(r30),r2
  872  00001818  8fc20004	lw	r2,4(r30)
  873  0000181c  20430001	addi	r3,r2,#1
  874  00001820  afc30004	sw	4(r30),r3
  875  00001824  80420000	lb	r2,(r2)
  876  00001828  a0220000	sb	(r1),r2
  877  0000182c  a3c2fff3	sb	-13(r30),r2
  878  00001830          	L17_LF2:
  879  00001830  93c1fff3	lbu	r1,-13(r30)
  880  00001834  64220000	snei	r2,r1,#0
  881  00001838  1440000c	bnez	r2,L19_LF2
  882  0000183c  54000000	nop; delay slot nop
  883  00001840  0800000c	j	L16_LF2
  884  00001844  54000000	nop; delay slot nop
  885  00001848          	L19_LF2:
  886  00001848  0bffffa0	j	L15_LF2
  887  0000184c  54000000	nop; delay slot nop
  888  00001850          	L16_LF2:
  889  00001850  8fc1fff4	lw	r1,-12(r30)
  890  00001854  08000004	j	L14_LF2
  891  00001858  54000000	nop; delay slot nop
  892  0000185c          	L14_LF2:
  893  0000185c  8fa20000	lw	r2,0(r29)
  894  00001860  8fa30004	lw	r3,4(r29)
  895  00001864  8fdffff8	lw	r31,-8(r30)
  896  00001868  001ee820	add	r29,r0,r30
  897  0000186c  8fdefffc	lw	r30,-4(r30)
  898  00001870  4be00000	jr	r31
  899  00001874  54000000	nop
  900  00001878          	.endproc _dstrncpy
  901  00001878          	.align 2
  902  00001878          	.proc _dstrcat
  903  00001878          	.global _dstrcat
  904  00001878          	_dstrcat:
  905                      ;  Function 'dstrcat'; 8 bytes of locals, 1 regs to save.
  906  00001878  afbefffc	sw	-4(r29),r30; push fp
  907  0000187c  001df020	add	r30,r0,r29; fp = sp
  908  00001880  afbffff8	sw	-8(r29),r31; push ret addr
  909  00001884  2fbd0018	subui	r29,r29,#24; alloc local storage
  910  00001888  afa20000	sw	0(r29),r2
  911  0000188c  8fc10000	lw	r1,(r30)
  912  00001890  afc1fff4	sw	-12(r30),r1
  913  00001894          	L21_LF2:
  914  00001894  8fc10000	lw	r1,(r30)
  915  00001898  90220000	lbu	r2,(r1)
  916  0000189c  64410000	snei	r1,r2,#0
  917  000018a0  1420000c	bnez	r1,L23_LF2
  918  000018a4  54000000	nop; delay slot nop
  919  000018a8  0800001c	j	L22_LF2
  920  000018ac  54000000	nop; delay slot nop
  921  000018b0          	L23_LF2:
  922  000018b0  8fc20000	lw	r2,(r30)
  923  000018b4  20410001	addi	r1,r2,#1
  924  000018b8  00011020	add	r2,r0,r1
  925  000018bc  afc20000	sw	(r30),r2
  926  000018c0  0bffffd0	j	L21_LF2
  927  000018c4  54000000	nop; delay slot nop
  928  000018c8          	L22_LF2:
  929  000018c8  23bdfff8	addi	r29,r29,#-8
  930  000018cc  001d0820	add	r1,r0,r29
  931  000018d0  8fc20000	lw	r2,(r30)
  932  000018d4  ac220000	sw	(r1),r2
  933  000018d8  8fc20004	lw	r2,4(r30)
  934  000018dc  ac220004	sw	4(r1),r2
  935  000018e0  0ffffe5c	jal	_dstrcpy
  936  000018e4  54000000	nop; delay slot nop
  937  000018e8  23bd0008	addi	r29,r29,#8
  938  000018ec  8fc1fff4	lw	r1,-12(r30)
  939  000018f0  08000004	j	L20_LF2
  940  000018f4  54000000	nop; delay slot nop
  941  000018f8          	L20_LF2:
  942  000018f8  8fa20000	lw	r2,0(r29)
  943  000018fc  8fdffff8	lw	r31,-8(r30)
  944  00001900  001ee820	add	r29,r0,r30
  945  00001904  8fdefffc	lw	r30,-4(r30)
  946  00001908  4be00000	jr	r31
  947  0000190c  54000000	nop
  948  00001910          	.endproc _dstrcat
  949  00001910          	.align 2
  950  00001910          	.proc _dstrncmp
  951  00001910          	.global _dstrncmp
  952  00001910          	_dstrncmp:
  953                      ;  Function 'dstrncmp'; 8 bytes of locals, 2 regs to save.
  954  00001910  afbefffc	sw	-4(r29),r30; push fp
  955  00001914  001df020	add	r30,r0,r29; fp = sp
  956  00001918  afbffff8	sw	-8(r29),r31; push ret addr
  957  0000191c  2fbd0018	subui	r29,r29,#24; alloc local storage
  958  00001920  afa20000	sw	0(r29),r2
  959  00001924  afa30004	sw	4(r29),r3
  960  00001928  54000000	nop
  961  0000192c  20010000	addi	r1,r0,#0
  962  00001930  afc1fff4	sw	-12(r30),r1
  963  00001934          	L25_LF2:
  964  00001934  8fc1fff4	lw	r1,-12(r30)
  965  00001938  8fc20008	lw	r2,8(r30)
  966  0000193c  0022082a	slt	r1,r1,r2
  967  00001940  1420000c	bnez	r1,L28_LF2
  968  00001944  54000000	nop; delay slot nop
  969  00001948  08000088	j	L26_LF2
  970  0000194c  54000000	nop; delay slot nop
  971  00001950          	L28_LF2:
  972  00001950  8fc10004	lw	r1,4(r30)
  973  00001954  90220000	lbu	r2,(r1)
  974  00001958  64410000	snei	r1,r2,#0
  975  0000195c  14200018	bnez	r1,L29_LF2
  976  00001960  54000000	nop; delay slot nop
  977  00001964  20010000	addi	r1,r0,#0
  978  00001968  080000d8	j	L24_LF2
  979  0000196c  54000000	nop; delay slot nop
  980  00001970  08000028	j	L30_LF2
  981  00001974  54000000	nop; delay slot nop
  982  00001978          	L29_LF2:
  983  00001978  8fc10000	lw	r1,(r30)
  984  0000197c  8fc20004	lw	r2,4(r30)
  985  00001980  90210000	lbu	r1,(r1)
  986  00001984  90420000	lbu	r2,(r2)
  987  00001988  00220829	sne	r1,r1,r2
  988  0000198c  1020000c	beqz	r1,L30_LF2
  989  00001990  54000000	nop; delay slot nop
  990  00001994  0800003c	j	L26_LF2
  991  00001998  54000000	nop; delay slot nop
  992  0000199c          	L31_LF2:
  993  0000199c          	L30_LF2:
  994  0000199c  8fc20000	lw	r2,(r30)
  995  000019a0  20410001	addi	r1,r2,#1
  996  000019a4  00011020	add	r2,r0,r1
  997  000019a8  afc20000	sw	(r30),r2
  998  000019ac  8fc20004	lw	r2,4(r30)
  999  000019b0  20410001	addi	r1,r2,#1
 1000  000019b4  00011020	add	r2,r0,r1
 1001  000019b8  afc20004	sw	4(r30),r2
 1002  000019bc          	L27_LF2:
 1003  000019bc  8fc2fff4	lw	r2,-12(r30)
 1004  000019c0  20410001	addi	r1,r2,#1
 1005  000019c4  00011020	add	r2,r0,r1
 1006  000019c8  afc2fff4	sw	-12(r30),r2
 1007  000019cc  0bffff64	j	L25_LF2
 1008  000019d0  54000000	nop; delay slot nop
 1009  000019d4          	L26_LF2:
 1010  000019d4  8fc1fff4	lw	r1,-12(r30)
 1011  000019d8  8fc20008	lw	r2,8(r30)
 1012  000019dc  00220828	seq	r1,r1,r2
 1013  000019e0  10200018	beqz	r1,L32_LF2
 1014  000019e4  54000000	nop; delay slot nop
 1015  000019e8  20010000	addi	r1,r0,#0
 1016  000019ec  08000054	j	L24_LF2
 1017  000019f0  54000000	nop; delay slot nop
 1018  000019f4  0800004c	j	L33_LF2
 1019  000019f8  54000000	nop; delay slot nop
 1020  000019fc          	L32_LF2:
 1021  000019fc  8fc20000	lw	r2,(r30)
 1022  00001a00  90410000	lbu	r1,(r2)
 1023  00001a04  8fc20004	lw	r2,4(r30)
 1024  00001a08  90430000	lbu	r3,(r2)
 1025  00001a0c  00230822	sub	r1,r1,r3
 1026  00001a10  74220000	sgei	r2,r1,#0
 1027  00001a14  10400020	beqz	r2,L34_LF2
 1028  00001a18  54000000	nop; delay slot nop
 1029  00001a1c  8fc10000	lw	r1,(r30)
 1030  00001a20  8fc20004	lw	r2,4(r30)
 1031  00001a24  90210000	lbu	r1,(r1)
 1032  00001a28  90420000	lbu	r2,(r2)
 1033  00001a2c  00220829	sne	r1,r1,r2
 1034  00001a30  08000008	j	L35_LF2
 1035  00001a34  54000000	nop; delay slot nop
 1036  00001a38          	L34_LF2:
 1037  00001a38  2001ffff	addi	r1,r0,#-1
 1038  00001a3c          	L35_LF2:
 1039  00001a3c  08000004	j	L24_LF2
 1040  00001a40  54000000	nop; delay slot nop
 1041  00001a44          	L33_LF2:
 1042  00001a44          	L24_LF2:
 1043  00001a44  8fa20000	lw	r2,0(r29)
 1044  00001a48  8fa30004	lw	r3,4(r29)
 1045  00001a4c  8fdffff8	lw	r31,-8(r30)
 1046  00001a50  001ee820	add	r29,r0,r30
 1047  00001a54  8fdefffc	lw	r30,-4(r30)
 1048  00001a58  4be00000	jr	r31
 1049  00001a5c  54000000	nop
 1050  00001a60          	.endproc _dstrncmp
 1051  00001a60          	.align 2
 1052  00001a60          	.proc _dstrlen
 1053  00001a60          	.global _dstrlen
 1054  00001a60          	_dstrlen:
 1055                      ;  Function 'dstrlen'; 8 bytes of locals, 1 regs to save.
 1056  00001a60  afbefffc	sw	-4(r29),r30; push fp
 1057  00001a64  001df020	add	r30,r0,r29; fp = sp
 1058  00001a68  afbffff8	sw	-8(r29),r31; push ret addr
 1059  00001a6c  2fbd0018	subui	r29,r29,#24; alloc local storage
 1060  00001a70  afa20000	sw	0(r29),r2
 1061  00001a74  20010000	addi	r1,r0,#0
 1062  00001a78  afc1fff4	sw	-12(r30),r1
 1063  00001a7c          	L37_LF2:
 1064  00001a7c  8fc10000	lw	r1,(r30)
 1065  00001a80  20220001	addi	r2,r1,#1
 1066  00001a84  afc20000	sw	(r30),r2
 1067  00001a88  90210000	lbu	r1,(r1)
 1068  00001a8c  64220000	snei	r2,r1,#0
 1069  00001a90  1440000c	bnez	r2,L39_LF2
 1070  00001a94  54000000	nop; delay slot nop
 1071  00001a98  0800001c	j	L38_LF2
 1072  00001a9c  54000000	nop; delay slot nop
 1073  00001aa0          	L39_LF2:
 1074  00001aa0  8fc2fff4	lw	r2,-12(r30)
 1075  00001aa4  20410001	addi	r1,r2,#1
 1076  00001aa8  00011020	add	r2,r0,r1
 1077  00001aac  afc2fff4	sw	-12(r30),r2
 1078  00001ab0  0bffffc8	j	L37_LF2
 1079  00001ab4  54000000	nop; delay slot nop
 1080  00001ab8          	L38_LF2:
 1081  00001ab8  8fc1fff4	lw	r1,-12(r30)
 1082  00001abc  08000004	j	L36_LF2
 1083  00001ac0  54000000	nop; delay slot nop
 1084  00001ac4          	L36_LF2:
 1085  00001ac4  8fa20000	lw	r2,0(r29)
 1086  00001ac8  8fdffff8	lw	r31,-8(r30)
 1087  00001acc  001ee820	add	r29,r0,r30
 1088  00001ad0  8fdefffc	lw	r30,-4(r30)
 1089  00001ad4  4be00000	jr	r31
 1090  00001ad8  54000000	nop
 1091  00001adc          	.endproc _dstrlen
 1092  00001adc          	.align 2
 1093  00001adc          	.proc _dstrstr
 1094  00001adc          	.global _dstrstr
 1095  00001adc          	_dstrstr:
 1096                      ;  Function 'dstrstr'; 8 bytes of locals, 1 regs to save.
 1097  00001adc  afbefffc	sw	-4(r29),r30; push fp
 1098  00001ae0  001df020	add	r30,r0,r29; fp = sp
 1099  00001ae4  afbffff8	sw	-8(r29),r31; push ret addr
 1100  00001ae8  2fbd0018	subui	r29,r29,#24; alloc local storage
 1101  00001aec  afa20000	sw	0(r29),r2
 1102  00001af0  23bdfff8	addi	r29,r29,#-8
 1103  00001af4  001d0820	add	r1,r0,r29
 1104  00001af8  8fc20004	lw	r2,4(r30)
 1105  00001afc  ac220000	sw	(r1),r2
 1106  00001b00  0fffff5c	jal	_dstrlen
 1107  00001b04  54000000	nop; delay slot nop
 1108  00001b08  23bd0008	addi	r29,r29,#8
 1109  00001b0c  afc1fff4	sw	-12(r30),r1
 1110  00001b10          	L41_LF2:
 1111  00001b10  8fc10000	lw	r1,(r30)
 1112  00001b14  90220000	lbu	r2,(r1)
 1113  00001b18  64410000	snei	r1,r2,#0
 1114  00001b1c  1420000c	bnez	r1,L43_LF2
 1115  00001b20  54000000	nop; delay slot nop
 1116  00001b24  08000060	j	L42_LF2
 1117  00001b28  54000000	nop; delay slot nop
 1118  00001b2c          	L43_LF2:
 1119  00001b2c  23bdfff0	addi	r29,r29,#-16
 1120  00001b30  001d0820	add	r1,r0,r29
 1121  00001b34  8fc20000	lw	r2,(r30)
 1122  00001b38  ac220000	sw	(r1),r2
 1123  00001b3c  8fc20004	lw	r2,4(r30)
 1124  00001b40  ac220004	sw	4(r1),r2
 1125  00001b44  8fc2fff4	lw	r2,-12(r30)
 1126  00001b48  ac220008	sw	8(r1),r2
 1127  00001b4c  0ffffdc0	jal	_dstrncmp
 1128  00001b50  54000000	nop; delay slot nop
 1129  00001b54  23bd0010	addi	r29,r29,#16
 1130  00001b58  64220000	snei	r2,r1,#0
 1131  00001b5c  14400010	bnez	r2,L44_LF2
 1132  00001b60  54000000	nop; delay slot nop
 1133  00001b64  8fc10000	lw	r1,(r30)
 1134  00001b68  08000028	j	L40_LF2
 1135  00001b6c  54000000	nop; delay slot nop
 1136  00001b70          	L44_LF2:
 1137  00001b70  8fc20000	lw	r2,(r30)
 1138  00001b74  20410001	addi	r1,r2,#1
 1139  00001b78  00011020	add	r2,r0,r1
 1140  00001b7c  afc20000	sw	(r30),r2
 1141  00001b80  0bffff8c	j	L41_LF2
 1142  00001b84  54000000	nop; delay slot nop
 1143  00001b88          	L42_LF2:
 1144  00001b88  20010000	addi	r1,r0,#0
 1145  00001b8c  08000004	j	L40_LF2
 1146  00001b90  54000000	nop; delay slot nop
 1147  00001b94          	L40_LF2:
 1148  00001b94  8fa20000	lw	r2,0(r29)
 1149  00001b98  8fdffff8	lw	r31,-8(r30)
 1150  00001b9c  001ee820	add	r29,r0,r30
 1151  00001ba0  8fdefffc	lw	r30,-4(r30)
 1152  00001ba4  4be00000	jr	r31
 1153  00001ba8  54000000	nop
 1154  00001bac          	.endproc _dstrstr
 1155  00001bac          	.align 2
 1156  00001bac          	.proc _dmindex
 1157  00001bac          	.global _dmindex
 1158  00001bac          	_dmindex:
 1159                      ;  Function 'dmindex'; 8 bytes of locals, 1 regs to save.
 1160  00001bac  afbefffc	sw	-4(r29),r30; push fp
 1161  00001bb0  001df020	add	r30,r0,r29; fp = sp
 1162  00001bb4  afbffff8	sw	-8(r29),r31; push ret addr
 1163  00001bb8  2fbd0018	subui	r29,r29,#24; alloc local storage
 1164  00001bbc  afa20000	sw	0(r29),r2
 1165  00001bc0  54000000	nop
 1166  00001bc4          	L46_LF2:
 1167  00001bc4  8fc10000	lw	r1,(r30)
 1168  00001bc8  90220000	lbu	r2,(r1)
 1169  00001bcc  64410000	snei	r1,r2,#0
 1170  00001bd0  1420000c	bnez	r1,L48_LF2
 1171  00001bd4  54000000	nop; delay slot nop
 1172  00001bd8  08000070	j	L47_LF2
 1173  00001bdc  54000000	nop; delay slot nop
 1174  00001be0          	L48_LF2:
 1175  00001be0  8fc10004	lw	r1,4(r30)
 1176  00001be4  afc1fff4	sw	-12(r30),r1
 1177  00001be8          	L49_LF2:
 1178  00001be8  8fc1fff4	lw	r1,-12(r30)
 1179  00001bec  90220000	lbu	r2,(r1)
 1180  00001bf0  64410000	snei	r1,r2,#0
 1181  00001bf4  1420000c	bnez	r1,L52_LF2
 1182  00001bf8  54000000	nop; delay slot nop
 1183  00001bfc  08000044	j	L50_LF2
 1184  00001c00  54000000	nop; delay slot nop
 1185  00001c04          	L52_LF2:
 1186  00001c04  8fc10000	lw	r1,(r30)
 1187  00001c08  8fc2fff4	lw	r2,-12(r30)
 1188  00001c0c  90210000	lbu	r1,(r1)
 1189  00001c10  90420000	lbu	r2,(r2)
 1190  00001c14  00220828	seq	r1,r1,r2
 1191  00001c18  10200010	beqz	r1,L51_LF2
 1192  00001c1c  54000000	nop; delay slot nop
 1193  00001c20  8fc10000	lw	r1,(r30)
 1194  00001c24  08000030	j	L45_LF2
 1195  00001c28  54000000	nop; delay slot nop
 1196  00001c2c          	L53_LF2:
 1197  00001c2c          	L51_LF2:
 1198  00001c2c  8fc2fff4	lw	r2,-12(r30)
 1199  00001c30  20410001	addi	r1,r2,#1
 1200  00001c34  00011020	add	r2,r0,r1
 1201  00001c38  afc2fff4	sw	-12(r30),r2
 1202  00001c3c  0bffffa8	j	L49_LF2
 1203  00001c40  54000000	nop; delay slot nop
 1204  00001c44          	L50_LF2:
 1205  00001c44  0bffff7c	j	L46_LF2
 1206  00001c48  54000000	nop; delay slot nop
 1207  00001c4c          	L47_LF2:
 1208  00001c4c  20010000	addi	r1,r0,#0
 1209  00001c50  08000004	j	L45_LF2
 1210  00001c54  54000000	nop; delay slot nop
 1211  00001c58          	L45_LF2:
 1212  00001c58  8fa20000	lw	r2,0(r29)
 1213  00001c5c  8fdffff8	lw	r31,-8(r30)
 1214  00001c60  001ee820	add	r29,r0,r30
 1215  00001c64  8fdefffc	lw	r30,-4(r30)
 1216  00001c68  4be00000	jr	r31
 1217  00001c6c  54000000	nop
 1218  00001c70          	.endproc _dmindex
 1219  00001c70          	.align 2
 1220  00001c70          	.proc _dindex
 1221  00001c70          	.global _dindex
 1222  00001c70          	_dindex:
 1223                      ;  Function 'dindex'; 0 bytes of locals, 1 regs to save.
 1224  00001c70  afbefffc	sw	-4(r29),r30; push fp
 1225  00001c74  001df020	add	r30,r0,r29; fp = sp
 1226  00001c78  afbffff8	sw	-8(r29),r31; push ret addr
 1227  00001c7c  2fbd0010	subui	r29,r29,#16; alloc local storage
 1228  00001c80  afa20000	sw	0(r29),r2
 1229  00001c84  54000000	nop
 1230  00001c88          	L55_LF2:
 1231  00001c88  8fc10000	lw	r1,(r30)
 1232  00001c8c  90220000	lbu	r2,(r1)
 1233  00001c90  64410000	snei	r1,r2,#0
 1234  00001c94  1420000c	bnez	r1,L57_LF2
 1235  00001c98  54000000	nop; delay slot nop
 1236  00001c9c  08000040	j	L56_LF2
 1237  00001ca0  54000000	nop; delay slot nop
 1238  00001ca4          	L57_LF2:
 1239  00001ca4  8fc10000	lw	r1,(r30)
 1240  00001ca8  90220000	lbu	r2,(r1)
 1241  00001cac  8fc10004	lw	r1,4(r30)
 1242  00001cb0  00411028	seq	r2,r2,r1
 1243  00001cb4  10400010	beqz	r2,L58_LF2
 1244  00001cb8  54000000	nop; delay slot nop
 1245  00001cbc  8fc10000	lw	r1,(r30)
 1246  00001cc0  08000028	j	L54_LF2
 1247  00001cc4  54000000	nop; delay slot nop
 1248  00001cc8          	L58_LF2:
 1249  00001cc8  8fc20000	lw	r2,(r30)
 1250  00001ccc  20410001	addi	r1,r2,#1
 1251  00001cd0  00011020	add	r2,r0,r1
 1252  00001cd4  afc20000	sw	(r30),r2
 1253  00001cd8  0bffffac	j	L55_LF2
 1254  00001cdc  54000000	nop; delay slot nop
 1255  00001ce0          	L56_LF2:
 1256  00001ce0  20010000	addi	r1,r0,#0
 1257  00001ce4  08000004	j	L54_LF2
 1258  00001ce8  54000000	nop; delay slot nop
 1259  00001cec          	L54_LF2:
 1260  00001cec  8fa20000	lw	r2,0(r29)
 1261  00001cf0  8fdffff8	lw	r31,-8(r30)
 1262  00001cf4  001ee820	add	r29,r0,r30
 1263  00001cf8  8fdefffc	lw	r30,-4(r30)
 1264  00001cfc  4be00000	jr	r31
 1265  00001d00  54000000	nop
 1266  00001d04          	.endproc _dindex
 1267  00001d04          	.align 2
 1268  00001d04          	.proc _ditoa
 1269  00001d04          	.global _ditoa
 1270  00001d04          	_ditoa:
 1271                      ;  Function 'ditoa'; 8 bytes of locals, 2 regs to save.
 1272  00001d04  afbefffc	sw	-4(r29),r30; push fp
 1273  00001d08  001df020	add	r30,r0,r29; fp = sp
 1274  00001d0c  afbffff8	sw	-8(r29),r31; push ret addr
 1275  00001d10  2fbd0018	subui	r29,r29,#24; alloc local storage
 1276  00001d14  afa20000	sw	0(r29),r2
 1277  00001d18  afa30004	sw	4(r29),r3
 1278  00001d1c  8fc10000	lw	r1,(r30)
 1279  00001d20  68220000	slti	r2,r1,#0
 1280  00001d24  1040002c	beqz	r2,L60_LF2
 1281  00001d28  54000000	nop; delay slot nop
 1282  00001d2c  8fc10004	lw	r1,4(r30)
 1283  00001d30  20220001	addi	r2,r1,#1
 1284  00001d34  afc20004	sw	4(r30),r2
 1285  00001d38  2002002d	addi	r2,r0,(#0x2d)&0xff
 1286  00001d3c  a0220000	sb	(r1),r2
 1287  00001d40  8fc10000	lw	r1,(r30)
 1288  00001d44  00011022	sub	r2,r0,r1
 1289  00001d48  afc20000	sw	(r30),r2
 1290  00001d4c  08000118	j	L61_LF2
 1291  00001d50  54000000	nop; delay slot nop
 1292  00001d54          	L60_LF2:
 1293  00001d54  8fc10000	lw	r1,(r30)
 1294  00001d58  64220000	snei	r2,r1,#0
 1295  00001d5c  14400020	bnez	r2,L62_LF2
 1296  00001d60  54000000	nop; delay slot nop
 1297  00001d64  8fc10004	lw	r1,4(r30)
 1298  00001d68  20220001	addi	r2,r1,#1
 1299  00001d6c  afc20004	sw	4(r30),r2
 1300  00001d70  20020030	addi	r2,r0,(#0x30)&0xff
 1301  00001d74  a0220000	sb	(r1),r2
 1302  00001d78  080000ec	j	L61_LF2
 1303  00001d7c  54000000	nop; delay slot nop
 1304  00001d80          	L62_LF2:
 1305  00001d80  20010001	addi	r1,r0,#1
 1306  00001d84  afc1fff4	sw	-12(r30),r1
 1307  00001d88          	L64_LF2:
 1308  00001d88  8fc1fff4	lw	r1,-12(r30)
 1309  00001d8c  8fc20000	lw	r2,(r30)
 1310  00001d90  0022082c	sle	r1,r1,r2
 1311  00001d94  1420000c	bnez	r1,L66_LF2
 1312  00001d98  54000000	nop; delay slot nop
 1313  00001d9c  08000024	j	L65_LF2
 1314  00001da0  54000000	nop; delay slot nop
 1315  00001da4          	L67_LF2:
 1316  00001da4          	L66_LF2:
 1317  00001da4  8fc1fff4	lw	r1,-12(r30)
 1318  00001da8  00011820	add	r3,r0,r1
 1319  00001dac  50620002	slli	r2,r3,#0x2
 1320  00001db0  00411020	add	r2,r2,r1
 1321  00001db4  50410001	slli	r1,r2,#0x1
 1322  00001db8  afc1fff4	sw	-12(r30),r1
 1323  00001dbc  0bffffc8	j	L64_LF2
 1324  00001dc0  54000000	nop; delay slot nop
 1325  00001dc4          	L65_LF2:
 1326  00001dc4  54000000	nop
 1327  00001dc8          	L68_LF2:
 1328  00001dc8  8fc1fff4	lw	r1,-12(r30)
 1329  00001dcc  2002000a	addi	r2,r0,#10
 1330  00001dd0  00200035	movi2fp	f0,r1
 1331  00001dd4  00400835	movi2fp	f1,r2
 1332  00001dd8  0401000f	div	f0,f0,f1
 1333  00001ddc  00000834	movfp2i	r1,f0
 1334  00001de0  afc1fff4	sw	-12(r30),r1
 1335  00001de4  8fc10004	lw	r1,4(r30)
 1336  00001de8  20220001	addi	r2,r1,#1
 1337  00001dec  afc20004	sw	4(r30),r2
 1338  00001df0  8fc20000	lw	r2,(r30)
 1339  00001df4  8fc3fff4	lw	r3,-12(r30)
 1340  00001df8  00400035	movi2fp	f0,r2
 1341  00001dfc  00600835	movi2fp	f1,r3
 1342  00001e00  0401000f	div	f0,f0,f1
 1343  00001e04  00001034	movfp2i	r2,f0
 1344  00001e08  00021820	add	r3,r0,r2
 1345  00001e0c  20620030	addi	r2,r3,#48
 1346  00001e10  a0220000	sb	(r1),r2
 1347  00001e14  8fc10000	lw	r1,(r30)
 1348  00001e18  8fc3fff4	lw	r3,-12(r30)
 1349  00001e1c  00200035	movi2fp	f0,r1
 1350  00001e20  00600835	movi2fp	f1,r3
 1351  00001e24  0401000f	div	f0,f0,f1
 1352  00001e28  00001034	movfp2i	r2,f0
 1353  00001e2c  8fc3fff4	lw	r3,-12(r30)
 1354  00001e30  00400035	movi2fp	f0,r2
 1355  00001e34  00600835	movi2fp	f1,r3
 1356  00001e38  0401000e	mult	f0,f0,f1
 1357  00001e3c  00001034	movfp2i	r2,f0
 1358  00001e40  00220822	sub	r1,r1,r2
 1359  00001e44  afc10000	sw	(r30),r1
 1360  00001e48          	L70_LF2:
 1361  00001e48  8fc1fff4	lw	r1,-12(r30)
 1362  00001e4c  6c220001	sgti	r2,r1,#1
 1363  00001e50  1440000c	bnez	r2,L71_LF2
 1364  00001e54  54000000	nop; delay slot nop
 1365  00001e58  0800000c	j	L61_LF2
 1366  00001e5c  54000000	nop; delay slot nop
 1367  00001e60          	L71_LF2:
 1368  00001e60  0bffff64	j	L68_LF2
 1369  00001e64  54000000	nop; delay slot nop
 1370  00001e68          	L69_LF2:
 1371  00001e68          	L63_LF2:
 1372  00001e68          	L61_LF2:
 1373  00001e68  8fc10004	lw	r1,4(r30)
 1374  00001e6c  20020000	addi	r2,r0,(#0x0)&0xff
 1375  00001e70  a0220000	sb	(r1),r2
 1376  00001e74          	L59_LF2:
 1377  00001e74  8fa20000	lw	r2,0(r29)
 1378  00001e78  8fa30004	lw	r3,4(r29)
 1379  00001e7c  8fdffff8	lw	r31,-8(r30)
 1380  00001e80  001ee820	add	r29,r0,r30
 1381  00001e84  8fdefffc	lw	r30,-4(r30)
 1382  00001e88  4be00000	jr	r31
 1383  00001e8c  54000000	nop
 1384  00001e90          	.endproc _ditoa
 1385  00001e90          	.align 2
 1386  00001e90          	.proc _dstrtol
 1387  00001e90          	.global _dstrtol
 1388  00001e90          	_dstrtol:
 1389                      ;  Function 'dstrtol'; 16 bytes of locals, 1 regs to save.
 1390  00001e90  afbefffc	sw	-4(r29),r30; push fp
 1391  00001e94  001df020	add	r30,r0,r29; fp = sp
 1392  00001e98  afbffff8	sw	-8(r29),r31; push ret addr
 1393  00001e9c  2fbd0020	subui	r29,r29,#32; alloc local storage
 1394  00001ea0  afa20000	sw	0(r29),r2
 1395  00001ea4  20010000	addi	r1,r0,#0
 1396  00001ea8  afc1fff4	sw	-12(r30),r1
 1397  00001eac          	L73_LF2:
 1398  00001eac  8fc10000	lw	r1,(r30)
 1399  00001eb0  90220000	lbu	r2,(r1)
 1400  00001eb4  60410020	seqi	r1,r2,#32
 1401  00001eb8  14200034	bnez	r1,L75_LF2
 1402  00001ebc  54000000	nop; delay slot nop
 1403  00001ec0  8fc10000	lw	r1,(r30)
 1404  00001ec4  90220000	lbu	r2,(r1)
 1405  00001ec8  60410009	seqi	r1,r2,#9
 1406  00001ecc  14200020	bnez	r1,L75_LF2
 1407  00001ed0  54000000	nop; delay slot nop
 1408  00001ed4  8fc10000	lw	r1,(r30)
 1409  00001ed8  90220000	lbu	r2,(r1)
 1410  00001edc  6041000a	seqi	r1,r2,#10
 1411  00001ee0  1420000c	bnez	r1,L75_LF2
 1412  00001ee4  54000000	nop; delay slot nop
 1413  00001ee8  0800001c	j	L74_LF2
 1414  00001eec  54000000	nop; delay slot nop
 1415  00001ef0          	L75_LF2:
 1416  00001ef0  8fc20000	lw	r2,(r30)
 1417  00001ef4  20410001	addi	r1,r2,#1
 1418  00001ef8  00011020	add	r2,r0,r1
 1419  00001efc  afc20000	sw	(r30),r2
 1420  00001f00  0bffffa8	j	L73_LF2
 1421  00001f04  54000000	nop; delay slot nop
 1422  00001f08          	L74_LF2:
 1423  00001f08  8fc10004	lw	r1,4(r30)
 1424  00001f0c  64220000	snei	r2,r1,#0
 1425  00001f10  10400010	beqz	r2,L76_LF2
 1426  00001f14  54000000	nop; delay slot nop
 1427  00001f18  8fc10004	lw	r1,4(r30)
 1428  00001f1c  8fc20000	lw	r2,(r30)
 1429  00001f20  ac220000	sw	(r1),r2
 1430  00001f24          	L76_LF2:
 1431  00001f24  8fc10000	lw	r1,(r30)
 1432  00001f28  90220000	lbu	r2,(r1)
 1433  00001f2c  64410000	snei	r1,r2,#0
 1434  00001f30  14200010	bnez	r1,L77_LF2
 1435  00001f34  54000000	nop; delay slot nop
 1436  00001f38  8fc1fff4	lw	r1,-12(r30)
 1437  00001f3c  08000294	j	L72_LF2
 1438  00001f40  54000000	nop; delay slot nop
 1439  00001f44          	L77_LF2:
 1440  00001f44  8fc10000	lw	r1,(r30)
 1441  00001f48  90220000	lbu	r2,(r1)
 1442  00001f4c  6041002d	seqi	r1,r2,#45
 1443  00001f50  10200024	beqz	r1,L78_LF2
 1444  00001f54  54000000	nop; delay slot nop
 1445  00001f58  2001ffff	addi	r1,r0,#-1
 1446  00001f5c  afc1ffec	sw	-20(r30),r1
 1447  00001f60  8fc20000	lw	r2,(r30)
 1448  00001f64  20410001	addi	r1,r2,#1
 1449  00001f68  00011020	add	r2,r0,r1
 1450  00001f6c  afc20000	sw	(r30),r2
 1451  00001f70  0800000c	j	L79_LF2
 1452  00001f74  54000000	nop; delay slot nop
 1453  00001f78          	L78_LF2:
 1454  00001f78  20010001	addi	r1,r0,#1
 1455  00001f7c  afc1ffec	sw	-20(r30),r1
 1456  00001f80          	L79_LF2:
 1457  00001f80  8fc10008	lw	r1,8(r30)
 1458  00001f84  64220000	snei	r2,r1,#0
 1459  00001f88  14400090	bnez	r2,L80_LF2
 1460  00001f8c  54000000	nop; delay slot nop
 1461  00001f90  8fc10000	lw	r1,(r30)
 1462  00001f94  90220000	lbu	r2,(r1)
 1463  00001f98  60410030	seqi	r1,r2,#48
 1464  00001f9c  10200074	beqz	r1,L81_LF2
 1465  00001fa0  54000000	nop; delay slot nop
 1466  00001fa4  8fc20000	lw	r2,(r30)
 1467  00001fa8  20410001	addi	r1,r2,#1
 1468  00001fac  00011020	add	r2,r0,r1
 1469  00001fb0  afc20000	sw	(r30),r2
 1470  00001fb4  8fc10000	lw	r1,(r30)
 1471  00001fb8  90220000	lbu	r2,(r1)
 1472  00001fbc  60410078	seqi	r1,r2,#120
 1473  00001fc0  14200020	bnez	r1,L83_LF2
 1474  00001fc4  54000000	nop; delay slot nop
 1475  00001fc8  8fc10000	lw	r1,(r30)
 1476  00001fcc  90220000	lbu	r2,(r1)
 1477  00001fd0  60410058	seqi	r1,r2,#88
 1478  00001fd4  1420000c	bnez	r1,L83_LF2
 1479  00001fd8  54000000	nop; delay slot nop
 1480  00001fdc  08000024	j	L82_LF2
 1481  00001fe0  54000000	nop; delay slot nop
 1482  00001fe4          	L83_LF2:
 1483  00001fe4  20010010	addi	r1,r0,#16
 1484  00001fe8  afc10008	sw	8(r30),r1
 1485  00001fec  8fc20000	lw	r2,(r30)
 1486  00001ff0  20410001	addi	r1,r2,#1
 1487  00001ff4  00011020	add	r2,r0,r1
 1488  00001ff8  afc20000	sw	(r30),r2
 1489  00001ffc  0800000c	j	L84_LF2
 1490  00002000  54000000	nop; delay slot nop
 1491  00002004          	L82_LF2:
 1492  00002004  20010008	addi	r1,r0,#8
 1493  00002008  afc10008	sw	8(r30),r1
 1494  0000200c          	L84_LF2:
 1495  0000200c  0800000c	j	L80_LF2
 1496  00002010  54000000	nop; delay slot nop
 1497  00002014          	L81_LF2:
 1498  00002014  2001000a	addi	r1,r0,#10
 1499  00002018  afc10008	sw	8(r30),r1
 1500  0000201c          	L85_LF2:
 1501  0000201c          	L80_LF2:
 1502  0000201c  8fc10008	lw	r1,8(r30)
 1503  00002020  70220000	slei	r2,r1,#0
 1504  00002024  1440001c	bnez	r2,L87_LF2
 1505  00002028  54000000	nop; delay slot nop
 1506  0000202c  8fc10008	lw	r1,8(r30)
 1507  00002030  6c220010	sgti	r2,r1,#16
 1508  00002034  1440000c	bnez	r2,L87_LF2
 1509  00002038  54000000	nop; delay slot nop
 1510  0000203c  08000010	j	L86_LF2
 1511  00002040  54000000	nop; delay slot nop
 1512  00002044          	L87_LF2:
 1513  00002044  8fc1fff4	lw	r1,-12(r30)
 1514  00002048  08000188	j	L72_LF2
 1515  0000204c  54000000	nop; delay slot nop
 1516  00002050          	L86_LF2:
 1517  00002050  54000000	nop
 1518  00002054          	L88_LF2:
 1519  00002054  8fc10000	lw	r1,(r30)
 1520  00002058  90220000	lbu	r2,(r1)
 1521  0000205c  6c41002f	sgtui	r1,r2,#47
 1522  00002060  10200030	beqz	r1,L91_LF2
 1523  00002064  54000000	nop; delay slot nop
 1524  00002068  8fc10000	lw	r1,(r30)
 1525  0000206c  90220000	lbu	r2,(r1)
 1526  00002070  70410039	sleui	r1,r2,#57
 1527  00002074  1020001c	beqz	r1,L91_LF2
 1528  00002078  54000000	nop; delay slot nop
 1529  0000207c  8fc10000	lw	r1,(r30)
 1530  00002080  90220000	lbu	r2,(r1)
 1531  00002084  2041ffd0	addi	r1,r2,#-48
 1532  00002088  afc1fff0	sw	-16(r30),r1
 1533  0000208c  0800008c	j	L92_LF2
 1534  00002090  54000000	nop; delay slot nop
 1535  00002094          	L91_LF2:
 1536  00002094  8fc10000	lw	r1,(r30)
 1537  00002098  90220000	lbu	r2,(r1)
 1538  0000209c  6c410060	sgtui	r1,r2,#96
 1539  000020a0  10200030	beqz	r1,L93_LF2
 1540  000020a4  54000000	nop; delay slot nop
 1541  000020a8  8fc10000	lw	r1,(r30)
 1542  000020ac  90220000	lbu	r2,(r1)
 1543  000020b0  7041007a	sleui	r1,r2,#122
 1544  000020b4  1020001c	beqz	r1,L93_LF2
 1545  000020b8  54000000	nop; delay slot nop
 1546  000020bc  8fc10000	lw	r1,(r30)
 1547  000020c0  90220000	lbu	r2,(r1)
 1548  000020c4  2041ffa9	addi	r1,r2,#-87
 1549  000020c8  afc1fff0	sw	-16(r30),r1
 1550  000020cc  0800004c	j	L92_LF2
 1551  000020d0  54000000	nop; delay slot nop
 1552  000020d4          	L93_LF2:
 1553  000020d4  8fc10000	lw	r1,(r30)
 1554  000020d8  90220000	lbu	r2,(r1)
 1555  000020dc  6c410040	sgtui	r1,r2,#64
 1556  000020e0  10200030	beqz	r1,L95_LF2
 1557  000020e4  54000000	nop; delay slot nop
 1558  000020e8  8fc10000	lw	r1,(r30)
 1559  000020ec  90220000	lbu	r2,(r1)
 1560  000020f0  7041005a	sleui	r1,r2,#90
 1561  000020f4  1020001c	beqz	r1,L95_LF2
 1562  000020f8  54000000	nop; delay slot nop
 1563  000020fc  8fc10000	lw	r1,(r30)
 1564  00002100  90220000	lbu	r2,(r1)
 1565  00002104  2041ffc9	addi	r1,r2,#-55
 1566  00002108  afc1fff0	sw	-16(r30),r1
 1567  0000210c  0800000c	j	L92_LF2
 1568  00002110  54000000	nop; delay slot nop
 1569  00002114          	L95_LF2:
 1570  00002114  200103e8	addi	r1,r0,#1000
 1571  00002118  afc1fff0	sw	-16(r30),r1
 1572  0000211c          	L96_LF2:
 1573  0000211c          	L94_LF2:
 1574  0000211c          	L92_LF2:
 1575  0000211c  8fc1fff0	lw	r1,-16(r30)
 1576  00002120  8fc20008	lw	r2,8(r30)
 1577  00002124  0022082a	slt	r1,r1,r2
 1578  00002128  10200040	beqz	r1,L90_LF2
 1579  0000212c  54000000	nop; delay slot nop
 1580  00002130  8fc1fff4	lw	r1,-12(r30)
 1581  00002134  8fc20008	lw	r2,8(r30)
 1582  00002138  00200035	movi2fp	f0,r1
 1583  0000213c  00400835	movi2fp	f1,r2
 1584  00002140  0401000e	mult	f0,f0,f1
 1585  00002144  00000834	movfp2i	r1,f0
 1586  00002148  afc1fff4	sw	-12(r30),r1
 1587  0000214c  8fc1fff4	lw	r1,-12(r30)
 1588  00002150  8fc2fff0	lw	r2,-16(r30)
 1589  00002154  00220820	add	r1,r1,r2
 1590  00002158  afc1fff4	sw	-12(r30),r1
 1591  0000215c  8fc20000	lw	r2,(r30)
 1592  00002160  20410001	addi	r1,r2,#1
 1593  00002164  00011020	add	r2,r0,r1
 1594  00002168  afc20000	sw	(r30),r2
 1595  0000216c          	L97_LF2:
 1596  0000216c          	L90_LF2:
 1597  0000216c  8fc1fff0	lw	r1,-16(r30)
 1598  00002170  8fc20008	lw	r2,8(r30)
 1599  00002174  0022082a	slt	r1,r1,r2
 1600  00002178  1420000c	bnez	r1,L98_LF2
 1601  0000217c  54000000	nop; delay slot nop
 1602  00002180  0800000c	j	L89_LF2
 1603  00002184  54000000	nop; delay slot nop
 1604  00002188          	L98_LF2:
 1605  00002188  0bfffec8	j	L88_LF2
 1606  0000218c  54000000	nop; delay slot nop
 1607  00002190          	L89_LF2:
 1608  00002190  8fc10004	lw	r1,4(r30)
 1609  00002194  64220000	snei	r2,r1,#0
 1610  00002198  10400010	beqz	r2,L99_LF2
 1611  0000219c  54000000	nop; delay slot nop
 1612  000021a0  8fc10004	lw	r1,4(r30)
 1613  000021a4  8fc20000	lw	r2,(r30)
 1614  000021a8  ac220000	sw	(r1),r2
 1615  000021ac          	L99_LF2:
 1616  000021ac  8fc1fff4	lw	r1,-12(r30)
 1617  000021b0  8fc2ffec	lw	r2,-20(r30)
 1618  000021b4  00200035	movi2fp	f0,r1
 1619  000021b8  00400835	movi2fp	f1,r2
 1620  000021bc  0401000e	mult	f0,f0,f1
 1621  000021c0  00000834	movfp2i	r1,f0
 1622  000021c4  afc1fff4	sw	-12(r30),r1
 1623  000021c8  8fc1fff4	lw	r1,-12(r30)
 1624  000021cc  08000004	j	L72_LF2
 1625  000021d0  54000000	nop; delay slot nop
 1626  000021d4          	L72_LF2:
 1627  000021d4  8fa20000	lw	r2,0(r29)
 1628  000021d8  8fdffff8	lw	r31,-8(r30)
 1629  000021dc  001ee820	add	r29,r0,r30
 1630  000021e0  8fdefffc	lw	r30,-4(r30)
 1631  000021e4  4be00000	jr	r31
 1632  000021e8  54000000	nop
 1633  000021ec          	.endproc _dstrtol
 1634  000021ec          	.align 2
 1635  000021ec          	.proc _bcopy
 1636  000021ec          	.global _bcopy
 1637  000021ec          	_bcopy:
 1638                      ;  Function 'bcopy'; 0 bytes of locals, 2 regs to save.
 1639  000021ec  afbefffc	sw	-4(r29),r30; push fp
 1640  000021f0  001df020	add	r30,r0,r29; fp = sp
 1641  000021f4  afbffff8	sw	-8(r29),r31; push ret addr
 1642  000021f8  2fbd0010	subui	r29,r29,#16; alloc local storage
 1643  000021fc  afa20000	sw	0(r29),r2
 1644  00002200  afa30004	sw	4(r29),r3
 1645  00002204  54000000	nop
 1646  00002208          	L101_LF2:
 1647  00002208  8fc10008	lw	r1,8(r30)
 1648  0000220c  2022ffff	addi	r2,r1,#-1
 1649  00002210  afc20008	sw	8(r30),r2
 1650  00002214  6c210000	sgti	r1,r1,#0
 1651  00002218  1420000c	bnez	r1,L103_LF2
 1652  0000221c  54000000	nop; delay slot nop
 1653  00002220  0800002c	j	L102_LF2
 1654  00002224  54000000	nop; delay slot nop
 1655  00002228          	L103_LF2:
 1656  00002228  8fc10004	lw	r1,4(r30)
 1657  0000222c  20220001	addi	r2,r1,#1
 1658  00002230  afc20004	sw	4(r30),r2
 1659  00002234  8fc20000	lw	r2,(r30)
 1660  00002238  20430001	addi	r3,r2,#1
 1661  0000223c  afc30000	sw	(r30),r3
 1662  00002240  80420000	lb	r2,(r2)
 1663  00002244  a0220000	sb	(r1),r2
 1664  00002248  0bffffbc	j	L101_LF2
 1665  0000224c  54000000	nop; delay slot nop
 1666  00002250          	L102_LF2:
 1667  00002250          	L100_LF2:
 1668  00002250  8fa20000	lw	r2,0(r29)
 1669  00002254  8fa30004	lw	r3,4(r29)
 1670  00002258  8fdffff8	lw	r31,-8(r30)
 1671  0000225c  001ee820	add	r29,r0,r30
 1672  00002260  8fdefffc	lw	r30,-4(r30)
 1673  00002264  4be00000	jr	r31
 1674  00002268  54000000	nop
 1675  0000226c          	.endproc _bcopy
 1676  0000226c          	.align 2
 1677  0000226c          	.proc _bzero
 1678  0000226c          	.global _bzero
 1679  0000226c          	_bzero:
 1680                      ;  Function 'bzero'; 0 bytes of locals, 1 regs to save.
 1681  0000226c  afbefffc	sw	-4(r29),r30; push fp
 1682  00002270  001df020	add	r30,r0,r29; fp = sp
 1683  00002274  afbffff8	sw	-8(r29),r31; push ret addr
 1684  00002278  2fbd0010	subui	r29,r29,#16; alloc local storage
 1685  0000227c  afa20000	sw	0(r29),r2
 1686  00002280  54000000	nop
 1687  00002284          	L105_LF2:
 1688  00002284  8fc10004	lw	r1,4(r30)
 1689  00002288  2022ffff	addi	r2,r1,#-1
 1690  0000228c  afc20004	sw	4(r30),r2
 1691  00002290  6c210000	sgti	r1,r1,#0
 1692  00002294  1420000c	bnez	r1,L107_LF2
 1693  00002298  54000000	nop; delay slot nop
 1694  0000229c  08000020	j	L106_LF2
 1695  000022a0  54000000	nop; delay slot nop
 1696  000022a4          	L107_LF2:
 1697  000022a4  8fc10000	lw	r1,(r30)
 1698  000022a8  20220001	addi	r2,r1,#1
 1699  000022ac  afc20000	sw	(r30),r2
 1700  000022b0  20020000	addi	r2,r0,(#0x0)&0xff
 1701  000022b4  a0220000	sb	(r1),r2
 1702  000022b8  0bffffc8	j	L105_LF2
 1703  000022bc  54000000	nop; delay slot nop
 1704  000022c0          	L106_LF2:
 1705  000022c0          	L104_LF2:
 1706  000022c0  8fa20000	lw	r2,0(r29)
 1707  000022c4  8fdffff8	lw	r31,-8(r30)
 1708  000022c8  001ee820	add	r29,r0,r30
 1709  000022cc  8fdefffc	lw	r30,-4(r30)
 1710  000022d0  4be00000	jr	r31
 1711  000022d4  54000000	nop
 1712  000022d8          	.endproc _bzero
 1713  000022d8          	.align 2
 1714  000022d8          	.proc _min
 1715  000022d8          	.global _min
 1716  000022d8          	_min:
 1717                      ;  Function 'min'; 0 bytes of locals, 2 regs to save.
 1718  000022d8  afbefffc	sw	-4(r29),r30; push fp
 1719  000022dc  001df020	add	r30,r0,r29; fp = sp
 1720  000022e0  afbffff8	sw	-8(r29),r31; push ret addr
 1721  000022e4  2fbd0010	subui	r29,r29,#16; alloc local storage
 1722  000022e8  afa20000	sw	0(r29),r2
 1723  000022ec  afa30004	sw	4(r29),r3
 1724  000022f0  8fc10000	lw	r1,(r30)
 1725  000022f4  8fc20004	lw	r2,4(r30)
 1726  000022f8  0022182c	sle	r3,r1,r2
 1727  000022fc  14600008	bnez	r3,L109_LF2
 1728  00002300  54000000	nop; delay slot nop
 1729  00002304  8fc10004	lw	r1,4(r30)
 1730  00002308          	L109_LF2:
 1731  00002308  08000004	j	L108_LF2
 1732  0000230c  54000000	nop; delay slot nop
 1733  00002310          	L108_LF2:
 1734  00002310  8fa20000	lw	r2,0(r29)
 1735  00002314  8fa30004	lw	r3,4(r29)
 1736  00002318  8fdffff8	lw	r31,-8(r30)
 1737  0000231c  001ee820	add	r29,r0,r30
 1738  00002320  8fdefffc	lw	r30,-4(r30)
 1739  00002324  4be00000	jr	r31
 1740  00002328  54000000	nop
 1741  0000232c          	.endproc _min
 1742  0000232c          	.align 2
 1743  0000232c          	.proc _max
 1744  0000232c          	.global _max
 1745  0000232c          	_max:
 1746                      ;  Function 'max'; 0 bytes of locals, 2 regs to save.
 1747  0000232c  afbefffc	sw	-4(r29),r30; push fp
 1748  00002330  001df020	add	r30,r0,r29; fp = sp
 1749  00002334  afbffff8	sw	-8(r29),r31; push ret addr
 1750  00002338  2fbd0010	subui	r29,r29,#16; alloc local storage
 1751  0000233c  afa20000	sw	0(r29),r2
 1752  00002340  afa30004	sw	4(r29),r3
 1753  00002344  8fc10000	lw	r1,(r30)
 1754  00002348  8fc20004	lw	r2,4(r30)
 1755  0000234c  0022182d	sge	r3,r1,r2
 1756  00002350  14600008	bnez	r3,L111_LF2
 1757  00002354  54000000	nop; delay slot nop
 1758  00002358  8fc10004	lw	r1,4(r30)
 1759  0000235c          	L111_LF2:
 1760  0000235c  08000004	j	L110_LF2
 1761  00002360  54000000	nop; delay slot nop
 1762  00002364          	L110_LF2:
 1763  00002364  8fa20000	lw	r2,0(r29)
 1764  00002368  8fa30004	lw	r3,4(r29)
 1765  0000236c  8fdffff8	lw	r31,-8(r30)
 1766  00002370  001ee820	add	r29,r0,r30
 1767  00002374  8fdefffc	lw	r30,-4(r30)
 1768  00002378  4be00000	jr	r31
 1769  0000237c  54000000	nop
 1770  00002380          	.endproc _max
 1771                      ;;; Ethan L. Miller, 1999.  Released to the public domain
 1772                      ;;;
 1773                      ;;; Most of the traps are called in files from libtraps.
 1776  00002380          	.align 2
 1777  00002380          	.proc _exit
 1778  00002380          	.global _exit
 1779  00002380          	_exit:
 1780  00002380  44000300	trap	#0x300
 1781  00002384  4be00000	jr	r31
 1782  00002388  54000000	nop
 1783  0000238c          	.endproc _exit
 1785                      ; for the benefit of gcc.
 1786  0000238c          	.proc ___main
 1787  0000238c          	.global ___main
 1788  0000238c          	___main:
 1789  0000238c  4be00000	jr	r31
 1790  00002390  54000000	nop
 1791  00002394          	.endproc ___main
 1792  00002394          	.text
 1793  00002394          	.global _etext
 1794  00002394          	_etext:
 1795  00002394          	.align 3
 1796  00002398          	.data
 1797  000044de          	.global _edata
 1798  000044de          	_edata:
