 line   address	contents
    1                      ; Linked by DLX-LD.
    2                      ; MemSize 24576
    3                      ; Data size: 298
    4                      ; Text size: 4736
    5                      ; Stack size: 8192
    6  00000000          	.text 0x1000
    7  00001000          	.data 0x3000
    8                      ; Compiled by GCC
    9  00003000          	.text
   10  00001000          	.align 2
   11  00001000          	.proc _isspace
   12  00001000          	.global _isspace
   13  00001000          	_isspace:
   14                      ;  Function 'isspace'; 0 bytes of locals, 1 regs to save.
   15  00001000  afbefffc	sw	-4(r29),r30; push fp
   16  00001004  001df020	add	r30,r0,r29; fp = sp
   17  00001008  afbffff8	sw	-8(r29),r31; push ret addr
   18  0000100c  2fbd0010	subui	r29,r29,#16; alloc local storage
   19  00001010  afa20000	sw	0(r29),r2
   20  00001014  83c20003	lb	r2,3(r30)
   21  00001018  201f0000	addi	r31,r0,#0
   22  0000101c  304100ff	andi	r1,r2,#0x00ff
   23  00001020  60210020	seqi	r1,r1,#32
   24  00001024  14200018	bnez	r1,L6_LF0
   25  00001028  54000000	nop; not filled.
   26  0000102c  2041fff7	addi	r1,r2,#-9
   27  00001030  302100ff	andi	r1,r1,#0x00ff
   28  00001034  70210001	sleui	r1,r1,#1
   29  00001038  10200008	beqz	r1,L5_LF0
   30  0000103c  54000000	nop; not filled.
   31  00001040          	L6_LF0:
   32  00001040  201f0001	addi	r31,r0,#1
   33  00001044          	L5_LF0:
   34  00001044  001f0820	add	r1,r0,r31
   35  00001048  8fa20000	lw	r2,0(r29)
   36  0000104c  8fdffff8	lw	r31,-8(r30)
   37  00001050  001ee820	add	r29,r0,r30
   38  00001054  8fdefffc	lw	r30,-4(r30)
   39  00001058  4be00000	jr	r31
   40  0000105c  54000000	nop
   41  00001060          	.endproc _isspace
   42  00001060          	.align 2
   43  00001060          	.proc _isxdigit
   44  00001060          	.global _isxdigit
   45  00001060          	_isxdigit:
   46                      ;  Function 'isxdigit'; 0 bytes of locals, 1 regs to save.
   47  00001060  afbefffc	sw	-4(r29),r30; push fp
   48  00001064  001df020	add	r30,r0,r29; fp = sp
   49  00001068  afbffff8	sw	-8(r29),r31; push ret addr
   50  0000106c  2fbd0010	subui	r29,r29,#16; alloc local storage
   51  00001070  afa20000	sw	0(r29),r2
   52  00001074  83df0003	lb	r31,3(r30)
   53  00001078  20020000	addi	r2,r0,#0
   54  0000107c  23e1ffd0	addi	r1,r31,#-48
   55  00001080  302100ff	andi	r1,r1,#0x00ff
   56  00001084  70210009	sleui	r1,r1,#9
   57  00001088  14200028	bnez	r1,L12_LF0
   58  0000108c  54000000	nop; not filled.
   59  00001090  23e1ff9f	addi	r1,r31,#-97
   60  00001094  302100ff	andi	r1,r1,#0x00ff
   61  00001098  70210005	sleui	r1,r1,#5
   62  0000109c  14200014	bnez	r1,L12_LF0
   63  000010a0  54000000	nop; not filled.
   64  000010a4  33e100ff	andi	r1,r31,#0x00ff
   65  000010a8  64210041	snei	r1,r1,#65
   66  000010ac  14200008	bnez	r1,L11_LF0
   67  000010b0  54000000	nop; not filled.
   68  000010b4          	L12_LF0:
   69  000010b4  20020001	addi	r2,r0,#1
   70  000010b8          	L11_LF0:
   71  000010b8  00020820	add	r1,r0,r2
   72  000010bc  8fa20000	lw	r2,0(r29)
   73  000010c0  8fdffff8	lw	r31,-8(r30)
   74  000010c4  001ee820	add	r29,r0,r30
   75  000010c8  8fdefffc	lw	r30,-4(r30)
   76  000010cc  4be00000	jr	r31
   77  000010d0  54000000	nop
   78  000010d4          	.endproc _isxdigit
   79  000010d4          	.data
   80  00003000          	.align 2
   81  00003000          	LC0_LF0:
   82  00003000  55736167	.ascii "Usage: %s <handle_to_mailbox> <handle_to_page_mapped_semaphore>\n\000"
   82  00003004  653a2025	
   82  00003008  73203c68	
   82  0000300c  616e646c	
   82  00003010  655f746f	
   82  00003014  5f6d6169	
   82  00003018  6c626f78	
   82  0000301c  3e203c68	
   82  00003020  616e646c	
   82  00003024  655f746f	
   82  00003028  5f706167	
   82  0000302c  655f6d61	
   82  00003030  70706564	
   82  00003034  5f73656d	
   82  00003038  6170686f	
   82  0000303c  72653e0a	
   82  00003040  00      	
   83  00003041          	.align 2
   84  00003044          	LC1_LF0:
   85  00003044  73706177	.ascii "spawn_me (%d): Could not open the mailbox_N2!\n\000"
   85  00003048  6e5f6d65	
   85  0000304c  20282564	
   85  00003050  293a2043	
   85  00003054  6f756c64	
   85  00003058  206e6f74	
   85  0000305c  206f7065	
   85  00003060  6e207468	
   85  00003064  65206d61	
   85  00003068  696c626f	
   85  0000306c  785f4e32	
   85  00003070  210a00  	
   86  00003073          	.align 2
   87  00003074          	LC2_LF0:
   88  00003074  73706177	.ascii "spawn_me (%d): Could not open the mailbox_N!\n\000"
   88  00003078  6e5f6d65	
   88  0000307c  20282564	
   88  00003080  293a2043	
   88  00003084  6f756c64	
   88  00003088  206e6f74	
   88  0000308c  206f7065	
   88  00003090  6e207468	
   88  00003094  65206d61	
   88  00003098  696c626f	
   88  0000309c  785f4e21	
   88  000030a0  0a00    	
   89  000030a2          	.align 2
   90  000030a4          	LC3_LF0:
   91  000030a4  436f756c	.ascii "Could not receive message from mbox_N2!\n\000"
   91  000030a8  64206e6f	
   91  000030ac  74207265	
   91  000030b0  63656976	
   91  000030b4  65206d65	
   91  000030b8  73736167	
   91  000030bc  65206672	
   91  000030c0  6f6d206d	
   91  000030c4  626f785f	
   91  000030c8  4e32210a	
   91  000030cc  00      	
   92  000030cd          	.align 2
   93  000030d0          	LC4_LF0:
   94  000030d0  436f756c	.ascii "Could not send message to mbox_N!\n\000"
   94  000030d4  64206e6f	
   94  000030d8  74207365	
   94  000030dc  6e64206d	
   94  000030e0  65737361	
   94  000030e4  67652074	
   94  000030e8  6f206d62	
   94  000030ec  6f785f4e	
   94  000030f0  210a00  	
   95  000030f3          	.align 2
   96  000030f4          	LC5_LF0:
   97  000030f4  73706177	.ascii "spawn_me (%d): Bad semaphore s_procs_completed (%d)!\n\000"
   97  000030f8  6e5f6d65	
   97  000030fc  20282564	
   97  00003100  293a2042	
   97  00003104  61642073	
   97  00003108  656d6170	
   97  0000310c  686f7265	
   97  00003110  20735f70	
   97  00003114  726f6373	
   97  00003118  5f636f6d	
   97  0000311c  706c6574	
   97  00003120  65642028	
   97  00003124  25642921	
   97  00003128  0a00    	
   98  0000312a          	.text
   99  000010d4          	.align 2
  100  000010d4          	.proc _main
  101  000010d4          	.global _main
  102  000010d4          	_main:
  103                      ;  Function 'main'; 8 bytes of locals, 0 regs to save.
  104  000010d4  afbefffc	sw	-4(r29),r30; push fp
  105  000010d8  001df020	add	r30,r0,r29; fp = sp
  106  000010dc  afbffff8	sw	-8(r29),r31; push ret addr
  107  000010e0  2fbd0010	subui	r29,r29,#16; alloc local storage
  108  000010e4  8fc20000	lw	r2,(r30)
  109  000010e8  8fc30004	lw	r3,4(r30)
  110  000010ec  0c001188	jal	___main
  111  000010f0  54000000	nop; not filled.
  112  000010f4  64410004	snei	r1,r2,#4
  113  000010f8  10200028	beqz	r1,L14_LF0
  114  000010fc  54000000	nop; not filled.
  115  00001100  23bdfff8	addi	r29,r29,#-8
  116  00001104  3c050000	lhi	r5,((LC0_LF0)>>16)&0xffff
  117  00001108  24a53000	addui	r5,r5,(LC0_LF0)&0xffff
  118  0000110c  afa50000	sw	(r29),r5
  119  00001110  0c0002b4	jal	_Printf
  120  00001114  54000000	nop; not filled.
  121  00001118  0c0003b4	jal	_Exit
  122  0000111c  54000000	nop; not filled.
  123  00001120  23bd0008	addi	r29,r29,#8
  124  00001124          	L14_LF0:
  125  00001124  23bdfff0	addi	r29,r29,#-16
  126  00001128  8c650004	lw	r5,4(r3)
  127  0000112c  afa50000	sw	(r29),r5
  128  00001130  20050000	addi	r5,r0,#0
  129  00001134  afa50004	sw	4(r29),r5
  130  00001138  2005000a	addi	r5,r0,#10
  131  0000113c  afa50008	sw	8(r29),r5
  132  00001140  0c000c38	jal	_dstrtol
  133  00001144  54000000	nop; not filled.
  134  00001148  00011020	add	r2,r0,r1
  135  0000114c  8c650008	lw	r5,8(r3)
  136  00001150  afa50000	sw	(r29),r5
  137  00001154  20050000	addi	r5,r0,#0
  138  00001158  afa50004	sw	4(r29),r5
  139  0000115c  2005000a	addi	r5,r0,#10
  140  00001160  afa50008	sw	8(r29),r5
  141  00001164  0c000c14	jal	_dstrtol
  142  00001168  54000000	nop; not filled.
  143  0000116c  00012020	add	r4,r0,r1
  144  00001170  8c63000c	lw	r3,12(r3)
  145  00001174  afa30000	sw	(r29),r3
  146  00001178  20050000	addi	r5,r0,#0
  147  0000117c  afa50004	sw	4(r29),r5
  148  00001180  2005000a	addi	r5,r0,#10
  149  00001184  afa50008	sw	8(r29),r5
  150  00001188  0c000bf0	jal	_dstrtol
  151  0000118c  54000000	nop; not filled.
  152  00001190  00011820	add	r3,r0,r1
  153  00001194  afa20000	sw	(r29),r2
  154  00001198  0c0002ec	jal	_mbox_open
  155  0000119c  54000000	nop; not filled.
  156  000011a0  23bd0010	addi	r29,r29,#16
  157  000011a4  6021ffff	seqi	r1,r1,#-1
  158  000011a8  10200034	beqz	r1,L15_LF0
  159  000011ac  54000000	nop; not filled.
  160  000011b0  0c000220	jal	_getpid
  161  000011b4  54000000	nop; not filled.
  162  000011b8  23bdfff8	addi	r29,r29,#-8
  163  000011bc  3c050000	lhi	r5,((LC1_LF0)>>16)&0xffff
  164  000011c0  24a53044	addui	r5,r5,(LC1_LF0)&0xffff
  165  000011c4  afa50000	sw	(r29),r5
  166  000011c8  afa10004	sw	4(r29),r1
  167  000011cc  0c0001f8	jal	_Printf
  168  000011d0  54000000	nop; not filled.
  169  000011d4  0c0002f8	jal	_Exit
  170  000011d8  54000000	nop; not filled.
  171  000011dc  23bd0008	addi	r29,r29,#8
  172  000011e0          	L15_LF0:
  173  000011e0  23bdfff8	addi	r29,r29,#-8
  174  000011e4  afa40000	sw	(r29),r4
  175  000011e8  0c00029c	jal	_mbox_open
  176  000011ec  54000000	nop; not filled.
  177  000011f0  23bd0008	addi	r29,r29,#8
  178  000011f4  6021ffff	seqi	r1,r1,#-1
  179  000011f8  10200034	beqz	r1,L16_LF0
  180  000011fc  54000000	nop; not filled.
  181  00001200  0c0001d0	jal	_getpid
  182  00001204  54000000	nop; not filled.
  183  00001208  23bdfff8	addi	r29,r29,#-8
  184  0000120c  3c050000	lhi	r5,((LC2_LF0)>>16)&0xffff
  185  00001210  24a53074	addui	r5,r5,(LC2_LF0)&0xffff
  186  00001214  afa50000	sw	(r29),r5
  187  00001218  afa10004	sw	4(r29),r1
  188  0000121c  0c0001a8	jal	_Printf
  189  00001220  54000000	nop; not filled.
  190  00001224  0c0002a8	jal	_Exit
  191  00001228  54000000	nop; not filled.
  192  0000122c  23bd0008	addi	r29,r29,#8
  193  00001230          	L16_LF0:
  194  00001230  23bdfff0	addi	r29,r29,#-16
  195  00001234  afa20000	sw	(r29),r2
  196  00001238  20050008	addi	r5,r0,#8
  197  0000123c  afa50004	sw	4(r29),r5
  198  00001240  23c2fff0	addi	r2,r30,#-16
  199  00001244  afa20008	sw	8(r29),r2
  200  00001248  0c000260	jal	_mbox_recv
  201  0000124c  54000000	nop; not filled.
  202  00001250  23bd0010	addi	r29,r29,#16
  203  00001254  6021ffff	seqi	r1,r1,#-1
  204  00001258  10200028	beqz	r1,L17_LF0
  205  0000125c  54000000	nop; not filled.
  206  00001260  23bdfff8	addi	r29,r29,#-8
  207  00001264  3c050000	lhi	r5,((LC3_LF0)>>16)&0xffff
  208  00001268  24a530a4	addui	r5,r5,(LC3_LF0)&0xffff
  209  0000126c  afa50000	sw	(r29),r5
  210  00001270  0c000154	jal	_Printf
  211  00001274  54000000	nop; not filled.
  212  00001278  0c000254	jal	_Exit
  213  0000127c  54000000	nop; not filled.
  214  00001280  23bd0008	addi	r29,r29,#8
  215  00001284          	L17_LF0:
  216  00001284  23bdfff0	addi	r29,r29,#-16
  217  00001288  afa40000	sw	(r29),r4
  218  0000128c  20050008	addi	r5,r0,#8
  219  00001290  afa50004	sw	4(r29),r5
  220  00001294  afa20008	sw	8(r29),r2
  221  00001298  0c000204	jal	_mbox_send
  222  0000129c  54000000	nop; not filled.
  223  000012a0  23bd0010	addi	r29,r29,#16
  224  000012a4  6021ffff	seqi	r1,r1,#-1
  225  000012a8  10200028	beqz	r1,L18_LF0
  226  000012ac  54000000	nop; not filled.
  227  000012b0  23bdfff8	addi	r29,r29,#-8
  228  000012b4  3c050000	lhi	r5,((LC4_LF0)>>16)&0xffff
  229  000012b8  24a530d0	addui	r5,r5,(LC4_LF0)&0xffff
  230  000012bc  afa50000	sw	(r29),r5
  231  000012c0  0c000104	jal	_Printf
  232  000012c4  54000000	nop; not filled.
  233  000012c8  0c000204	jal	_Exit
  234  000012cc  54000000	nop; not filled.
  235  000012d0  23bd0008	addi	r29,r29,#8
  236  000012d4          	L18_LF0:
  237  000012d4  23bdfff0	addi	r29,r29,#-16
  238  000012d8  afa40000	sw	(r29),r4
  239  000012dc  20050008	addi	r5,r0,#8
  240  000012e0  afa50004	sw	4(r29),r5
  241  000012e4  afa20008	sw	8(r29),r2
  242  000012e8  0c0001b4	jal	_mbox_send
  243  000012ec  54000000	nop; not filled.
  244  000012f0  23bd0010	addi	r29,r29,#16
  245  000012f4  6021ffff	seqi	r1,r1,#-1
  246  000012f8  10200028	beqz	r1,L19_LF0
  247  000012fc  54000000	nop; not filled.
  248  00001300  23bdfff8	addi	r29,r29,#-8
  249  00001304  3c050000	lhi	r5,((LC4_LF0)>>16)&0xffff
  250  00001308  24a530d0	addui	r5,r5,(LC4_LF0)&0xffff
  251  0000130c  afa50000	sw	(r29),r5
  252  00001310  0c0000b4	jal	_Printf
  253  00001314  54000000	nop; not filled.
  254  00001318  0c0001b4	jal	_Exit
  255  0000131c  54000000	nop; not filled.
  256  00001320  23bd0008	addi	r29,r29,#8
  257  00001324          	L19_LF0:
  258  00001324  23bdfff8	addi	r29,r29,#-8
  259  00001328  afa30000	sw	(r29),r3
  260  0000132c  0c0000ec	jal	_sem_signal
  261  00001330  54000000	nop; not filled.
  262  00001334  23bd0008	addi	r29,r29,#8
  263  00001338  64210001	snei	r1,r1,#1
  264  0000133c  10200038	beqz	r1,L20_LF0
  265  00001340  54000000	nop; not filled.
  266  00001344  0c00008c	jal	_getpid
  267  00001348  54000000	nop; not filled.
  268  0000134c  23bdfff0	addi	r29,r29,#-16
  269  00001350  3c050000	lhi	r5,((LC5_LF0)>>16)&0xffff
  270  00001354  24a530f4	addui	r5,r5,(LC5_LF0)&0xffff
  271  00001358  afa50000	sw	(r29),r5
  272  0000135c  afa10004	sw	4(r29),r1
  273  00001360  afa30008	sw	8(r29),r3
  274  00001364  0c000060	jal	_Printf
  275  00001368  54000000	nop; not filled.
  276  0000136c  0c000160	jal	_Exit
  277  00001370  54000000	nop; not filled.
  278  00001374  23bd0010	addi	r29,r29,#16
  279  00001378          	L20_LF0:
  280  00001378  0c000ef0	jal	_exit
  281  0000137c  54000000	nop
  282  00001380          	.endproc _main
  283                      ;;;
  284                      ;;; Stub functions for DLX traps.
  285                      ;;;
  286                      ;;; Ethan L. Miller, 1999.  Released to the public domain.
  287                      ;;;
  288                      ;;; The traps such as Open and Close
  289                      ;;; (note the capital letters) are for use by user programs.  The traps
  290                      ;;; with names such as open and close (lower case) are for use by the OS.
  291                      ;;;
  294  00001380          	.align 2
  296                      ;;; The following are the traps to be used by user-level programs
  297                      ;;;
  299  00001380          	.align 2
  300  00001380          	.proc _Open
  301  00001380          	.global _Open
  302  00001380          	_Open:
  303                      ;;; Note that trap #0x213 actually causes a trap vector in the OS of
  304                      ;;; 0x1213.  The same is true for other user traps.  Thus, a user trap
  305                      ;;; with trap #0x240 will result in a trap vector of 0x1240 in the OS.
  306  00001380  44000213	trap	#0x213
  307  00001384  4be00000	jr	r31
  308  00001388  54000000	nop
  309  0000138c          	.endproc _Open
  311  0000138c          	.proc _Close
  312  0000138c          	.global _Close
  313  0000138c          	_Close:
  314  0000138c  44000214	trap	#0x214
  315  00001390  4be00000	jr	r31
  316  00001394  54000000	nop
  317  00001398          	.endproc _Close
  319  00001398          	.proc _Read
  320  00001398          	.global _Read
  321  00001398          	_Read:
  322  00001398  44000210	trap	#0x210
  323  0000139c  4be00000	jr	r31
  324  000013a0  54000000	nop
  325  000013a4          	.endproc _Read
  327  000013a4          	.proc _Write
  328  000013a4          	.global _Write
  329  000013a4          	_Write:
  330  000013a4  44000211	trap	#0x211
  331  000013a8  4be00000	jr	r31
  332  000013ac  54000000	nop
  333  000013b0          	.endproc _Write
  335  000013b0          	.proc _Lseek
  336  000013b0          	.global _Lseek
  337  000013b0          	_Lseek:
  338  000013b0  44000212	trap	#0x212
  339  000013b4  4be00000	jr	r31
  340  000013b8  54000000	nop
  341  000013bc          	.endproc _Lseek
  343  000013bc          	.proc _Putchar
  344  000013bc          	.global _Putchar
  345  000013bc          	_Putchar:
  346  000013bc  44000280	trap	#0x280
  347  000013c0  4be00000	jr	r31
  348  000013c4  54000000	nop
  349  000013c8          	.endproc _Putchar
  351  000013c8          	.proc _Printf
  352  000013c8          	.global _Printf
  353  000013c8          	_Printf:
  354  000013c8  44000201	trap	#0x201
  355  000013cc  4be00000	jr	r31
  356  000013d0  54000000	nop
  357  000013d4          	.endproc _Printf
  359  000013d4          	.proc _getpid
  360  000013d4          	.global _getpid
  361  000013d4          	_getpid:
  362  000013d4  44000431	trap	#0x431
  363  000013d8  4be00000	jr	r31
  364  000013dc  54000000	nop
  365  000013e0          	.endproc _getpid
  367  000013e0          	.proc _process_create
  368  000013e0          	.global _process_create
  369  000013e0          	_process_create:
  370  000013e0  44000432	trap	#0x432
  371  000013e4  4be00000	jr	r31
  372  000013e8  54000000	nop
  373  000013ec          	.endproc _process_create
  375  000013ec          	.proc _shmget
  376  000013ec          	.global _shmget
  377  000013ec          	_shmget:
  378  000013ec  44000440	trap	#0x440
  379  000013f0  4be00000	jr	r31
  380  000013f4  54000000	nop
  381  000013f8          	.endproc _shmget
  383  000013f8          	.proc _shmat
  384  000013f8          	.global _shmat
  385  000013f8          	_shmat:
  386  000013f8  44000441	trap	#0x441
  387  000013fc  4be00000	jr	r31
  388  00001400  54000000	nop
  389  00001404          	.endproc _shmat
  391  00001404          	.proc _sem_create
  392  00001404          	.global _sem_create
  393  00001404          	_sem_create:
  394  00001404  44000450	trap	#0x450
  395  00001408  4be00000	jr	r31
  396  0000140c  54000000	nop
  397  00001410          	.endproc _sem_create
  399  00001410          	.proc _sem_wait
  400  00001410          	.global _sem_wait
  401  00001410          	_sem_wait:
  402  00001410  44000451	trap	#0x451
  403  00001414  4be00000	jr	r31
  404  00001418  54000000	nop
  405  0000141c          	.endproc _sem_wait
  407  0000141c          	.proc _sem_signal
  408  0000141c          	.global _sem_signal
  409  0000141c          	_sem_signal:
  410  0000141c  44000452	trap	#0x452
  411  00001420  4be00000	jr	r31
  412  00001424  54000000	nop
  413  00001428          	.endproc _sem_signal
  415  00001428          	.proc _lock_create
  416  00001428          	.global _lock_create
  417  00001428          	_lock_create:
  418  00001428  44000453	trap	#0x453
  419  0000142c  4be00000	jr	r31
  420  00001430  54000000	nop
  421  00001434          	.endproc _lock_create
  423  00001434          	.proc _lock_acquire
  424  00001434          	.global _lock_acquire
  425  00001434          	_lock_acquire:
  426  00001434  44000454	trap	#0x454
  427  00001438  4be00000	jr	r31
  428  0000143c  54000000	nop
  429  00001440          	.endproc _lock_acquire
  431  00001440          	.proc _lock_release
  432  00001440          	.global _lock_release
  433  00001440          	_lock_release:
  434  00001440  44000455	trap	#0x455
  435  00001444  4be00000	jr	r31
  436  00001448  54000000	nop
  437  0000144c          	.endproc _lock_release
  439  0000144c          	.proc _cond_create
  440  0000144c          	.global _cond_create
  441  0000144c          	_cond_create:
  442  0000144c  44000456	trap	#0x456
  443  00001450  4be00000	jr	r31
  444  00001454  54000000	nop
  445  00001458          	.endproc _cond_create
  447  00001458          	.proc _cond_wait
  448  00001458          	.global _cond_wait
  449  00001458          	_cond_wait:
  450  00001458  44000457	trap	#0x457
  451  0000145c  4be00000	jr	r31
  452  00001460  54000000	nop
  453  00001464          	.endproc _cond_wait
  455  00001464          	.proc _cond_signal
  456  00001464          	.global _cond_signal
  457  00001464          	_cond_signal:
  458  00001464  44000458	trap	#0x458
  459  00001468  4be00000	jr	r31
  460  0000146c  54000000	nop
  461  00001470          	.endproc _cond_signal
  463  00001470          	.proc _cond_broadcast
  464  00001470          	.global _cond_broadcast
  465  00001470          	_cond_broadcast:
  466  00001470  44000459	trap	#0x459
  467  00001474  4be00000	jr	r31
  468  00001478  54000000	nop
  469  0000147c          	.endproc _cond_broadcast
  471  0000147c          	.proc _mbox_create
  472  0000147c          	.global _mbox_create
  473  0000147c          	_mbox_create:
  474  0000147c  44000460	trap	#0x460
  475  00001480  4be00000	jr	r31
  476  00001484  54000000	nop
  477  00001488          	.endproc _mbox_create
  479  00001488          	.proc _mbox_open
  480  00001488          	.global _mbox_open
  481  00001488          	_mbox_open:
  482  00001488  44000461	trap	#0x461
  483  0000148c  4be00000	jr	r31
  484  00001490  54000000	nop
  485  00001494          	.endproc _mbox_open
  487  00001494          	.proc _mbox_close
  488  00001494          	.global _mbox_close
  489  00001494          	_mbox_close:
  490  00001494  44000462	trap	#0x462
  491  00001498  4be00000	jr	r31
  492  0000149c  54000000	nop
  493  000014a0          	.endproc _mbox_close
  495  000014a0          	.proc _mbox_send
  496  000014a0          	.global _mbox_send
  497  000014a0          	_mbox_send:
  498  000014a0  44000463	trap	#0x463
  499  000014a4  4be00000	jr	r31
  500  000014a8  54000000	nop
  501  000014ac          	.endproc _mbox_send
  503  000014ac          	.proc _mbox_recv
  504  000014ac          	.global _mbox_recv
  505  000014ac          	_mbox_recv:
  506  000014ac  44000464	trap	#0x464
  507  000014b0  4be00000	jr	r31
  508  000014b4  54000000	nop
  509  000014b8          	.endproc _mbox_recv
  511  000014b8          	.proc _sleep
  512  000014b8          	.global _sleep
  513  000014b8          	_sleep:
  514  000014b8  44000465	trap	#0x465
  515  000014bc  4be00000	jr	r31
  516  000014c0  54000000	nop
  517  000014c4          	.endproc _sleep
  519  000014c4          	.proc _yield
  520  000014c4          	.global _yield
  521  000014c4          	_yield:
  522  000014c4  44000466	trap	#0x466
  523  000014c8  4be00000	jr	r31
  524  000014cc  54000000	nop
  525  000014d0          	.endproc _yield
  528  000014d0          	.proc _Exit
  529  000014d0          	.global _Exit
  530  000014d0          	_Exit:
  531  000014d0  44000500	trap	#0x500
  532  000014d4  4be00000	jr	r31
  533  000014d8  54000000	nop
  534  000014dc          	.endproc _Exit
  535                      ; Compiled by GCC
  537  000014dc          	.align 2
  538  000014dc          	.proc _isspace
  539  000014dc          	.global _isspace
  540  000014dc          	_isspace:
  541                      ;  Function 'isspace'; 0 bytes of locals, 3 regs to save.
  542  000014dc  afbefffc	sw	-4(r29),r30; push fp
  543  000014e0  001df020	add	r30,r0,r29; fp = sp
  544  000014e4  afbffff8	sw	-8(r29),r31; push ret addr
  545  000014e8  2fbd0018	subui	r29,r29,#24; alloc local storage
  546  000014ec  afa20000	sw	0(r29),r2
  547  000014f0  afa30004	sw	4(r29),r3
  548  000014f4  afa40008	sw	8(r29),r4
  549  000014f8  83c20003	lb	r2,3(r30)
  550  000014fc  20010000	addi	r1,r0,#0
  551  00001500  304300ff	andi	r3,r2,#0x00ff
  552  00001504  60640020	seqi	r4,r3,#32
  553  00001508  1480002c	bnez	r4,L3_LF2
  554  0000150c  54000000	nop; delay slot nop
  555  00001510  304300ff	andi	r3,r2,#0x00ff
  556  00001514  60640009	seqi	r4,r3,#9
  557  00001518  1480001c	bnez	r4,L3_LF2
  558  0000151c  54000000	nop; delay slot nop
  559  00001520  304300ff	andi	r3,r2,#0x00ff
  560  00001524  6064000a	seqi	r4,r3,#10
  561  00001528  1480000c	bnez	r4,L3_LF2
  562  0000152c  54000000	nop; delay slot nop
  563  00001530  08000008	j	L2_LF2
  564  00001534  54000000	nop; delay slot nop
  565  00001538          	L3_LF2:
  566  00001538  20010001	addi	r1,r0,#1
  567  0000153c          	L2_LF2:
  568  0000153c  08000004	j	L1_LF2
  569  00001540  54000000	nop; delay slot nop
  570  00001544          	L1_LF2:
  571  00001544  8fa20000	lw	r2,0(r29)
  572  00001548  8fa30004	lw	r3,4(r29)
  573  0000154c  8fa40008	lw	r4,8(r29)
  574  00001550  8fdffff8	lw	r31,-8(r30)
  575  00001554  001ee820	add	r29,r0,r30
  576  00001558  8fdefffc	lw	r30,-4(r30)
  577  0000155c  4be00000	jr	r31
  578  00001560  54000000	nop
  579  00001564          	.endproc _isspace
  580  00001564          	.align 2
  581  00001564          	.proc _isxdigit
  582  00001564          	.global _isxdigit
  583  00001564          	_isxdigit:
  584                      ;  Function 'isxdigit'; 0 bytes of locals, 3 regs to save.
  585  00001564  afbefffc	sw	-4(r29),r30; push fp
  586  00001568  001df020	add	r30,r0,r29; fp = sp
  587  0000156c  afbffff8	sw	-8(r29),r31; push ret addr
  588  00001570  2fbd0018	subui	r29,r29,#24; alloc local storage
  589  00001574  afa20000	sw	0(r29),r2
  590  00001578  afa30004	sw	4(r29),r3
  591  0000157c  afa40008	sw	8(r29),r4
  592  00001580  83c20003	lb	r2,3(r30)
  593  00001584  20010000	addi	r1,r0,#0
  594  00001588  304300ff	andi	r3,r2,#0x00ff
  595  0000158c  6c64002f	sgtui	r4,r3,#47
  596  00001590  1080001c	beqz	r4,L7_LF2
  597  00001594  54000000	nop; delay slot nop
  598  00001598  304300ff	andi	r3,r2,#0x00ff
  599  0000159c  70640039	sleui	r4,r3,#57
  600  000015a0  1480005c	bnez	r4,L6_LF2
  601  000015a4  54000000	nop; delay slot nop
  602  000015a8  08000004	j	L7_LF2
  603  000015ac  54000000	nop; delay slot nop
  604  000015b0          	L7_LF2:
  605  000015b0  304300ff	andi	r3,r2,#0x00ff
  606  000015b4  6c640060	sgtui	r4,r3,#96
  607  000015b8  1080001c	beqz	r4,L8_LF2
  608  000015bc  54000000	nop; delay slot nop
  609  000015c0  304300ff	andi	r3,r2,#0x00ff
  610  000015c4  70640066	sleui	r4,r3,#102
  611  000015c8  14800034	bnez	r4,L6_LF2
  612  000015cc  54000000	nop; delay slot nop
  613  000015d0  08000004	j	L8_LF2
  614  000015d4  54000000	nop; delay slot nop
  615  000015d8          	L8_LF2:
  616  000015d8  304300ff	andi	r3,r2,#0x00ff
  617  000015dc  6c640040	sgtui	r4,r3,#64
  618  000015e0  10800020	beqz	r4,L5_LF2
  619  000015e4  54000000	nop; delay slot nop
  620  000015e8  304300ff	andi	r3,r2,#0x00ff
  621  000015ec  70640041	sleui	r4,r3,#65
  622  000015f0  1480000c	bnez	r4,L6_LF2
  623  000015f4  54000000	nop; delay slot nop
  624  000015f8  08000008	j	L5_LF2
  625  000015fc  54000000	nop; delay slot nop
  626  00001600          	L6_LF2:
  627  00001600  20010001	addi	r1,r0,#1
  628  00001604          	L5_LF2:
  629  00001604  08000004	j	L4_LF2
  630  00001608  54000000	nop; delay slot nop
  631  0000160c          	L4_LF2:
  632  0000160c  8fa20000	lw	r2,0(r29)
  633  00001610  8fa30004	lw	r3,4(r29)
  634  00001614  8fa40008	lw	r4,8(r29)
  635  00001618  8fdffff8	lw	r31,-8(r30)
  636  0000161c  001ee820	add	r29,r0,r30
  637  00001620  8fdefffc	lw	r30,-4(r30)
  638  00001624  4be00000	jr	r31
  639  00001628  54000000	nop
  640  0000162c          	.endproc _isxdigit
  641  0000162c          	.align 2
  642  0000162c          	.proc _dstrcpy
  643  0000162c          	.global _dstrcpy
  644  0000162c          	_dstrcpy:
  645                      ;  Function 'dstrcpy'; 8 bytes of locals, 2 regs to save.
  646  0000162c  afbefffc	sw	-4(r29),r30; push fp
  647  00001630  001df020	add	r30,r0,r29; fp = sp
  648  00001634  afbffff8	sw	-8(r29),r31; push ret addr
  649  00001638  2fbd0018	subui	r29,r29,#24; alloc local storage
  650  0000163c  afa20000	sw	0(r29),r2
  651  00001640  afa30004	sw	4(r29),r3
  652  00001644  8fc10000	lw	r1,(r30)
  653  00001648  afc1fff4	sw	-12(r30),r1
  654  0000164c          	L10_LF2:
  655  0000164c  8fc10000	lw	r1,(r30)
  656  00001650  20220001	addi	r2,r1,#1
  657  00001654  afc20000	sw	(r30),r2
  658  00001658  8fc20004	lw	r2,4(r30)
  659  0000165c  20430001	addi	r3,r2,#1
  660  00001660  afc30004	sw	4(r30),r3
  661  00001664  80420000	lb	r2,(r2)
  662  00001668  a0220000	sb	(r1),r2
  663  0000166c  a3c2fff3	sb	-13(r30),r2
  664  00001670          	L12_LF2:
  665  00001670  93c1fff3	lbu	r1,-13(r30)
  666  00001674  64220000	snei	r2,r1,#0
  667  00001678  1440000c	bnez	r2,L13_LF2
  668  0000167c  54000000	nop; delay slot nop
  669  00001680  0800000c	j	L11_LF2
  670  00001684  54000000	nop; delay slot nop
  671  00001688          	L13_LF2:
  672  00001688  0bffffc0	j	L10_LF2
  673  0000168c  54000000	nop; delay slot nop
  674  00001690          	L11_LF2:
  675  00001690  8fc1fff4	lw	r1,-12(r30)
  676  00001694  08000004	j	L9_LF2
  677  00001698  54000000	nop; delay slot nop
  678  0000169c          	L9_LF2:
  679  0000169c  8fa20000	lw	r2,0(r29)
  680  000016a0  8fa30004	lw	r3,4(r29)
  681  000016a4  8fdffff8	lw	r31,-8(r30)
  682  000016a8  001ee820	add	r29,r0,r30
  683  000016ac  8fdefffc	lw	r30,-4(r30)
  684  000016b0  4be00000	jr	r31
  685  000016b4  54000000	nop
  686  000016b8          	.endproc _dstrcpy
  687  000016b8          	.align 2
  688  000016b8          	.proc _dstrncpy
  689  000016b8          	.global _dstrncpy
  690  000016b8          	_dstrncpy:
  691                      ;  Function 'dstrncpy'; 8 bytes of locals, 2 regs to save.
  692  000016b8  afbefffc	sw	-4(r29),r30; push fp
  693  000016bc  001df020	add	r30,r0,r29; fp = sp
  694  000016c0  afbffff8	sw	-8(r29),r31; push ret addr
  695  000016c4  2fbd0018	subui	r29,r29,#24; alloc local storage
  696  000016c8  afa20000	sw	0(r29),r2
  697  000016cc  afa30004	sw	4(r29),r3
  698  000016d0  8fc10000	lw	r1,(r30)
  699  000016d4  afc1fff4	sw	-12(r30),r1
  700  000016d8          	L15_LF2:
  701  000016d8  8fc10008	lw	r1,8(r30)
  702  000016dc  2022ffff	addi	r2,r1,#-1
  703  000016e0  afc20008	sw	8(r30),r2
  704  000016e4  70210000	slei	r1,r1,#0
  705  000016e8  1020000c	beqz	r1,L18_LF2
  706  000016ec  54000000	nop; delay slot nop
  707  000016f0  08000048	j	L16_LF2
  708  000016f4  54000000	nop; delay slot nop
  709  000016f8          	L18_LF2:
  710  000016f8  8fc10000	lw	r1,(r30)
  711  000016fc  20220001	addi	r2,r1,#1
  712  00001700  afc20000	sw	(r30),r2
  713  00001704  8fc20004	lw	r2,4(r30)
  714  00001708  20430001	addi	r3,r2,#1
  715  0000170c  afc30004	sw	4(r30),r3
  716  00001710  80420000	lb	r2,(r2)
  717  00001714  a0220000	sb	(r1),r2
  718  00001718  a3c2fff3	sb	-13(r30),r2
  719  0000171c          	L17_LF2:
  720  0000171c  93c1fff3	lbu	r1,-13(r30)
  721  00001720  64220000	snei	r2,r1,#0
  722  00001724  1440000c	bnez	r2,L19_LF2
  723  00001728  54000000	nop; delay slot nop
  724  0000172c  0800000c	j	L16_LF2
  725  00001730  54000000	nop; delay slot nop
  726  00001734          	L19_LF2:
  727  00001734  0bffffa0	j	L15_LF2
  728  00001738  54000000	nop; delay slot nop
  729  0000173c          	L16_LF2:
  730  0000173c  8fc1fff4	lw	r1,-12(r30)
  731  00001740  08000004	j	L14_LF2
  732  00001744  54000000	nop; delay slot nop
  733  00001748          	L14_LF2:
  734  00001748  8fa20000	lw	r2,0(r29)
  735  0000174c  8fa30004	lw	r3,4(r29)
  736  00001750  8fdffff8	lw	r31,-8(r30)
  737  00001754  001ee820	add	r29,r0,r30
  738  00001758  8fdefffc	lw	r30,-4(r30)
  739  0000175c  4be00000	jr	r31
  740  00001760  54000000	nop
  741  00001764          	.endproc _dstrncpy
  742  00001764          	.align 2
  743  00001764          	.proc _dstrcat
  744  00001764          	.global _dstrcat
  745  00001764          	_dstrcat:
  746                      ;  Function 'dstrcat'; 8 bytes of locals, 1 regs to save.
  747  00001764  afbefffc	sw	-4(r29),r30; push fp
  748  00001768  001df020	add	r30,r0,r29; fp = sp
  749  0000176c  afbffff8	sw	-8(r29),r31; push ret addr
  750  00001770  2fbd0018	subui	r29,r29,#24; alloc local storage
  751  00001774  afa20000	sw	0(r29),r2
  752  00001778  8fc10000	lw	r1,(r30)
  753  0000177c  afc1fff4	sw	-12(r30),r1
  754  00001780          	L21_LF2:
  755  00001780  8fc10000	lw	r1,(r30)
  756  00001784  90220000	lbu	r2,(r1)
  757  00001788  64410000	snei	r1,r2,#0
  758  0000178c  1420000c	bnez	r1,L23_LF2
  759  00001790  54000000	nop; delay slot nop
  760  00001794  0800001c	j	L22_LF2
  761  00001798  54000000	nop; delay slot nop
  762  0000179c          	L23_LF2:
  763  0000179c  8fc20000	lw	r2,(r30)
  764  000017a0  20410001	addi	r1,r2,#1
  765  000017a4  00011020	add	r2,r0,r1
  766  000017a8  afc20000	sw	(r30),r2
  767  000017ac  0bffffd0	j	L21_LF2
  768  000017b0  54000000	nop; delay slot nop
  769  000017b4          	L22_LF2:
  770  000017b4  23bdfff8	addi	r29,r29,#-8
  771  000017b8  001d0820	add	r1,r0,r29
  772  000017bc  8fc20000	lw	r2,(r30)
  773  000017c0  ac220000	sw	(r1),r2
  774  000017c4  8fc20004	lw	r2,4(r30)
  775  000017c8  ac220004	sw	4(r1),r2
  776  000017cc  0ffffe5c	jal	_dstrcpy
  777  000017d0  54000000	nop; delay slot nop
  778  000017d4  23bd0008	addi	r29,r29,#8
  779  000017d8  8fc1fff4	lw	r1,-12(r30)
  780  000017dc  08000004	j	L20_LF2
  781  000017e0  54000000	nop; delay slot nop
  782  000017e4          	L20_LF2:
  783  000017e4  8fa20000	lw	r2,0(r29)
  784  000017e8  8fdffff8	lw	r31,-8(r30)
  785  000017ec  001ee820	add	r29,r0,r30
  786  000017f0  8fdefffc	lw	r30,-4(r30)
  787  000017f4  4be00000	jr	r31
  788  000017f8  54000000	nop
  789  000017fc          	.endproc _dstrcat
  790  000017fc          	.align 2
  791  000017fc          	.proc _dstrncmp
  792  000017fc          	.global _dstrncmp
  793  000017fc          	_dstrncmp:
  794                      ;  Function 'dstrncmp'; 8 bytes of locals, 2 regs to save.
  795  000017fc  afbefffc	sw	-4(r29),r30; push fp
  796  00001800  001df020	add	r30,r0,r29; fp = sp
  797  00001804  afbffff8	sw	-8(r29),r31; push ret addr
  798  00001808  2fbd0018	subui	r29,r29,#24; alloc local storage
  799  0000180c  afa20000	sw	0(r29),r2
  800  00001810  afa30004	sw	4(r29),r3
  801  00001814  54000000	nop
  802  00001818  20010000	addi	r1,r0,#0
  803  0000181c  afc1fff4	sw	-12(r30),r1
  804  00001820          	L25_LF2:
  805  00001820  8fc1fff4	lw	r1,-12(r30)
  806  00001824  8fc20008	lw	r2,8(r30)
  807  00001828  0022082a	slt	r1,r1,r2
  808  0000182c  1420000c	bnez	r1,L28_LF2
  809  00001830  54000000	nop; delay slot nop
  810  00001834  08000088	j	L26_LF2
  811  00001838  54000000	nop; delay slot nop
  812  0000183c          	L28_LF2:
  813  0000183c  8fc10004	lw	r1,4(r30)
  814  00001840  90220000	lbu	r2,(r1)
  815  00001844  64410000	snei	r1,r2,#0
  816  00001848  14200018	bnez	r1,L29_LF2
  817  0000184c  54000000	nop; delay slot nop
  818  00001850  20010000	addi	r1,r0,#0
  819  00001854  080000d8	j	L24_LF2
  820  00001858  54000000	nop; delay slot nop
  821  0000185c  08000028	j	L30_LF2
  822  00001860  54000000	nop; delay slot nop
  823  00001864          	L29_LF2:
  824  00001864  8fc10000	lw	r1,(r30)
  825  00001868  8fc20004	lw	r2,4(r30)
  826  0000186c  90210000	lbu	r1,(r1)
  827  00001870  90420000	lbu	r2,(r2)
  828  00001874  00220829	sne	r1,r1,r2
  829  00001878  1020000c	beqz	r1,L30_LF2
  830  0000187c  54000000	nop; delay slot nop
  831  00001880  0800003c	j	L26_LF2
  832  00001884  54000000	nop; delay slot nop
  833  00001888          	L31_LF2:
  834  00001888          	L30_LF2:
  835  00001888  8fc20000	lw	r2,(r30)
  836  0000188c  20410001	addi	r1,r2,#1
  837  00001890  00011020	add	r2,r0,r1
  838  00001894  afc20000	sw	(r30),r2
  839  00001898  8fc20004	lw	r2,4(r30)
  840  0000189c  20410001	addi	r1,r2,#1
  841  000018a0  00011020	add	r2,r0,r1
  842  000018a4  afc20004	sw	4(r30),r2
  843  000018a8          	L27_LF2:
  844  000018a8  8fc2fff4	lw	r2,-12(r30)
  845  000018ac  20410001	addi	r1,r2,#1
  846  000018b0  00011020	add	r2,r0,r1
  847  000018b4  afc2fff4	sw	-12(r30),r2
  848  000018b8  0bffff64	j	L25_LF2
  849  000018bc  54000000	nop; delay slot nop
  850  000018c0          	L26_LF2:
  851  000018c0  8fc1fff4	lw	r1,-12(r30)
  852  000018c4  8fc20008	lw	r2,8(r30)
  853  000018c8  00220828	seq	r1,r1,r2
  854  000018cc  10200018	beqz	r1,L32_LF2
  855  000018d0  54000000	nop; delay slot nop
  856  000018d4  20010000	addi	r1,r0,#0
  857  000018d8  08000054	j	L24_LF2
  858  000018dc  54000000	nop; delay slot nop
  859  000018e0  0800004c	j	L33_LF2
  860  000018e4  54000000	nop; delay slot nop
  861  000018e8          	L32_LF2:
  862  000018e8  8fc20000	lw	r2,(r30)
  863  000018ec  90410000	lbu	r1,(r2)
  864  000018f0  8fc20004	lw	r2,4(r30)
  865  000018f4  90430000	lbu	r3,(r2)
  866  000018f8  00230822	sub	r1,r1,r3
  867  000018fc  74220000	sgei	r2,r1,#0
  868  00001900  10400020	beqz	r2,L34_LF2
  869  00001904  54000000	nop; delay slot nop
  870  00001908  8fc10000	lw	r1,(r30)
  871  0000190c  8fc20004	lw	r2,4(r30)
  872  00001910  90210000	lbu	r1,(r1)
  873  00001914  90420000	lbu	r2,(r2)
  874  00001918  00220829	sne	r1,r1,r2
  875  0000191c  08000008	j	L35_LF2
  876  00001920  54000000	nop; delay slot nop
  877  00001924          	L34_LF2:
  878  00001924  2001ffff	addi	r1,r0,#-1
  879  00001928          	L35_LF2:
  880  00001928  08000004	j	L24_LF2
  881  0000192c  54000000	nop; delay slot nop
  882  00001930          	L33_LF2:
  883  00001930          	L24_LF2:
  884  00001930  8fa20000	lw	r2,0(r29)
  885  00001934  8fa30004	lw	r3,4(r29)
  886  00001938  8fdffff8	lw	r31,-8(r30)
  887  0000193c  001ee820	add	r29,r0,r30
  888  00001940  8fdefffc	lw	r30,-4(r30)
  889  00001944  4be00000	jr	r31
  890  00001948  54000000	nop
  891  0000194c          	.endproc _dstrncmp
  892  0000194c          	.align 2
  893  0000194c          	.proc _dstrlen
  894  0000194c          	.global _dstrlen
  895  0000194c          	_dstrlen:
  896                      ;  Function 'dstrlen'; 8 bytes of locals, 1 regs to save.
  897  0000194c  afbefffc	sw	-4(r29),r30; push fp
  898  00001950  001df020	add	r30,r0,r29; fp = sp
  899  00001954  afbffff8	sw	-8(r29),r31; push ret addr
  900  00001958  2fbd0018	subui	r29,r29,#24; alloc local storage
  901  0000195c  afa20000	sw	0(r29),r2
  902  00001960  20010000	addi	r1,r0,#0
  903  00001964  afc1fff4	sw	-12(r30),r1
  904  00001968          	L37_LF2:
  905  00001968  8fc10000	lw	r1,(r30)
  906  0000196c  20220001	addi	r2,r1,#1
  907  00001970  afc20000	sw	(r30),r2
  908  00001974  90210000	lbu	r1,(r1)
  909  00001978  64220000	snei	r2,r1,#0
  910  0000197c  1440000c	bnez	r2,L39_LF2
  911  00001980  54000000	nop; delay slot nop
  912  00001984  0800001c	j	L38_LF2
  913  00001988  54000000	nop; delay slot nop
  914  0000198c          	L39_LF2:
  915  0000198c  8fc2fff4	lw	r2,-12(r30)
  916  00001990  20410001	addi	r1,r2,#1
  917  00001994  00011020	add	r2,r0,r1
  918  00001998  afc2fff4	sw	-12(r30),r2
  919  0000199c  0bffffc8	j	L37_LF2
  920  000019a0  54000000	nop; delay slot nop
  921  000019a4          	L38_LF2:
  922  000019a4  8fc1fff4	lw	r1,-12(r30)
  923  000019a8  08000004	j	L36_LF2
  924  000019ac  54000000	nop; delay slot nop
  925  000019b0          	L36_LF2:
  926  000019b0  8fa20000	lw	r2,0(r29)
  927  000019b4  8fdffff8	lw	r31,-8(r30)
  928  000019b8  001ee820	add	r29,r0,r30
  929  000019bc  8fdefffc	lw	r30,-4(r30)
  930  000019c0  4be00000	jr	r31
  931  000019c4  54000000	nop
  932  000019c8          	.endproc _dstrlen
  933  000019c8          	.align 2
  934  000019c8          	.proc _dstrstr
  935  000019c8          	.global _dstrstr
  936  000019c8          	_dstrstr:
  937                      ;  Function 'dstrstr'; 8 bytes of locals, 1 regs to save.
  938  000019c8  afbefffc	sw	-4(r29),r30; push fp
  939  000019cc  001df020	add	r30,r0,r29; fp = sp
  940  000019d0  afbffff8	sw	-8(r29),r31; push ret addr
  941  000019d4  2fbd0018	subui	r29,r29,#24; alloc local storage
  942  000019d8  afa20000	sw	0(r29),r2
  943  000019dc  23bdfff8	addi	r29,r29,#-8
  944  000019e0  001d0820	add	r1,r0,r29
  945  000019e4  8fc20004	lw	r2,4(r30)
  946  000019e8  ac220000	sw	(r1),r2
  947  000019ec  0fffff5c	jal	_dstrlen
  948  000019f0  54000000	nop; delay slot nop
  949  000019f4  23bd0008	addi	r29,r29,#8
  950  000019f8  afc1fff4	sw	-12(r30),r1
  951  000019fc          	L41_LF2:
  952  000019fc  8fc10000	lw	r1,(r30)
  953  00001a00  90220000	lbu	r2,(r1)
  954  00001a04  64410000	snei	r1,r2,#0
  955  00001a08  1420000c	bnez	r1,L43_LF2
  956  00001a0c  54000000	nop; delay slot nop
  957  00001a10  08000060	j	L42_LF2
  958  00001a14  54000000	nop; delay slot nop
  959  00001a18          	L43_LF2:
  960  00001a18  23bdfff0	addi	r29,r29,#-16
  961  00001a1c  001d0820	add	r1,r0,r29
  962  00001a20  8fc20000	lw	r2,(r30)
  963  00001a24  ac220000	sw	(r1),r2
  964  00001a28  8fc20004	lw	r2,4(r30)
  965  00001a2c  ac220004	sw	4(r1),r2
  966  00001a30  8fc2fff4	lw	r2,-12(r30)
  967  00001a34  ac220008	sw	8(r1),r2
  968  00001a38  0ffffdc0	jal	_dstrncmp
  969  00001a3c  54000000	nop; delay slot nop
  970  00001a40  23bd0010	addi	r29,r29,#16
  971  00001a44  64220000	snei	r2,r1,#0
  972  00001a48  14400010	bnez	r2,L44_LF2
  973  00001a4c  54000000	nop; delay slot nop
  974  00001a50  8fc10000	lw	r1,(r30)
  975  00001a54  08000028	j	L40_LF2
  976  00001a58  54000000	nop; delay slot nop
  977  00001a5c          	L44_LF2:
  978  00001a5c  8fc20000	lw	r2,(r30)
  979  00001a60  20410001	addi	r1,r2,#1
  980  00001a64  00011020	add	r2,r0,r1
  981  00001a68  afc20000	sw	(r30),r2
  982  00001a6c  0bffff8c	j	L41_LF2
  983  00001a70  54000000	nop; delay slot nop
  984  00001a74          	L42_LF2:
  985  00001a74  20010000	addi	r1,r0,#0
  986  00001a78  08000004	j	L40_LF2
  987  00001a7c  54000000	nop; delay slot nop
  988  00001a80          	L40_LF2:
  989  00001a80  8fa20000	lw	r2,0(r29)
  990  00001a84  8fdffff8	lw	r31,-8(r30)
  991  00001a88  001ee820	add	r29,r0,r30
  992  00001a8c  8fdefffc	lw	r30,-4(r30)
  993  00001a90  4be00000	jr	r31
  994  00001a94  54000000	nop
  995  00001a98          	.endproc _dstrstr
  996  00001a98          	.align 2
  997  00001a98          	.proc _dmindex
  998  00001a98          	.global _dmindex
  999  00001a98          	_dmindex:
 1000                      ;  Function 'dmindex'; 8 bytes of locals, 1 regs to save.
 1001  00001a98  afbefffc	sw	-4(r29),r30; push fp
 1002  00001a9c  001df020	add	r30,r0,r29; fp = sp
 1003  00001aa0  afbffff8	sw	-8(r29),r31; push ret addr
 1004  00001aa4  2fbd0018	subui	r29,r29,#24; alloc local storage
 1005  00001aa8  afa20000	sw	0(r29),r2
 1006  00001aac  54000000	nop
 1007  00001ab0          	L46_LF2:
 1008  00001ab0  8fc10000	lw	r1,(r30)
 1009  00001ab4  90220000	lbu	r2,(r1)
 1010  00001ab8  64410000	snei	r1,r2,#0
 1011  00001abc  1420000c	bnez	r1,L48_LF2
 1012  00001ac0  54000000	nop; delay slot nop
 1013  00001ac4  08000070	j	L47_LF2
 1014  00001ac8  54000000	nop; delay slot nop
 1015  00001acc          	L48_LF2:
 1016  00001acc  8fc10004	lw	r1,4(r30)
 1017  00001ad0  afc1fff4	sw	-12(r30),r1
 1018  00001ad4          	L49_LF2:
 1019  00001ad4  8fc1fff4	lw	r1,-12(r30)
 1020  00001ad8  90220000	lbu	r2,(r1)
 1021  00001adc  64410000	snei	r1,r2,#0
 1022  00001ae0  1420000c	bnez	r1,L52_LF2
 1023  00001ae4  54000000	nop; delay slot nop
 1024  00001ae8  08000044	j	L50_LF2
 1025  00001aec  54000000	nop; delay slot nop
 1026  00001af0          	L52_LF2:
 1027  00001af0  8fc10000	lw	r1,(r30)
 1028  00001af4  8fc2fff4	lw	r2,-12(r30)
 1029  00001af8  90210000	lbu	r1,(r1)
 1030  00001afc  90420000	lbu	r2,(r2)
 1031  00001b00  00220828	seq	r1,r1,r2
 1032  00001b04  10200010	beqz	r1,L51_LF2
 1033  00001b08  54000000	nop; delay slot nop
 1034  00001b0c  8fc10000	lw	r1,(r30)
 1035  00001b10  08000030	j	L45_LF2
 1036  00001b14  54000000	nop; delay slot nop
 1037  00001b18          	L53_LF2:
 1038  00001b18          	L51_LF2:
 1039  00001b18  8fc2fff4	lw	r2,-12(r30)
 1040  00001b1c  20410001	addi	r1,r2,#1
 1041  00001b20  00011020	add	r2,r0,r1
 1042  00001b24  afc2fff4	sw	-12(r30),r2
 1043  00001b28  0bffffa8	j	L49_LF2
 1044  00001b2c  54000000	nop; delay slot nop
 1045  00001b30          	L50_LF2:
 1046  00001b30  0bffff7c	j	L46_LF2
 1047  00001b34  54000000	nop; delay slot nop
 1048  00001b38          	L47_LF2:
 1049  00001b38  20010000	addi	r1,r0,#0
 1050  00001b3c  08000004	j	L45_LF2
 1051  00001b40  54000000	nop; delay slot nop
 1052  00001b44          	L45_LF2:
 1053  00001b44  8fa20000	lw	r2,0(r29)
 1054  00001b48  8fdffff8	lw	r31,-8(r30)
 1055  00001b4c  001ee820	add	r29,r0,r30
 1056  00001b50  8fdefffc	lw	r30,-4(r30)
 1057  00001b54  4be00000	jr	r31
 1058  00001b58  54000000	nop
 1059  00001b5c          	.endproc _dmindex
 1060  00001b5c          	.align 2
 1061  00001b5c          	.proc _dindex
 1062  00001b5c          	.global _dindex
 1063  00001b5c          	_dindex:
 1064                      ;  Function 'dindex'; 0 bytes of locals, 1 regs to save.
 1065  00001b5c  afbefffc	sw	-4(r29),r30; push fp
 1066  00001b60  001df020	add	r30,r0,r29; fp = sp
 1067  00001b64  afbffff8	sw	-8(r29),r31; push ret addr
 1068  00001b68  2fbd0010	subui	r29,r29,#16; alloc local storage
 1069  00001b6c  afa20000	sw	0(r29),r2
 1070  00001b70  54000000	nop
 1071  00001b74          	L55_LF2:
 1072  00001b74  8fc10000	lw	r1,(r30)
 1073  00001b78  90220000	lbu	r2,(r1)
 1074  00001b7c  64410000	snei	r1,r2,#0
 1075  00001b80  1420000c	bnez	r1,L57_LF2
 1076  00001b84  54000000	nop; delay slot nop
 1077  00001b88  08000040	j	L56_LF2
 1078  00001b8c  54000000	nop; delay slot nop
 1079  00001b90          	L57_LF2:
 1080  00001b90  8fc10000	lw	r1,(r30)
 1081  00001b94  90220000	lbu	r2,(r1)
 1082  00001b98  8fc10004	lw	r1,4(r30)
 1083  00001b9c  00411028	seq	r2,r2,r1
 1084  00001ba0  10400010	beqz	r2,L58_LF2
 1085  00001ba4  54000000	nop; delay slot nop
 1086  00001ba8  8fc10000	lw	r1,(r30)
 1087  00001bac  08000028	j	L54_LF2
 1088  00001bb0  54000000	nop; delay slot nop
 1089  00001bb4          	L58_LF2:
 1090  00001bb4  8fc20000	lw	r2,(r30)
 1091  00001bb8  20410001	addi	r1,r2,#1
 1092  00001bbc  00011020	add	r2,r0,r1
 1093  00001bc0  afc20000	sw	(r30),r2
 1094  00001bc4  0bffffac	j	L55_LF2
 1095  00001bc8  54000000	nop; delay slot nop
 1096  00001bcc          	L56_LF2:
 1097  00001bcc  20010000	addi	r1,r0,#0
 1098  00001bd0  08000004	j	L54_LF2
 1099  00001bd4  54000000	nop; delay slot nop
 1100  00001bd8          	L54_LF2:
 1101  00001bd8  8fa20000	lw	r2,0(r29)
 1102  00001bdc  8fdffff8	lw	r31,-8(r30)
 1103  00001be0  001ee820	add	r29,r0,r30
 1104  00001be4  8fdefffc	lw	r30,-4(r30)
 1105  00001be8  4be00000	jr	r31
 1106  00001bec  54000000	nop
 1107  00001bf0          	.endproc _dindex
 1108  00001bf0          	.align 2
 1109  00001bf0          	.proc _ditoa
 1110  00001bf0          	.global _ditoa
 1111  00001bf0          	_ditoa:
 1112                      ;  Function 'ditoa'; 8 bytes of locals, 2 regs to save.
 1113  00001bf0  afbefffc	sw	-4(r29),r30; push fp
 1114  00001bf4  001df020	add	r30,r0,r29; fp = sp
 1115  00001bf8  afbffff8	sw	-8(r29),r31; push ret addr
 1116  00001bfc  2fbd0018	subui	r29,r29,#24; alloc local storage
 1117  00001c00  afa20000	sw	0(r29),r2
 1118  00001c04  afa30004	sw	4(r29),r3
 1119  00001c08  8fc10000	lw	r1,(r30)
 1120  00001c0c  68220000	slti	r2,r1,#0
 1121  00001c10  1040002c	beqz	r2,L60_LF2
 1122  00001c14  54000000	nop; delay slot nop
 1123  00001c18  8fc10004	lw	r1,4(r30)
 1124  00001c1c  20220001	addi	r2,r1,#1
 1125  00001c20  afc20004	sw	4(r30),r2
 1126  00001c24  2002002d	addi	r2,r0,(#0x2d)&0xff
 1127  00001c28  a0220000	sb	(r1),r2
 1128  00001c2c  8fc10000	lw	r1,(r30)
 1129  00001c30  00011022	sub	r2,r0,r1
 1130  00001c34  afc20000	sw	(r30),r2
 1131  00001c38  08000118	j	L61_LF2
 1132  00001c3c  54000000	nop; delay slot nop
 1133  00001c40          	L60_LF2:
 1134  00001c40  8fc10000	lw	r1,(r30)
 1135  00001c44  64220000	snei	r2,r1,#0
 1136  00001c48  14400020	bnez	r2,L62_LF2
 1137  00001c4c  54000000	nop; delay slot nop
 1138  00001c50  8fc10004	lw	r1,4(r30)
 1139  00001c54  20220001	addi	r2,r1,#1
 1140  00001c58  afc20004	sw	4(r30),r2
 1141  00001c5c  20020030	addi	r2,r0,(#0x30)&0xff
 1142  00001c60  a0220000	sb	(r1),r2
 1143  00001c64  080000ec	j	L61_LF2
 1144  00001c68  54000000	nop; delay slot nop
 1145  00001c6c          	L62_LF2:
 1146  00001c6c  20010001	addi	r1,r0,#1
 1147  00001c70  afc1fff4	sw	-12(r30),r1
 1148  00001c74          	L64_LF2:
 1149  00001c74  8fc1fff4	lw	r1,-12(r30)
 1150  00001c78  8fc20000	lw	r2,(r30)
 1151  00001c7c  0022082c	sle	r1,r1,r2
 1152  00001c80  1420000c	bnez	r1,L66_LF2
 1153  00001c84  54000000	nop; delay slot nop
 1154  00001c88  08000024	j	L65_LF2
 1155  00001c8c  54000000	nop; delay slot nop
 1156  00001c90          	L67_LF2:
 1157  00001c90          	L66_LF2:
 1158  00001c90  8fc1fff4	lw	r1,-12(r30)
 1159  00001c94  00011820	add	r3,r0,r1
 1160  00001c98  50620002	slli	r2,r3,#0x2
 1161  00001c9c  00411020	add	r2,r2,r1
 1162  00001ca0  50410001	slli	r1,r2,#0x1
 1163  00001ca4  afc1fff4	sw	-12(r30),r1
 1164  00001ca8  0bffffc8	j	L64_LF2
 1165  00001cac  54000000	nop; delay slot nop
 1166  00001cb0          	L65_LF2:
 1167  00001cb0  54000000	nop
 1168  00001cb4          	L68_LF2:
 1169  00001cb4  8fc1fff4	lw	r1,-12(r30)
 1170  00001cb8  2002000a	addi	r2,r0,#10
 1171  00001cbc  00200035	movi2fp	f0,r1
 1172  00001cc0  00400835	movi2fp	f1,r2
 1173  00001cc4  0401000f	div	f0,f0,f1
 1174  00001cc8  00000834	movfp2i	r1,f0
 1175  00001ccc  afc1fff4	sw	-12(r30),r1
 1176  00001cd0  8fc10004	lw	r1,4(r30)
 1177  00001cd4  20220001	addi	r2,r1,#1
 1178  00001cd8  afc20004	sw	4(r30),r2
 1179  00001cdc  8fc20000	lw	r2,(r30)
 1180  00001ce0  8fc3fff4	lw	r3,-12(r30)
 1181  00001ce4  00400035	movi2fp	f0,r2
 1182  00001ce8  00600835	movi2fp	f1,r3
 1183  00001cec  0401000f	div	f0,f0,f1
 1184  00001cf0  00001034	movfp2i	r2,f0
 1185  00001cf4  00021820	add	r3,r0,r2
 1186  00001cf8  20620030	addi	r2,r3,#48
 1187  00001cfc  a0220000	sb	(r1),r2
 1188  00001d00  8fc10000	lw	r1,(r30)
 1189  00001d04  8fc3fff4	lw	r3,-12(r30)
 1190  00001d08  00200035	movi2fp	f0,r1
 1191  00001d0c  00600835	movi2fp	f1,r3
 1192  00001d10  0401000f	div	f0,f0,f1
 1193  00001d14  00001034	movfp2i	r2,f0
 1194  00001d18  8fc3fff4	lw	r3,-12(r30)
 1195  00001d1c  00400035	movi2fp	f0,r2
 1196  00001d20  00600835	movi2fp	f1,r3
 1197  00001d24  0401000e	mult	f0,f0,f1
 1198  00001d28  00001034	movfp2i	r2,f0
 1199  00001d2c  00220822	sub	r1,r1,r2
 1200  00001d30  afc10000	sw	(r30),r1
 1201  00001d34          	L70_LF2:
 1202  00001d34  8fc1fff4	lw	r1,-12(r30)
 1203  00001d38  6c220001	sgti	r2,r1,#1
 1204  00001d3c  1440000c	bnez	r2,L71_LF2
 1205  00001d40  54000000	nop; delay slot nop
 1206  00001d44  0800000c	j	L61_LF2
 1207  00001d48  54000000	nop; delay slot nop
 1208  00001d4c          	L71_LF2:
 1209  00001d4c  0bffff64	j	L68_LF2
 1210  00001d50  54000000	nop; delay slot nop
 1211  00001d54          	L69_LF2:
 1212  00001d54          	L63_LF2:
 1213  00001d54          	L61_LF2:
 1214  00001d54  8fc10004	lw	r1,4(r30)
 1215  00001d58  20020000	addi	r2,r0,(#0x0)&0xff
 1216  00001d5c  a0220000	sb	(r1),r2
 1217  00001d60          	L59_LF2:
 1218  00001d60  8fa20000	lw	r2,0(r29)
 1219  00001d64  8fa30004	lw	r3,4(r29)
 1220  00001d68  8fdffff8	lw	r31,-8(r30)
 1221  00001d6c  001ee820	add	r29,r0,r30
 1222  00001d70  8fdefffc	lw	r30,-4(r30)
 1223  00001d74  4be00000	jr	r31
 1224  00001d78  54000000	nop
 1225  00001d7c          	.endproc _ditoa
 1226  00001d7c          	.align 2
 1227  00001d7c          	.proc _dstrtol
 1228  00001d7c          	.global _dstrtol
 1229  00001d7c          	_dstrtol:
 1230                      ;  Function 'dstrtol'; 16 bytes of locals, 1 regs to save.
 1231  00001d7c  afbefffc	sw	-4(r29),r30; push fp
 1232  00001d80  001df020	add	r30,r0,r29; fp = sp
 1233  00001d84  afbffff8	sw	-8(r29),r31; push ret addr
 1234  00001d88  2fbd0020	subui	r29,r29,#32; alloc local storage
 1235  00001d8c  afa20000	sw	0(r29),r2
 1236  00001d90  20010000	addi	r1,r0,#0
 1237  00001d94  afc1fff4	sw	-12(r30),r1
 1238  00001d98          	L73_LF2:
 1239  00001d98  8fc10000	lw	r1,(r30)
 1240  00001d9c  90220000	lbu	r2,(r1)
 1241  00001da0  60410020	seqi	r1,r2,#32
 1242  00001da4  14200034	bnez	r1,L75_LF2
 1243  00001da8  54000000	nop; delay slot nop
 1244  00001dac  8fc10000	lw	r1,(r30)
 1245  00001db0  90220000	lbu	r2,(r1)
 1246  00001db4  60410009	seqi	r1,r2,#9
 1247  00001db8  14200020	bnez	r1,L75_LF2
 1248  00001dbc  54000000	nop; delay slot nop
 1249  00001dc0  8fc10000	lw	r1,(r30)
 1250  00001dc4  90220000	lbu	r2,(r1)
 1251  00001dc8  6041000a	seqi	r1,r2,#10
 1252  00001dcc  1420000c	bnez	r1,L75_LF2
 1253  00001dd0  54000000	nop; delay slot nop
 1254  00001dd4  0800001c	j	L74_LF2
 1255  00001dd8  54000000	nop; delay slot nop
 1256  00001ddc          	L75_LF2:
 1257  00001ddc  8fc20000	lw	r2,(r30)
 1258  00001de0  20410001	addi	r1,r2,#1
 1259  00001de4  00011020	add	r2,r0,r1
 1260  00001de8  afc20000	sw	(r30),r2
 1261  00001dec  0bffffa8	j	L73_LF2
 1262  00001df0  54000000	nop; delay slot nop
 1263  00001df4          	L74_LF2:
 1264  00001df4  8fc10004	lw	r1,4(r30)
 1265  00001df8  64220000	snei	r2,r1,#0
 1266  00001dfc  10400010	beqz	r2,L76_LF2
 1267  00001e00  54000000	nop; delay slot nop
 1268  00001e04  8fc10004	lw	r1,4(r30)
 1269  00001e08  8fc20000	lw	r2,(r30)
 1270  00001e0c  ac220000	sw	(r1),r2
 1271  00001e10          	L76_LF2:
 1272  00001e10  8fc10000	lw	r1,(r30)
 1273  00001e14  90220000	lbu	r2,(r1)
 1274  00001e18  64410000	snei	r1,r2,#0
 1275  00001e1c  14200010	bnez	r1,L77_LF2
 1276  00001e20  54000000	nop; delay slot nop
 1277  00001e24  8fc1fff4	lw	r1,-12(r30)
 1278  00001e28  08000294	j	L72_LF2
 1279  00001e2c  54000000	nop; delay slot nop
 1280  00001e30          	L77_LF2:
 1281  00001e30  8fc10000	lw	r1,(r30)
 1282  00001e34  90220000	lbu	r2,(r1)
 1283  00001e38  6041002d	seqi	r1,r2,#45
 1284  00001e3c  10200024	beqz	r1,L78_LF2
 1285  00001e40  54000000	nop; delay slot nop
 1286  00001e44  2001ffff	addi	r1,r0,#-1
 1287  00001e48  afc1ffec	sw	-20(r30),r1
 1288  00001e4c  8fc20000	lw	r2,(r30)
 1289  00001e50  20410001	addi	r1,r2,#1
 1290  00001e54  00011020	add	r2,r0,r1
 1291  00001e58  afc20000	sw	(r30),r2
 1292  00001e5c  0800000c	j	L79_LF2
 1293  00001e60  54000000	nop; delay slot nop
 1294  00001e64          	L78_LF2:
 1295  00001e64  20010001	addi	r1,r0,#1
 1296  00001e68  afc1ffec	sw	-20(r30),r1
 1297  00001e6c          	L79_LF2:
 1298  00001e6c  8fc10008	lw	r1,8(r30)
 1299  00001e70  64220000	snei	r2,r1,#0
 1300  00001e74  14400090	bnez	r2,L80_LF2
 1301  00001e78  54000000	nop; delay slot nop
 1302  00001e7c  8fc10000	lw	r1,(r30)
 1303  00001e80  90220000	lbu	r2,(r1)
 1304  00001e84  60410030	seqi	r1,r2,#48
 1305  00001e88  10200074	beqz	r1,L81_LF2
 1306  00001e8c  54000000	nop; delay slot nop
 1307  00001e90  8fc20000	lw	r2,(r30)
 1308  00001e94  20410001	addi	r1,r2,#1
 1309  00001e98  00011020	add	r2,r0,r1
 1310  00001e9c  afc20000	sw	(r30),r2
 1311  00001ea0  8fc10000	lw	r1,(r30)
 1312  00001ea4  90220000	lbu	r2,(r1)
 1313  00001ea8  60410078	seqi	r1,r2,#120
 1314  00001eac  14200020	bnez	r1,L83_LF2
 1315  00001eb0  54000000	nop; delay slot nop
 1316  00001eb4  8fc10000	lw	r1,(r30)
 1317  00001eb8  90220000	lbu	r2,(r1)
 1318  00001ebc  60410058	seqi	r1,r2,#88
 1319  00001ec0  1420000c	bnez	r1,L83_LF2
 1320  00001ec4  54000000	nop; delay slot nop
 1321  00001ec8  08000024	j	L82_LF2
 1322  00001ecc  54000000	nop; delay slot nop
 1323  00001ed0          	L83_LF2:
 1324  00001ed0  20010010	addi	r1,r0,#16
 1325  00001ed4  afc10008	sw	8(r30),r1
 1326  00001ed8  8fc20000	lw	r2,(r30)
 1327  00001edc  20410001	addi	r1,r2,#1
 1328  00001ee0  00011020	add	r2,r0,r1
 1329  00001ee4  afc20000	sw	(r30),r2
 1330  00001ee8  0800000c	j	L84_LF2
 1331  00001eec  54000000	nop; delay slot nop
 1332  00001ef0          	L82_LF2:
 1333  00001ef0  20010008	addi	r1,r0,#8
 1334  00001ef4  afc10008	sw	8(r30),r1
 1335  00001ef8          	L84_LF2:
 1336  00001ef8  0800000c	j	L80_LF2
 1337  00001efc  54000000	nop; delay slot nop
 1338  00001f00          	L81_LF2:
 1339  00001f00  2001000a	addi	r1,r0,#10
 1340  00001f04  afc10008	sw	8(r30),r1
 1341  00001f08          	L85_LF2:
 1342  00001f08          	L80_LF2:
 1343  00001f08  8fc10008	lw	r1,8(r30)
 1344  00001f0c  70220000	slei	r2,r1,#0
 1345  00001f10  1440001c	bnez	r2,L87_LF2
 1346  00001f14  54000000	nop; delay slot nop
 1347  00001f18  8fc10008	lw	r1,8(r30)
 1348  00001f1c  6c220010	sgti	r2,r1,#16
 1349  00001f20  1440000c	bnez	r2,L87_LF2
 1350  00001f24  54000000	nop; delay slot nop
 1351  00001f28  08000010	j	L86_LF2
 1352  00001f2c  54000000	nop; delay slot nop
 1353  00001f30          	L87_LF2:
 1354  00001f30  8fc1fff4	lw	r1,-12(r30)
 1355  00001f34  08000188	j	L72_LF2
 1356  00001f38  54000000	nop; delay slot nop
 1357  00001f3c          	L86_LF2:
 1358  00001f3c  54000000	nop
 1359  00001f40          	L88_LF2:
 1360  00001f40  8fc10000	lw	r1,(r30)
 1361  00001f44  90220000	lbu	r2,(r1)
 1362  00001f48  6c41002f	sgtui	r1,r2,#47
 1363  00001f4c  10200030	beqz	r1,L91_LF2
 1364  00001f50  54000000	nop; delay slot nop
 1365  00001f54  8fc10000	lw	r1,(r30)
 1366  00001f58  90220000	lbu	r2,(r1)
 1367  00001f5c  70410039	sleui	r1,r2,#57
 1368  00001f60  1020001c	beqz	r1,L91_LF2
 1369  00001f64  54000000	nop; delay slot nop
 1370  00001f68  8fc10000	lw	r1,(r30)
 1371  00001f6c  90220000	lbu	r2,(r1)
 1372  00001f70  2041ffd0	addi	r1,r2,#-48
 1373  00001f74  afc1fff0	sw	-16(r30),r1
 1374  00001f78  0800008c	j	L92_LF2
 1375  00001f7c  54000000	nop; delay slot nop
 1376  00001f80          	L91_LF2:
 1377  00001f80  8fc10000	lw	r1,(r30)
 1378  00001f84  90220000	lbu	r2,(r1)
 1379  00001f88  6c410060	sgtui	r1,r2,#96
 1380  00001f8c  10200030	beqz	r1,L93_LF2
 1381  00001f90  54000000	nop; delay slot nop
 1382  00001f94  8fc10000	lw	r1,(r30)
 1383  00001f98  90220000	lbu	r2,(r1)
 1384  00001f9c  7041007a	sleui	r1,r2,#122
 1385  00001fa0  1020001c	beqz	r1,L93_LF2
 1386  00001fa4  54000000	nop; delay slot nop
 1387  00001fa8  8fc10000	lw	r1,(r30)
 1388  00001fac  90220000	lbu	r2,(r1)
 1389  00001fb0  2041ffa9	addi	r1,r2,#-87
 1390  00001fb4  afc1fff0	sw	-16(r30),r1
 1391  00001fb8  0800004c	j	L92_LF2
 1392  00001fbc  54000000	nop; delay slot nop
 1393  00001fc0          	L93_LF2:
 1394  00001fc0  8fc10000	lw	r1,(r30)
 1395  00001fc4  90220000	lbu	r2,(r1)
 1396  00001fc8  6c410040	sgtui	r1,r2,#64
 1397  00001fcc  10200030	beqz	r1,L95_LF2
 1398  00001fd0  54000000	nop; delay slot nop
 1399  00001fd4  8fc10000	lw	r1,(r30)
 1400  00001fd8  90220000	lbu	r2,(r1)
 1401  00001fdc  7041005a	sleui	r1,r2,#90
 1402  00001fe0  1020001c	beqz	r1,L95_LF2
 1403  00001fe4  54000000	nop; delay slot nop
 1404  00001fe8  8fc10000	lw	r1,(r30)
 1405  00001fec  90220000	lbu	r2,(r1)
 1406  00001ff0  2041ffc9	addi	r1,r2,#-55
 1407  00001ff4  afc1fff0	sw	-16(r30),r1
 1408  00001ff8  0800000c	j	L92_LF2
 1409  00001ffc  54000000	nop; delay slot nop
 1410  00002000          	L95_LF2:
 1411  00002000  200103e8	addi	r1,r0,#1000
 1412  00002004  afc1fff0	sw	-16(r30),r1
 1413  00002008          	L96_LF2:
 1414  00002008          	L94_LF2:
 1415  00002008          	L92_LF2:
 1416  00002008  8fc1fff0	lw	r1,-16(r30)
 1417  0000200c  8fc20008	lw	r2,8(r30)
 1418  00002010  0022082a	slt	r1,r1,r2
 1419  00002014  10200040	beqz	r1,L90_LF2
 1420  00002018  54000000	nop; delay slot nop
 1421  0000201c  8fc1fff4	lw	r1,-12(r30)
 1422  00002020  8fc20008	lw	r2,8(r30)
 1423  00002024  00200035	movi2fp	f0,r1
 1424  00002028  00400835	movi2fp	f1,r2
 1425  0000202c  0401000e	mult	f0,f0,f1
 1426  00002030  00000834	movfp2i	r1,f0
 1427  00002034  afc1fff4	sw	-12(r30),r1
 1428  00002038  8fc1fff4	lw	r1,-12(r30)
 1429  0000203c  8fc2fff0	lw	r2,-16(r30)
 1430  00002040  00220820	add	r1,r1,r2
 1431  00002044  afc1fff4	sw	-12(r30),r1
 1432  00002048  8fc20000	lw	r2,(r30)
 1433  0000204c  20410001	addi	r1,r2,#1
 1434  00002050  00011020	add	r2,r0,r1
 1435  00002054  afc20000	sw	(r30),r2
 1436  00002058          	L97_LF2:
 1437  00002058          	L90_LF2:
 1438  00002058  8fc1fff0	lw	r1,-16(r30)
 1439  0000205c  8fc20008	lw	r2,8(r30)
 1440  00002060  0022082a	slt	r1,r1,r2
 1441  00002064  1420000c	bnez	r1,L98_LF2
 1442  00002068  54000000	nop; delay slot nop
 1443  0000206c  0800000c	j	L89_LF2
 1444  00002070  54000000	nop; delay slot nop
 1445  00002074          	L98_LF2:
 1446  00002074  0bfffec8	j	L88_LF2
 1447  00002078  54000000	nop; delay slot nop
 1448  0000207c          	L89_LF2:
 1449  0000207c  8fc10004	lw	r1,4(r30)
 1450  00002080  64220000	snei	r2,r1,#0
 1451  00002084  10400010	beqz	r2,L99_LF2
 1452  00002088  54000000	nop; delay slot nop
 1453  0000208c  8fc10004	lw	r1,4(r30)
 1454  00002090  8fc20000	lw	r2,(r30)
 1455  00002094  ac220000	sw	(r1),r2
 1456  00002098          	L99_LF2:
 1457  00002098  8fc1fff4	lw	r1,-12(r30)
 1458  0000209c  8fc2ffec	lw	r2,-20(r30)
 1459  000020a0  00200035	movi2fp	f0,r1
 1460  000020a4  00400835	movi2fp	f1,r2
 1461  000020a8  0401000e	mult	f0,f0,f1
 1462  000020ac  00000834	movfp2i	r1,f0
 1463  000020b0  afc1fff4	sw	-12(r30),r1
 1464  000020b4  8fc1fff4	lw	r1,-12(r30)
 1465  000020b8  08000004	j	L72_LF2
 1466  000020bc  54000000	nop; delay slot nop
 1467  000020c0          	L72_LF2:
 1468  000020c0  8fa20000	lw	r2,0(r29)
 1469  000020c4  8fdffff8	lw	r31,-8(r30)
 1470  000020c8  001ee820	add	r29,r0,r30
 1471  000020cc  8fdefffc	lw	r30,-4(r30)
 1472  000020d0  4be00000	jr	r31
 1473  000020d4  54000000	nop
 1474  000020d8          	.endproc _dstrtol
 1475  000020d8          	.align 2
 1476  000020d8          	.proc _bcopy
 1477  000020d8          	.global _bcopy
 1478  000020d8          	_bcopy:
 1479                      ;  Function 'bcopy'; 0 bytes of locals, 2 regs to save.
 1480  000020d8  afbefffc	sw	-4(r29),r30; push fp
 1481  000020dc  001df020	add	r30,r0,r29; fp = sp
 1482  000020e0  afbffff8	sw	-8(r29),r31; push ret addr
 1483  000020e4  2fbd0010	subui	r29,r29,#16; alloc local storage
 1484  000020e8  afa20000	sw	0(r29),r2
 1485  000020ec  afa30004	sw	4(r29),r3
 1486  000020f0  54000000	nop
 1487  000020f4          	L101_LF2:
 1488  000020f4  8fc10008	lw	r1,8(r30)
 1489  000020f8  2022ffff	addi	r2,r1,#-1
 1490  000020fc  afc20008	sw	8(r30),r2
 1491  00002100  6c210000	sgti	r1,r1,#0
 1492  00002104  1420000c	bnez	r1,L103_LF2
 1493  00002108  54000000	nop; delay slot nop
 1494  0000210c  0800002c	j	L102_LF2
 1495  00002110  54000000	nop; delay slot nop
 1496  00002114          	L103_LF2:
 1497  00002114  8fc10004	lw	r1,4(r30)
 1498  00002118  20220001	addi	r2,r1,#1
 1499  0000211c  afc20004	sw	4(r30),r2
 1500  00002120  8fc20000	lw	r2,(r30)
 1501  00002124  20430001	addi	r3,r2,#1
 1502  00002128  afc30000	sw	(r30),r3
 1503  0000212c  80420000	lb	r2,(r2)
 1504  00002130  a0220000	sb	(r1),r2
 1505  00002134  0bffffbc	j	L101_LF2
 1506  00002138  54000000	nop; delay slot nop
 1507  0000213c          	L102_LF2:
 1508  0000213c          	L100_LF2:
 1509  0000213c  8fa20000	lw	r2,0(r29)
 1510  00002140  8fa30004	lw	r3,4(r29)
 1511  00002144  8fdffff8	lw	r31,-8(r30)
 1512  00002148  001ee820	add	r29,r0,r30
 1513  0000214c  8fdefffc	lw	r30,-4(r30)
 1514  00002150  4be00000	jr	r31
 1515  00002154  54000000	nop
 1516  00002158          	.endproc _bcopy
 1517  00002158          	.align 2
 1518  00002158          	.proc _bzero
 1519  00002158          	.global _bzero
 1520  00002158          	_bzero:
 1521                      ;  Function 'bzero'; 0 bytes of locals, 1 regs to save.
 1522  00002158  afbefffc	sw	-4(r29),r30; push fp
 1523  0000215c  001df020	add	r30,r0,r29; fp = sp
 1524  00002160  afbffff8	sw	-8(r29),r31; push ret addr
 1525  00002164  2fbd0010	subui	r29,r29,#16; alloc local storage
 1526  00002168  afa20000	sw	0(r29),r2
 1527  0000216c  54000000	nop
 1528  00002170          	L105_LF2:
 1529  00002170  8fc10004	lw	r1,4(r30)
 1530  00002174  2022ffff	addi	r2,r1,#-1
 1531  00002178  afc20004	sw	4(r30),r2
 1532  0000217c  6c210000	sgti	r1,r1,#0
 1533  00002180  1420000c	bnez	r1,L107_LF2
 1534  00002184  54000000	nop; delay slot nop
 1535  00002188  08000020	j	L106_LF2
 1536  0000218c  54000000	nop; delay slot nop
 1537  00002190          	L107_LF2:
 1538  00002190  8fc10000	lw	r1,(r30)
 1539  00002194  20220001	addi	r2,r1,#1
 1540  00002198  afc20000	sw	(r30),r2
 1541  0000219c  20020000	addi	r2,r0,(#0x0)&0xff
 1542  000021a0  a0220000	sb	(r1),r2
 1543  000021a4  0bffffc8	j	L105_LF2
 1544  000021a8  54000000	nop; delay slot nop
 1545  000021ac          	L106_LF2:
 1546  000021ac          	L104_LF2:
 1547  000021ac  8fa20000	lw	r2,0(r29)
 1548  000021b0  8fdffff8	lw	r31,-8(r30)
 1549  000021b4  001ee820	add	r29,r0,r30
 1550  000021b8  8fdefffc	lw	r30,-4(r30)
 1551  000021bc  4be00000	jr	r31
 1552  000021c0  54000000	nop
 1553  000021c4          	.endproc _bzero
 1554  000021c4          	.align 2
 1555  000021c4          	.proc _min
 1556  000021c4          	.global _min
 1557  000021c4          	_min:
 1558                      ;  Function 'min'; 0 bytes of locals, 2 regs to save.
 1559  000021c4  afbefffc	sw	-4(r29),r30; push fp
 1560  000021c8  001df020	add	r30,r0,r29; fp = sp
 1561  000021cc  afbffff8	sw	-8(r29),r31; push ret addr
 1562  000021d0  2fbd0010	subui	r29,r29,#16; alloc local storage
 1563  000021d4  afa20000	sw	0(r29),r2
 1564  000021d8  afa30004	sw	4(r29),r3
 1565  000021dc  8fc10000	lw	r1,(r30)
 1566  000021e0  8fc20004	lw	r2,4(r30)
 1567  000021e4  0022182c	sle	r3,r1,r2
 1568  000021e8  14600008	bnez	r3,L109_LF2
 1569  000021ec  54000000	nop; delay slot nop
 1570  000021f0  8fc10004	lw	r1,4(r30)
 1571  000021f4          	L109_LF2:
 1572  000021f4  08000004	j	L108_LF2
 1573  000021f8  54000000	nop; delay slot nop
 1574  000021fc          	L108_LF2:
 1575  000021fc  8fa20000	lw	r2,0(r29)
 1576  00002200  8fa30004	lw	r3,4(r29)
 1577  00002204  8fdffff8	lw	r31,-8(r30)
 1578  00002208  001ee820	add	r29,r0,r30
 1579  0000220c  8fdefffc	lw	r30,-4(r30)
 1580  00002210  4be00000	jr	r31
 1581  00002214  54000000	nop
 1582  00002218          	.endproc _min
 1583  00002218          	.align 2
 1584  00002218          	.proc _max
 1585  00002218          	.global _max
 1586  00002218          	_max:
 1587                      ;  Function 'max'; 0 bytes of locals, 2 regs to save.
 1588  00002218  afbefffc	sw	-4(r29),r30; push fp
 1589  0000221c  001df020	add	r30,r0,r29; fp = sp
 1590  00002220  afbffff8	sw	-8(r29),r31; push ret addr
 1591  00002224  2fbd0010	subui	r29,r29,#16; alloc local storage
 1592  00002228  afa20000	sw	0(r29),r2
 1593  0000222c  afa30004	sw	4(r29),r3
 1594  00002230  8fc10000	lw	r1,(r30)
 1595  00002234  8fc20004	lw	r2,4(r30)
 1596  00002238  0022182d	sge	r3,r1,r2
 1597  0000223c  14600008	bnez	r3,L111_LF2
 1598  00002240  54000000	nop; delay slot nop
 1599  00002244  8fc10004	lw	r1,4(r30)
 1600  00002248          	L111_LF2:
 1601  00002248  08000004	j	L110_LF2
 1602  0000224c  54000000	nop; delay slot nop
 1603  00002250          	L110_LF2:
 1604  00002250  8fa20000	lw	r2,0(r29)
 1605  00002254  8fa30004	lw	r3,4(r29)
 1606  00002258  8fdffff8	lw	r31,-8(r30)
 1607  0000225c  001ee820	add	r29,r0,r30
 1608  00002260  8fdefffc	lw	r30,-4(r30)
 1609  00002264  4be00000	jr	r31
 1610  00002268  54000000	nop
 1611  0000226c          	.endproc _max
 1612                      ;;; Ethan L. Miller, 1999.  Released to the public domain
 1613                      ;;;
 1614                      ;;; Most of the traps are called in files from libtraps.
 1617  0000226c          	.align 2
 1618  0000226c          	.proc _exit
 1619  0000226c          	.global _exit
 1620  0000226c          	_exit:
 1621  0000226c  44000300	trap	#0x300
 1622  00002270  4be00000	jr	r31
 1623  00002274  54000000	nop
 1624  00002278          	.endproc _exit
 1626                      ; for the benefit of gcc.
 1627  00002278          	.proc ___main
 1628  00002278          	.global ___main
 1629  00002278          	___main:
 1630  00002278  4be00000	jr	r31
 1631  0000227c  54000000	nop
 1632  00002280          	.endproc ___main
 1633  00002280          	.text
 1634  00002280          	.global _etext
 1635  00002280          	_etext:
 1636  00002280          	.align 3
 1637  00002280          	.data
 1638  0000312a          	.global _edata
 1639  0000312a          	_edata:
